#
# A fatal error has been detected by the Java Runtime Environment:
#
#  SIGSEGV (0xb) at pc=0x00007fe57511b7ba, pid=1891, tid=0x00007fe5755b1440
#
# JRE version: OpenJDK Runtime Environment (8.0_292-b10) (build 1.8.0_292-8u292-b10-0ubuntu1~20.04-b10)
# Java VM: OpenJDK 64-Bit Server VM (25.292-b10 mixed mode linux-amd64 compressed oops)
# Problematic frame:
# V  [libjvm.so+0x97b7ba]
#
# Failed to write core dump. Core dumps have been disabled. To enable core dumping, try "ulimit -c unlimited" before starting Java again
#
# If you would like to submit a bug report, please visit:
#   http://bugreport.java.com/bugreport/crash.jsp
#

---------------  T H R E A D  ---------------

Current thread is native thread

siginfo: si_signo: 11 (SIGSEGV), si_code: 1 (SEGV_MAPERR), si_addr: 0x0000000000000180

Registers:
RAX=0x0000000000000000, RBX=0x00007fe5755b13c0, RCX=0x0000000000000000, RDX=0x00007fe5755b1440
RSP=0x00007fffdb1c6ca0, RBP=0x00007fffdb1c6d70, RSI=0x00007fffdb1c7390, RDI=0x0000000000000001
R8 =0x0000000000000000, R9 =0x00007fe574430700, R10=0x0000000000000000, R11=0x0000000000000000
R12=0x00007fffdb1c7390, R13=0x00007fe5744309d0, R14=0x0000000000000000, R15=0x00007fe574430700
RIP=0x00007fe57511b7ba, EFLAGS=0x0000000000010246, CSGSFS=0x00000053002b0033, ERR=0x0000000000000000
  TRAPNO=0x0000000000000000

Top of Stack: (sp=0x00007fffdb1c6ca0)
0x00007fffdb1c6ca0:   00007fffdb1c6f20 00007fffdb1c6d80
0x00007fffdb1c6cb0:   00007fffdb1c6f5f 00007fffdb1c6f20
0x00007fffdb1c6cc0:   00007fffdb1c6f5f 0000000000000000
0x00007fffdb1c6cd0:   0000000000000000 0000000000000000
0x00007fffdb1c6ce0:   0000000000000000 0000000000000000
0x00007fffdb1c6cf0:   0000000000000004 00000000000001fe
0x00007fffdb1c6d00:   00000000000001fe ffffffffffffff00
0x00007fffdb1c6d10:   00007fe5757fbce0 0000000000000000
0x00007fffdb1c6d20:   00007fe57557de20 00007fe5754bbbc8
0x00007fffdb1c6d30:   00007fe5757fbbe0 a679bf118d4d0800
0x00007fffdb1c6d40:   00007fe5753422e0 00000000000000ca
0x00007fffdb1c6d50:   0000000000000764 00007fe5744309d0
0x00007fffdb1c6d60:   0000000000100000 00007fe574430700
0x00007fffdb1c6d70:   00007fffdb1c7538 00007fe575656210
0x00007fffdb1c6d80:   0000000000000000 0000000000000000
0x00007fffdb1c6d90:   0000000000000000 0000000000000000
0x00007fffdb1c6da0:   0000000000000000 0000000000000000
0x00007fffdb1c6db0:   00007fe574430700 0000000000000000
0x00007fffdb1c6dc0:   0000000000000000 0000000000000764
0x00007fffdb1c6dd0:   00007fe5744309d0 0000000000100000
0x00007fffdb1c6de0:   00007fe574430700 00007fe5744309d0
0x00007fffdb1c6df0:   0000000000000000 00007fffdb1c7538
0x00007fffdb1c6e00:   00000000000000ca 0000000000000764
0x00007fffdb1c6e10:   fffffffffffffffc 0000000000000000
0x00007fffdb1c6e20:   00007fffdb1c7490 00007fe5755c7cd7
0x00007fffdb1c6e30:   0000000000000246 00000053002b0033
0x00007fffdb1c6e40:   0000000000000000 0000000000000000
0x00007fffdb1c6e50:   0000000000000000 0000000000000000
0x00007fffdb1c6e60:   0000000000000000 0000000000000000
0x00007fffdb1c6e70:   0000000000000000 0000000000000000
0x00007fffdb1c6e80:   0000000000000000 0000000000000000
0x00007fffdb1c6e90:   0000000000000000 0000000000000000 

Instructions: (pc=0x00007fe57511b7ba)
0x00007fe57511b79a:   00 48 89 45 c8 31 c0 e8 8a a4 87 ff 44 8b 30 48
0x00007fe57511b7aa:   89 c3 48 8d 05 55 e3 43 00 8b 38 e8 fe a6 87 ff
0x00007fe57511b7ba:   4c 8b a8 80 01 00 00 41 8b 85 a8 00 00 00 83 f8
0x00007fe57511b7ca:   01 74 2b 44 89 33 48 8b 45 c8 64 48 33 04 25 28 

Register to memory mapping:

RAX=0x0000000000000000 is an unknown value
RBX=0x00007fe5755b13c0 is an unknown value
RCX=0x0000000000000000 is an unknown value
RDX=0x00007fe5755b1440 is an unknown value
RSP=0x00007fffdb1c6ca0 is an unknown value
RBP=0x00007fffdb1c6d70 is an unknown value
RSI=0x00007fffdb1c7390 is an unknown value
RDI=0x0000000000000001 is an unknown value
R8 =0x0000000000000000 is an unknown value
R9 =0x00007fe574430700 is pointing into the stack for thread: 0x00007fe57000a000
R10=0x0000000000000000 is an unknown value
R11=0x0000000000000000 is an unknown value
R12=0x00007fffdb1c7390 is an unknown value
R13=0x00007fe5744309d0 is pointing into the stack for thread: 0x00007fe57000a000
R14=0x0000000000000000 is an unknown value
R15=0x00007fe574430700 is pointing into the stack for thread: 0x00007fe57000a000


Stack: [0x00007fffdb0ce000,0x00007fffdb1ce000],  sp=0x00007fffdb1c6ca0,  free space=995k
Native frames: (J=compiled Java code, j=interpreted, Vv=VM code, C=native code)
V  [libjvm.so+0x97b7ba]
C  [libc.so.6+0x46210]


---------------  P R O C E S S  ---------------

VM state:not at safepoint (normal execution)

VM Mutex/Monitor currently owned by a thread: None

heap address: 0x00000000c1e00000, size: 994 MB, Compressed Oops mode: 32-bit
Narrow klass base: 0x0000000000000000, Narrow klass shift: 3
Compressed class space size: 1073741824 Address: 0x0000000100000000

Heap:
 PSYoungGen      total 73216K, used 39149K [0x00000000eb500000, 0x00000000f0a00000, 0x0000000100000000)
  eden space 64000K, 47% used [0x00000000eb500000,0x00000000ed2a5230,0x00000000ef380000)
  from space 9216K, 95% used [0x00000000efe00000,0x00000000f0696338,0x00000000f0700000)
  to   space 10752K, 0% used [0x00000000ef380000,0x00000000ef380000,0x00000000efe00000)
 ParOldGen       total 44032K, used 14284K [0x00000000c1e00000, 0x00000000c4900000, 0x00000000eb500000)
  object space 44032K, 32% used [0x00000000c1e00000,0x00000000c2bf30d0,0x00000000c4900000)
 Metaspace       used 13013K, capacity 13330K, committed 13440K, reserved 1060864K
  class space    used 1494K, capacity 1595K, committed 1664K, reserved 1048576K

Card table byte_map: [0x00007fe574090000,0x00007fe574282000] byte_map_base: 0x00007fe573a81000

Marking Bits: (ParMarkBitMap*) 0x00007fe5755846c0
 Begin Bits: [0x00007fe55a0f0000, 0x00007fe55b078000)
 End Bits:   [0x00007fe55b078000, 0x00007fe55c000000)

Polling page: 0x00007fe574460000

CodeCache: size=245760Kb used=4409Kb max_used=4456Kb free=241350Kb
 bounds [0x00007fe561000000, 0x00007fe561460000, 0x00007fe570000000]
 total_blobs=1529 nmethods=1152 adapters=291
 compilation: enabled

Compilation events (10 events):
Event: 542.658 Thread 0x00007fe570188800 1155       3       java.util.concurrent.locks.AbstractQueuedSynchronizer::compareAndSetState (13 bytes)
Event: 542.680 Thread 0x00007fe570188800 nmethod 1155 0x00007fe5614328d0 code [0x00007fe561432a20, 0x00007fe561432b90]
Event: 542.683 Thread 0x00007fe570188800 1156       1       org.eclipse.jetty.util.thread.QueuedThreadPool::access$100 (5 bytes)
Event: 542.700 Thread 0x00007fe570188800 nmethod 1156 0x00007fe561432610 code [0x00007fe561432760, 0x00007fe561432850]
Event: 722.637 Thread 0x00007fe570188800 1157       3       java.util.concurrent.locks.AbstractQueuedSynchronizer::setState (6 bytes)
Event: 722.639 Thread 0x00007fe570188800 nmethod 1157 0x00007fe561432310 code [0x00007fe561432460, 0x00007fe5614325b0]
Event: 782.606 Thread 0x00007fe570188800 1158       3       java.util.concurrent.locks.AbstractQueuedSynchronizer::release (33 bytes)
Event: 782.645 Thread 0x00007fe570188800 nmethod 1158 0x00007fe561431d90 code [0x00007fe561431f20, 0x00007fe561432238]
Event: 782.645 Thread 0x00007fe570188800 1159       3       java.util.concurrent.locks.ReentrantLock$Sync::tryRelease (45 bytes)
Event: 782.651 Thread 0x00007fe570188800 nmethod 1159 0x00007fe561431510 code [0x00007fe5614316a0, 0x00007fe561431c48]

GC Heap History (10 events):
Event: 2.178 GC heap before
{Heap before GC invocations=2 (full 0):
 PSYoungGen      total 18944K, used 18939K [0x00000000eb500000, 0x00000000eca00000, 0x0000000100000000)
  eden space 16384K, 100% used [0x00000000eb500000,0x00000000ec500000,0x00000000ec500000)
  from space 2560K, 99% used [0x00000000ec500000,0x00000000ec77ef68,0x00000000ec780000)
  to   space 2560K, 0% used [0x00000000ec780000,0x00000000ec780000,0x00000000eca00000)
 ParOldGen       total 44032K, used 400K [0x00000000c1e00000, 0x00000000c4900000, 0x00000000eb500000)
  object space 44032K, 0% used [0x00000000c1e00000,0x00000000c1e64348,0x00000000c4900000)
 Metaspace       used 10255K, capacity 10532K, committed 10752K, reserved 1058816K
  class space    used 1158K, capacity 1242K, committed 1280K, reserved 1048576K
Event: 2.188 GC heap after
Heap after GC invocations=2 (full 0):
 PSYoungGen      total 18944K, used 2558K [0x00000000eb500000, 0x00000000eda00000, 0x0000000100000000)
  eden space 16384K, 0% used [0x00000000eb500000,0x00000000eb500000,0x00000000ec500000)
  from space 2560K, 99% used [0x00000000ec780000,0x00000000ec9ff9c8,0x00000000eca00000)
  to   space 2560K, 0% used [0x00000000ec500000,0x00000000ec500000,0x00000000ec780000)
 ParOldGen       total 44032K, used 2020K [0x00000000c1e00000, 0x00000000c4900000, 0x00000000eb500000)
  object space 44032K, 4% used [0x00000000c1e00000,0x00000000c1ff9008,0x00000000c4900000)
 Metaspace       used 10255K, capacity 10532K, committed 10752K, reserved 1058816K
  class space    used 1158K, capacity 1242K, committed 1280K, reserved 1048576K
}
Event: 2.253 GC heap before
{Heap before GC invocations=3 (full 0):
 PSYoungGen      total 18944K, used 18942K [0x00000000eb500000, 0x00000000eda00000, 0x0000000100000000)
  eden space 16384K, 100% used [0x00000000eb500000,0x00000000ec500000,0x00000000ec500000)
  from space 2560K, 99% used [0x00000000ec780000,0x00000000ec9ff9c8,0x00000000eca00000)
  to   space 2560K, 0% used [0x00000000ec500000,0x00000000ec500000,0x00000000ec780000)
 ParOldGen       total 44032K, used 2020K [0x00000000c1e00000, 0x00000000c4900000, 0x00000000eb500000)
  object space 44032K, 4% used [0x00000000c1e00000,0x00000000c1ff9008,0x00000000c4900000)
 Metaspace       used 10339K, capacity 10660K, committed 10752K, reserved 1058816K
  class space    used 1158K, capacity 1242K, committed 1280K, reserved 1048576K
Event: 2.264 GC heap after
Heap after GC invocations=3 (full 0):
 PSYoungGen      total 18944K, used 2554K [0x00000000eb500000, 0x00000000eda00000, 0x0000000100000000)
  eden space 16384K, 0% used [0x00000000eb500000,0x00000000eb500000,0x00000000ec500000)
  from space 2560K, 99% used [0x00000000ec500000,0x00000000ec77e958,0x00000000ec780000)
  to   space 2560K, 0% used [0x00000000ed780000,0x00000000ed780000,0x00000000eda00000)
 ParOldGen       total 44032K, used 5288K [0x00000000c1e00000, 0x00000000c4900000, 0x00000000eb500000)
  object space 44032K, 12% used [0x00000000c1e00000,0x00000000c232a2f0,0x00000000c4900000)
 Metaspace       used 10339K, capacity 10660K, committed 10752K, reserved 1058816K
  class space    used 1158K, capacity 1242K, committed 1280K, reserved 1048576K
}
Event: 2.316 GC heap before
{Heap before GC invocations=4 (full 0):
 PSYoungGen      total 18944K, used 18938K [0x00000000eb500000, 0x00000000eda00000, 0x0000000100000000)
  eden space 16384K, 100% used [0x00000000eb500000,0x00000000ec500000,0x00000000ec500000)
  from space 2560K, 99% used [0x00000000ec500000,0x00000000ec77e958,0x00000000ec780000)
  to   space 2560K, 0% used [0x00000000ed780000,0x00000000ed780000,0x00000000eda00000)
 ParOldGen       total 44032K, used 5288K [0x00000000c1e00000, 0x00000000c4900000, 0x00000000eb500000)
  object space 44032K, 12% used [0x00000000c1e00000,0x00000000c232a2f0,0x00000000c4900000)
 Metaspace       used 10347K, capacity 10660K, committed 10752K, reserved 1058816K
  class space    used 1158K, capacity 1242K, committed 1280K, reserved 1048576K
Event: 2.329 GC heap after
Heap after GC invocations=4 (full 0):
 PSYoungGen      total 35328K, used 2548K [0x00000000eb500000, 0x00000000eda00000, 0x0000000100000000)
  eden space 32768K, 0% used [0x00000000eb500000,0x00000000eb500000,0x00000000ed500000)
  from space 2560K, 99% used [0x00000000ed780000,0x00000000ed9fd368,0x00000000eda00000)
  to   space 2560K, 0% used [0x00000000ed500000,0x00000000ed500000,0x00000000ed780000)
 ParOldGen       total 44032K, used 8454K [0x00000000c1e00000, 0x00000000c4900000, 0x00000000eb500000)
  object space 44032K, 19% used [0x00000000c1e00000,0x00000000c2641898,0x00000000c4900000)
 Metaspace       used 10347K, capacity 10660K, committed 10752K, reserved 1058816K
  class space    used 1158K, capacity 1242K, committed 1280K, reserved 1048576K
}
Event: 2.410 GC heap before
{Heap before GC invocations=5 (full 0):
 PSYoungGen      total 35328K, used 35316K [0x00000000eb500000, 0x00000000eda00000, 0x0000000100000000)
  eden space 32768K, 100% used [0x00000000eb500000,0x00000000ed500000,0x00000000ed500000)
  from space 2560K, 99% used [0x00000000ed780000,0x00000000ed9fd368,0x00000000eda00000)
  to   space 2560K, 0% used [0x00000000ed500000,0x00000000ed500000,0x00000000ed780000)
 ParOldGen       total 44032K, used 8454K [0x00000000c1e00000, 0x00000000c4900000, 0x00000000eb500000)
  object space 44032K, 19% used [0x00000000c1e00000,0x00000000c2641898,0x00000000c4900000)
 Metaspace       used 10349K, capacity 10660K, committed 10752K, reserved 1058816K
  class space    used 1158K, capacity 1242K, committed 1280K, reserved 1048576K
Event: 2.431 GC heap after
Heap after GC invocations=5 (full 0):
 PSYoungGen      total 35328K, used 2559K [0x00000000eb500000, 0x00000000f0700000, 0x0000000100000000)
  eden space 32768K, 0% used [0x00000000eb500000,0x00000000eb500000,0x00000000ed500000)
  from space 2560K, 99% used [0x00000000ed500000,0x00000000ed77fde0,0x00000000ed780000)
  to   space 9216K, 0% used [0x00000000efe00000,0x00000000efe00000,0x00000000f0700000)
 ParOldGen       total 44032K, used 14284K [0x00000000c1e00000, 0x00000000c4900000, 0x00000000eb500000)
  object space 44032K, 32% used [0x00000000c1e00000,0x00000000c2bf30d0,0x00000000c4900000)
 Metaspace       used 10349K, capacity 10660K, committed 10752K, reserved 1058816K
  class space    used 1158K, capacity 1242K, committed 1280K, reserved 1048576K
}
Event: 2.504 GC heap before
{Heap before GC invocations=6 (full 0):
 PSYoungGen      total 35328K, used 35327K [0x00000000eb500000, 0x00000000f0700000, 0x0000000100000000)
  eden space 32768K, 100% used [0x00000000eb500000,0x00000000ed500000,0x00000000ed500000)
  from space 2560K, 99% used [0x00000000ed500000,0x00000000ed77fde0,0x00000000ed780000)
  to   space 9216K, 0% used [0x00000000efe00000,0x00000000efe00000,0x00000000f0700000)
 ParOldGen       total 44032K, used 14284K [0x00000000c1e00000, 0x00000000c4900000, 0x00000000eb500000)
  object space 44032K, 32% used [0x00000000c1e00000,0x00000000c2bf30d0,0x00000000c4900000)
 Metaspace       used 10349K, capacity 10660K, committed 10752K, reserved 1058816K
  class space    used 1158K, capacity 1242K, committed 1280K, reserved 1048576K
Event: 2.524 GC heap after
Heap after GC invocations=6 (full 0):
 PSYoungGen      total 73216K, used 8792K [0x00000000eb500000, 0x00000000f0a00000, 0x0000000100000000)
  eden space 64000K, 0% used [0x00000000eb500000,0x00000000eb500000,0x00000000ef380000)
  from space 9216K, 95% used [0x00000000efe00000,0x00000000f0696338,0x00000000f0700000)
  to   space 10752K, 0% used [0x00000000ef380000,0x00000000ef380000,0x00000000efe00000)
 ParOldGen       total 44032K, used 14284K [0x00000000c1e00000, 0x00000000c4900000, 0x00000000eb500000)
  object space 44032K, 32% used [0x00000000c1e00000,0x00000000c2bf30d0,0x00000000c4900000)
 Metaspace       used 10349K, capacity 10660K, committed 10752K, reserved 1058816K
  class space    used 1158K, capacity 1242K, committed 1280K, reserved 1048576K
}

Deoptimization events (10 events):
Event: 2.032 Thread 0x00007fe57000a000 Uncommon trap: reason=class_check action=maybe_recompile pc=0x00007fe561206654 method=java.util.jar.JarFile.getJarEntry(Ljava/lang/String;)Ljava/util/jar/JarEntry; @ 2
Event: 2.032 Thread 0x00007fe57000a000 Uncommon trap: reason=class_check action=maybe_recompile pc=0x00007fe561206654 method=java.util.jar.JarFile.getJarEntry(Ljava/lang/String;)Ljava/util/jar/JarEntry; @ 2
Event: 2.038 Thread 0x00007fe57000a000 Uncommon trap: reason=class_check action=maybe_recompile pc=0x00007fe561206654 method=java.util.jar.JarFile.getJarEntry(Ljava/lang/String;)Ljava/util/jar/JarEntry; @ 2
Event: 2.038 Thread 0x00007fe57000a000 Uncommon trap: reason=class_check action=maybe_recompile pc=0x00007fe561206654 method=java.util.jar.JarFile.getJarEntry(Ljava/lang/String;)Ljava/util/jar/JarEntry; @ 2
Event: 2.465 Thread 0x00007fe570798800 Uncommon trap: reason=unstable_if action=reinterpret pc=0x00007fe56138fb70 method=org.objectweb.asm.ClassReader.readMethod(Lorg/objectweb/asm/ClassVisitor;Lorg/objectweb/asm/Context;I)I @ 658
Event: 2.701 Thread 0x00007fe57000a000 Uncommon trap: reason=unstable_if action=reinterpret pc=0x00007fe5612cd2f0 method=java.util.regex.Pattern.has(I)Z @ 6
Event: 2.736 Thread 0x00007fe57000a000 Uncommon trap: reason=unstable_if action=reinterpret pc=0x00007fe561381e68 method=java.lang.String.regionMatches(ZILjava/lang/String;II)Z @ 123
Event: 2.786 Thread 0x00007fe57000a000 Uncommon trap: reason=unstable_if action=reinterpret pc=0x00007fe5613866e8 method=java.util.HashMap$HashIterator.nextNode()Ljava/util/HashMap$Node; @ 53
Event: 2.916 Thread 0x00007fe57000a000 Uncommon trap: reason=unstable_if action=reinterpret pc=0x00007fe56136de80 method=java.util.TreeMap.put(Ljava/lang/Object;Ljava/lang/Object;)Ljava/lang/Object; @ 55
Event: 2.984 Thread 0x00007fe57000a000 Uncommon trap: reason=unstable_if action=reinterpret pc=0x00007fe561420b5c method=java.lang.CharacterDataLatin1.digit(II)I @ 82

Classes redefined (0 events):
No events

Internal exceptions (10 events):
Event: 2.031 Thread 0x00007fe57000a000 Exception <a 'sun/nio/fs/UnixException'> (0x00000000eba61598) thrown at [/build/openjdk-8-4TqvnK/openjdk-8-8u292-b10/src/hotspot/src/share/vm/prims/jni.cpp, line 711]
Event: 2.031 Thread 0x00007fe57000a000 Exception <a 'sun/nio/fs/UnixException'> (0x00000000eba61a68) thrown at [/build/openjdk-8-4TqvnK/openjdk-8-8u292-b10/src/hotspot/src/share/vm/prims/jni.cpp, line 711]
Event: 2.110 Thread 0x00007fe57000a000 Exception <a 'java/lang/NoSuchMethodError': java.lang.Object.lambda$maxBy$1(Ljava/util/Comparator;Ljava/lang/Object;Ljava/lang/Object;)Ljava/lang/Object;> (0x00000000ebe9b208) thrown at [/build/openjdk-8-4TqvnK/openjdk-8-8u292-b10/src/hotspot/src/share/vm
Event: 2.584 Thread 0x00007fe57000a000 Exception <a 'sun/nio/fs/UnixException'> (0x00000000ec9ef308) thrown at [/build/openjdk-8-4TqvnK/openjdk-8-8u292-b10/src/hotspot/src/share/vm/prims/jni.cpp, line 711]
Event: 2.584 Thread 0x00007fe57000a000 Exception <a 'sun/nio/fs/UnixException'> (0x00000000ec9efdb0) thrown at [/build/openjdk-8-4TqvnK/openjdk-8-8u292-b10/src/hotspot/src/share/vm/prims/jni.cpp, line 711]
Event: 2.584 Thread 0x00007fe57000a000 Exception <a 'sun/nio/fs/UnixException'> (0x00000000ec9f02e0) thrown at [/build/openjdk-8-4TqvnK/openjdk-8-8u292-b10/src/hotspot/src/share/vm/prims/jni.cpp, line 711]
Event: 2.584 Thread 0x00007fe57000a000 Exception <a 'sun/nio/fs/UnixException'> (0x00000000ec9f0880) thrown at [/build/openjdk-8-4TqvnK/openjdk-8-8u292-b10/src/hotspot/src/share/vm/prims/jni.cpp, line 711]
Event: 2.585 Thread 0x00007fe57000a000 Exception <a 'sun/nio/fs/UnixException'> (0x00000000ec9f0cc0) thrown at [/build/openjdk-8-4TqvnK/openjdk-8-8u292-b10/src/hotspot/src/share/vm/prims/jni.cpp, line 711]
Event: 2.585 Thread 0x00007fe57000a000 Exception <a 'sun/nio/fs/UnixException'> (0x00000000ec9f1190) thrown at [/build/openjdk-8-4TqvnK/openjdk-8-8u292-b10/src/hotspot/src/share/vm/prims/jni.cpp, line 711]
Event: 2.912 Thread 0x00007fe57000a000 Exception <a 'java/lang/NoSuchMethodError': java.lang.Object.lambda$comparing$77a9974f$1(Ljava/util/function/Function;Ljava/lang/Object;Ljava/lang/Object;)I> (0x00000000ece4f8a0) thrown at [/build/openjdk-8-4TqvnK/openjdk-8-8u292-b10/src/hotspot/src/share

Events (10 events):
Event: 3.032 loading class sun/nio/ch/NativeThread done
Event: 3.033 Thread 0x00007fe570970800 Thread added: 0x00007fe570970800
Event: 4.804 Executing VM operation: EnableBiasedLocking
Event: 4.804 Executing VM operation: EnableBiasedLocking done
Event: 663.009 loading class java/util/concurrent/ConcurrentHashMap$KeyIterator
Event: 663.026 loading class java/util/concurrent/ConcurrentHashMap$BaseIterator
Event: 663.028 loading class java/util/concurrent/ConcurrentHashMap$Traverser
Event: 663.030 loading class java/util/concurrent/ConcurrentHashMap$Traverser done
Event: 663.031 loading class java/util/concurrent/ConcurrentHashMap$BaseIterator done
Event: 663.031 loading class java/util/concurrent/ConcurrentHashMap$KeyIterator done


Dynamic libraries:
c1e00000-c4900000 rw-p 00000000 00:00 0
c4900000-eb500000 ---p 00000000 00:00 0
eb500000-f0a00000 rw-p 00000000 00:00 0
f0a00000-100000000 ---p 00000000 00:00 0
100000000-1001a0000 rw-p 00000000 00:00 0
1001a0000-140000000 ---p 00000000 00:00 0
7fe4fc000000-7fe4fc021000 rw-p 00000000 00:00 0
7fe4fc021000-7fe500000000 ---p 00000000 00:00 0
7fe500000000-7fe500021000 rw-p 00000000 00:00 0
7fe500021000-7fe504000000 ---p 00000000 00:00 0
7fe504000000-7fe504021000 rw-p 00000000 00:00 0
7fe504021000-7fe508000000 ---p 00000000 00:00 0
7fe508000000-7fe508021000 rw-p 00000000 00:00 0
7fe508021000-7fe50c000000 ---p 00000000 00:00 0
7fe50c000000-7fe50c021000 rw-p 00000000 00:00 0
7fe50c021000-7fe510000000 ---p 00000000 00:00 0
7fe510000000-7fe510021000 rw-p 00000000 00:00 0
7fe510021000-7fe514000000 ---p 00000000 00:00 0
7fe514000000-7fe5140c0000 rw-p 00000000 00:00 0
7fe5140c0000-7fe518000000 ---p 00000000 00:00 0
7fe518000000-7fe518021000 rw-p 00000000 00:00 0
7fe518021000-7fe51c000000 ---p 00000000 00:00 0
7fe51c000000-7fe51c021000 rw-p 00000000 00:00 0
7fe51c021000-7fe520000000 ---p 00000000 00:00 0
7fe520000000-7fe520021000 rw-p 00000000 00:00 0
7fe520021000-7fe524000000 ---p 00000000 00:00 0
7fe524000000-7fe524021000 rw-p 00000000 00:00 0
7fe524021000-7fe528000000 ---p 00000000 00:00 0
7fe528000000-7fe528021000 rw-p 00000000 00:00 0
7fe528021000-7fe52c000000 ---p 00000000 00:00 0
7fe52c000000-7fe52ccd5000 rw-p 00000000 00:00 0
7fe52ccd5000-7fe530000000 ---p 00000000 00:00 0
7fe530000000-7fe5303e2000 rw-p 00000000 00:00 0
7fe5303e2000-7fe534000000 ---p 00000000 00:00 0
7fe534000000-7fe534021000 rw-p 00000000 00:00 0
7fe534021000-7fe538000000 ---p 00000000 00:00 0
7fe538000000-7fe5389a7000 rw-p 00000000 00:00 0
7fe5389a7000-7fe53c000000 ---p 00000000 00:00 0
7fe53c000000-7fe53c021000 rw-p 00000000 00:00 0
7fe53c021000-7fe540000000 ---p 00000000 00:00 0
7fe540000000-7fe540021000 rw-p 00000000 00:00 0
7fe540021000-7fe544000000 ---p 00000000 00:00 0
7fe544000000-7fe544021000 rw-p 00000000 00:00 0
7fe544021000-7fe548000000 ---p 00000000 00:00 0
7fe548000000-7fe548021000 rw-p 00000000 00:00 0
7fe548021000-7fe54c000000 ---p 00000000 00:00 0
7fe54c000000-7fe54c021000 rw-p 00000000 00:00 0
7fe54c021000-7fe550000000 ---p 00000000 00:00 0
7fe552940000-7fe552943000 ---p 00000000 00:00 0
7fe552943000-7fe552a41000 rw-p 00000000 00:00 0
7fe552cf0000-7fe552cf3000 ---p 00000000 00:00 0
7fe552cf3000-7fe552df1000 rw-p 00000000 00:00 0
7fe552e00000-7fe552e07000 r--p 00000000 00:00 821417             /usr/lib/jvm/java-8-openjdk-amd64/jre/lib/amd64/libsunec.so
7fe552e07000-7fe552e20000 r-xp 00007000 00:00 821417             /usr/lib/jvm/java-8-openjdk-amd64/jre/lib/amd64/libsunec.so
7fe552e20000-7fe552e2a000 r--p 00020000 00:00 821417             /usr/lib/jvm/java-8-openjdk-amd64/jre/lib/amd64/libsunec.so
7fe552e2a000-7fe552e2e000 r--p 00029000 00:00 821417             /usr/lib/jvm/java-8-openjdk-amd64/jre/lib/amd64/libsunec.so
7fe552e2e000-7fe552e2f000 rw-p 0002d000 00:00 821417             /usr/lib/jvm/java-8-openjdk-amd64/jre/lib/amd64/libsunec.so
7fe552e30000-7fe552fb0000 rw-p 00000000 00:00 0
7fe552fb0000-7fe553030000 ---p 00000000 00:00 0
7fe55310f000-7fe553120000 r--s 001bf000 00:00 821461             /usr/lib/jvm/java-8-openjdk-amd64/jre/lib/jsse.jar
7fe553120000-7fe553320000 rw-p 00000000 00:00 0
7fe553320000-7fe553323000 ---p 00000000 00:00 0
7fe553323000-7fe553421000 rw-p 00000000 00:00 0
7fe553430000-7fe553433000 ---p 00000000 00:00 0
7fe553433000-7fe553531000 rw-p 00000000 00:00 0
7fe553540000-7fe553543000 ---p 00000000 00:00 0
7fe553543000-7fe553641000 rw-p 00000000 00:00 0
7fe553650000-7fe553653000 ---p 00000000 00:00 0
7fe553653000-7fe553751000 rw-p 00000000 00:00 0
7fe553760000-7fe553763000 ---p 00000000 00:00 0
7fe553763000-7fe553861000 rw-p 00000000 00:00 0
7fe553870000-7fe553873000 ---p 00000000 00:00 0
7fe553873000-7fe553971000 rw-p 00000000 00:00 0
7fe553980000-7fe553983000 ---p 00000000 00:00 0
7fe553983000-7fe553a81000 rw-p 00000000 00:00 0
7fe553a90000-7fe553a93000 ---p 00000000 00:00 0
7fe553a93000-7fe553b91000 rw-p 00000000 00:00 0
7fe553b91000-7fe553bc0000 r--s 008ca000 00:00 558379             /home/gustavo/oiArduBot/backend/language_server/language_server_lib/ace-1.3.3.jar
7fe553bc0000-7fe553bc1000 ---p 00000000 00:00 0
7fe553bc1000-7fe553cc1000 rw-p 00000000 00:00 0
7fe553cd0000-7fe553cd3000 ---p 00000000 00:00 0
7fe553cd3000-7fe553dd1000 rw-p 00000000 00:00 0
7fe553de0000-7fe553de4000 ---p 00000000 00:00 0
7fe553de4000-7fe553ee1000 rw-p 00000000 00:00 0
7fe553ef0000-7fe553ef4000 ---p 00000000 00:00 0
7fe553ef4000-7fe553ff1000 rw-p 00000000 00:00 0
7fe554000000-7fe554021000 rw-p 00000000 00:00 0
7fe554021000-7fe558000000 ---p 00000000 00:00 0
7fe558000000-7fe558004000 r--p 00000000 00:00 821410             /usr/lib/jvm/java-8-openjdk-amd64/jre/lib/amd64/libmanagement.so
7fe558004000-7fe558008000 r-xp 00004000 00:00 821410             /usr/lib/jvm/java-8-openjdk-amd64/jre/lib/amd64/libmanagement.so
7fe558008000-7fe55800a000 r--p 00008000 00:00 821410             /usr/lib/jvm/java-8-openjdk-amd64/jre/lib/amd64/libmanagement.so
7fe55800a000-7fe55800b000 r--p 00009000 00:00 821410             /usr/lib/jvm/java-8-openjdk-amd64/jre/lib/amd64/libmanagement.so
7fe55800b000-7fe55800c000 rw-p 0000a000 00:00 821410             /usr/lib/jvm/java-8-openjdk-amd64/jre/lib/amd64/libmanagement.so
7fe55801b000-7fe55804f000 r--s 00287000 00:00 859424             /home/gustavo/oiArduBot/backend/language_server/language_server_lib/guava-30.1-jre.jar
7fe55804f000-7fe558070000 r--s 00255000 00:00 859462             /home/gustavo/oiArduBot/backend/language_server/language_server_lib/org.eclipse.xtext.xbase-2.25.0.jar
7fe558070000-7fe558074000 ---p 00000000 00:00 0
7fe558074000-7fe558171000 rw-p 00000000 00:00 0
7fe558180000-7fe558183000 ---p 00000000 00:00 0
7fe558183000-7fe558281000 rw-p 00000000 00:00 0
7fe558287000-7fe5583fa000 r--p 00000000 00:00 572508             /usr/lib/locale/C.UTF-8/LC_COLLATE
7fe5583fa000-7fe5586e0000 r--p 00000000 00:00 572521             /usr/lib/locale/locale-archive
7fe5586e0000-7fe5586e3000 ---p 00000000 00:00 0
7fe5586e3000-7fe5587e1000 rw-p 00000000 00:00 0
7fe5587f0000-7fe5587f3000 ---p 00000000 00:00 0
7fe5587f3000-7fe5588f1000 rw-p 00000000 00:00 0
7fe558900000-7fe558901000 ---p 00000000 00:00 0
7fe558901000-7fe558a01000 rw-p 00000000 00:00 0
7fe558a10000-7fe558b11000 rw-p 00000000 00:00 0
7fe558b20000-7fe558c21000 rw-p 00000000 00:00 0
7fe558c30000-7fe558d31000 rw-p 00000000 00:00 0
7fe558d40000-7fe558e41000 rw-p 00000000 00:00 0
7fe558e50000-7fe558f51000 rw-p 00000000 00:00 0
7fe558f60000-7fe559061000 rw-p 00000000 00:00 0
7fe559070000-7fe559171000 rw-p 00000000 00:00 0
7fe559180000-7fe559281000 rw-p 00000000 00:00 0
7fe559290000-7fe559391000 rw-p 00000000 00:00 0
7fe5593a0000-7fe5594a1000 rw-p 00000000 00:00 0
7fe5594b0000-7fe5595b1000 rw-p 00000000 00:00 0
7fe5595c0000-7fe5596c1000 rw-p 00000000 00:00 0
7fe5596d0000-7fe5597d1000 rw-p 00000000 00:00 0
7fe5597e0000-7fe5598e1000 rw-p 00000000 00:00 0
7fe5598f0000-7fe55c021000 rw-p 00000000 00:00 0
7fe55c021000-7fe560000000 ---p 00000000 00:00 0
7fe560003000-7fe560017000 r--s 00146000 00:00 859446             /home/gustavo/oiArduBot/backend/language_server/language_server_lib/org.eclipse.emf.ecore-2.20.0.jar
7fe560017000-7fe56002e000 r--s 0015b000 00:00 859453             /home/gustavo/oiArduBot/backend/language_server/language_server_lib/org.eclipse.osgi-3.16.0.jar
7fe56002e000-7fe560060000 r--s 0026c000 00:00 859456             /home/gustavo/oiArduBot/backend/language_server/language_server_lib/org.eclipse.xtext-2.25.0.jar
7fe560060000-7fe560065000 r--p 00000000 00:00 821412             /usr/lib/jvm/java-8-openjdk-amd64/jre/lib/amd64/libnet.so
7fe560065000-7fe560076000 r-xp 00005000 00:00 821412             /usr/lib/jvm/java-8-openjdk-amd64/jre/lib/amd64/libnet.so
7fe560076000-7fe56007a000 r--p 00016000 00:00 821412             /usr/lib/jvm/java-8-openjdk-amd64/jre/lib/amd64/libnet.so
7fe56007a000-7fe56007b000 r--p 00019000 00:00 821412             /usr/lib/jvm/java-8-openjdk-amd64/jre/lib/amd64/libnet.so
7fe56007b000-7fe56007c000 rw-p 0001a000 00:00 821412             /usr/lib/jvm/java-8-openjdk-amd64/jre/lib/amd64/libnet.so
7fe560080000-7fe560087000 r--p 00000000 00:00 821413             /usr/lib/jvm/java-8-openjdk-amd64/jre/lib/amd64/libnio.so
7fe560087000-7fe560090000 r-xp 00007000 00:00 821413             /usr/lib/jvm/java-8-openjdk-amd64/jre/lib/amd64/libnio.so
7fe560090000-7fe560093000 r--p 00010000 00:00 821413             /usr/lib/jvm/java-8-openjdk-amd64/jre/lib/amd64/libnio.so
7fe560093000-7fe560094000 r--p 00012000 00:00 821413             /usr/lib/jvm/java-8-openjdk-amd64/jre/lib/amd64/libnio.so
7fe560094000-7fe560095000 rw-p 00013000 00:00 821413             /usr/lib/jvm/java-8-openjdk-amd64/jre/lib/amd64/libnio.so
7fe560098000-7fe5600b3000 r--s 001d6000 00:00 821439             /usr/lib/jvm/java-8-openjdk-amd64/jre/lib/ext/nashorn.jar
7fe5600b3000-7fe5600ce000 r--s 00394000 00:00 821434             /usr/lib/jvm/java-8-openjdk-amd64/jre/lib/ext/cldrdata.jar
7fe5600ce000-7fe560100000 r--p 00000000 00:00 572509             /usr/lib/locale/C.UTF-8/LC_CTYPE
7fe560100000-7fe560201000 rw-p 00000000 00:00 0
7fe560210000-7fe56025e000 rw-p 00000000 00:00 0
7fe56025f000-7fe560430000 r--s 03ca5000 00:00 821467             /usr/lib/jvm/java-8-openjdk-amd64/jre/lib/rt.jar
7fe560430000-7fe5604a6000 rw-p 00000000 00:00 0
7fe5604b0000-7fe5606a1000 rw-p 00000000 00:00 0
7fe5606a1000-7fe5606a3000 r--s 00016000 00:00 821455             /usr/lib/jvm/java-8-openjdk-amd64/jre/lib/jce.jar
7fe5606a3000-7fe5606a5000 r--s 00009000 00:00 859467             /home/gustavo/oiArduBot/backend/language_server/language_server_lib/slf4j-api-1.7.21.jar
7fe5606a5000-7fe5606a9000 r--s 00025000 00:00 859432             /home/gustavo/oiArduBot/backend/language_server/language_server_lib/jetty-io-9.4.34.v20201102.jar
7fe5606a9000-7fe5606ad000 r--s 00031000 00:00 859431             /home/gustavo/oiArduBot/backend/language_server/language_server_lib/jetty-http-9.4.34.v20201102.jar
7fe5606ad000-7fe5606b0000 r--s 00015000 00:00 859429             /home/gustavo/oiArduBot/backend/language_server/language_server_lib/javax.servlet-api-3.1.0.jar
7fe5606b0000-7fe5606b1000 ---p 00000000 00:00 0
7fe5606b1000-7fe5607b1000 rw-p 00000000 00:00 0
7fe5607b1000-7fe5607b3000 r--s 00005000 00:00 859427             /home/gustavo/oiArduBot/backend/language_server/language_server_lib/javax.annotation-api-1.3.2.jar
7fe5607b3000-7fe5607bd000 r--s 000a3000 00:00 859436             /home/gustavo/oiArduBot/backend/language_server/language_server_lib/jetty-server-9.4.34.v20201102.jar
7fe5607bd000-7fe5607c0000 r--s 0001a000 00:00 859435             /home/gustavo/oiArduBot/backend/language_server/language_server_lib/jetty-security-9.4.34.v20201102.jar
7fe5607c0000-7fe5607c1000 ---p 00000000 00:00 0
7fe5607c1000-7fe5608c1000 rw-p 00000000 00:00 0
7fe5608c2000-7fe5608c5000 r--s 0001f000 00:00 859437             /home/gustavo/oiArduBot/backend/language_server/language_server_lib/jetty-servlet-9.4.34.v20201102.jar
7fe5608c5000-7fe5608c7000 r--s 0000f000 00:00 859440             /home/gustavo/oiArduBot/backend/language_server/language_server_lib/jetty-xml-9.4.34.v20201102.jar
7fe5608c7000-7fe5608d0000 r--s 00081000 00:00 859438             /home/gustavo/oiArduBot/backend/language_server/language_server_lib/jetty-util-9.4.34.v20201102.jar
7fe5608d0000-7fe5608d1000 ---p 00000000 00:00 0
7fe5608d1000-7fe5609d1000 rw-p 00000000 00:00 0
7fe5609d2000-7fe5609d5000 r--s 00020000 00:00 859439             /home/gustavo/oiArduBot/backend/language_server/language_server_lib/jetty-webapp-9.4.34.v20201102.jar
7fe5609d5000-7fe5609e0000 r--s 0002a000 00:00 859419             /home/gustavo/oiArduBot/backend/language_server/language_server_lib/checker-qual-3.5.0.jar
7fe5609e0000-7fe5609e1000 ---p 00000000 00:00 0
7fe5609e1000-7fe560ae1000 rw-p 00000000 00:00 0
7fe560ae2000-7fe560ae4000 r--s 0000a000 00:00 859433             /home/gustavo/oiArduBot/backend/language_server/language_server_lib/jetty-jndi-9.4.34.v20201102.jar
7fe560ae4000-7fe560ae6000 r--s 0000f000 00:00 859434             /home/gustavo/oiArduBot/backend/language_server/language_server_lib/jetty-plus-9.4.34.v20201102.jar
7fe560ae6000-7fe560aeb000 r--s 00024000 00:00 859464             /home/gustavo/oiArduBot/backend/language_server/language_server_lib/org.eclipse.xtext.xbase.lib-2.25.0.jar
7fe560aeb000-7fe560af0000 r--s 00036000 00:00 859423             /home/gustavo/oiArduBot/backend/language_server/language_server_lib/gson-2.8.6.jar
7fe560af0000-7fe560b06000 rw-p 00000000 00:00 0
7fe560b06000-7fe560c3c000 ---p 00000000 00:00 0
7fe560c3d000-7fe560c40000 r--s 00013000 00:00 859430             /home/gustavo/oiArduBot/backend/language_server/language_server_lib/jetty-annotations-9.4.34.v20201102.jar
7fe560c40000-7fe560c52000 rw-p 00000000 00:00 0
7fe560c52000-7fe561000000 ---p 00000000 00:00 0
7fe561000000-7fe561460000 rwxp 00000000 00:00 0
7fe561460000-7fe570000000 ---p 00000000 00:00 0
7fe570000000-7fe570977000 rw-p 00000000 00:00 0
7fe570977000-7fe574000000 ---p 00000000 00:00 0
7fe574001000-7fe574010000 r--s 0009f000 00:00 859425             /home/gustavo/oiArduBot/backend/language_server/language_server_lib/guice-3.0.jar
7fe574010000-7fe57406b000 rw-p 00000000 00:00 0
7fe57406b000-7fe574070000 r--s 00091000 00:00 859463             /home/gustavo/oiArduBot/backend/language_server/language_server_lib/org.eclipse.xtext.xbase.ide-2.25.0.jar
7fe574070000-7fe574084000 rw-p 00000000 00:00 0
7fe574084000-7fe574088000 r--s 00010000 00:00 859455             /home/gustavo/oiArduBot/backend/language_server/language_server_lib/org.eclipse.xtend.lib.macro-2.25.0.jar
7fe574088000-7fe574090000 r--s 00069000 00:00 859420             /home/gustavo/oiArduBot/backend/language_server/language_server_lib/classgraph-4.8.35.jar
7fe574090000-7fe5740a6000 rw-p 00000000 00:00 0
7fe5740a6000-7fe5741db000 ---p 00000000 00:00 0
7fe5741db000-7fe574206000 rw-p 00000000 00:00 0
7fe574206000-7fe574281000 ---p 00000000 00:00 0
7fe574281000-7fe574282000 rw-p 00000000 00:00 0
7fe574282000-7fe574284000 r--s 00001000 00:00 859426             /home/gustavo/oiArduBot/backend/language_server/language_server_lib/j2objc-annotations-1.3.jar
7fe574284000-7fe574286000 r--s 00002000 00:00 859421             /home/gustavo/oiArduBot/backend/language_server/language_server_lib/error_prone_annotations-2.3.4.jar
7fe574286000-7fe574290000 r--s 00073000 00:00 859457             /home/gustavo/oiArduBot/backend/language_server/language_server_lib/org.eclipse.xtext.common.types-2.25.0.jar
7fe574290000-7fe574293000 r--p 00000000 00:00 821420             /usr/lib/jvm/java-8-openjdk-amd64/jre/lib/amd64/libzip.so
7fe574293000-7fe574298000 r-xp 00003000 00:00 821420             /usr/lib/jvm/java-8-openjdk-amd64/jre/lib/amd64/libzip.so
7fe574298000-7fe57429a000 r--p 00008000 00:00 821420             /usr/lib/jvm/java-8-openjdk-amd64/jre/lib/amd64/libzip.so
7fe57429a000-7fe57429b000 r--p 00009000 00:00 821420             /usr/lib/jvm/java-8-openjdk-amd64/jre/lib/amd64/libzip.so
7fe57429b000-7fe57429c000 rw-p 0000a000 00:00 821420             /usr/lib/jvm/java-8-openjdk-amd64/jre/lib/amd64/libzip.so
7fe57429c000-7fe57429e000 r--s 00003000 00:00 859442             /home/gustavo/oiArduBot/backend/language_server/language_server_lib/jsr305-3.0.2.jar
7fe57429e000-7fe5742a0000 r--s 00000000 00:00 859422             /home/gustavo/oiArduBot/backend/language_server/language_server_lib/failureaccess-1.0.1.jar
7fe5742a0000-7fe5742a3000 r--p 00000000 00:00 652020             /usr/lib/x86_64-linux-gnu/libnss_files-2.31.so
7fe5742a3000-7fe5742aa000 r-xp 00003000 00:00 652020             /usr/lib/x86_64-linux-gnu/libnss_files-2.31.so
7fe5742aa000-7fe5742ac000 r--p 0000a000 00:00 652020             /usr/lib/x86_64-linux-gnu/libnss_files-2.31.so
7fe5742ac000-7fe5742ad000 r--p 0000b000 00:00 652020             /usr/lib/x86_64-linux-gnu/libnss_files-2.31.so
7fe5742ad000-7fe5742ae000 rw-p 0000c000 00:00 652020             /usr/lib/x86_64-linux-gnu/libnss_files-2.31.so
7fe5742ae000-7fe5742b4000 rw-p 00000000 00:00 0
7fe5742b5000-7fe5742b8000 r--s 00019000 00:00 859454             /home/gustavo/oiArduBot/backend/language_server/language_server_lib/org.eclipse.xtend.lib-2.25.0.jar
7fe5742b8000-7fe5742bc000 r--s 00022000 00:00 859413             /home/gustavo/oiArduBot/backend/language_server/language_server_lib/antlr-runtime-3.2.jar
7fe5742bc000-7fe5742c0000 r--s 00036000 00:00 859448             /home/gustavo/oiArduBot/backend/language_server/language_server_lib/org.eclipse.emf.ecore.xmi-2.16.0.jar
7fe5742c0000-7fe5742c1000 rw-p 00000000 00:00 0
7fe5742c1000-7fe5742c3000 r--s 00003000 00:00 859461             /home/gustavo/oiArduBot/backend/language_server/language_server_lib/org.eclipse.xtext.web.servlet-2.25.0.jar
7fe5742c3000-7fe5742ca000 r--s 00055000 00:00 859445             /home/gustavo/oiArduBot/backend/language_server/language_server_lib/org.eclipse.emf.common-2.17.0.jar
7fe5742ca000-7fe5742d0000 r--s 00046000 00:00 859459             /home/gustavo/oiArduBot/backend/language_server/language_server_lib/org.eclipse.xtext.util-2.25.0.jar
7fe5742d0000-7fe5742dd000 r--p 00000000 00:00 821401             /usr/lib/jvm/java-8-openjdk-amd64/jre/lib/amd64/libjava.so
7fe5742dd000-7fe5742f5000 r-xp 0000d000 00:00 821401             /usr/lib/jvm/java-8-openjdk-amd64/jre/lib/amd64/libjava.so
7fe5742f5000-7fe5742fc000 r--p 00025000 00:00 821401             /usr/lib/jvm/java-8-openjdk-amd64/jre/lib/amd64/libjava.so
7fe5742fc000-7fe5742fd000 r--p 0002b000 00:00 821401             /usr/lib/jvm/java-8-openjdk-amd64/jre/lib/amd64/libjava.so
7fe5742fd000-7fe5742ff000 rw-p 0002c000 00:00 821401             /usr/lib/jvm/java-8-openjdk-amd64/jre/lib/amd64/libjava.so
7fe5742ff000-7fe574300000 r--s 00002000 00:00 859468             /home/gustavo/oiArduBot/backend/language_server/language_server_lib/slf4j-simple-1.7.21.jar
7fe574300000-7fe574305000 r--p 00000000 00:00 821419             /usr/lib/jvm/java-8-openjdk-amd64/jre/lib/amd64/libverify.so
7fe574305000-7fe57430e000 r-xp 00005000 00:00 821419             /usr/lib/jvm/java-8-openjdk-amd64/jre/lib/amd64/libverify.so
7fe57430e000-7fe574310000 r--p 0000e000 00:00 821419             /usr/lib/jvm/java-8-openjdk-amd64/jre/lib/amd64/libverify.so
7fe574310000-7fe574312000 r--p 0000f000 00:00 821419             /usr/lib/jvm/java-8-openjdk-amd64/jre/lib/amd64/libverify.so
7fe574312000-7fe574313000 rw-p 00011000 00:00 821419             /usr/lib/jvm/java-8-openjdk-amd64/jre/lib/amd64/libverify.so
7fe574313000-7fe574316000 r--s 00017000 00:00 859447             /home/gustavo/oiArduBot/backend/language_server/language_server_lib/org.eclipse.emf.ecore.change-2.14.0.jar
7fe574316000-7fe574320000 r--s 0006f000 00:00 859458             /home/gustavo/oiArduBot/backend/language_server/language_server_lib/org.eclipse.xtext.ide-2.25.0.jar
7fe574320000-7fe574323000 r--p 00000000 00:00 652106             /usr/lib/x86_64-linux-gnu/librt-2.31.so
7fe574323000-7fe574327000 r-xp 00003000 00:00 652106             /usr/lib/x86_64-linux-gnu/librt-2.31.so
7fe574327000-7fe574328000 r--p 00007000 00:00 652106             /usr/lib/x86_64-linux-gnu/librt-2.31.so
7fe574328000-7fe574329000 ---p 00008000 00:00 652106             /usr/lib/x86_64-linux-gnu/librt-2.31.so
7fe574329000-7fe57432a000 r--p 00008000 00:00 652106             /usr/lib/x86_64-linux-gnu/librt-2.31.so
7fe57432a000-7fe57432b000 rw-p 00009000 00:00 652106             /usr/lib/x86_64-linux-gnu/librt-2.31.so
7fe57432b000-7fe57432d000 r--s 00000000 00:00 859414             /home/gustavo/oiArduBot/backend/language_server/language_server_lib/aopalliance-1.0.jar
7fe57432d000-7fe574330000 r--s 0001f000 00:00 859449             /home/gustavo/oiArduBot/backend/language_server/language_server_lib/org.eclipse.equinox.common-3.13.0.jar
7fe574330000-7fe574334000 ---p 00000000 00:00 0
7fe574334000-7fe574431000 rw-p 00000000 00:00 0
7fe574431000-7fe574440000 r--s 000b7000 00:00 859450             /home/gustavo/oiArduBot/backend/language_server/language_server_lib/org.eclipse.lsp4j-0.10.0.jar
7fe574440000-7fe574443000 r--p 00000000 00:00 677530             /usr/lib/x86_64-linux-gnu/libgcc_s.so.1
7fe574443000-7fe574455000 r-xp 00003000 00:00 677530             /usr/lib/x86_64-linux-gnu/libgcc_s.so.1
7fe574455000-7fe574459000 r--p 00015000 00:00 677530             /usr/lib/x86_64-linux-gnu/libgcc_s.so.1
7fe574459000-7fe57445a000 r--p 00018000 00:00 677530             /usr/lib/x86_64-linux-gnu/libgcc_s.so.1
7fe57445a000-7fe57445b000 rw-p 00019000 00:00 677530             /usr/lib/x86_64-linux-gnu/libgcc_s.so.1
7fe57445b000-7fe57445c000 r--s 0004c000 00:00 859441             /home/gustavo/oiArduBot/backend/language_server/language_server_lib/jquery-3.5.1.jar
7fe57445c000-7fe574460000 r--s 00029000 00:00 859460             /home/gustavo/oiArduBot/backend/language_server/language_server_lib/org.eclipse.xtext.web-2.25.0.jar
7fe574460000-7fe574461000 r--p 00000000 00:00 0
7fe574461000-7fe574470000 r--p 00000000 00:00 651970             /usr/lib/x86_64-linux-gnu/libm-2.31.so
7fe574470000-7fe574517000 r-xp 0000f000 00:00 651970             /usr/lib/x86_64-linux-gnu/libm-2.31.so
7fe574517000-7fe5745ae000 r--p 000b6000 00:00 651970             /usr/lib/x86_64-linux-gnu/libm-2.31.so
7fe5745ae000-7fe5745af000 r--p 0014c000 00:00 651970             /usr/lib/x86_64-linux-gnu/libm-2.31.so
7fe5745af000-7fe5745b0000 rw-p 0014d000 00:00 651970             /usr/lib/x86_64-linux-gnu/libm-2.31.so
7fe5745b0000-7fe574646000 r--p 00000000 00:00 682612             /usr/lib/x86_64-linux-gnu/libstdc++.so.6.0.28
7fe574646000-7fe574737000 r-xp 00096000 00:00 682612             /usr/lib/x86_64-linux-gnu/libstdc++.so.6.0.28
7fe574737000-7fe574780000 r--p 00187000 00:00 682612             /usr/lib/x86_64-linux-gnu/libstdc++.so.6.0.28
7fe574780000-7fe574781000 ---p 001d0000 00:00 682612             /usr/lib/x86_64-linux-gnu/libstdc++.so.6.0.28
7fe574781000-7fe57478c000 r--p 001d0000 00:00 682612             /usr/lib/x86_64-linux-gnu/libstdc++.so.6.0.28
7fe57478c000-7fe57478f000 rw-p 001db000 00:00 682612             /usr/lib/x86_64-linux-gnu/libstdc++.so.6.0.28
7fe57478f000-7fe574792000 rw-p 00000000 00:00 0
7fe574792000-7fe574793000 r--s 00007000 00:00 859466             /home/gustavo/oiArduBot/backend/language_server/language_server_lib/requirejs-2.3.6.jar
7fe574793000-7fe574795000 r--s 0000b000 00:00 859418             /home/gustavo/oiArduBot/backend/language_server/language_server_lib/asm-tree-9.1.jar
7fe574795000-7fe574797000 r--s 00007000 00:00 859416             /home/gustavo/oiArduBot/backend/language_server/language_server_lib/asm-analysis-9.1.jar
7fe574797000-7fe5747a0000 r--s 0006f000 00:00 859444             /home/gustavo/oiArduBot/backend/language_server/language_server_lib/log4j-1.2.17.jar
7fe5747a0000-7fe574995000 r--p 00000000 00:00 821423             /usr/lib/jvm/java-8-openjdk-amd64/jre/lib/amd64/server/libjvm.so
7fe574995000-7fe5752fd000 r-xp 001f5000 00:00 821423             /usr/lib/jvm/java-8-openjdk-amd64/jre/lib/amd64/server/libjvm.so
7fe5752fd000-7fe5754ae000 r--p 00b5d000 00:00 821423             /usr/lib/jvm/java-8-openjdk-amd64/jre/lib/amd64/server/libjvm.so
7fe5754ae000-7fe5754af000 ---p 00d0e000 00:00 821423             /usr/lib/jvm/java-8-openjdk-amd64/jre/lib/amd64/server/libjvm.so
7fe5754af000-7fe575545000 r--p 00d0e000 00:00 821423             /usr/lib/jvm/java-8-openjdk-amd64/jre/lib/amd64/server/libjvm.so
7fe575545000-7fe57556e000 rw-p 00da4000 00:00 821423             /usr/lib/jvm/java-8-openjdk-amd64/jre/lib/amd64/server/libjvm.so
7fe57556e000-7fe5755a1000 rw-p 00000000 00:00 0
7fe5755a1000-7fe5755a2000 r--s 00000000 00:00 859443             /home/gustavo/oiArduBot/backend/language_server/language_server_lib/listenablefuture-9999.0-empty-to-avoid-conflict-with-guava.jar
7fe5755a2000-7fe5755a4000 r--s 00010000 00:00 859417             /home/gustavo/oiArduBot/backend/language_server/language_server_lib/asm-commons-9.1.jar
7fe5755a4000-7fe5755a6000 r--s 0001c000 00:00 859415             /home/gustavo/oiArduBot/backend/language_server/language_server_lib/asm-9.1.jar
7fe5755a6000-7fe5755a9000 r--s 0001e000 00:00 859452             /home/gustavo/oiArduBot/backend/language_server/language_server_lib/org.eclipse.lsp4j.jsonrpc-0.10.0.jar
7fe5755a9000-7fe5755b0000 r--s 00064000 00:00 255358             /home/gustavo/oiArduBot/backend/language_server/language_server.jar
7fe5755b0000-7fe5755b2000 rw-p 00000000 00:00 0
7fe5755b2000-7fe5755bd000 r--s 00116000 00:00 821438             /usr/lib/jvm/java-8-openjdk-amd64/jre/lib/ext/localedata.jar
7fe5755bd000-7fe5755c4000 r--p 00000000 00:00 652090             /usr/lib/x86_64-linux-gnu/libpthread-2.31.so
7fe5755c4000-7fe5755d5000 r-xp 00007000 00:00 652090             /usr/lib/x86_64-linux-gnu/libpthread-2.31.so
7fe5755d5000-7fe5755da000 r--p 00018000 00:00 652090             /usr/lib/x86_64-linux-gnu/libpthread-2.31.so
7fe5755da000-7fe5755db000 r--p 0001c000 00:00 652090             /usr/lib/x86_64-linux-gnu/libpthread-2.31.so
7fe5755db000-7fe5755dc000 rw-p 0001d000 00:00 652090             /usr/lib/x86_64-linux-gnu/libpthread-2.31.so
7fe5755dc000-7fe5755e0000 rw-p 00000000 00:00 0
7fe5755e0000-7fe5755e1000 r--p 00000000 00:00 651773             /usr/lib/x86_64-linux-gnu/libdl-2.31.so
7fe5755e1000-7fe5755e3000 r-xp 00001000 00:00 651773             /usr/lib/x86_64-linux-gnu/libdl-2.31.so
7fe5755e3000-7fe5755e4000 r--p 00003000 00:00 651773             /usr/lib/x86_64-linux-gnu/libdl-2.31.so
7fe5755e4000-7fe5755e5000 r--p 00003000 00:00 651773             /usr/lib/x86_64-linux-gnu/libdl-2.31.so
7fe5755e5000-7fe5755e6000 rw-p 00004000 00:00 651773             /usr/lib/x86_64-linux-gnu/libdl-2.31.so
7fe5755e6000-7fe5755e8000 r--s 0000b000 00:00 859451             /home/gustavo/oiArduBot/backend/language_server/language_server_lib/org.eclipse.lsp4j.generator-0.10.0.jar
7fe5755e8000-7fe5755ea000 r--s 00010000 00:00 821443             /usr/lib/jvm/java-8-openjdk-amd64/jre/lib/ext/zipfs.jar
7fe5755ea000-7fe5755f0000 r--s 0003d000 00:00 821441             /usr/lib/jvm/java-8-openjdk-amd64/jre/lib/ext/sunjce_provider.jar
7fe5755f0000-7fe5755f2000 r--p 00000000 00:00 652266             /usr/lib/x86_64-linux-gnu/libz.so.1.2.11
7fe5755f2000-7fe575603000 r-xp 00002000 00:00 652266             /usr/lib/x86_64-linux-gnu/libz.so.1.2.11
7fe575603000-7fe575609000 r--p 00013000 00:00 652266             /usr/lib/x86_64-linux-gnu/libz.so.1.2.11
7fe575609000-7fe57560a000 ---p 00019000 00:00 652266             /usr/lib/x86_64-linux-gnu/libz.so.1.2.11
7fe57560a000-7fe57560b000 r--p 00019000 00:00 652266             /usr/lib/x86_64-linux-gnu/libz.so.1.2.11
7fe57560b000-7fe57560c000 rw-p 0001a000 00:00 652266             /usr/lib/x86_64-linux-gnu/libz.so.1.2.11
7fe57560c000-7fe575610000 r--s 00040000 00:00 821442             /usr/lib/jvm/java-8-openjdk-amd64/jre/lib/ext/sunpkcs11.jar
7fe575610000-7fe575635000 r--p 00000000 00:00 651734             /usr/lib/x86_64-linux-gnu/libc-2.31.so
7fe575635000-7fe5757ad000 r-xp 00025000 00:00 651734             /usr/lib/x86_64-linux-gnu/libc-2.31.so
7fe5757ad000-7fe5757f7000 r--p 0019d000 00:00 651734             /usr/lib/x86_64-linux-gnu/libc-2.31.so
7fe5757f7000-7fe5757f8000 ---p 001e7000 00:00 651734             /usr/lib/x86_64-linux-gnu/libc-2.31.so
7fe5757f8000-7fe5757fb000 r--p 001e7000 00:00 651734             /usr/lib/x86_64-linux-gnu/libc-2.31.so
7fe5757fb000-7fe5757fe000 rw-p 001ea000 00:00 651734             /usr/lib/x86_64-linux-gnu/libc-2.31.so
7fe5757fe000-7fe575802000 rw-p 00000000 00:00 0
7fe575802000-7fe575803000 r--s 00000000 00:00 859428             /home/gustavo/oiArduBot/backend/language_server/language_server_lib/javax.inject-1.jar
7fe575803000-7fe575805000 r--s 00008000 00:00 821440             /usr/lib/jvm/java-8-openjdk-amd64/jre/lib/ext/sunec.jar
7fe575805000-7fe575807000 r--s 0000c000 00:00 821673             /usr/share/java/java-atk-wrapper.jar
7fe575807000-7fe57580a000 r--s 0000f000 00:00 821436             /usr/lib/jvm/java-8-openjdk-amd64/jre/lib/ext/icedtea-sound.jar
7fe57580a000-7fe575810000 r--s 000d3000 00:00 821460             /usr/lib/jvm/java-8-openjdk-amd64/jre/lib/jfr.jar
7fe575810000-7fe575813000 r--p 00000000 00:00 821387             /usr/lib/jvm/java-8-openjdk-amd64/jre/lib/amd64/jli/libjli.so
7fe575813000-7fe57581d000 r-xp 00003000 00:00 821387             /usr/lib/jvm/java-8-openjdk-amd64/jre/lib/amd64/jli/libjli.so
7fe57581d000-7fe575820000 r--p 0000d000 00:00 821387             /usr/lib/jvm/java-8-openjdk-amd64/jre/lib/amd64/jli/libjli.so
7fe575820000-7fe575821000 r--p 0000f000 00:00 821387             /usr/lib/jvm/java-8-openjdk-amd64/jre/lib/amd64/jli/libjli.so
7fe575821000-7fe575822000 rw-p 00010000 00:00 821387             /usr/lib/jvm/java-8-openjdk-amd64/jre/lib/amd64/jli/libjli.so
7fe575822000-7fe575823000 r--s 00001000 00:00 859465             /home/gustavo/oiArduBot/backend/language_server/language_server_lib/org.eclipse.xtext.xbase.web-2.25.0.jar
7fe575823000-7fe575824000 r--s 0000a000 00:00 821437             /usr/lib/jvm/java-8-openjdk-amd64/jre/lib/ext/jaccess.jar
7fe575824000-7fe575826000 r--s 00001000 00:00 821435             /usr/lib/jvm/java-8-openjdk-amd64/jre/lib/ext/dnsns.jar
7fe575826000-7fe575827000 r--p 00000000 00:00 572517             /usr/lib/locale/C.UTF-8/LC_NUMERIC
7fe575827000-7fe575828000 r--p 00000000 00:00 572520             /usr/lib/locale/C.UTF-8/LC_TIME
7fe575828000-7fe575829000 r--p 00000000 00:00 572515             /usr/lib/locale/C.UTF-8/LC_MONETARY
7fe575829000-7fe575830000 r--s 00000000 00:00 651581             /usr/lib/x86_64-linux-gnu/gconv/gconv-modules.cache
7fe575830000-7fe575832000 rw-p 00000000 00:00 0
7fe575832000-7fe575833000 r--p 00000000 00:00 572514             /usr/lib/locale/C.UTF-8/LC_MESSAGES/SYS_LC_MESSAGES
7fe575833000-7fe575834000 r--p 00000000 00:00 572518             /usr/lib/locale/C.UTF-8/LC_PAPER
7fe575834000-7fe575835000 r--p 00000000 00:00 572516             /usr/lib/locale/C.UTF-8/LC_NAME
7fe575835000-7fe575836000 r--p 00000000 00:00 572507             /usr/lib/locale/C.UTF-8/LC_ADDRESS
7fe575836000-7fe575837000 r--p 00000000 00:00 572519             /usr/lib/locale/C.UTF-8/LC_TELEPHONE
7fe575837000-7fe575838000 r--p 00000000 00:00 572512             /usr/lib/locale/C.UTF-8/LC_MEASUREMENT
7fe575838000-7fe575840000 rw-s 00000000 00:00 262026             /tmp/hsperfdata_gustavo/1891
7fe575840000-7fe575841000 r--p 00000000 00:00 651617             /usr/lib/x86_64-linux-gnu/ld-2.31.so
7fe575841000-7fe575863000 r-xp 00001000 00:00 651617             /usr/lib/x86_64-linux-gnu/ld-2.31.so
7fe575863000-7fe575864000 r-xp 00023000 00:00 651617             /usr/lib/x86_64-linux-gnu/ld-2.31.so
7fe575864000-7fe57586b000 r--p 00024000 00:00 651617             /usr/lib/x86_64-linux-gnu/ld-2.31.so
7fe57586b000-7fe57586c000 r--p 0002b000 00:00 651617             /usr/lib/x86_64-linux-gnu/ld-2.31.so
7fe57586c000-7fe57586d000 r--p 00000000 00:00 572510             /usr/lib/locale/C.UTF-8/LC_IDENTIFICATION
7fe57586d000-7fe57586e000 r--p 0002c000 00:00 651617             /usr/lib/x86_64-linux-gnu/ld-2.31.so
7fe57586e000-7fe57586f000 rw-p 0002d000 00:00 651617             /usr/lib/x86_64-linux-gnu/ld-2.31.so
7fe57586f000-7fe575870000 rw-p 00000000 00:00 0
7fe575870000-7fe575871000 r--p 00000000 00:00 821374             /usr/lib/jvm/java-8-openjdk-amd64/jre/bin/java
7fe575871000-7fe575872000 r-xp 00001000 00:00 821374             /usr/lib/jvm/java-8-openjdk-amd64/jre/bin/java
7fe575872000-7fe575873000 r--p 00002000 00:00 821374             /usr/lib/jvm/java-8-openjdk-amd64/jre/bin/java
7fe575873000-7fe575874000 r--p 00002000 00:00 821374             /usr/lib/jvm/java-8-openjdk-amd64/jre/bin/java
7fe575874000-7fe575875000 rw-p 00003000 00:00 821374             /usr/lib/jvm/java-8-openjdk-amd64/jre/bin/java
7fffd44a5000-7fffd44f0000 rw-p 00000000 00:00 0                  [heap]
7fffda9ce000-7fffdb1ce000 rw-p 00000000 00:00 0                  [stack]
7fffdb72d000-7fffdb72e000 r-xp 00000000 00:00 0                  [vdso]

VM Arguments:
java_command: /home/gustavo/oiArduBot/backend/language_server/language_server.jar
java_class_path (initial): /home/gustavo/oiArduBot/backend/language_server/language_server.jar
Launcher Type: SUN_STANDARD

Environment Variables:
JAVA_HOME=/usr/lib/jvm/java-8-openjdk-amd64
PATH=/usr/share/npm/node_modules/npm-lifecycle/node-gyp-bin:/home/gustavo/oiArduBot/backend/node_modules/.bin:/usr/local/sbin:/usr/local/bin:/usr/sbin:/usr/bin:/sbin:/bin:/usr/games:/usr/local/games:/mnt/c/Program Files (x86)/Common Files/Oracle/Java/javapath:/mnt/c/Program Files/Java/jdk-11.0.12:/mnt/c/Program Files/Java/jdk-11.0.12/bin:/mnt/c/Users/Eduarda Girardi/AppData/Local/Programs/Microsoft VS Code:/mnt/c/Program Files/nodejs/:/mnt/c/Program Files (x86)/GnuWin32/bin:/mnt/c/Windows/System32/WindowsPowerShell/v1.0:/mnt/c/Users/Eduarda Girardi/AppData/Roaming/npm:/snap/bin
SHELL=/bin/bash
HOSTTYPE=x86_64

Signal Handlers:
SIGSEGV: [libjvm.so+0xb365d0], sa_mask[0]=11111111111111111111111111111110, sa_flags=SA_RESTART|SA_SIGINFO
SIGBUS: [libjvm.so+0xb365d0], sa_mask[0]=11111111111111111111111111111110, sa_flags=SA_RESTART|SA_SIGINFO
SIGFPE: [libjvm.so+0x97b8c0], sa_mask[0]=11111111111111111111111111111110, sa_flags=SA_RESTART|SA_SIGINFO
SIGPIPE: [libjvm.so+0x97b8c0], sa_mask[0]=11111111111111111111111111111110, sa_flags=SA_RESTART|SA_SIGINFO
SIGXFSZ: [libjvm.so+0x97b8c0], sa_mask[0]=11111111111111111111111111111110, sa_flags=SA_RESTART|SA_SIGINFO
SIGILL: [libjvm.so+0x97b8c0], sa_mask[0]=11111111111111111111111111111110, sa_flags=SA_RESTART|SA_SIGINFO
SIGUSR1: SIG_DFL, sa_mask[0]=00000000010000000000000000000000, sa_flags=SA_RESTART
SIGUSR2: [libjvm.so+0x97b770], sa_mask[0]=00000000000000000000000000000000, sa_flags=SA_RESTART|SA_SIGINFO
SIGHUP: [libjvm.so+0x97bb40], sa_mask[0]=11111111111111111111111111111110, sa_flags=SA_RESTART|SA_SIGINFO
SIGINT: [libjvm.so+0x97bb40], sa_mask[0]=11111111111111111111111111111110, sa_flags=SA_RESTART|SA_SIGINFO
SIGTERM: [libjvm.so+0x97bb40], sa_mask[0]=11111111111111111111111111111110, sa_flags=SA_RESTART|SA_SIGINFO
SIGQUIT: [libjvm.so+0x97bb40], sa_mask[0]=11111111111111111111111111111110, sa_flags=SA_RESTART|SA_SIGINFO


---------------  S Y S T E M  ---------------

OS:DISTRIB_ID=Ubuntu
DISTRIB_RELEASE=20.04
DISTRIB_CODENAME=focal
DISTRIB_DESCRIPTION="Ubuntu 20.04.2 LTS"

uname:Linux 4.4.0-19041-Microsoft #488-Microsoft Mon Sep 01 13:43:00 PST 2020 x86_64
libc:glibc 2.31 NPTL 2.31 
rlimit: STACK 8192k, CORE 0k, NPROC 7823, NOFILE 65536, AS infinity
load average:0.52 0.58 0.59

/proc/meminfo:
MemTotal:        4070812 kB
MemFree:          433332 kB
Buffers:           34032 kB
Cached:           188576 kB
SwapCached:            0 kB
Active:           167556 kB
Inactive:         157876 kB
Active(anon):     103104 kB
Inactive(anon):    17440 kB
Active(file):      64452 kB
Inactive(file):   140436 kB
Unevictable:           0 kB
Mlocked:               0 kB
SwapTotal:      12582912 kB
SwapFree:       10587064 kB
Dirty:                 0 kB
Writeback:             0 kB
AnonPages:        102824 kB
Mapped:            71404 kB
Shmem:             17720 kB
Slab:              13868 kB
SReclaimable:       6744 kB
SUnreclaim:         7124 kB
KernelStack:        2848 kB
PageTables:         2524 kB
NFS_Unstable:          0 kB
Bounce:                0 kB
WritebackTmp:          0 kB
CommitLimit:      515524 kB
Committed_AS:    3450064 kB
VmallocTotal:     122880 kB
VmallocUsed:       21296 kB
VmallocChunk:      66044 kB
HardwareCorrupted:     0 kB
AnonHugePages:      2048 kB
HugePages_Total:       0
HugePages_Free:        0
HugePages_Rsvd:        0
HugePages_Surp:        0
Hugepagesize:       2048 kB
DirectMap4k:       12280 kB
DirectMap4M:      897024 kB


CPU:total 4 (initial active 4) (2 cores per cpu, 2 threads per core) family 6 model 142 stepping 9, cmov, cx8, fxsr, mmx, sse, sse2, sse3, ssse3, sse4.1, sse4.2, popcnt, avx, avx2, aes, clmul, erms, 3dnowpref, lzcnt, ht, tsc, tscinvbit, bmi1, bmi2, adx

/proc/cpuinfo:
processor	: 0
vendor_id	: GenuineIntel
cpu family	: 6
model		: 142
model name	: Intel(R) Core(TM) i3-7020U CPU @ 2.30GHz
stepping	: 9
microcode	: 0xffffffff
cpu MHz		: 2304.000
cache size	: 256 KB
physical id	: 0
siblings	: 4
core id		: 0
cpu cores	: 2
apicid		: 0
initial apicid	: 0
fpu		: yes
fpu_exception	: yes
cpuid level	: 6
wp		: yes
flags		: fpu vme de pse tsc msr pae mce cx8 apic sep mtrr pge mca cmov pat pse36 clflush dts acpi mmx fxsr sse sse2 ss ht tm pbe syscall nx pdpe1gb rdtscp lm pni pclmulqdq dtes64 est tm2 ssse3 fma cx16 xtpr pdcm pcid sse4_1 sse4_2 movbe popcnt aes xsave osxsave avx f16c rdrand hypervisor lahf_lm abm 3dnowprefetch fsgsbase tsc_adjust bmi1 avx2 smep bmi2 erms invpcid mpx rdseed adx smap clflushopt ibrs ibpb stibp ssbd
bogomips	: 4608.00
clflush size	: 64
cache_alignment	: 64
address sizes	: 36 bits physical, 48 bits virtual
power management:

processor	: 1
vendor_id	: GenuineIntel
cpu family	: 6
model		: 142
model name	: Intel(R) Core(TM) i3-7020U CPU @ 2.30GHz
stepping	: 9
microcode	: 0xffffffff
cpu MHz		: 2304.000
cache size	: 256 KB
physical id	: 0
siblings	: 4
core id		: 0
cpu cores	: 2
apicid		: 0
initial apicid	: 0
fpu		: yes
fpu_exception	: yes
cpuid level	: 6
wp		: yes
flags		: fpu vme de pse tsc msr pae mce cx8 apic sep mtrr pge mca cmov pat pse36 clflush dts acpi mmx fxsr sse sse2 ss ht tm pbe syscall nx pdpe1gb rdtscp lm pni pclmulqdq dtes64 est tm2 ssse3 fma cx16 xtpr pdcm pcid sse4_1 sse4_2 movbe popcnt aes xsave osxsave avx f16c rdrand hypervisor lahf_lm abm 3dnowprefetch fsgsbase tsc_adjust bmi1 avx2 smep bmi2 erms invpcid mpx rdseed adx smap clflushopt ibrs ibpb stibp ssbd
bogomips	: 4608.00
clflush size	: 64
cache_alignment	: 64
address sizes	: 36 bits physical, 48 bits virtual
power management:

processor	: 2
vendor_id	: GenuineIntel
cpu family	: 6
model		: 142
model name	: Intel(R) Core(TM) i3-7020U CPU @ 2.30GHz
stepping	: 9
microcode	: 0xffffffff
cpu MHz		: 2304.000
cache size	: 256 KB
physical id	: 0
siblings	: 4
core id		: 1
cpu cores	: 2
apicid		: 0
initial apicid	: 0
fpu		: yes
fpu_exception	: yes
cpuid level	: 6
wp		: yes
flags		: fpu vme de pse tsc msr pae mce cx8 apic sep mtrr pge mca cmov pat pse36 clflush dts acpi mmx fxsr sse sse2 ss ht tm pbe syscall nx pdpe1gb rdtscp lm pni pclmulqdq dtes64 est tm2 ssse3 fma cx16 xtpr pdcm pcid sse4_1 sse4_2 movbe popcnt aes xsave osxsave avx f16c rdrand hypervisor lahf_lm abm 3dnowprefetch fsgsbase tsc_adjust bmi1 avx2 smep bmi2 erms invpcid mpx rdseed adx smap clflushopt ibrs ibpb stibp ssbd
bogomips	: 4608.00
clflush size	: 64
cache_alignment	: 64
address sizes	: 36 bits physical, 48 bits virtual
power management:

processor	: 3
vendor_id	: GenuineIntel
cpu family	: 6
model		: 142
model name	: Intel(R) Core(TM) i3-7020U CPU @ 2.30GHz
stepping	: 9
microcode	: 0xffffffff
cpu MHz		: 2304.000
cache size	: 256 KB
physical id	: 0
siblings	: 4
core id		: 1
cpu cores	: 2
apicid		: 0
initial apicid	: 0
fpu		: yes
fpu_exception	: yes
cpuid level	: 6
wp		: yes
flags		: fpu vme de pse tsc msr pae mce cx8 apic sep mtrr pge mca cmov pat pse36 clflush dts acpi mmx fxsr sse sse2 ss ht tm pbe syscall nx pdpe1gb rdtscp lm pni pclmulqdq dtes64 est tm2 ssse3 fma cx16 xtpr pdcm pcid sse4_1 sse4_2 movbe popcnt aes xsave osxsave avx f16c rdrand hypervisor lahf_lm abm 3dnowprefetch fsgsbase tsc_adjust bmi1 avx2 smep bmi2 erms invpcid mpx rdseed adx smap clflushopt ibrs ibpb stibp ssbd
bogomips	: 4608.00
clflush size	: 64
cache_alignment	: 64
address sizes	: 36 bits physical, 48 bits virtual
power management:



Memory: 4k page, physical 4070812k(433320k free), swap 12582912k(10587068k free)

vm_info: OpenJDK 64-Bit Server VM (25.292-b10) for linux-amd64 JRE (1.8.0_292-8u292-b10-0ubuntu1~20.04-b10), built on Apr 21 2021 11:46:09 by "buildd" with gcc 9.3.0

time: Tue Aug 10 21:47:22 2021
timezone: -03
elapsed time: 915.457685 seconds (0d 0h 15m 15s)

