#
# A fatal error has been detected by the Java Runtime Environment:
#
#  SIGSEGV (0xb) at pc=0x00007f105084b7ba, pid=1845, tid=0x00007f1050ce1440
#
# JRE version: OpenJDK Runtime Environment (8.0_292-b10) (build 1.8.0_292-8u292-b10-0ubuntu1~20.04-b10)
# Java VM: OpenJDK 64-Bit Server VM (25.292-b10 mixed mode linux-amd64 compressed oops)
# Problematic frame:
# V  [libjvm.so+0x97b7ba]
#
# Failed to write core dump. Core dumps have been disabled. To enable core dumping, try "ulimit -c unlimited" before starting Java again
#
# If you would like to submit a bug report, please visit:
#   http://bugreport.java.com/bugreport/crash.jsp
#

---------------  T H R E A D  ---------------

Current thread is native thread

siginfo: si_signo: 11 (SIGSEGV), si_code: 1 (SEGV_MAPERR), si_addr: 0x0000000000000180

Registers:
RAX=0x0000000000000000, RBX=0x00007f1050ce13c0, RCX=0x0000000000000000, RDX=0x00007f1050ce1440
RSP=0x00007fffcc4182c0, RBP=0x00007fffcc418390, RSI=0x00007fffcc4189b0, RDI=0x0000000000000001
R8 =0x0000000000000000, R9 =0x00007f104fb60700, R10=0x0000000000000000, R11=0x0000000000000000
R12=0x00007fffcc4189b0, R13=0x00007f104fb609d0, R14=0x0000000000000000, R15=0x00007f104fb60700
RIP=0x00007f105084b7ba, EFLAGS=0x0000000000010246, CSGSFS=0x00000053002b0033, ERR=0x0000000000000000
  TRAPNO=0x0000000000000000

Top of Stack: (sp=0x00007fffcc4182c0)
0x00007fffcc4182c0:   00007fffcc418540 00007fffcc4183a0
0x00007fffcc4182d0:   00007fffcc41857f 00007fffcc418540
0x00007fffcc4182e0:   00007fffcc41857f 0000000000000000
0x00007fffcc4182f0:   0000000000000000 0000000000000000
0x00007fffcc418300:   0000000000000000 0000000000000000
0x00007fffcc418310:   0000000000000006 00007f1050c9e000
0x00007fffcc418320:   0000000000000000 0000000000000000
0x00007fffcc418330:   0000000000000004 00000000000001fe
0x00007fffcc418340:   00000000000001fe ffffffffffffff00
0x00007fffcc418350:   00007f1050f2bce0 6ee6f18f90bd7800
0x00007fffcc418360:   00007f1050cade20 00000000000000ca
0x00007fffcc418370:   0000000000000736 00007f104fb609d0
0x00007fffcc418380:   0000000000100000 00007f104fb60700
0x00007fffcc418390:   00007fffcc418b58 00007f1050d86210
0x00007fffcc4183a0:   0000000000000000 0000000000000000
0x00007fffcc4183b0:   0000000000000000 0000000000000000
0x00007fffcc4183c0:   0000000000000000 0000000000000000
0x00007fffcc4183d0:   00007f104fb60700 0000000000000000
0x00007fffcc4183e0:   0000000000000000 0000000000000736
0x00007fffcc4183f0:   00007f104fb609d0 0000000000100000
0x00007fffcc418400:   00007f104fb60700 00007f104fb609d0
0x00007fffcc418410:   0000000000000000 00007fffcc418b58
0x00007fffcc418420:   00000000000000ca 0000000000000736
0x00007fffcc418430:   fffffffffffffffc 0000000000000000
0x00007fffcc418440:   00007fffcc418ab0 00007f1050cf7cd7
0x00007fffcc418450:   0000000000000246 00000053002b0033
0x00007fffcc418460:   0000000000000000 0000000000000000
0x00007fffcc418470:   0000000000000000 0000000000000000
0x00007fffcc418480:   0000000000000000 0000000000000000
0x00007fffcc418490:   0000000000000000 0000000000000000
0x00007fffcc4184a0:   0000000000000000 0000000000000000
0x00007fffcc4184b0:   0000000000000000 0000000000000000 

Instructions: (pc=0x00007f105084b7ba)
0x00007f105084b79a:   00 48 89 45 c8 31 c0 e8 8a a4 87 ff 44 8b 30 48
0x00007f105084b7aa:   89 c3 48 8d 05 55 e3 43 00 8b 38 e8 fe a6 87 ff
0x00007f105084b7ba:   4c 8b a8 80 01 00 00 41 8b 85 a8 00 00 00 83 f8
0x00007f105084b7ca:   01 74 2b 44 89 33 48 8b 45 c8 64 48 33 04 25 28 

Register to memory mapping:

RAX=0x0000000000000000 is an unknown value
RBX=0x00007f1050ce13c0 is an unknown value
RCX=0x0000000000000000 is an unknown value
RDX=0x00007f1050ce1440 is an unknown value
RSP=0x00007fffcc4182c0 is an unknown value
RBP=0x00007fffcc418390 is an unknown value
RSI=0x00007fffcc4189b0 is an unknown value
RDI=0x0000000000000001 is an unknown value
R8 =0x0000000000000000 is an unknown value
R9 =0x00007f104fb60700 is pointing into the stack for thread: 0x00007f104800a000
R10=0x0000000000000000 is an unknown value
R11=0x0000000000000000 is an unknown value
R12=0x00007fffcc4189b0 is an unknown value
R13=0x00007f104fb609d0 is pointing into the stack for thread: 0x00007f104800a000
R14=0x0000000000000000 is an unknown value
R15=0x00007f104fb60700 is pointing into the stack for thread: 0x00007f104800a000


Stack: [0x00007fffcc320000,0x00007fffcc420000],  sp=0x00007fffcc4182c0,  free space=992k
Native frames: (J=compiled Java code, j=interpreted, Vv=VM code, C=native code)
V  [libjvm.so+0x97b7ba]
C  [libc.so.6+0x46210]


---------------  P R O C E S S  ---------------

VM state:not at safepoint (normal execution)

VM Mutex/Monitor currently owned by a thread: None

heap address: 0x00000000c1e00000, size: 994 MB, Compressed Oops mode: 32-bit
Narrow klass base: 0x0000000000000000, Narrow klass shift: 3
Compressed class space size: 1073741824 Address: 0x0000000100000000

Heap:
 PSYoungGen      total 73216K, used 39307K [0x00000000eb500000, 0x00000000f0a00000, 0x0000000100000000)
  eden space 64000K, 47% used [0x00000000eb500000,0x00000000ed2d88d0,0x00000000ef380000)
  from space 9216K, 94% used [0x00000000efe00000,0x00000000f068a360,0x00000000f0700000)
  to   space 10752K, 0% used [0x00000000ef380000,0x00000000ef380000,0x00000000efe00000)
 ParOldGen       total 44032K, used 14245K [0x00000000c1e00000, 0x00000000c4900000, 0x00000000eb500000)
  object space 44032K, 32% used [0x00000000c1e00000,0x00000000c2be9480,0x00000000c4900000)
 Metaspace       used 12994K, capacity 13328K, committed 13440K, reserved 1060864K
  class space    used 1491K, capacity 1594K, committed 1664K, reserved 1048576K

Card table byte_map: [0x00007f104f400000,0x00007f104f5f2000] byte_map_base: 0x00007f104edf1000

Marking Bits: (ParMarkBitMap*) 0x00007f1050cb46c0
 Begin Bits: [0x00007f104cf60000, 0x00007f104dee8000)
 End Bits:   [0x00007f104dee8000, 0x00007f104ee70000)

Polling page: 0x00007f104fb90000

CodeCache: size=245760Kb used=4361Kb max_used=4416Kb free=241398Kb
 bounds [0x00007f1039000000, 0x00007f1039460000, 0x00007f1048000000]
 total_blobs=1540 nmethods=1162 adapters=291
 compilation: enabled

Compilation events (10 events):
Event: 2.587 Thread 0x00007f1048188800 nmethod 1164 0x00007f103941d3d0 code [0x00007f103941d520, 0x00007f103941d610]
Event: 2.588 Thread 0x00007f1048188800 1165       3       java.util.regex.Pattern$Curly::match (86 bytes)
Event: 2.588 Thread 0x00007f1048188800 nmethod 1165 0x00007f1039426410 code [0x00007f10394265c0, 0x00007f1039426bd8]
Event: 2.588 Thread 0x00007f1048188800 1167       3       java.util.Formatter$Flags::contains (22 bytes)
Event: 2.589 Thread 0x00007f1048188800 nmethod 1167 0x00007f1039426d90 code [0x00007f1039426f00, 0x00007f1039427110]
Event: 2.589 Thread 0x00007f1048186800 1166       4       java.util.regex.Pattern$Single::isSatisfiedBy (14 bytes)
Event: 2.590 Thread 0x00007f1048186800 nmethod 1166 0x00007f1039429e50 code [0x00007f1039429fa0, 0x00007f103942a018]
Event: 2.590 Thread 0x00007f1048188800 1168       3       sun.nio.cs.UTF_8$Encoder::encodeArrayLoop (489 bytes)
Event: 2.595 Thread 0x00007f1048188800 nmethod 1168 0x00007f103942a090 code [0x00007f103942a5e0, 0x00007f103942dbe8]
Event: 2.893 Thread 0x00007f1048183800 nmethod 956 0x00007f103943c610 code [0x00007f103943cd00, 0x00007f1039447a30]

GC Heap History (10 events):
Event: 1.600 GC heap before
{Heap before GC invocations=2 (full 0):
 PSYoungGen      total 18944K, used 18942K [0x00000000eb500000, 0x00000000eca00000, 0x0000000100000000)
  eden space 16384K, 100% used [0x00000000eb500000,0x00000000ec500000,0x00000000ec500000)
  from space 2560K, 99% used [0x00000000ec500000,0x00000000ec77fa88,0x00000000ec780000)
  to   space 2560K, 0% used [0x00000000ec780000,0x00000000ec780000,0x00000000eca00000)
 ParOldGen       total 44032K, used 384K [0x00000000c1e00000, 0x00000000c4900000, 0x00000000eb500000)
  object space 44032K, 0% used [0x00000000c1e00000,0x00000000c1e60098,0x00000000c4900000)
 Metaspace       used 10233K, capacity 10466K, committed 10752K, reserved 1058816K
  class space    used 1157K, capacity 1241K, committed 1280K, reserved 1048576K
Event: 1.612 GC heap after
Heap after GC invocations=2 (full 0):
 PSYoungGen      total 18944K, used 2534K [0x00000000eb500000, 0x00000000eda00000, 0x0000000100000000)
  eden space 16384K, 0% used [0x00000000eb500000,0x00000000eb500000,0x00000000ec500000)
  from space 2560K, 99% used [0x00000000ec780000,0x00000000ec9f9be8,0x00000000eca00000)
  to   space 2560K, 0% used [0x00000000ec500000,0x00000000ec500000,0x00000000ec780000)
 ParOldGen       total 44032K, used 2267K [0x00000000c1e00000, 0x00000000c4900000, 0x00000000eb500000)
  object space 44032K, 5% used [0x00000000c1e00000,0x00000000c2036f90,0x00000000c4900000)
 Metaspace       used 10233K, capacity 10466K, committed 10752K, reserved 1058816K
  class space    used 1157K, capacity 1241K, committed 1280K, reserved 1048576K
}
Event: 1.680 GC heap before
{Heap before GC invocations=3 (full 0):
 PSYoungGen      total 18944K, used 18918K [0x00000000eb500000, 0x00000000eda00000, 0x0000000100000000)
  eden space 16384K, 100% used [0x00000000eb500000,0x00000000ec500000,0x00000000ec500000)
  from space 2560K, 99% used [0x00000000ec780000,0x00000000ec9f9be8,0x00000000eca00000)
  to   space 2560K, 0% used [0x00000000ec500000,0x00000000ec500000,0x00000000ec780000)
 ParOldGen       total 44032K, used 2267K [0x00000000c1e00000, 0x00000000c4900000, 0x00000000eb500000)
  object space 44032K, 5% used [0x00000000c1e00000,0x00000000c2036f90,0x00000000c4900000)
 Metaspace       used 10326K, capacity 10594K, committed 10752K, reserved 1058816K
  class space    used 1158K, capacity 1241K, committed 1280K, reserved 1048576K
Event: 1.692 GC heap after
Heap after GC invocations=3 (full 0):
 PSYoungGen      total 18944K, used 2535K [0x00000000eb500000, 0x00000000eda00000, 0x0000000100000000)
  eden space 16384K, 0% used [0x00000000eb500000,0x00000000eb500000,0x00000000ec500000)
  from space 2560K, 99% used [0x00000000ec500000,0x00000000ec779de0,0x00000000ec780000)
  to   space 2560K, 0% used [0x00000000ed780000,0x00000000ed780000,0x00000000eda00000)
 ParOldGen       total 44032K, used 5368K [0x00000000c1e00000, 0x00000000c4900000, 0x00000000eb500000)
  object space 44032K, 12% used [0x00000000c1e00000,0x00000000c233e158,0x00000000c4900000)
 Metaspace       used 10326K, capacity 10594K, committed 10752K, reserved 1058816K
  class space    used 1158K, capacity 1241K, committed 1280K, reserved 1048576K
}
Event: 1.749 GC heap before
{Heap before GC invocations=4 (full 0):
 PSYoungGen      total 18944K, used 18919K [0x00000000eb500000, 0x00000000eda00000, 0x0000000100000000)
  eden space 16384K, 100% used [0x00000000eb500000,0x00000000ec500000,0x00000000ec500000)
  from space 2560K, 99% used [0x00000000ec500000,0x00000000ec779de0,0x00000000ec780000)
  to   space 2560K, 0% used [0x00000000ed780000,0x00000000ed780000,0x00000000eda00000)
 ParOldGen       total 44032K, used 5368K [0x00000000c1e00000, 0x00000000c4900000, 0x00000000eb500000)
  object space 44032K, 12% used [0x00000000c1e00000,0x00000000c233e158,0x00000000c4900000)
 Metaspace       used 10343K, capacity 10658K, committed 10752K, reserved 1058816K
  class space    used 1158K, capacity 1241K, committed 1280K, reserved 1048576K
Event: 1.762 GC heap after
Heap after GC invocations=4 (full 0):
 PSYoungGen      total 35328K, used 2530K [0x00000000eb500000, 0x00000000eda00000, 0x0000000100000000)
  eden space 32768K, 0% used [0x00000000eb500000,0x00000000eb500000,0x00000000ed500000)
  from space 2560K, 98% used [0x00000000ed780000,0x00000000ed9f8b60,0x00000000eda00000)
  to   space 2560K, 0% used [0x00000000ed500000,0x00000000ed500000,0x00000000ed780000)
 ParOldGen       total 44032K, used 8346K [0x00000000c1e00000, 0x00000000c4900000, 0x00000000eb500000)
  object space 44032K, 18% used [0x00000000c1e00000,0x00000000c2626b88,0x00000000c4900000)
 Metaspace       used 10343K, capacity 10658K, committed 10752K, reserved 1058816K
  class space    used 1158K, capacity 1241K, committed 1280K, reserved 1048576K
}
Event: 1.899 GC heap before
{Heap before GC invocations=5 (full 0):
 PSYoungGen      total 35328K, used 35298K [0x00000000eb500000, 0x00000000eda00000, 0x0000000100000000)
  eden space 32768K, 100% used [0x00000000eb500000,0x00000000ed500000,0x00000000ed500000)
  from space 2560K, 98% used [0x00000000ed780000,0x00000000ed9f8b60,0x00000000eda00000)
  to   space 2560K, 0% used [0x00000000ed500000,0x00000000ed500000,0x00000000ed780000)
 ParOldGen       total 44032K, used 8346K [0x00000000c1e00000, 0x00000000c4900000, 0x00000000eb500000)
  object space 44032K, 18% used [0x00000000c1e00000,0x00000000c2626b88,0x00000000c4900000)
 Metaspace       used 10354K, capacity 10658K, committed 10752K, reserved 1058816K
  class space    used 1158K, capacity 1241K, committed 1280K, reserved 1048576K
Event: 1.931 GC heap after
Heap after GC invocations=5 (full 0):
 PSYoungGen      total 35328K, used 2535K [0x00000000eb500000, 0x00000000f0700000, 0x0000000100000000)
  eden space 32768K, 0% used [0x00000000eb500000,0x00000000eb500000,0x00000000ed500000)
  from space 2560K, 99% used [0x00000000ed500000,0x00000000ed779de0,0x00000000ed780000)
  to   space 9216K, 0% used [0x00000000efe00000,0x00000000efe00000,0x00000000f0700000)
 ParOldGen       total 44032K, used 14245K [0x00000000c1e00000, 0x00000000c4900000, 0x00000000eb500000)
  object space 44032K, 32% used [0x00000000c1e00000,0x00000000c2be9480,0x00000000c4900000)
 Metaspace       used 10354K, capacity 10658K, committed 10752K, reserved 1058816K
  class space    used 1158K, capacity 1241K, committed 1280K, reserved 1048576K
}
Event: 2.020 GC heap before
{Heap before GC invocations=6 (full 0):
 PSYoungGen      total 35328K, used 35303K [0x00000000eb500000, 0x00000000f0700000, 0x0000000100000000)
  eden space 32768K, 100% used [0x00000000eb500000,0x00000000ed500000,0x00000000ed500000)
  from space 2560K, 99% used [0x00000000ed500000,0x00000000ed779de0,0x00000000ed780000)
  to   space 9216K, 0% used [0x00000000efe00000,0x00000000efe00000,0x00000000f0700000)
 ParOldGen       total 44032K, used 14245K [0x00000000c1e00000, 0x00000000c4900000, 0x00000000eb500000)
  object space 44032K, 32% used [0x00000000c1e00000,0x00000000c2be9480,0x00000000c4900000)
 Metaspace       used 10354K, capacity 10658K, committed 10752K, reserved 1058816K
  class space    used 1158K, capacity 1241K, committed 1280K, reserved 1048576K
Event: 2.038 GC heap after
Heap after GC invocations=6 (full 0):
 PSYoungGen      total 73216K, used 8744K [0x00000000eb500000, 0x00000000f0a00000, 0x0000000100000000)
  eden space 64000K, 0% used [0x00000000eb500000,0x00000000eb500000,0x00000000ef380000)
  from space 9216K, 94% used [0x00000000efe00000,0x00000000f068a360,0x00000000f0700000)
  to   space 10752K, 0% used [0x00000000ef380000,0x00000000ef380000,0x00000000efe00000)
 ParOldGen       total 44032K, used 14245K [0x00000000c1e00000, 0x00000000c4900000, 0x00000000eb500000)
  object space 44032K, 32% used [0x00000000c1e00000,0x00000000c2be9480,0x00000000c4900000)
 Metaspace       used 10354K, capacity 10658K, committed 10752K, reserved 1058816K
  class space    used 1158K, capacity 1241K, committed 1280K, reserved 1048576K
}

Deoptimization events (7 events):
Event: 1.155 Thread 0x00007f104800a000 Uncommon trap: reason=unstable_if action=reinterpret pc=0x00007f10392097e8 method=java.lang.String.startsWith(Ljava/lang/String;I)Z @ 25
Event: 1.338 Thread 0x00007f104800a000 Uncommon trap: reason=unstable_if action=reinterpret pc=0x00007f10391c7680 method=java.lang.String.indexOf([CII[CIII)I @ 3
Event: 2.039 Thread 0x00007f1048707000 Uncommon trap: reason=unstable_if action=reinterpret pc=0x00007f103938d570 method=org.objectweb.asm.ClassReader.readMethod(Lorg/objectweb/asm/ClassVisitor;Lorg/objectweb/asm/Context;I)I @ 658
Event: 2.223 Thread 0x00007f104800a000 Uncommon trap: reason=unstable_if action=reinterpret pc=0x00007f10392d9db0 method=java.util.regex.Pattern.has(I)Z @ 6
Event: 2.262 Thread 0x00007f104800a000 Uncommon trap: reason=unstable_if action=reinterpret pc=0x00007f10393382e8 method=java.lang.String.regionMatches(ZILjava/lang/String;II)Z @ 123
Event: 2.456 Thread 0x00007f104800a000 Uncommon trap: reason=unstable_if action=reinterpret pc=0x00007f103936d53c method=java.util.TreeMap.put(Ljava/lang/Object;Ljava/lang/Object;)Ljava/lang/Object; @ 55
Event: 2.543 Thread 0x00007f104800a000 Uncommon trap: reason=unstable_if action=reinterpret pc=0x00007f103941949c method=java.lang.CharacterDataLatin1.digit(II)I @ 82

Classes redefined (0 events):
No events

Internal exceptions (10 events):
Event: 1.376 Thread 0x00007f104800a000 Exception <a 'sun/nio/fs/UnixException'> (0x00000000eba62218) thrown at [/build/openjdk-8-4TqvnK/openjdk-8-8u292-b10/src/hotspot/src/share/vm/prims/jni.cpp, line 711]
Event: 1.376 Thread 0x00007f104800a000 Exception <a 'sun/nio/fs/UnixException'> (0x00000000eba626e8) thrown at [/build/openjdk-8-4TqvnK/openjdk-8-8u292-b10/src/hotspot/src/share/vm/prims/jni.cpp, line 711]
Event: 1.514 Thread 0x00007f104800a000 Exception <a 'java/lang/NoSuchMethodError': java.lang.Object.lambda$maxBy$1(Ljava/util/Comparator;Ljava/lang/Object;Ljava/lang/Object;)Ljava/lang/Object;> (0x00000000ebe9b878) thrown at [/build/openjdk-8-4TqvnK/openjdk-8-8u292-b10/src/hotspot/src/share/vm
Event: 2.109 Thread 0x00007f104800a000 Exception <a 'sun/nio/fs/UnixException'> (0x00000000eca8da08) thrown at [/build/openjdk-8-4TqvnK/openjdk-8-8u292-b10/src/hotspot/src/share/vm/prims/jni.cpp, line 711]
Event: 2.109 Thread 0x00007f104800a000 Exception <a 'sun/nio/fs/UnixException'> (0x00000000eca8e4b0) thrown at [/build/openjdk-8-4TqvnK/openjdk-8-8u292-b10/src/hotspot/src/share/vm/prims/jni.cpp, line 711]
Event: 2.109 Thread 0x00007f104800a000 Exception <a 'sun/nio/fs/UnixException'> (0x00000000eca8e9e0) thrown at [/build/openjdk-8-4TqvnK/openjdk-8-8u292-b10/src/hotspot/src/share/vm/prims/jni.cpp, line 711]
Event: 2.110 Thread 0x00007f104800a000 Exception <a 'sun/nio/fs/UnixException'> (0x00000000eca8ef80) thrown at [/build/openjdk-8-4TqvnK/openjdk-8-8u292-b10/src/hotspot/src/share/vm/prims/jni.cpp, line 711]
Event: 2.110 Thread 0x00007f104800a000 Exception <a 'sun/nio/fs/UnixException'> (0x00000000eca8f3c0) thrown at [/build/openjdk-8-4TqvnK/openjdk-8-8u292-b10/src/hotspot/src/share/vm/prims/jni.cpp, line 711]
Event: 2.110 Thread 0x00007f104800a000 Exception <a 'sun/nio/fs/UnixException'> (0x00000000eca8f890) thrown at [/build/openjdk-8-4TqvnK/openjdk-8-8u292-b10/src/hotspot/src/share/vm/prims/jni.cpp, line 711]
Event: 2.447 Thread 0x00007f104800a000 Exception <a 'java/lang/NoSuchMethodError': java.lang.Object.lambda$comparing$77a9974f$1(Ljava/util/function/Function;Ljava/lang/Object;Ljava/lang/Object;)I> (0x00000000eceee808) thrown at [/build/openjdk-8-4TqvnK/openjdk-8-8u292-b10/src/hotspot/src/share

Events (10 events):
Event: 2.587 loading class java/util/stream/ReduceOps$3ReducingSink done
Event: 2.588 loading class java/nio/channels/spi/AbstractInterruptibleChannel$1
Event: 2.588 loading class java/nio/channels/spi/AbstractInterruptibleChannel$1 done
Event: 2.588 loading class sun/nio/ch/NativeThread
Event: 2.589 loading class br/edu/utfpr/oiardubot/web/ServerLauncher$1
Event: 2.589 loading class br/edu/utfpr/oiardubot/web/ServerLauncher$1 done
Event: 2.589 loading class sun/nio/ch/NativeThread done
Event: 2.590 Thread 0x00007f10488b2800 Thread added: 0x00007f10488b2800
Event: 4.153 Executing VM operation: EnableBiasedLocking
Event: 4.154 Executing VM operation: EnableBiasedLocking done


Dynamic libraries:
c1e00000-c4900000 rw-p 00000000 00:00 0
c4900000-eb500000 ---p 00000000 00:00 0
eb500000-f0a00000 rw-p 00000000 00:00 0
f0a00000-100000000 ---p 00000000 00:00 0
100000000-1001a0000 rw-p 00000000 00:00 0
1001a0000-140000000 ---p 00000000 00:00 0
7f0fd4000000-7f0fd4021000 rw-p 00000000 00:00 0
7f0fd4021000-7f0fd8000000 ---p 00000000 00:00 0
7f0fd8000000-7f0fd8021000 rw-p 00000000 00:00 0
7f0fd8021000-7f0fdc000000 ---p 00000000 00:00 0
7f0fdc000000-7f0fdc021000 rw-p 00000000 00:00 0
7f0fdc021000-7f0fe0000000 ---p 00000000 00:00 0
7f0fe0000000-7f0fe0021000 rw-p 00000000 00:00 0
7f0fe0021000-7f0fe4000000 ---p 00000000 00:00 0
7f0fe4000000-7f0fe4021000 rw-p 00000000 00:00 0
7f0fe4021000-7f0fe8000000 ---p 00000000 00:00 0
7f0fe8000000-7f0fe8021000 rw-p 00000000 00:00 0
7f0fe8021000-7f0fec000000 ---p 00000000 00:00 0
7f0fec000000-7f0fec0bf000 rw-p 00000000 00:00 0
7f0fec0bf000-7f0ff0000000 ---p 00000000 00:00 0
7f0ff0000000-7f0ff0021000 rw-p 00000000 00:00 0
7f0ff0021000-7f0ff4000000 ---p 00000000 00:00 0
7f0ff4000000-7f0ff4021000 rw-p 00000000 00:00 0
7f0ff4021000-7f0ff8000000 ---p 00000000 00:00 0
7f0ff8000000-7f0ff8021000 rw-p 00000000 00:00 0
7f0ff8021000-7f0ffc000000 ---p 00000000 00:00 0
7f0ffc000000-7f0ffc021000 rw-p 00000000 00:00 0
7f0ffc021000-7f1000000000 ---p 00000000 00:00 0
7f1000000000-7f1000021000 rw-p 00000000 00:00 0
7f1000021000-7f1004000000 ---p 00000000 00:00 0
7f1004000000-7f10047bb000 rw-p 00000000 00:00 0
7f10047bb000-7f1008000000 ---p 00000000 00:00 0
7f1008000000-7f1008658000 rw-p 00000000 00:00 0
7f1008658000-7f100c000000 ---p 00000000 00:00 0
7f100c000000-7f100c021000 rw-p 00000000 00:00 0
7f100c021000-7f1010000000 ---p 00000000 00:00 0
7f1010000000-7f1010dc1000 rw-p 00000000 00:00 0
7f1010dc1000-7f1014000000 ---p 00000000 00:00 0
7f1014000000-7f1014021000 rw-p 00000000 00:00 0
7f1014021000-7f1018000000 ---p 00000000 00:00 0
7f1018000000-7f1018021000 rw-p 00000000 00:00 0
7f1018021000-7f101c000000 ---p 00000000 00:00 0
7f101c000000-7f101c021000 rw-p 00000000 00:00 0
7f101c021000-7f1020000000 ---p 00000000 00:00 0
7f1020000000-7f1020021000 rw-p 00000000 00:00 0
7f1020021000-7f1024000000 ---p 00000000 00:00 0
7f1024000000-7f1024021000 rw-p 00000000 00:00 0
7f1024021000-7f1028000000 ---p 00000000 00:00 0
7f102c000000-7f102c021000 rw-p 00000000 00:00 0
7f102c021000-7f1030000000 ---p 00000000 00:00 0
7f1032130000-7f1032133000 ---p 00000000 00:00 0
7f1032133000-7f1032231000 rw-p 00000000 00:00 0
7f1032340000-7f1032343000 ---p 00000000 00:00 0
7f1032343000-7f1032441000 rw-p 00000000 00:00 0
7f1032540000-7f1032547000 r--p 00000000 00:00 821417             /usr/lib/jvm/java-8-openjdk-amd64/jre/lib/amd64/libsunec.so
7f1032547000-7f1032560000 r-xp 00007000 00:00 821417             /usr/lib/jvm/java-8-openjdk-amd64/jre/lib/amd64/libsunec.so
7f1032560000-7f103256a000 r--p 00020000 00:00 821417             /usr/lib/jvm/java-8-openjdk-amd64/jre/lib/amd64/libsunec.so
7f103256a000-7f103256e000 r--p 00029000 00:00 821417             /usr/lib/jvm/java-8-openjdk-amd64/jre/lib/amd64/libsunec.so
7f103256e000-7f103256f000 rw-p 0002d000 00:00 821417             /usr/lib/jvm/java-8-openjdk-amd64/jre/lib/amd64/libsunec.so
7f1032570000-7f10326f0000 rw-p 00000000 00:00 0
7f10326f0000-7f1032770000 ---p 00000000 00:00 0
7f103284f000-7f1032860000 r--s 001bf000 00:00 821461             /usr/lib/jvm/java-8-openjdk-amd64/jre/lib/jsse.jar
7f1032860000-7f1032a60000 rw-p 00000000 00:00 0
7f1032a60000-7f1032a63000 ---p 00000000 00:00 0
7f1032a63000-7f1032b61000 rw-p 00000000 00:00 0
7f1032b70000-7f1032b73000 ---p 00000000 00:00 0
7f1032b73000-7f1032c71000 rw-p 00000000 00:00 0
7f1032c80000-7f1032c83000 ---p 00000000 00:00 0
7f1032c83000-7f1032d81000 rw-p 00000000 00:00 0
7f1032d90000-7f1032d93000 ---p 00000000 00:00 0
7f1032d93000-7f1032e91000 rw-p 00000000 00:00 0
7f1032ea0000-7f1032ea3000 ---p 00000000 00:00 0
7f1032ea3000-7f1032fa1000 rw-p 00000000 00:00 0
7f1032fb0000-7f1032fb3000 ---p 00000000 00:00 0
7f1032fb3000-7f10330b1000 rw-p 00000000 00:00 0
7f10330c0000-7f10330c3000 ---p 00000000 00:00 0
7f10330c3000-7f10331c1000 rw-p 00000000 00:00 0
7f10331d0000-7f10331d3000 ---p 00000000 00:00 0
7f10331d3000-7f10332d1000 rw-p 00000000 00:00 0
7f10332df000-7f103330e000 r--s 008ca000 00:00 558379             /home/gustavo/oiArduBot/backend/language_server/language_server_lib/ace-1.3.3.jar
7f103330e000-7f1033342000 r--s 00287000 00:00 859424             /home/gustavo/oiArduBot/backend/language_server/language_server_lib/guava-30.1-jre.jar
7f1033342000-7f1033363000 r--s 00255000 00:00 859462             /home/gustavo/oiArduBot/backend/language_server/language_server_lib/org.eclipse.xtext.xbase-2.25.0.jar
7f1033363000-7f1033377000 r--s 00146000 00:00 859446             /home/gustavo/oiArduBot/backend/language_server/language_server_lib/org.eclipse.emf.ecore-2.20.0.jar
7f1033377000-7f103338e000 r--s 0015b000 00:00 859453             /home/gustavo/oiArduBot/backend/language_server/language_server_lib/org.eclipse.osgi-3.16.0.jar
7f103338e000-7f10333c0000 r--s 0026c000 00:00 859456             /home/gustavo/oiArduBot/backend/language_server/language_server_lib/org.eclipse.xtext-2.25.0.jar
7f10333c0000-7f10333c5000 r--p 00000000 00:00 821412             /usr/lib/jvm/java-8-openjdk-amd64/jre/lib/amd64/libnet.so
7f10333c5000-7f10333d6000 r-xp 00005000 00:00 821412             /usr/lib/jvm/java-8-openjdk-amd64/jre/lib/amd64/libnet.so
7f10333d6000-7f10333da000 r--p 00016000 00:00 821412             /usr/lib/jvm/java-8-openjdk-amd64/jre/lib/amd64/libnet.so
7f10333da000-7f10333db000 r--p 00019000 00:00 821412             /usr/lib/jvm/java-8-openjdk-amd64/jre/lib/amd64/libnet.so
7f10333db000-7f10333dc000 rw-p 0001a000 00:00 821412             /usr/lib/jvm/java-8-openjdk-amd64/jre/lib/amd64/libnet.so
7f10333e0000-7f10333e7000 r--p 00000000 00:00 821413             /usr/lib/jvm/java-8-openjdk-amd64/jre/lib/amd64/libnio.so
7f10333e7000-7f10333f0000 r-xp 00007000 00:00 821413             /usr/lib/jvm/java-8-openjdk-amd64/jre/lib/amd64/libnio.so
7f10333f0000-7f10333f3000 r--p 00010000 00:00 821413             /usr/lib/jvm/java-8-openjdk-amd64/jre/lib/amd64/libnio.so
7f10333f3000-7f10333f4000 r--p 00012000 00:00 821413             /usr/lib/jvm/java-8-openjdk-amd64/jre/lib/amd64/libnio.so
7f10333f4000-7f10333f5000 rw-p 00013000 00:00 821413             /usr/lib/jvm/java-8-openjdk-amd64/jre/lib/amd64/libnio.so
7f10333f5000-7f1033410000 r--s 001d6000 00:00 821439             /usr/lib/jvm/java-8-openjdk-amd64/jre/lib/ext/nashorn.jar
7f1033410000-7f1033411000 ---p 00000000 00:00 0
7f1033411000-7f1033511000 rw-p 00000000 00:00 0
7f1033520000-7f1033523000 ---p 00000000 00:00 0
7f1033523000-7f1033621000 rw-p 00000000 00:00 0
7f1033630000-7f1033634000 ---p 00000000 00:00 0
7f1033634000-7f1033731000 rw-p 00000000 00:00 0
7f1033740000-7f1033744000 ---p 00000000 00:00 0
7f1033744000-7f1033841000 rw-p 00000000 00:00 0
7f1033850000-7f1033854000 ---p 00000000 00:00 0
7f1033854000-7f1033951000 rw-p 00000000 00:00 0
7f1033960000-7f1033963000 ---p 00000000 00:00 0
7f1033963000-7f1033a61000 rw-p 00000000 00:00 0
7f1033a65000-7f1033a97000 r--p 00000000 00:00 572509             /usr/lib/locale/C.UTF-8/LC_CTYPE
7f1033a97000-7f1033c0a000 r--p 00000000 00:00 572508             /usr/lib/locale/C.UTF-8/LC_COLLATE
7f1033c0a000-7f1033ef0000 r--p 00000000 00:00 572521             /usr/lib/locale/locale-archive
7f1033ef0000-7f1033ef3000 ---p 00000000 00:00 0
7f1033ef3000-7f1033ff1000 rw-p 00000000 00:00 0
7f1034000000-7f1034021000 rw-p 00000000 00:00 0
7f1034021000-7f1038000000 ---p 00000000 00:00 0
7f1038000000-7f1038004000 r--p 00000000 00:00 821410             /usr/lib/jvm/java-8-openjdk-amd64/jre/lib/amd64/libmanagement.so
7f1038004000-7f1038008000 r-xp 00004000 00:00 821410             /usr/lib/jvm/java-8-openjdk-amd64/jre/lib/amd64/libmanagement.so
7f1038008000-7f103800a000 r--p 00008000 00:00 821410             /usr/lib/jvm/java-8-openjdk-amd64/jre/lib/amd64/libmanagement.so
7f103800a000-7f103800b000 r--p 00009000 00:00 821410             /usr/lib/jvm/java-8-openjdk-amd64/jre/lib/amd64/libmanagement.so
7f103800b000-7f103800c000 rw-p 0000a000 00:00 821410             /usr/lib/jvm/java-8-openjdk-amd64/jre/lib/amd64/libmanagement.so
7f1038010000-7f1038013000 ---p 00000000 00:00 0
7f1038013000-7f1038111000 rw-p 00000000 00:00 0
7f1038120000-7f1038121000 ---p 00000000 00:00 0
7f1038121000-7f1038221000 rw-p 00000000 00:00 0
7f1038230000-7f1038331000 rw-p 00000000 00:00 0
7f1038340000-7f1038441000 rw-p 00000000 00:00 0
7f1038450000-7f1038551000 rw-p 00000000 00:00 0
7f1038560000-7f1038661000 rw-p 00000000 00:00 0
7f1038670000-7f1038771000 rw-p 00000000 00:00 0
7f1038780000-7f1038881000 rw-p 00000000 00:00 0
7f1038890000-7f1038991000 rw-p 00000000 00:00 0
7f10389a0000-7f1038aa1000 rw-p 00000000 00:00 0
7f1038ab0000-7f1038bb1000 rw-p 00000000 00:00 0
7f1038bc0000-7f1038cc1000 rw-p 00000000 00:00 0
7f1038cd0000-7f1038dd1000 rw-p 00000000 00:00 0
7f1038de0000-7f1038ee1000 rw-p 00000000 00:00 0
7f1038ef0000-7f1038ff1000 rw-p 00000000 00:00 0
7f1039000000-7f1039460000 rwxp 00000000 00:00 0
7f1039460000-7f1048000000 ---p 00000000 00:00 0
7f1048000000-7f10488b9000 rw-p 00000000 00:00 0
7f10488b9000-7f104c000000 ---p 00000000 00:00 0
7f104c005000-7f104c020000 r--s 00394000 00:00 821434             /usr/lib/jvm/java-8-openjdk-amd64/jre/lib/ext/cldrdata.jar
7f104c020000-7f104c121000 rw-p 00000000 00:00 0
7f104c130000-7f104c231000 rw-p 00000000 00:00 0
7f104c236000-7f104c238000 r--s 00016000 00:00 821455             /usr/lib/jvm/java-8-openjdk-amd64/jre/lib/jce.jar
7f104c238000-7f104c23a000 r--s 00009000 00:00 859467             /home/gustavo/oiArduBot/backend/language_server/language_server_lib/slf4j-api-1.7.21.jar
7f104c23a000-7f104c23c000 r--s 00005000 00:00 859427             /home/gustavo/oiArduBot/backend/language_server/language_server_lib/javax.annotation-api-1.3.2.jar
7f104c23c000-7f104c240000 r--s 00025000 00:00 859432             /home/gustavo/oiArduBot/backend/language_server/language_server_lib/jetty-io-9.4.34.v20201102.jar
7f104c240000-7f104c28e000 rw-p 00000000 00:00 0
7f104c28f000-7f104c460000 r--s 03ca5000 00:00 821467             /usr/lib/jvm/java-8-openjdk-amd64/jre/lib/rt.jar
7f104c460000-7f104c4d6000 rw-p 00000000 00:00 0
7f104c4d6000-7f104c4e0000 r--s 000a3000 00:00 859436             /home/gustavo/oiArduBot/backend/language_server/language_server_lib/jetty-server-9.4.34.v20201102.jar
7f104c4e0000-7f104c53b000 rw-p 00000000 00:00 0
7f104c53c000-7f104c540000 r--s 00031000 00:00 859431             /home/gustavo/oiArduBot/backend/language_server/language_server_lib/jetty-http-9.4.34.v20201102.jar
7f104c540000-7f104cf31000 rw-p 00000000 00:00 0
7f104cf31000-7f104cf34000 r--s 00015000 00:00 859429             /home/gustavo/oiArduBot/backend/language_server/language_server_lib/javax.servlet-api-3.1.0.jar
7f104cf34000-7f104cf37000 r--s 0001a000 00:00 859435             /home/gustavo/oiArduBot/backend/language_server/language_server_lib/jetty-security-9.4.34.v20201102.jar
7f104cf37000-7f104cf40000 r--s 00081000 00:00 859438             /home/gustavo/oiArduBot/backend/language_server/language_server_lib/jetty-util-9.4.34.v20201102.jar
7f104cf40000-7f104cf54000 rw-p 00000000 00:00 0
7f104cf54000-7f104cf57000 r--s 0001f000 00:00 859437             /home/gustavo/oiArduBot/backend/language_server/language_server_lib/jetty-servlet-9.4.34.v20201102.jar
7f104cf57000-7f104cf59000 r--s 0000f000 00:00 859440             /home/gustavo/oiArduBot/backend/language_server/language_server_lib/jetty-xml-9.4.34.v20201102.jar
7f104cf59000-7f104cf5c000 r--s 00020000 00:00 859439             /home/gustavo/oiArduBot/backend/language_server/language_server_lib/jetty-webapp-9.4.34.v20201102.jar
7f104cf5c000-7f104cf5e000 r--s 0000a000 00:00 859433             /home/gustavo/oiArduBot/backend/language_server/language_server_lib/jetty-jndi-9.4.34.v20201102.jar
7f104cf5e000-7f104cf60000 r--s 0000f000 00:00 859434             /home/gustavo/oiArduBot/backend/language_server/language_server_lib/jetty-plus-9.4.34.v20201102.jar
7f104cf60000-7f104ee70000 rw-p 00000000 00:00 0
7f104ee70000-7f104ee71000 ---p 00000000 00:00 0
7f104ee71000-7f104ef71000 rw-p 00000000 00:00 0
7f104ef72000-7f104ef75000 r--s 00013000 00:00 859430             /home/gustavo/oiArduBot/backend/language_server/language_server_lib/jetty-annotations-9.4.34.v20201102.jar
7f104ef75000-7f104ef80000 r--s 0002a000 00:00 859419             /home/gustavo/oiArduBot/backend/language_server/language_server_lib/checker-qual-3.5.0.jar
7f104ef80000-7f104ef81000 ---p 00000000 00:00 0
7f104ef81000-7f104f081000 rw-p 00000000 00:00 0
7f104f082000-7f104f086000 r--s 00010000 00:00 859455             /home/gustavo/oiArduBot/backend/language_server/language_server_lib/org.eclipse.xtend.lib.macro-2.25.0.jar
7f104f086000-7f104f08b000 r--s 00024000 00:00 859464             /home/gustavo/oiArduBot/backend/language_server/language_server_lib/org.eclipse.xtext.xbase.lib-2.25.0.jar
7f104f08b000-7f104f090000 r--s 00036000 00:00 859423             /home/gustavo/oiArduBot/backend/language_server/language_server_lib/gson-2.8.6.jar
7f104f090000-7f104f091000 ---p 00000000 00:00 0
7f104f091000-7f104f191000 rw-p 00000000 00:00 0
7f104f191000-7f104f193000 r--s 00001000 00:00 859426             /home/gustavo/oiArduBot/backend/language_server/language_server_lib/j2objc-annotations-1.3.jar
7f104f193000-7f104f198000 r--s 00091000 00:00 859463             /home/gustavo/oiArduBot/backend/language_server/language_server_lib/org.eclipse.xtext.xbase.ide-2.25.0.jar
7f104f198000-7f104f1a0000 r--s 00069000 00:00 859420             /home/gustavo/oiArduBot/backend/language_server/language_server_lib/classgraph-4.8.35.jar
7f104f1a0000-7f104f1a1000 ---p 00000000 00:00 0
7f104f1a1000-7f104f2a1000 rw-p 00000000 00:00 0
7f104f2a1000-7f104f2b0000 r--s 0009f000 00:00 859425             /home/gustavo/oiArduBot/backend/language_server/language_server_lib/guice-3.0.jar
7f104f2b0000-7f104f2c6000 rw-p 00000000 00:00 0
7f104f2c6000-7f104f3fc000 ---p 00000000 00:00 0
7f104f3fc000-7f104f3fe000 r--s 00002000 00:00 859421             /home/gustavo/oiArduBot/backend/language_server/language_server_lib/error_prone_annotations-2.3.4.jar
7f104f3fe000-7f104f400000 r--s 00003000 00:00 859442             /home/gustavo/oiArduBot/backend/language_server/language_server_lib/jsr305-3.0.2.jar
7f104f400000-7f104f416000 rw-p 00000000 00:00 0
7f104f416000-7f104f54b000 ---p 00000000 00:00 0
7f104f54b000-7f104f576000 rw-p 00000000 00:00 0
7f104f576000-7f104f5f1000 ---p 00000000 00:00 0
7f104f5f1000-7f104f5f2000 rw-p 00000000 00:00 0
7f104f5f3000-7f104f5f6000 r--s 00019000 00:00 859454             /home/gustavo/oiArduBot/backend/language_server/language_server_lib/org.eclipse.xtend.lib-2.25.0.jar
7f104f5f6000-7f104f600000 r--s 00073000 00:00 859457             /home/gustavo/oiArduBot/backend/language_server/language_server_lib/org.eclipse.xtext.common.types-2.25.0.jar
7f104f600000-7f104f612000 rw-p 00000000 00:00 0
7f104f612000-7f104f9c0000 ---p 00000000 00:00 0
7f104f9c0000-7f104f9c3000 r--p 00000000 00:00 821420             /usr/lib/jvm/java-8-openjdk-amd64/jre/lib/amd64/libzip.so
7f104f9c3000-7f104f9c8000 r-xp 00003000 00:00 821420             /usr/lib/jvm/java-8-openjdk-amd64/jre/lib/amd64/libzip.so
7f104f9c8000-7f104f9ca000 r--p 00008000 00:00 821420             /usr/lib/jvm/java-8-openjdk-amd64/jre/lib/amd64/libzip.so
7f104f9ca000-7f104f9cb000 r--p 00009000 00:00 821420             /usr/lib/jvm/java-8-openjdk-amd64/jre/lib/amd64/libzip.so
7f104f9cb000-7f104f9cc000 rw-p 0000a000 00:00 821420             /usr/lib/jvm/java-8-openjdk-amd64/jre/lib/amd64/libzip.so
7f104f9cc000-7f104f9ce000 r--s 00000000 00:00 859422             /home/gustavo/oiArduBot/backend/language_server/language_server_lib/failureaccess-1.0.1.jar
7f104f9ce000-7f104f9d0000 r--s 00003000 00:00 859461             /home/gustavo/oiArduBot/backend/language_server/language_server_lib/org.eclipse.xtext.web.servlet-2.25.0.jar
7f104f9d0000-7f104f9d3000 r--p 00000000 00:00 652020             /usr/lib/x86_64-linux-gnu/libnss_files-2.31.so
7f104f9d3000-7f104f9da000 r-xp 00003000 00:00 652020             /usr/lib/x86_64-linux-gnu/libnss_files-2.31.so
7f104f9da000-7f104f9dc000 r--p 0000a000 00:00 652020             /usr/lib/x86_64-linux-gnu/libnss_files-2.31.so
7f104f9dc000-7f104f9dd000 r--p 0000b000 00:00 652020             /usr/lib/x86_64-linux-gnu/libnss_files-2.31.so
7f104f9dd000-7f104f9de000 rw-p 0000c000 00:00 652020             /usr/lib/x86_64-linux-gnu/libnss_files-2.31.so
7f104f9de000-7f104f9e4000 rw-p 00000000 00:00 0
7f104f9e4000-7f104f9e5000 r--s 00002000 00:00 859468             /home/gustavo/oiArduBot/backend/language_server/language_server_lib/slf4j-simple-1.7.21.jar
7f104f9e5000-7f104f9e8000 r--s 00017000 00:00 859447             /home/gustavo/oiArduBot/backend/language_server/language_server_lib/org.eclipse.emf.ecore.change-2.14.0.jar
7f104f9e8000-7f104f9ec000 r--s 00022000 00:00 859413             /home/gustavo/oiArduBot/backend/language_server/language_server_lib/antlr-runtime-3.2.jar
7f104f9ec000-7f104f9f0000 r--s 00036000 00:00 859448             /home/gustavo/oiArduBot/backend/language_server/language_server_lib/org.eclipse.emf.ecore.xmi-2.16.0.jar
7f104f9f0000-7f104f9f1000 rw-p 00000000 00:00 0
7f104f9f1000-7f104f9f3000 r--s 00000000 00:00 859414             /home/gustavo/oiArduBot/backend/language_server/language_server_lib/aopalliance-1.0.jar
7f104f9f3000-7f104f9fa000 r--s 00055000 00:00 859445             /home/gustavo/oiArduBot/backend/language_server/language_server_lib/org.eclipse.emf.common-2.17.0.jar
7f104f9fa000-7f104fa00000 r--s 00046000 00:00 859459             /home/gustavo/oiArduBot/backend/language_server/language_server_lib/org.eclipse.xtext.util-2.25.0.jar
7f104fa00000-7f104fa0d000 r--p 00000000 00:00 821401             /usr/lib/jvm/java-8-openjdk-amd64/jre/lib/amd64/libjava.so
7f104fa0d000-7f104fa25000 r-xp 0000d000 00:00 821401             /usr/lib/jvm/java-8-openjdk-amd64/jre/lib/amd64/libjava.so
7f104fa25000-7f104fa2c000 r--p 00025000 00:00 821401             /usr/lib/jvm/java-8-openjdk-amd64/jre/lib/amd64/libjava.so
7f104fa2c000-7f104fa2d000 r--p 0002b000 00:00 821401             /usr/lib/jvm/java-8-openjdk-amd64/jre/lib/amd64/libjava.so
7f104fa2d000-7f104fa2f000 rw-p 0002c000 00:00 821401             /usr/lib/jvm/java-8-openjdk-amd64/jre/lib/amd64/libjava.so
7f104fa2f000-7f104fa30000 r--s 0004c000 00:00 859441             /home/gustavo/oiArduBot/backend/language_server/language_server_lib/jquery-3.5.1.jar
7f104fa30000-7f104fa35000 r--p 00000000 00:00 821419             /usr/lib/jvm/java-8-openjdk-amd64/jre/lib/amd64/libverify.so
7f104fa35000-7f104fa3e000 r-xp 00005000 00:00 821419             /usr/lib/jvm/java-8-openjdk-amd64/jre/lib/amd64/libverify.so
7f104fa3e000-7f104fa40000 r--p 0000e000 00:00 821419             /usr/lib/jvm/java-8-openjdk-amd64/jre/lib/amd64/libverify.so
7f104fa40000-7f104fa42000 r--p 0000f000 00:00 821419             /usr/lib/jvm/java-8-openjdk-amd64/jre/lib/amd64/libverify.so
7f104fa42000-7f104fa43000 rw-p 00011000 00:00 821419             /usr/lib/jvm/java-8-openjdk-amd64/jre/lib/amd64/libverify.so
7f104fa43000-7f104fa46000 r--s 0001f000 00:00 859449             /home/gustavo/oiArduBot/backend/language_server/language_server_lib/org.eclipse.equinox.common-3.13.0.jar
7f104fa46000-7f104fa50000 r--s 0006f000 00:00 859458             /home/gustavo/oiArduBot/backend/language_server/language_server_lib/org.eclipse.xtext.ide-2.25.0.jar
7f104fa50000-7f104fa53000 r--p 00000000 00:00 652106             /usr/lib/x86_64-linux-gnu/librt-2.31.so
7f104fa53000-7f104fa57000 r-xp 00003000 00:00 652106             /usr/lib/x86_64-linux-gnu/librt-2.31.so
7f104fa57000-7f104fa58000 r--p 00007000 00:00 652106             /usr/lib/x86_64-linux-gnu/librt-2.31.so
7f104fa58000-7f104fa59000 ---p 00008000 00:00 652106             /usr/lib/x86_64-linux-gnu/librt-2.31.so
7f104fa59000-7f104fa5a000 r--p 00008000 00:00 652106             /usr/lib/x86_64-linux-gnu/librt-2.31.so
7f104fa5a000-7f104fa5b000 rw-p 00009000 00:00 652106             /usr/lib/x86_64-linux-gnu/librt-2.31.so
7f104fa5b000-7f104fa5c000 r--s 00007000 00:00 859466             /home/gustavo/oiArduBot/backend/language_server/language_server_lib/requirejs-2.3.6.jar
7f104fa5c000-7f104fa60000 r--s 00029000 00:00 859460             /home/gustavo/oiArduBot/backend/language_server/language_server_lib/org.eclipse.xtext.web-2.25.0.jar
7f104fa60000-7f104fa64000 ---p 00000000 00:00 0
7f104fa64000-7f104fb61000 rw-p 00000000 00:00 0
7f104fb61000-7f104fb70000 r--s 000b7000 00:00 859450             /home/gustavo/oiArduBot/backend/language_server/language_server_lib/org.eclipse.lsp4j-0.10.0.jar
7f104fb70000-7f104fb73000 r--p 00000000 00:00 677530             /usr/lib/x86_64-linux-gnu/libgcc_s.so.1
7f104fb73000-7f104fb85000 r-xp 00003000 00:00 677530             /usr/lib/x86_64-linux-gnu/libgcc_s.so.1
7f104fb85000-7f104fb89000 r--p 00015000 00:00 677530             /usr/lib/x86_64-linux-gnu/libgcc_s.so.1
7f104fb89000-7f104fb8a000 r--p 00018000 00:00 677530             /usr/lib/x86_64-linux-gnu/libgcc_s.so.1
7f104fb8a000-7f104fb8b000 rw-p 00019000 00:00 677530             /usr/lib/x86_64-linux-gnu/libgcc_s.so.1
7f104fb8b000-7f104fb8c000 r--s 00000000 00:00 859443             /home/gustavo/oiArduBot/backend/language_server/language_server_lib/listenablefuture-9999.0-empty-to-avoid-conflict-with-guava.jar
7f104fb8c000-7f104fb8e000 r--s 0000b000 00:00 859418             /home/gustavo/oiArduBot/backend/language_server/language_server_lib/asm-tree-9.1.jar
7f104fb8e000-7f104fb90000 r--s 00007000 00:00 859416             /home/gustavo/oiArduBot/backend/language_server/language_server_lib/asm-analysis-9.1.jar
7f104fb90000-7f104fb91000 r--p 00000000 00:00 0
7f104fb91000-7f104fba0000 r--p 00000000 00:00 651970             /usr/lib/x86_64-linux-gnu/libm-2.31.so
7f104fba0000-7f104fc47000 r-xp 0000f000 00:00 651970             /usr/lib/x86_64-linux-gnu/libm-2.31.so
7f104fc47000-7f104fcde000 r--p 000b6000 00:00 651970             /usr/lib/x86_64-linux-gnu/libm-2.31.so
7f104fcde000-7f104fcdf000 r--p 0014c000 00:00 651970             /usr/lib/x86_64-linux-gnu/libm-2.31.so
7f104fcdf000-7f104fce0000 rw-p 0014d000 00:00 651970             /usr/lib/x86_64-linux-gnu/libm-2.31.so
7f104fce0000-7f104fd76000 r--p 00000000 00:00 682612             /usr/lib/x86_64-linux-gnu/libstdc++.so.6.0.28
7f104fd76000-7f104fe67000 r-xp 00096000 00:00 682612             /usr/lib/x86_64-linux-gnu/libstdc++.so.6.0.28
7f104fe67000-7f104feb0000 r--p 00187000 00:00 682612             /usr/lib/x86_64-linux-gnu/libstdc++.so.6.0.28
7f104feb0000-7f104feb1000 ---p 001d0000 00:00 682612             /usr/lib/x86_64-linux-gnu/libstdc++.so.6.0.28
7f104feb1000-7f104febc000 r--p 001d0000 00:00 682612             /usr/lib/x86_64-linux-gnu/libstdc++.so.6.0.28
7f104febc000-7f104febf000 rw-p 001db000 00:00 682612             /usr/lib/x86_64-linux-gnu/libstdc++.so.6.0.28
7f104febf000-7f104fec2000 rw-p 00000000 00:00 0
7f104fec2000-7f104fec3000 r--s 00000000 00:00 859428             /home/gustavo/oiArduBot/backend/language_server/language_server_lib/javax.inject-1.jar
7f104fec3000-7f104fec5000 r--s 00010000 00:00 859417             /home/gustavo/oiArduBot/backend/language_server/language_server_lib/asm-commons-9.1.jar
7f104fec5000-7f104fec7000 r--s 0001c000 00:00 859415             /home/gustavo/oiArduBot/backend/language_server/language_server_lib/asm-9.1.jar
7f104fec7000-7f104fed0000 r--s 0006f000 00:00 859444             /home/gustavo/oiArduBot/backend/language_server/language_server_lib/log4j-1.2.17.jar
7f104fed0000-7f10500c5000 r--p 00000000 00:00 821423             /usr/lib/jvm/java-8-openjdk-amd64/jre/lib/amd64/server/libjvm.so
7f10500c5000-7f1050a2d000 r-xp 001f5000 00:00 821423             /usr/lib/jvm/java-8-openjdk-amd64/jre/lib/amd64/server/libjvm.so
7f1050a2d000-7f1050bde000 r--p 00b5d000 00:00 821423             /usr/lib/jvm/java-8-openjdk-amd64/jre/lib/amd64/server/libjvm.so
7f1050bde000-7f1050bdf000 ---p 00d0e000 00:00 821423             /usr/lib/jvm/java-8-openjdk-amd64/jre/lib/amd64/server/libjvm.so
7f1050bdf000-7f1050c75000 r--p 00d0e000 00:00 821423             /usr/lib/jvm/java-8-openjdk-amd64/jre/lib/amd64/server/libjvm.so
7f1050c75000-7f1050c9e000 rw-p 00da4000 00:00 821423             /usr/lib/jvm/java-8-openjdk-amd64/jre/lib/amd64/server/libjvm.so
7f1050c9e000-7f1050cd1000 rw-p 00000000 00:00 0
7f1050cd1000-7f1050cd2000 r--s 00001000 00:00 859465             /home/gustavo/oiArduBot/backend/language_server/language_server_lib/org.eclipse.xtext.xbase.web-2.25.0.jar
7f1050cd2000-7f1050cd5000 r--s 0001e000 00:00 859452             /home/gustavo/oiArduBot/backend/language_server/language_server_lib/org.eclipse.lsp4j.jsonrpc-0.10.0.jar
7f1050cd5000-7f1050cd7000 r--s 0000b000 00:00 859451             /home/gustavo/oiArduBot/backend/language_server/language_server_lib/org.eclipse.lsp4j.generator-0.10.0.jar
7f1050cd7000-7f1050cde000 r--s 00064000 00:00 255358             /home/gustavo/oiArduBot/backend/language_server/language_server.jar
7f1050cde000-7f1050ce0000 r--s 00010000 00:00 821443             /usr/lib/jvm/java-8-openjdk-amd64/jre/lib/ext/zipfs.jar
7f1050ce0000-7f1050ce2000 rw-p 00000000 00:00 0
7f1050ce2000-7f1050ced000 r--s 00116000 00:00 821438             /usr/lib/jvm/java-8-openjdk-amd64/jre/lib/ext/localedata.jar
7f1050ced000-7f1050cf4000 r--p 00000000 00:00 652090             /usr/lib/x86_64-linux-gnu/libpthread-2.31.so
7f1050cf4000-7f1050d05000 r-xp 00007000 00:00 652090             /usr/lib/x86_64-linux-gnu/libpthread-2.31.so
7f1050d05000-7f1050d0a000 r--p 00018000 00:00 652090             /usr/lib/x86_64-linux-gnu/libpthread-2.31.so
7f1050d0a000-7f1050d0b000 r--p 0001c000 00:00 652090             /usr/lib/x86_64-linux-gnu/libpthread-2.31.so
7f1050d0b000-7f1050d0c000 rw-p 0001d000 00:00 652090             /usr/lib/x86_64-linux-gnu/libpthread-2.31.so
7f1050d0c000-7f1050d10000 rw-p 00000000 00:00 0
7f1050d10000-7f1050d11000 r--p 00000000 00:00 651773             /usr/lib/x86_64-linux-gnu/libdl-2.31.so
7f1050d11000-7f1050d13000 r-xp 00001000 00:00 651773             /usr/lib/x86_64-linux-gnu/libdl-2.31.so
7f1050d13000-7f1050d14000 r--p 00003000 00:00 651773             /usr/lib/x86_64-linux-gnu/libdl-2.31.so
7f1050d14000-7f1050d15000 r--p 00003000 00:00 651773             /usr/lib/x86_64-linux-gnu/libdl-2.31.so
7f1050d15000-7f1050d16000 rw-p 00004000 00:00 651773             /usr/lib/x86_64-linux-gnu/libdl-2.31.so
7f1050d16000-7f1050d1a000 r--s 00040000 00:00 821442             /usr/lib/jvm/java-8-openjdk-amd64/jre/lib/ext/sunpkcs11.jar
7f1050d1a000-7f1050d20000 r--s 0003d000 00:00 821441             /usr/lib/jvm/java-8-openjdk-amd64/jre/lib/ext/sunjce_provider.jar
7f1050d20000-7f1050d22000 r--p 00000000 00:00 652266             /usr/lib/x86_64-linux-gnu/libz.so.1.2.11
7f1050d22000-7f1050d33000 r-xp 00002000 00:00 652266             /usr/lib/x86_64-linux-gnu/libz.so.1.2.11
7f1050d33000-7f1050d39000 r--p 00013000 00:00 652266             /usr/lib/x86_64-linux-gnu/libz.so.1.2.11
7f1050d39000-7f1050d3a000 ---p 00019000 00:00 652266             /usr/lib/x86_64-linux-gnu/libz.so.1.2.11
7f1050d3a000-7f1050d3b000 r--p 00019000 00:00 652266             /usr/lib/x86_64-linux-gnu/libz.so.1.2.11
7f1050d3b000-7f1050d3c000 rw-p 0001a000 00:00 652266             /usr/lib/x86_64-linux-gnu/libz.so.1.2.11
7f1050d3c000-7f1050d3e000 r--s 00008000 00:00 821440             /usr/lib/jvm/java-8-openjdk-amd64/jre/lib/ext/sunec.jar
7f1050d3e000-7f1050d40000 r--s 0000c000 00:00 821673             /usr/share/java/java-atk-wrapper.jar
7f1050d40000-7f1050d65000 r--p 00000000 00:00 651734             /usr/lib/x86_64-linux-gnu/libc-2.31.so
7f1050d65000-7f1050edd000 r-xp 00025000 00:00 651734             /usr/lib/x86_64-linux-gnu/libc-2.31.so
7f1050edd000-7f1050f27000 r--p 0019d000 00:00 651734             /usr/lib/x86_64-linux-gnu/libc-2.31.so
7f1050f27000-7f1050f28000 ---p 001e7000 00:00 651734             /usr/lib/x86_64-linux-gnu/libc-2.31.so
7f1050f28000-7f1050f2b000 r--p 001e7000 00:00 651734             /usr/lib/x86_64-linux-gnu/libc-2.31.so
7f1050f2b000-7f1050f2e000 rw-p 001ea000 00:00 651734             /usr/lib/x86_64-linux-gnu/libc-2.31.so
7f1050f2e000-7f1050f32000 rw-p 00000000 00:00 0
7f1050f32000-7f1050f33000 r--s 0000a000 00:00 821437             /usr/lib/jvm/java-8-openjdk-amd64/jre/lib/ext/jaccess.jar
7f1050f33000-7f1050f36000 r--s 0000f000 00:00 821436             /usr/lib/jvm/java-8-openjdk-amd64/jre/lib/ext/icedtea-sound.jar
7f1050f36000-7f1050f38000 r--s 00001000 00:00 821435             /usr/lib/jvm/java-8-openjdk-amd64/jre/lib/ext/dnsns.jar
7f1050f38000-7f1050f3e000 r--s 000d3000 00:00 821460             /usr/lib/jvm/java-8-openjdk-amd64/jre/lib/jfr.jar
7f1050f3e000-7f1050f3f000 r--p 00000000 00:00 572517             /usr/lib/locale/C.UTF-8/LC_NUMERIC
7f1050f3f000-7f1050f40000 r--p 00000000 00:00 572520             /usr/lib/locale/C.UTF-8/LC_TIME
7f1050f40000-7f1050f43000 r--p 00000000 00:00 821387             /usr/lib/jvm/java-8-openjdk-amd64/jre/lib/amd64/jli/libjli.so
7f1050f43000-7f1050f4d000 r-xp 00003000 00:00 821387             /usr/lib/jvm/java-8-openjdk-amd64/jre/lib/amd64/jli/libjli.so
7f1050f4d000-7f1050f50000 r--p 0000d000 00:00 821387             /usr/lib/jvm/java-8-openjdk-amd64/jre/lib/amd64/jli/libjli.so
7f1050f50000-7f1050f51000 r--p 0000f000 00:00 821387             /usr/lib/jvm/java-8-openjdk-amd64/jre/lib/amd64/jli/libjli.so
7f1050f51000-7f1050f52000 rw-p 00010000 00:00 821387             /usr/lib/jvm/java-8-openjdk-amd64/jre/lib/amd64/jli/libjli.so
7f1050f52000-7f1050f53000 r--p 00000000 00:00 572515             /usr/lib/locale/C.UTF-8/LC_MONETARY
7f1050f53000-7f1050f54000 r--p 00000000 00:00 572514             /usr/lib/locale/C.UTF-8/LC_MESSAGES/SYS_LC_MESSAGES
7f1050f54000-7f1050f55000 r--p 00000000 00:00 572518             /usr/lib/locale/C.UTF-8/LC_PAPER
7f1050f55000-7f1050f56000 r--p 00000000 00:00 572516             /usr/lib/locale/C.UTF-8/LC_NAME
7f1050f56000-7f1050f57000 r--p 00000000 00:00 572507             /usr/lib/locale/C.UTF-8/LC_ADDRESS
7f1050f57000-7f1050f58000 r--p 00000000 00:00 572519             /usr/lib/locale/C.UTF-8/LC_TELEPHONE
7f1050f58000-7f1050f59000 r--p 00000000 00:00 572512             /usr/lib/locale/C.UTF-8/LC_MEASUREMENT
7f1050f59000-7f1050f60000 r--s 00000000 00:00 651581             /usr/lib/x86_64-linux-gnu/gconv/gconv-modules.cache
7f1050f60000-7f1050f61000 r--p 00000000 00:00 651617             /usr/lib/x86_64-linux-gnu/ld-2.31.so
7f1050f61000-7f1050f83000 r-xp 00001000 00:00 651617             /usr/lib/x86_64-linux-gnu/ld-2.31.so
7f1050f83000-7f1050f84000 r-xp 00023000 00:00 651617             /usr/lib/x86_64-linux-gnu/ld-2.31.so
7f1050f84000-7f1050f8b000 r--p 00024000 00:00 651617             /usr/lib/x86_64-linux-gnu/ld-2.31.so
7f1050f8b000-7f1050f8c000 r--p 0002b000 00:00 651617             /usr/lib/x86_64-linux-gnu/ld-2.31.so
7f1050f8c000-7f1050f8d000 r--p 00000000 00:00 572510             /usr/lib/locale/C.UTF-8/LC_IDENTIFICATION
7f1050f8d000-7f1050f8e000 r--p 0002c000 00:00 651617             /usr/lib/x86_64-linux-gnu/ld-2.31.so
7f1050f8e000-7f1050f8f000 rw-p 0002d000 00:00 651617             /usr/lib/x86_64-linux-gnu/ld-2.31.so
7f1050f8f000-7f1050f92000 rw-p 00000000 00:00 0
7f1050f92000-7f1050f9a000 rw-s 00000000 00:00 275341             /tmp/hsperfdata_gustavo/1845
7f1050f9a000-7f1050f9b000 r--p 00000000 00:00 821374             /usr/lib/jvm/java-8-openjdk-amd64/jre/bin/java
7f1050f9b000-7f1050f9c000 r-xp 00001000 00:00 821374             /usr/lib/jvm/java-8-openjdk-amd64/jre/bin/java
7f1050f9c000-7f1050f9d000 r--p 00002000 00:00 821374             /usr/lib/jvm/java-8-openjdk-amd64/jre/bin/java
7f1050f9d000-7f1050f9e000 r--p 00002000 00:00 821374             /usr/lib/jvm/java-8-openjdk-amd64/jre/bin/java
7f1050f9e000-7f1050f9f000 rw-p 00003000 00:00 821374             /usr/lib/jvm/java-8-openjdk-amd64/jre/bin/java
7fffc4ddb000-7fffc4e26000 rw-p 00000000 00:00 0                  [heap]
7fffcbc20000-7fffcc420000 rw-p 00000000 00:00 0                  [stack]
7fffcc56e000-7fffcc56f000 r-xp 00000000 00:00 0                  [vdso]

VM Arguments:
java_command: /home/gustavo/oiArduBot/backend/language_server/language_server.jar
java_class_path (initial): /home/gustavo/oiArduBot/backend/language_server/language_server.jar
Launcher Type: SUN_STANDARD

Environment Variables:
JAVA_HOME=/usr/lib/jvm/java-8-openjdk-amd64
PATH=/usr/share/npm/node_modules/npm-lifecycle/node-gyp-bin:/home/gustavo/oiArduBot/backend/node_modules/.bin:/usr/local/sbin:/usr/local/bin:/usr/sbin:/usr/bin:/sbin:/bin:/usr/games:/usr/local/games:/mnt/c/Program Files (x86)/Common Files/Oracle/Java/javapath:/mnt/c/Program Files/Java/jdk-11.0.12:/mnt/c/Program Files/Java/jdk-11.0.12/bin:/mnt/c/Users/Eduarda Girardi/AppData/Local/Programs/Microsoft VS Code:/mnt/c/Program Files/nodejs/:/mnt/c/Program Files (x86)/GnuWin32/bin:/mnt/c/Windows/System32/WindowsPowerShell/v1.0:/mnt/c/Users/Eduarda Girardi/AppData/Roaming/npm:/snap/bin
SHELL=/bin/bash
HOSTTYPE=x86_64

Signal Handlers:
SIGSEGV: [libjvm.so+0xb365d0], sa_mask[0]=11111111111111111111111111111110, sa_flags=SA_RESTART|SA_SIGINFO
SIGBUS: [libjvm.so+0xb365d0], sa_mask[0]=11111111111111111111111111111110, sa_flags=SA_RESTART|SA_SIGINFO
SIGFPE: [libjvm.so+0x97b8c0], sa_mask[0]=11111111111111111111111111111110, sa_flags=SA_RESTART|SA_SIGINFO
SIGPIPE: [libjvm.so+0x97b8c0], sa_mask[0]=11111111111111111111111111111110, sa_flags=SA_RESTART|SA_SIGINFO
SIGXFSZ: [libjvm.so+0x97b8c0], sa_mask[0]=11111111111111111111111111111110, sa_flags=SA_RESTART|SA_SIGINFO
SIGILL: [libjvm.so+0x97b8c0], sa_mask[0]=11111111111111111111111111111110, sa_flags=SA_RESTART|SA_SIGINFO
SIGUSR1: SIG_DFL, sa_mask[0]=00000000010000000000000000000000, sa_flags=SA_RESTART
SIGUSR2: [libjvm.so+0x97b770], sa_mask[0]=00000000000000000000000000000000, sa_flags=SA_RESTART|SA_SIGINFO
SIGHUP: [libjvm.so+0x97bb40], sa_mask[0]=11111111111111111111111111111110, sa_flags=SA_RESTART|SA_SIGINFO
SIGINT: [libjvm.so+0x97bb40], sa_mask[0]=11111111111111111111111111111110, sa_flags=SA_RESTART|SA_SIGINFO
SIGTERM: [libjvm.so+0x97bb40], sa_mask[0]=11111111111111111111111111111110, sa_flags=SA_RESTART|SA_SIGINFO
SIGQUIT: [libjvm.so+0x97bb40], sa_mask[0]=11111111111111111111111111111110, sa_flags=SA_RESTART|SA_SIGINFO


---------------  S Y S T E M  ---------------

OS:DISTRIB_ID=Ubuntu
DISTRIB_RELEASE=20.04
DISTRIB_CODENAME=focal
DISTRIB_DESCRIPTION="Ubuntu 20.04.2 LTS"

uname:Linux 4.4.0-19041-Microsoft #488-Microsoft Mon Sep 01 13:43:00 PST 2020 x86_64
libc:glibc 2.31 NPTL 2.31 
rlimit: STACK 8192k, CORE 0k, NPROC 7823, NOFILE 65536, AS infinity
load average:0.52 0.58 0.59

/proc/meminfo:
MemTotal:        4070812 kB
MemFree:          461452 kB
Buffers:           34032 kB
Cached:           188576 kB
SwapCached:            0 kB
Active:           167556 kB
Inactive:         157876 kB
Active(anon):     103104 kB
Inactive(anon):    17440 kB
Active(file):      64452 kB
Inactive(file):   140436 kB
Unevictable:           0 kB
Mlocked:               0 kB
SwapTotal:      12582912 kB
SwapFree:        9732572 kB
Dirty:                 0 kB
Writeback:             0 kB
AnonPages:        102824 kB
Mapped:            71404 kB
Shmem:             17720 kB
Slab:              13868 kB
SReclaimable:       6744 kB
SUnreclaim:         7124 kB
KernelStack:        2848 kB
PageTables:         2524 kB
NFS_Unstable:          0 kB
Bounce:                0 kB
WritebackTmp:          0 kB
CommitLimit:      515524 kB
Committed_AS:    3450064 kB
VmallocTotal:     122880 kB
VmallocUsed:       21296 kB
VmallocChunk:      66044 kB
HardwareCorrupted:     0 kB
AnonHugePages:      2048 kB
HugePages_Total:       0
HugePages_Free:        0
HugePages_Rsvd:        0
HugePages_Surp:        0
Hugepagesize:       2048 kB
DirectMap4k:       12280 kB
DirectMap4M:      897024 kB


CPU:total 4 (initial active 4) (2 cores per cpu, 2 threads per core) family 6 model 142 stepping 9, cmov, cx8, fxsr, mmx, sse, sse2, sse3, ssse3, sse4.1, sse4.2, popcnt, avx, avx2, aes, clmul, erms, 3dnowpref, lzcnt, ht, tsc, tscinvbit, bmi1, bmi2, adx

/proc/cpuinfo:
processor	: 0
vendor_id	: GenuineIntel
cpu family	: 6
model		: 142
model name	: Intel(R) Core(TM) i3-7020U CPU @ 2.30GHz
stepping	: 9
microcode	: 0xffffffff
cpu MHz		: 2304.000
cache size	: 256 KB
physical id	: 0
siblings	: 4
core id		: 0
cpu cores	: 2
apicid		: 0
initial apicid	: 0
fpu		: yes
fpu_exception	: yes
cpuid level	: 6
wp		: yes
flags		: fpu vme de pse tsc msr pae mce cx8 apic sep mtrr pge mca cmov pat pse36 clflush dts acpi mmx fxsr sse sse2 ss ht tm pbe syscall nx pdpe1gb rdtscp lm pni pclmulqdq dtes64 est tm2 ssse3 fma cx16 xtpr pdcm pcid sse4_1 sse4_2 movbe popcnt aes xsave osxsave avx f16c rdrand hypervisor lahf_lm abm 3dnowprefetch fsgsbase tsc_adjust bmi1 avx2 smep bmi2 erms invpcid mpx rdseed adx smap clflushopt ibrs ibpb stibp ssbd
bogomips	: 4608.00
clflush size	: 64
cache_alignment	: 64
address sizes	: 36 bits physical, 48 bits virtual
power management:

processor	: 1
vendor_id	: GenuineIntel
cpu family	: 6
model		: 142
model name	: Intel(R) Core(TM) i3-7020U CPU @ 2.30GHz
stepping	: 9
microcode	: 0xffffffff
cpu MHz		: 2304.000
cache size	: 256 KB
physical id	: 0
siblings	: 4
core id		: 0
cpu cores	: 2
apicid		: 0
initial apicid	: 0
fpu		: yes
fpu_exception	: yes
cpuid level	: 6
wp		: yes
flags		: fpu vme de pse tsc msr pae mce cx8 apic sep mtrr pge mca cmov pat pse36 clflush dts acpi mmx fxsr sse sse2 ss ht tm pbe syscall nx pdpe1gb rdtscp lm pni pclmulqdq dtes64 est tm2 ssse3 fma cx16 xtpr pdcm pcid sse4_1 sse4_2 movbe popcnt aes xsave osxsave avx f16c rdrand hypervisor lahf_lm abm 3dnowprefetch fsgsbase tsc_adjust bmi1 avx2 smep bmi2 erms invpcid mpx rdseed adx smap clflushopt ibrs ibpb stibp ssbd
bogomips	: 4608.00
clflush size	: 64
cache_alignment	: 64
address sizes	: 36 bits physical, 48 bits virtual
power management:

processor	: 2
vendor_id	: GenuineIntel
cpu family	: 6
model		: 142
model name	: Intel(R) Core(TM) i3-7020U CPU @ 2.30GHz
stepping	: 9
microcode	: 0xffffffff
cpu MHz		: 2304.000
cache size	: 256 KB
physical id	: 0
siblings	: 4
core id		: 1
cpu cores	: 2
apicid		: 0
initial apicid	: 0
fpu		: yes
fpu_exception	: yes
cpuid level	: 6
wp		: yes
flags		: fpu vme de pse tsc msr pae mce cx8 apic sep mtrr pge mca cmov pat pse36 clflush dts acpi mmx fxsr sse sse2 ss ht tm pbe syscall nx pdpe1gb rdtscp lm pni pclmulqdq dtes64 est tm2 ssse3 fma cx16 xtpr pdcm pcid sse4_1 sse4_2 movbe popcnt aes xsave osxsave avx f16c rdrand hypervisor lahf_lm abm 3dnowprefetch fsgsbase tsc_adjust bmi1 avx2 smep bmi2 erms invpcid mpx rdseed adx smap clflushopt ibrs ibpb stibp ssbd
bogomips	: 4608.00
clflush size	: 64
cache_alignment	: 64
address sizes	: 36 bits physical, 48 bits virtual
power management:

processor	: 3
vendor_id	: GenuineIntel
cpu family	: 6
model		: 142
model name	: Intel(R) Core(TM) i3-7020U CPU @ 2.30GHz
stepping	: 9
microcode	: 0xffffffff
cpu MHz		: 2304.000
cache size	: 256 KB
physical id	: 0
siblings	: 4
core id		: 1
cpu cores	: 2
apicid		: 0
initial apicid	: 0
fpu		: yes
fpu_exception	: yes
cpuid level	: 6
wp		: yes
flags		: fpu vme de pse tsc msr pae mce cx8 apic sep mtrr pge mca cmov pat pse36 clflush dts acpi mmx fxsr sse sse2 ss ht tm pbe syscall nx pdpe1gb rdtscp lm pni pclmulqdq dtes64 est tm2 ssse3 fma cx16 xtpr pdcm pcid sse4_1 sse4_2 movbe popcnt aes xsave osxsave avx f16c rdrand hypervisor lahf_lm abm 3dnowprefetch fsgsbase tsc_adjust bmi1 avx2 smep bmi2 erms invpcid mpx rdseed adx smap clflushopt ibrs ibpb stibp ssbd
bogomips	: 4608.00
clflush size	: 64
cache_alignment	: 64
address sizes	: 36 bits physical, 48 bits virtual
power management:



Memory: 4k page, physical 4070812k(461308k free), swap 12582912k(9732572k free)

vm_info: OpenJDK 64-Bit Server VM (25.292-b10) for linux-amd64 JRE (1.8.0_292-8u292-b10-0ubuntu1~20.04-b10), built on Apr 21 2021 11:46:09 by "buildd" with gcc 9.3.0

time: Wed Aug 11 22:22:06 2021
timezone: -03
elapsed time: 87.917876 seconds (0d 0h 1m 27s)

