#
# A fatal error has been detected by the Java Runtime Environment:
#
#  SIGSEGV (0xb) at pc=0x00007f1ae12cb7ba, pid=2610, tid=0x00007f1ae1761440
#
# JRE version: OpenJDK Runtime Environment (8.0_292-b10) (build 1.8.0_292-8u292-b10-0ubuntu1~20.04-b10)
# Java VM: OpenJDK 64-Bit Server VM (25.292-b10 mixed mode linux-amd64 compressed oops)
# Problematic frame:
# V  [libjvm.so+0x97b7ba]
#
# Failed to write core dump. Core dumps have been disabled. To enable core dumping, try "ulimit -c unlimited" before starting Java again
#
# If you would like to submit a bug report, please visit:
#   http://bugreport.java.com/bugreport/crash.jsp
#

---------------  T H R E A D  ---------------

Current thread is native thread

siginfo: si_signo: 11 (SIGSEGV), si_code: 1 (SEGV_MAPERR), si_addr: 0x0000000000000180

Registers:
RAX=0x0000000000000000, RBX=0x00007f1ae17613c0, RCX=0x0000000000000000, RDX=0x00007f1ae1761440
RSP=0x00007fffd2def060, RBP=0x00007fffd2def130, RSI=0x00007fffd2def750, RDI=0x0000000000000001
R8 =0x0000000000000000, R9 =0x00007f1ae05e0700, R10=0x0000000000000000, R11=0x0000000000000000
R12=0x00007fffd2def750, R13=0x00007f1ae05e09d0, R14=0x0000000000000000, R15=0x00007f1ae05e0700
RIP=0x00007f1ae12cb7ba, EFLAGS=0x0000000000010246, CSGSFS=0x00000053002b0033, ERR=0x0000000000000000
  TRAPNO=0x0000000000000000

Top of Stack: (sp=0x00007fffd2def060)
0x00007fffd2def060:   00007fffd2def2e0 00007fffd2def140
0x00007fffd2def070:   00007fffd2def31f 00007fffd2def2e0
0x00007fffd2def080:   00007fffd2def31f 0000000000000000
0x00007fffd2def090:   0000000000000000 0000000000000000
0x00007fffd2def0a0:   0000000000000000 0000000000000000
0x00007fffd2def0b0:   0000000000000004 00000000000001fe
0x00007fffd2def0c0:   00000000000001fe ffffffffffffff00
0x00007fffd2def0d0:   00007f1ae19abce0 0000000000000000
0x00007fffd2def0e0:   00007f1ae172de20 00007f1ae166bbc8
0x00007fffd2def0f0:   00007f1ae19abbe0 f840384fe42c9200
0x00007fffd2def100:   00007f1ae14f22e0 00000000000000ca
0x00007fffd2def110:   0000000000000a33 00007f1ae05e09d0
0x00007fffd2def120:   0000000000100000 00007f1ae05e0700
0x00007fffd2def130:   00007fffd2def8f8 00007f1ae1806210
0x00007fffd2def140:   0000000000000000 0000000000000000
0x00007fffd2def150:   0000000000000000 0000000000000000
0x00007fffd2def160:   0000000000000000 0000000000000000
0x00007fffd2def170:   00007f1ae05e0700 0000000000000000
0x00007fffd2def180:   0000000000000000 0000000000000a33
0x00007fffd2def190:   00007f1ae05e09d0 0000000000100000
0x00007fffd2def1a0:   00007f1ae05e0700 00007f1ae05e09d0
0x00007fffd2def1b0:   0000000000000000 00007fffd2def8f8
0x00007fffd2def1c0:   00000000000000ca 0000000000000a33
0x00007fffd2def1d0:   fffffffffffffffc 0000000000000000
0x00007fffd2def1e0:   00007fffd2def850 00007f1ae1777cd7
0x00007fffd2def1f0:   0000000000000246 00000053002b0033
0x00007fffd2def200:   0000000000000000 0000000000000000
0x00007fffd2def210:   0000000000000000 0000000000000000
0x00007fffd2def220:   0000000000000000 0000000000000000
0x00007fffd2def230:   0000000000000000 0000000000000000
0x00007fffd2def240:   0000000000000000 0000000000000000
0x00007fffd2def250:   0000000000000000 0000000000000000 

Instructions: (pc=0x00007f1ae12cb7ba)
0x00007f1ae12cb79a:   00 48 89 45 c8 31 c0 e8 8a a4 87 ff 44 8b 30 48
0x00007f1ae12cb7aa:   89 c3 48 8d 05 55 e3 43 00 8b 38 e8 fe a6 87 ff
0x00007f1ae12cb7ba:   4c 8b a8 80 01 00 00 41 8b 85 a8 00 00 00 83 f8
0x00007f1ae12cb7ca:   01 74 2b 44 89 33 48 8b 45 c8 64 48 33 04 25 28 

Register to memory mapping:

RAX=0x0000000000000000 is an unknown value
RBX=0x00007f1ae17613c0 is an unknown value
RCX=0x0000000000000000 is an unknown value
RDX=0x00007f1ae1761440 is an unknown value
RSP=0x00007fffd2def060 is an unknown value
RBP=0x00007fffd2def130 is an unknown value
RSI=0x00007fffd2def750 is an unknown value
RDI=0x0000000000000001 is an unknown value
R8 =0x0000000000000000 is an unknown value
R9 =0x00007f1ae05e0700 is pointing into the stack for thread: 0x00007f1adc00a000
R10=0x0000000000000000 is an unknown value
R11=0x0000000000000000 is an unknown value
R12=0x00007fffd2def750 is an unknown value
R13=0x00007f1ae05e09d0 is pointing into the stack for thread: 0x00007f1adc00a000
R14=0x0000000000000000 is an unknown value
R15=0x00007f1ae05e0700 is pointing into the stack for thread: 0x00007f1adc00a000


Stack: [0x00007fffd2cf7000,0x00007fffd2df7000],  sp=0x00007fffd2def060,  free space=992k
Native frames: (J=compiled Java code, j=interpreted, Vv=VM code, C=native code)
V  [libjvm.so+0x97b7ba]
C  [libc.so.6+0x46210]


---------------  P R O C E S S  ---------------

VM state:not at safepoint (normal execution)

VM Mutex/Monitor currently owned by a thread: None

heap address: 0x00000000c1e00000, size: 994 MB, Compressed Oops mode: 32-bit
Narrow klass base: 0x0000000000000000, Narrow klass shift: 3
Compressed class space size: 1073741824 Address: 0x0000000100000000

Heap:
 PSYoungGen      total 73216K, used 38776K [0x00000000eb500000, 0x00000000f0a00000, 0x0000000100000000)
  eden space 64000K, 46% used [0x00000000eb500000,0x00000000ed23f578,0x00000000ef380000)
  from space 9216K, 95% used [0x00000000efe00000,0x00000000f069eaf8,0x00000000f0700000)
  to   space 10752K, 0% used [0x00000000ef380000,0x00000000ef380000,0x00000000efe00000)
 ParOldGen       total 44032K, used 14061K [0x00000000c1e00000, 0x00000000c4900000, 0x00000000eb500000)
  object space 44032K, 31% used [0x00000000c1e00000,0x00000000c2bbb7a8,0x00000000c4900000)
 Metaspace       used 12962K, capacity 13246K, committed 13440K, reserved 1060864K
  class space    used 1488K, capacity 1589K, committed 1664K, reserved 1048576K

Card table byte_map: [0x00007f1acce00000,0x00007f1accff2000] byte_map_base: 0x00007f1acc7f1000

Marking Bits: (ParMarkBitMap*) 0x00007f1ae17346c0
 Begin Bits: [0x00007f1ac60f0000, 0x00007f1ac7078000)
 End Bits:   [0x00007f1ac7078000, 0x00007f1ac8000000)

Polling page: 0x00007f1ae0610000

CodeCache: size=245760Kb used=4163Kb max_used=4206Kb free=241596Kb
 bounds [0x00007f1acd000000, 0x00007f1acd420000, 0x00007f1adc000000]
 total_blobs=1502 nmethods=1124 adapters=291
 compilation: enabled

Compilation events (10 events):
Event: 2.346 Thread 0x00007f1adc188800 nmethod 1126 0x00007f1acd3fe950 code [0x00007f1acd3feac0, 0x00007f1acd3fec50]
Event: 2.348 Thread 0x00007f1adc188800 1128       3       java.util.concurrent.locks.AbstractOwnableSynchronizer::setExclusiveOwnerThread (6 bytes)
Event: 2.349 Thread 0x00007f1adc188800 nmethod 1128 0x00007f1acd3fe610 code [0x00007f1acd3fe760, 0x00007f1acd3fe8d0]
Event: 2.406 Thread 0x00007f1adc186800 nmethod 939 0x00007f1acd40c150 code [0x00007f1acd40c760, 0x00007f1acd414f70]
Event: 241.673 Thread 0x00007f1adc188800 1129       1       java.util.concurrent.atomic.AtomicInteger::get (5 bytes)
Event: 241.724 Thread 0x00007f1adc188800 nmethod 1129 0x00007f1acd3fe350 code [0x00007f1acd3fe4a0, 0x00007f1acd3fe5b0]
Event: 541.889 Thread 0x00007f1adc188800 1130       3       java.util.concurrent.locks.AbstractQueuedSynchronizer::compareAndSetState (13 bytes)
Event: 541.914 Thread 0x00007f1adc188800 nmethod 1130 0x00007f1acd3fe010 code [0x00007f1acd3fe160, 0x00007f1acd3fe2d0]
Event: 541.915 Thread 0x00007f1adc188800 1131       1       org.eclipse.jetty.util.thread.QueuedThreadPool::access$100 (5 bytes)
Event: 541.930 Thread 0x00007f1adc188800 nmethod 1131 0x00007f1acd40be90 code [0x00007f1acd40bfe0, 0x00007f1acd40c0d0]

GC Heap History (10 events):
Event: 1.343 GC heap before
{Heap before GC invocations=2 (full 0):
 PSYoungGen      total 18944K, used 18939K [0x00000000eb500000, 0x00000000eca00000, 0x0000000100000000)
  eden space 16384K, 100% used [0x00000000eb500000,0x00000000ec500000,0x00000000ec500000)
  from space 2560K, 99% used [0x00000000ec500000,0x00000000ec77ec48,0x00000000ec780000)
  to   space 2560K, 0% used [0x00000000ec780000,0x00000000ec780000,0x00000000eca00000)
 ParOldGen       total 44032K, used 408K [0x00000000c1e00000, 0x00000000c4900000, 0x00000000eb500000)
  object space 44032K, 0% used [0x00000000c1e00000,0x00000000c1e66030,0x00000000c4900000)
 Metaspace       used 10258K, capacity 10514K, committed 10752K, reserved 1058816K
  class space    used 1156K, capacity 1237K, committed 1280K, reserved 1048576K
Event: 1.355 GC heap after
Heap after GC invocations=2 (full 0):
 PSYoungGen      total 18944K, used 2542K [0x00000000eb500000, 0x00000000eda00000, 0x0000000100000000)
  eden space 16384K, 0% used [0x00000000eb500000,0x00000000eb500000,0x00000000ec500000)
  from space 2560K, 99% used [0x00000000ec780000,0x00000000ec9fb9d8,0x00000000eca00000)
  to   space 2560K, 0% used [0x00000000ec500000,0x00000000ec500000,0x00000000ec780000)
 ParOldGen       total 44032K, used 2027K [0x00000000c1e00000, 0x00000000c4900000, 0x00000000eb500000)
  object space 44032K, 4% used [0x00000000c1e00000,0x00000000c1ffada8,0x00000000c4900000)
 Metaspace       used 10258K, capacity 10514K, committed 10752K, reserved 1058816K
  class space    used 1156K, capacity 1237K, committed 1280K, reserved 1048576K
}
Event: 1.431 GC heap before
{Heap before GC invocations=3 (full 0):
 PSYoungGen      total 18944K, used 18926K [0x00000000eb500000, 0x00000000eda00000, 0x0000000100000000)
  eden space 16384K, 100% used [0x00000000eb500000,0x00000000ec500000,0x00000000ec500000)
  from space 2560K, 99% used [0x00000000ec780000,0x00000000ec9fb9d8,0x00000000eca00000)
  to   space 2560K, 0% used [0x00000000ec500000,0x00000000ec500000,0x00000000ec780000)
 ParOldGen       total 44032K, used 2027K [0x00000000c1e00000, 0x00000000c4900000, 0x00000000eb500000)
  object space 44032K, 4% used [0x00000000c1e00000,0x00000000c1ffada8,0x00000000c4900000)
 Metaspace       used 10310K, capacity 10514K, committed 10752K, reserved 1058816K
  class space    used 1156K, capacity 1237K, committed 1280K, reserved 1048576K
Event: 1.445 GC heap after
Heap after GC invocations=3 (full 0):
 PSYoungGen      total 18944K, used 2558K [0x00000000eb500000, 0x00000000eda00000, 0x0000000100000000)
  eden space 16384K, 0% used [0x00000000eb500000,0x00000000eb500000,0x00000000ec500000)
  from space 2560K, 99% used [0x00000000ec500000,0x00000000ec77f9e8,0x00000000ec780000)
  to   space 2560K, 0% used [0x00000000ed780000,0x00000000ed780000,0x00000000eda00000)
 ParOldGen       total 44032K, used 5264K [0x00000000c1e00000, 0x00000000c4900000, 0x00000000eb500000)
  object space 44032K, 11% used [0x00000000c1e00000,0x00000000c2324150,0x00000000c4900000)
 Metaspace       used 10310K, capacity 10514K, committed 10752K, reserved 1058816K
  class space    used 1156K, capacity 1237K, committed 1280K, reserved 1048576K
}
Event: 1.501 GC heap before
{Heap before GC invocations=4 (full 0):
 PSYoungGen      total 18944K, used 18942K [0x00000000eb500000, 0x00000000eda00000, 0x0000000100000000)
  eden space 16384K, 100% used [0x00000000eb500000,0x00000000ec500000,0x00000000ec500000)
  from space 2560K, 99% used [0x00000000ec500000,0x00000000ec77f9e8,0x00000000ec780000)
  to   space 2560K, 0% used [0x00000000ed780000,0x00000000ed780000,0x00000000eda00000)
 ParOldGen       total 44032K, used 5264K [0x00000000c1e00000, 0x00000000c4900000, 0x00000000eb500000)
  object space 44032K, 11% used [0x00000000c1e00000,0x00000000c2324150,0x00000000c4900000)
 Metaspace       used 10327K, capacity 10642K, committed 10752K, reserved 1058816K
  class space    used 1156K, capacity 1237K, committed 1280K, reserved 1048576K
Event: 1.522 GC heap after
Heap after GC invocations=4 (full 0):
 PSYoungGen      total 35328K, used 2542K [0x00000000eb500000, 0x00000000eda00000, 0x0000000100000000)
  eden space 32768K, 0% used [0x00000000eb500000,0x00000000eb500000,0x00000000ed500000)
  from space 2560K, 99% used [0x00000000ed780000,0x00000000ed9fb9d8,0x00000000eda00000)
  to   space 2560K, 0% used [0x00000000ed500000,0x00000000ed500000,0x00000000ed780000)
 ParOldGen       total 44032K, used 8377K [0x00000000c1e00000, 0x00000000c4900000, 0x00000000eb500000)
  object space 44032K, 19% used [0x00000000c1e00000,0x00000000c262e6d8,0x00000000c4900000)
 Metaspace       used 10327K, capacity 10642K, committed 10752K, reserved 1058816K
  class space    used 1156K, capacity 1237K, committed 1280K, reserved 1048576K
}
Event: 1.642 GC heap before
{Heap before GC invocations=5 (full 0):
 PSYoungGen      total 35328K, used 35310K [0x00000000eb500000, 0x00000000eda00000, 0x0000000100000000)
  eden space 32768K, 100% used [0x00000000eb500000,0x00000000ed500000,0x00000000ed500000)
  from space 2560K, 99% used [0x00000000ed780000,0x00000000ed9fb9d8,0x00000000eda00000)
  to   space 2560K, 0% used [0x00000000ed500000,0x00000000ed500000,0x00000000ed780000)
 ParOldGen       total 44032K, used 8377K [0x00000000c1e00000, 0x00000000c4900000, 0x00000000eb500000)
  object space 44032K, 19% used [0x00000000c1e00000,0x00000000c262e6d8,0x00000000c4900000)
 Metaspace       used 10336K, capacity 10642K, committed 10752K, reserved 1058816K
  class space    used 1156K, capacity 1237K, committed 1280K, reserved 1048576K
Event: 1.665 GC heap after
Heap after GC invocations=5 (full 0):
 PSYoungGen      total 35328K, used 2558K [0x00000000eb500000, 0x00000000f0700000, 0x0000000100000000)
  eden space 32768K, 0% used [0x00000000eb500000,0x00000000eb500000,0x00000000ed500000)
  from space 2560K, 99% used [0x00000000ed500000,0x00000000ed77fa08,0x00000000ed780000)
  to   space 9216K, 0% used [0x00000000efe00000,0x00000000efe00000,0x00000000f0700000)
 ParOldGen       total 44032K, used 14053K [0x00000000c1e00000, 0x00000000c4900000, 0x00000000eb500000)
  object space 44032K, 31% used [0x00000000c1e00000,0x00000000c2bb97a8,0x00000000c4900000)
 Metaspace       used 10336K, capacity 10642K, committed 10752K, reserved 1058816K
  class space    used 1156K, capacity 1237K, committed 1280K, reserved 1048576K
}
Event: 1.751 GC heap before
{Heap before GC invocations=6 (full 0):
 PSYoungGen      total 35328K, used 35326K [0x00000000eb500000, 0x00000000f0700000, 0x0000000100000000)
  eden space 32768K, 100% used [0x00000000eb500000,0x00000000ed500000,0x00000000ed500000)
  from space 2560K, 99% used [0x00000000ed500000,0x00000000ed77fa08,0x00000000ed780000)
  to   space 9216K, 0% used [0x00000000efe00000,0x00000000efe00000,0x00000000f0700000)
 ParOldGen       total 44032K, used 14053K [0x00000000c1e00000, 0x00000000c4900000, 0x00000000eb500000)
  object space 44032K, 31% used [0x00000000c1e00000,0x00000000c2bb97a8,0x00000000c4900000)
 Metaspace       used 10336K, capacity 10642K, committed 10752K, reserved 1058816K
  class space    used 1156K, capacity 1237K, committed 1280K, reserved 1048576K
Event: 1.771 GC heap after
Heap after GC invocations=6 (full 0):
 PSYoungGen      total 73216K, used 8826K [0x00000000eb500000, 0x00000000f0a00000, 0x0000000100000000)
  eden space 64000K, 0% used [0x00000000eb500000,0x00000000eb500000,0x00000000ef380000)
  from space 9216K, 95% used [0x00000000efe00000,0x00000000f069eaf8,0x00000000f0700000)
  to   space 10752K, 0% used [0x00000000ef380000,0x00000000ef380000,0x00000000efe00000)
 ParOldGen       total 44032K, used 14061K [0x00000000c1e00000, 0x00000000c4900000, 0x00000000eb500000)
  object space 44032K, 31% used [0x00000000c1e00000,0x00000000c2bbb7a8,0x00000000c4900000)
 Metaspace       used 10336K, capacity 10642K, committed 10752K, reserved 1058816K
  class space    used 1156K, capacity 1237K, committed 1280K, reserved 1048576K
}

Deoptimization events (9 events):
Event: 0.919 Thread 0x00007f1adc00a000 Uncommon trap: reason=unstable_if action=reinterpret pc=0x00007f1acd1fbb28 method=java.lang.String.startsWith(Ljava/lang/String;I)Z @ 25
Event: 1.131 Thread 0x00007f1adc00a000 Uncommon trap: reason=unstable_if action=reinterpret pc=0x00007f1acd1c6b40 method=java.lang.String.indexOf([CII[CIII)I @ 3
Event: 1.166 Thread 0x00007f1adc00a000 Uncommon trap: reason=class_check action=maybe_recompile pc=0x00007f1acd1f9cec method=java.util.jar.JarFile.getJarEntry(Ljava/lang/String;)Ljava/util/jar/JarEntry; @ 2
Event: 1.166 Thread 0x00007f1adc00a000 Uncommon trap: reason=class_check action=maybe_recompile pc=0x00007f1acd1f9cec method=java.util.jar.JarFile.getJarEntry(Ljava/lang/String;)Ljava/util/jar/JarEntry; @ 2
Event: 1.171 Thread 0x00007f1adc00a000 Uncommon trap: reason=class_check action=maybe_recompile pc=0x00007f1acd1f9cec method=java.util.jar.JarFile.getJarEntry(Ljava/lang/String;)Ljava/util/jar/JarEntry; @ 2
Event: 1.171 Thread 0x00007f1adc00a000 Uncommon trap: reason=class_check action=maybe_recompile pc=0x00007f1acd1f9cec method=java.util.jar.JarFile.getJarEntry(Ljava/lang/String;)Ljava/util/jar/JarEntry; @ 2
Event: 1.695 Thread 0x00007f1adc758800 Uncommon trap: reason=unstable_if action=reinterpret pc=0x00007f1acd38c98c method=org.objectweb.asm.ClassReader.readMethod(Lorg/objectweb/asm/ClassVisitor;Lorg/objectweb/asm/Context;I)I @ 658
Event: 2.019 Thread 0x00007f1adc00a000 Uncommon trap: reason=unstable_if action=reinterpret pc=0x00007f1acd3435e8 method=java.lang.String.regionMatches(ZILjava/lang/String;II)Z @ 123
Event: 2.229 Thread 0x00007f1adc00a000 Uncommon trap: reason=unstable_if action=reinterpret pc=0x00007f1acd33dcfc method=java.util.TreeMap.put(Ljava/lang/Object;Ljava/lang/Object;)Ljava/lang/Object; @ 55

Classes redefined (0 events):
No events

Internal exceptions (10 events):
Event: 1.165 Thread 0x00007f1adc00a000 Exception <a 'sun/nio/fs/UnixException'> (0x00000000eba63778) thrown at [/build/openjdk-8-4TqvnK/openjdk-8-8u292-b10/src/hotspot/src/share/vm/prims/jni.cpp, line 711]
Event: 1.165 Thread 0x00007f1adc00a000 Exception <a 'sun/nio/fs/UnixException'> (0x00000000eba63c48) thrown at [/build/openjdk-8-4TqvnK/openjdk-8-8u292-b10/src/hotspot/src/share/vm/prims/jni.cpp, line 711]
Event: 1.249 Thread 0x00007f1adc00a000 Exception <a 'java/lang/NoSuchMethodError': java.lang.Object.lambda$maxBy$1(Ljava/util/Comparator;Ljava/lang/Object;Ljava/lang/Object;)Ljava/lang/Object;> (0x00000000ebe9c250) thrown at [/build/openjdk-8-4TqvnK/openjdk-8-8u292-b10/src/hotspot/src/share/vm
Event: 1.833 Thread 0x00007f1adc00a000 Exception <a 'sun/nio/fs/UnixException'> (0x00000000eca0bcb8) thrown at [/build/openjdk-8-4TqvnK/openjdk-8-8u292-b10/src/hotspot/src/share/vm/prims/jni.cpp, line 711]
Event: 1.833 Thread 0x00007f1adc00a000 Exception <a 'sun/nio/fs/UnixException'> (0x00000000eca0c760) thrown at [/build/openjdk-8-4TqvnK/openjdk-8-8u292-b10/src/hotspot/src/share/vm/prims/jni.cpp, line 711]
Event: 1.834 Thread 0x00007f1adc00a000 Exception <a 'sun/nio/fs/UnixException'> (0x00000000eca0cc90) thrown at [/build/openjdk-8-4TqvnK/openjdk-8-8u292-b10/src/hotspot/src/share/vm/prims/jni.cpp, line 711]
Event: 1.834 Thread 0x00007f1adc00a000 Exception <a 'sun/nio/fs/UnixException'> (0x00000000eca0d230) thrown at [/build/openjdk-8-4TqvnK/openjdk-8-8u292-b10/src/hotspot/src/share/vm/prims/jni.cpp, line 711]
Event: 1.834 Thread 0x00007f1adc00a000 Exception <a 'sun/nio/fs/UnixException'> (0x00000000eca0d670) thrown at [/build/openjdk-8-4TqvnK/openjdk-8-8u292-b10/src/hotspot/src/share/vm/prims/jni.cpp, line 711]
Event: 1.834 Thread 0x00007f1adc00a000 Exception <a 'sun/nio/fs/UnixException'> (0x00000000eca0db40) thrown at [/build/openjdk-8-4TqvnK/openjdk-8-8u292-b10/src/hotspot/src/share/vm/prims/jni.cpp, line 711]
Event: 2.225 Thread 0x00007f1adc00a000 Exception <a 'java/lang/NoSuchMethodError': java.lang.Object.lambda$comparing$77a9974f$1(Ljava/util/function/Function;Ljava/lang/Object;Ljava/lang/Object;)I> (0x00000000ece7e670) thrown at [/build/openjdk-8-4TqvnK/openjdk-8-8u292-b10/src/hotspot/src/share

Events (10 events):
Event: 2.340 loading class java/util/stream/ReduceOps$3ReducingSink done
Event: 2.342 loading class br/edu/utfpr/oiardubot/web/ServerLauncher$1
Event: 2.342 loading class br/edu/utfpr/oiardubot/web/ServerLauncher$1 done
Event: 2.346 Thread 0x00007f1adc96c000 Thread added: 0x00007f1adc96c000
Event: 2.348 loading class java/nio/channels/spi/AbstractInterruptibleChannel$1
Event: 2.348 loading class java/nio/channels/spi/AbstractInterruptibleChannel$1 done
Event: 2.348 loading class sun/nio/ch/NativeThread
Event: 2.348 loading class sun/nio/ch/NativeThread done
Event: 4.146 Executing VM operation: EnableBiasedLocking
Event: 4.146 Executing VM operation: EnableBiasedLocking done


Dynamic libraries:
c1e00000-c4900000 rw-p 00000000 00:00 0
c4900000-eb500000 ---p 00000000 00:00 0
eb500000-f0a00000 rw-p 00000000 00:00 0
f0a00000-100000000 ---p 00000000 00:00 0
100000000-1001a0000 rw-p 00000000 00:00 0
1001a0000-140000000 ---p 00000000 00:00 0
7f1a68000000-7f1a68021000 rw-p 00000000 00:00 0
7f1a68021000-7f1a6c000000 ---p 00000000 00:00 0
7f1a6c000000-7f1a6c021000 rw-p 00000000 00:00 0
7f1a6c021000-7f1a70000000 ---p 00000000 00:00 0
7f1a70000000-7f1a70021000 rw-p 00000000 00:00 0
7f1a70021000-7f1a74000000 ---p 00000000 00:00 0
7f1a74000000-7f1a74021000 rw-p 00000000 00:00 0
7f1a74021000-7f1a78000000 ---p 00000000 00:00 0
7f1a78000000-7f1a78021000 rw-p 00000000 00:00 0
7f1a78021000-7f1a7c000000 ---p 00000000 00:00 0
7f1a7c000000-7f1a7c021000 rw-p 00000000 00:00 0
7f1a7c021000-7f1a80000000 ---p 00000000 00:00 0
7f1a80000000-7f1a800bf000 rw-p 00000000 00:00 0
7f1a800bf000-7f1a84000000 ---p 00000000 00:00 0
7f1a84000000-7f1a84021000 rw-p 00000000 00:00 0
7f1a84021000-7f1a88000000 ---p 00000000 00:00 0
7f1a88000000-7f1a88021000 rw-p 00000000 00:00 0
7f1a88021000-7f1a8c000000 ---p 00000000 00:00 0
7f1a8c000000-7f1a8c021000 rw-p 00000000 00:00 0
7f1a8c021000-7f1a90000000 ---p 00000000 00:00 0
7f1a90000000-7f1a90021000 rw-p 00000000 00:00 0
7f1a90021000-7f1a94000000 ---p 00000000 00:00 0
7f1a94000000-7f1a94021000 rw-p 00000000 00:00 0
7f1a94021000-7f1a98000000 ---p 00000000 00:00 0
7f1a98000000-7f1a9896e000 rw-p 00000000 00:00 0
7f1a9896e000-7f1a9c000000 ---p 00000000 00:00 0
7f1a9c000000-7f1a9c4e5000 rw-p 00000000 00:00 0
7f1a9c4e5000-7f1aa0000000 ---p 00000000 00:00 0
7f1aa0000000-7f1aa0021000 rw-p 00000000 00:00 0
7f1aa0021000-7f1aa4000000 ---p 00000000 00:00 0
7f1aa4000000-7f1aa4b41000 rw-p 00000000 00:00 0
7f1aa4b41000-7f1aa8000000 ---p 00000000 00:00 0
7f1aa8000000-7f1aa8021000 rw-p 00000000 00:00 0
7f1aa8021000-7f1aac000000 ---p 00000000 00:00 0
7f1aac000000-7f1aac021000 rw-p 00000000 00:00 0
7f1aac021000-7f1ab0000000 ---p 00000000 00:00 0
7f1ab0000000-7f1ab0021000 rw-p 00000000 00:00 0
7f1ab0021000-7f1ab4000000 ---p 00000000 00:00 0
7f1ab4000000-7f1ab4021000 rw-p 00000000 00:00 0
7f1ab4021000-7f1ab8000000 ---p 00000000 00:00 0
7f1ab8000000-7f1ab8021000 rw-p 00000000 00:00 0
7f1ab8021000-7f1abc000000 ---p 00000000 00:00 0
7f1abee30000-7f1abee33000 ---p 00000000 00:00 0
7f1abee33000-7f1abef31000 rw-p 00000000 00:00 0
7f1abef40000-7f1abf0c0000 rw-p 00000000 00:00 0
7f1abf0c0000-7f1abf140000 ---p 00000000 00:00 0
7f1abf190000-7f1abf193000 ---p 00000000 00:00 0
7f1abf193000-7f1abf291000 rw-p 00000000 00:00 0
7f1abf2a0000-7f1abf2a7000 r--p 00000000 00:00 821417             /usr/lib/jvm/java-8-openjdk-amd64/jre/lib/amd64/libsunec.so
7f1abf2a7000-7f1abf2c0000 r-xp 00007000 00:00 821417             /usr/lib/jvm/java-8-openjdk-amd64/jre/lib/amd64/libsunec.so
7f1abf2c0000-7f1abf2ca000 r--p 00020000 00:00 821417             /usr/lib/jvm/java-8-openjdk-amd64/jre/lib/amd64/libsunec.so
7f1abf2ca000-7f1abf2ce000 r--p 00029000 00:00 821417             /usr/lib/jvm/java-8-openjdk-amd64/jre/lib/amd64/libsunec.so
7f1abf2ce000-7f1abf2cf000 rw-p 0002d000 00:00 821417             /usr/lib/jvm/java-8-openjdk-amd64/jre/lib/amd64/libsunec.so
7f1abf2cf000-7f1abf2e0000 r--s 001bf000 00:00 821461             /usr/lib/jvm/java-8-openjdk-amd64/jre/lib/jsse.jar
7f1abf2e0000-7f1abf4e0000 rw-p 00000000 00:00 0
7f1abf4e0000-7f1abf4e3000 ---p 00000000 00:00 0
7f1abf4e3000-7f1abf5e1000 rw-p 00000000 00:00 0
7f1abf5f0000-7f1abf5f3000 ---p 00000000 00:00 0
7f1abf5f3000-7f1abf6f1000 rw-p 00000000 00:00 0
7f1abf700000-7f1abf703000 ---p 00000000 00:00 0
7f1abf703000-7f1abf801000 rw-p 00000000 00:00 0
7f1abf810000-7f1abf813000 ---p 00000000 00:00 0
7f1abf813000-7f1abf911000 rw-p 00000000 00:00 0
7f1abf920000-7f1abf923000 ---p 00000000 00:00 0
7f1abf923000-7f1abfa21000 rw-p 00000000 00:00 0
7f1abfa30000-7f1abfa33000 ---p 00000000 00:00 0
7f1abfa33000-7f1abfb31000 rw-p 00000000 00:00 0
7f1abfb40000-7f1abfb43000 ---p 00000000 00:00 0
7f1abfb43000-7f1abfc41000 rw-p 00000000 00:00 0
7f1abfc50000-7f1abfc53000 ---p 00000000 00:00 0
7f1abfc53000-7f1abfd51000 rw-p 00000000 00:00 0
7f1abfd5c000-7f1abfd8b000 r--s 008ca000 00:00 558379             /home/gustavo/oiArduBot/backend/language_server/language_server_lib/ace-1.3.3.jar
7f1abfd8b000-7f1abfdbf000 r--s 00287000 00:00 859424             /home/gustavo/oiArduBot/backend/language_server/language_server_lib/guava-30.1-jre.jar
7f1abfdbf000-7f1abfde0000 r--s 00255000 00:00 859462             /home/gustavo/oiArduBot/backend/language_server/language_server_lib/org.eclipse.xtext.xbase-2.25.0.jar
7f1abfde0000-7f1abfde1000 ---p 00000000 00:00 0
7f1abfde1000-7f1abfee1000 rw-p 00000000 00:00 0
7f1abfef0000-7f1abfef3000 ---p 00000000 00:00 0
7f1abfef3000-7f1abfff1000 rw-p 00000000 00:00 0
7f1ac0000000-7f1ac0021000 rw-p 00000000 00:00 0
7f1ac0021000-7f1ac4000000 ---p 00000000 00:00 0
7f1ac4000000-7f1ac4004000 r--p 00000000 00:00 821410             /usr/lib/jvm/java-8-openjdk-amd64/jre/lib/amd64/libmanagement.so
7f1ac4004000-7f1ac4008000 r-xp 00004000 00:00 821410             /usr/lib/jvm/java-8-openjdk-amd64/jre/lib/amd64/libmanagement.so
7f1ac4008000-7f1ac400a000 r--p 00008000 00:00 821410             /usr/lib/jvm/java-8-openjdk-amd64/jre/lib/amd64/libmanagement.so
7f1ac400a000-7f1ac400b000 r--p 00009000 00:00 821410             /usr/lib/jvm/java-8-openjdk-amd64/jre/lib/amd64/libmanagement.so
7f1ac400b000-7f1ac400c000 rw-p 0000a000 00:00 821410             /usr/lib/jvm/java-8-openjdk-amd64/jre/lib/amd64/libmanagement.so
7f1ac4013000-7f1ac4027000 r--s 00146000 00:00 859446             /home/gustavo/oiArduBot/backend/language_server/language_server_lib/org.eclipse.emf.ecore-2.20.0.jar
7f1ac4027000-7f1ac403e000 r--s 0015b000 00:00 859453             /home/gustavo/oiArduBot/backend/language_server/language_server_lib/org.eclipse.osgi-3.16.0.jar
7f1ac403e000-7f1ac4070000 r--s 0026c000 00:00 859456             /home/gustavo/oiArduBot/backend/language_server/language_server_lib/org.eclipse.xtext-2.25.0.jar
7f1ac4070000-7f1ac4074000 ---p 00000000 00:00 0
7f1ac4074000-7f1ac4171000 rw-p 00000000 00:00 0
7f1ac4180000-7f1ac4184000 ---p 00000000 00:00 0
7f1ac4184000-7f1ac4281000 rw-p 00000000 00:00 0
7f1ac4290000-7f1ac4294000 ---p 00000000 00:00 0
7f1ac4294000-7f1ac4391000 rw-p 00000000 00:00 0
7f1ac43a0000-7f1ac43a3000 ---p 00000000 00:00 0
7f1ac43a3000-7f1ac44a1000 rw-p 00000000 00:00 0
7f1ac44a7000-7f1ac461a000 r--p 00000000 00:00 572508             /usr/lib/locale/C.UTF-8/LC_COLLATE
7f1ac461a000-7f1ac4900000 r--p 00000000 00:00 572521             /usr/lib/locale/locale-archive
7f1ac4900000-7f1ac4903000 ---p 00000000 00:00 0
7f1ac4903000-7f1ac4a01000 rw-p 00000000 00:00 0
7f1ac4a10000-7f1ac4a13000 ---p 00000000 00:00 0
7f1ac4a13000-7f1ac4b11000 rw-p 00000000 00:00 0
7f1ac4b20000-7f1ac4b21000 ---p 00000000 00:00 0
7f1ac4b21000-7f1ac4c21000 rw-p 00000000 00:00 0
7f1ac4c30000-7f1ac4d31000 rw-p 00000000 00:00 0
7f1ac4d40000-7f1ac4e41000 rw-p 00000000 00:00 0
7f1ac4e50000-7f1ac4f51000 rw-p 00000000 00:00 0
7f1ac4f60000-7f1ac5061000 rw-p 00000000 00:00 0
7f1ac5070000-7f1ac5171000 rw-p 00000000 00:00 0
7f1ac5180000-7f1ac5281000 rw-p 00000000 00:00 0
7f1ac5290000-7f1ac5391000 rw-p 00000000 00:00 0
7f1ac53a0000-7f1ac54a1000 rw-p 00000000 00:00 0
7f1ac54b0000-7f1ac55b1000 rw-p 00000000 00:00 0
7f1ac55c0000-7f1ac56c1000 rw-p 00000000 00:00 0
7f1ac56d0000-7f1ac57d1000 rw-p 00000000 00:00 0
7f1ac57e0000-7f1ac58e1000 rw-p 00000000 00:00 0
7f1ac58f0000-7f1ac8021000 rw-p 00000000 00:00 0
7f1ac8021000-7f1acc000000 ---p 00000000 00:00 0
7f1acc000000-7f1acc005000 r--p 00000000 00:00 821412             /usr/lib/jvm/java-8-openjdk-amd64/jre/lib/amd64/libnet.so
7f1acc005000-7f1acc016000 r-xp 00005000 00:00 821412             /usr/lib/jvm/java-8-openjdk-amd64/jre/lib/amd64/libnet.so
7f1acc016000-7f1acc01a000 r--p 00016000 00:00 821412             /usr/lib/jvm/java-8-openjdk-amd64/jre/lib/amd64/libnet.so
7f1acc01a000-7f1acc01b000 r--p 00019000 00:00 821412             /usr/lib/jvm/java-8-openjdk-amd64/jre/lib/amd64/libnet.so
7f1acc01b000-7f1acc01c000 rw-p 0001a000 00:00 821412             /usr/lib/jvm/java-8-openjdk-amd64/jre/lib/amd64/libnet.so
7f1acc020000-7f1acc027000 r--p 00000000 00:00 821413             /usr/lib/jvm/java-8-openjdk-amd64/jre/lib/amd64/libnio.so
7f1acc027000-7f1acc030000 r-xp 00007000 00:00 821413             /usr/lib/jvm/java-8-openjdk-amd64/jre/lib/amd64/libnio.so
7f1acc030000-7f1acc033000 r--p 00010000 00:00 821413             /usr/lib/jvm/java-8-openjdk-amd64/jre/lib/amd64/libnio.so
7f1acc033000-7f1acc034000 r--p 00012000 00:00 821413             /usr/lib/jvm/java-8-openjdk-amd64/jre/lib/amd64/libnio.so
7f1acc034000-7f1acc035000 rw-p 00013000 00:00 821413             /usr/lib/jvm/java-8-openjdk-amd64/jre/lib/amd64/libnio.so
7f1acc038000-7f1acc053000 r--s 001d6000 00:00 821439             /usr/lib/jvm/java-8-openjdk-amd64/jre/lib/ext/nashorn.jar
7f1acc053000-7f1acc06e000 r--s 00394000 00:00 821434             /usr/lib/jvm/java-8-openjdk-amd64/jre/lib/ext/cldrdata.jar
7f1acc06e000-7f1acc0a0000 r--p 00000000 00:00 572509             /usr/lib/locale/C.UTF-8/LC_CTYPE
7f1acc0a0000-7f1acc1a1000 rw-p 00000000 00:00 0
7f1acc1b0000-7f1acc2b1000 rw-p 00000000 00:00 0
7f1acc2c0000-7f1acc3c1000 rw-p 00000000 00:00 0
7f1acc3ca000-7f1acc3cc000 r--s 00016000 00:00 821455             /usr/lib/jvm/java-8-openjdk-amd64/jre/lib/jce.jar
7f1acc3cc000-7f1acc3d0000 r--s 00025000 00:00 859432             /home/gustavo/oiArduBot/backend/language_server/language_server_lib/jetty-io-9.4.34.v20201102.jar
7f1acc3d0000-7f1acc41e000 rw-p 00000000 00:00 0
7f1acc41f000-7f1acc5f0000 r--s 03ca5000 00:00 821467             /usr/lib/jvm/java-8-openjdk-amd64/jre/lib/rt.jar
7f1acc5f0000-7f1acc666000 rw-p 00000000 00:00 0
7f1acc667000-7f1acc669000 r--s 00009000 00:00 859467             /home/gustavo/oiArduBot/backend/language_server/language_server_lib/slf4j-api-1.7.21.jar
7f1acc669000-7f1acc66d000 r--s 00031000 00:00 859431             /home/gustavo/oiArduBot/backend/language_server/language_server_lib/jetty-http-9.4.34.v20201102.jar
7f1acc66d000-7f1acc670000 r--s 00015000 00:00 859429             /home/gustavo/oiArduBot/backend/language_server/language_server_lib/javax.servlet-api-3.1.0.jar
7f1acc670000-7f1acc861000 rw-p 00000000 00:00 0
7f1acc861000-7f1acc863000 r--s 00005000 00:00 859427             /home/gustavo/oiArduBot/backend/language_server/language_server_lib/javax.annotation-api-1.3.2.jar
7f1acc863000-7f1acc86d000 r--s 000a3000 00:00 859436             /home/gustavo/oiArduBot/backend/language_server/language_server_lib/jetty-server-9.4.34.v20201102.jar
7f1acc86d000-7f1acc870000 r--s 0001a000 00:00 859435             /home/gustavo/oiArduBot/backend/language_server/language_server_lib/jetty-security-9.4.34.v20201102.jar
7f1acc870000-7f1acc871000 ---p 00000000 00:00 0
7f1acc871000-7f1acc971000 rw-p 00000000 00:00 0
7f1acc972000-7f1acc975000 r--s 0001f000 00:00 859437             /home/gustavo/oiArduBot/backend/language_server/language_server_lib/jetty-servlet-9.4.34.v20201102.jar
7f1acc975000-7f1acc977000 r--s 0000f000 00:00 859440             /home/gustavo/oiArduBot/backend/language_server/language_server_lib/jetty-xml-9.4.34.v20201102.jar
7f1acc977000-7f1acc980000 r--s 00081000 00:00 859438             /home/gustavo/oiArduBot/backend/language_server/language_server_lib/jetty-util-9.4.34.v20201102.jar
7f1acc980000-7f1acc981000 ---p 00000000 00:00 0
7f1acc981000-7f1acca81000 rw-p 00000000 00:00 0
7f1acca82000-7f1acca85000 r--s 00020000 00:00 859439             /home/gustavo/oiArduBot/backend/language_server/language_server_lib/jetty-webapp-9.4.34.v20201102.jar
7f1acca85000-7f1acca90000 r--s 0002a000 00:00 859419             /home/gustavo/oiArduBot/backend/language_server/language_server_lib/checker-qual-3.5.0.jar
7f1acca90000-7f1acca91000 ---p 00000000 00:00 0
7f1acca91000-7f1accb91000 rw-p 00000000 00:00 0
7f1accb92000-7f1accb94000 r--s 0000a000 00:00 859433             /home/gustavo/oiArduBot/backend/language_server/language_server_lib/jetty-jndi-9.4.34.v20201102.jar
7f1accb94000-7f1accb97000 r--s 00013000 00:00 859430             /home/gustavo/oiArduBot/backend/language_server/language_server_lib/jetty-annotations-9.4.34.v20201102.jar
7f1accb97000-7f1accb9b000 r--s 00010000 00:00 859455             /home/gustavo/oiArduBot/backend/language_server/language_server_lib/org.eclipse.xtend.lib.macro-2.25.0.jar
7f1accb9b000-7f1accba0000 r--s 00024000 00:00 859464             /home/gustavo/oiArduBot/backend/language_server/language_server_lib/org.eclipse.xtext.xbase.lib-2.25.0.jar
7f1accba0000-7f1accba1000 ---p 00000000 00:00 0
7f1accba1000-7f1accca1000 rw-p 00000000 00:00 0
7f1accca1000-7f1acccb0000 r--s 0009f000 00:00 859425             /home/gustavo/oiArduBot/backend/language_server/language_server_lib/guice-3.0.jar
7f1acccb0000-7f1acccc6000 rw-p 00000000 00:00 0
7f1acccc6000-7f1accdfc000 ---p 00000000 00:00 0
7f1accdfc000-7f1accdfe000 r--s 0000f000 00:00 859434             /home/gustavo/oiArduBot/backend/language_server/language_server_lib/jetty-plus-9.4.34.v20201102.jar
7f1accdfe000-7f1acce00000 r--s 00001000 00:00 859426             /home/gustavo/oiArduBot/backend/language_server/language_server_lib/j2objc-annotations-1.3.jar
7f1acce00000-7f1acce16000 rw-p 00000000 00:00 0
7f1acce16000-7f1accf4b000 ---p 00000000 00:00 0
7f1accf4b000-7f1accf76000 rw-p 00000000 00:00 0
7f1accf76000-7f1accff1000 ---p 00000000 00:00 0
7f1accff1000-7f1accff2000 rw-p 00000000 00:00 0
7f1accff3000-7f1accff8000 r--s 00036000 00:00 859423             /home/gustavo/oiArduBot/backend/language_server/language_server_lib/gson-2.8.6.jar
7f1accff8000-7f1acd000000 r--s 00069000 00:00 859420             /home/gustavo/oiArduBot/backend/language_server/language_server_lib/classgraph-4.8.35.jar
7f1acd000000-7f1acd420000 rwxp 00000000 00:00 0
7f1acd420000-7f1adc000000 ---p 00000000 00:00 0
7f1adc000000-7f1adc974000 rw-p 00000000 00:00 0
7f1adc974000-7f1ae0000000 ---p 00000000 00:00 0
7f1ae0000000-7f1ae005b000 rw-p 00000000 00:00 0
7f1ae005b000-7f1ae0060000 r--s 00091000 00:00 859463             /home/gustavo/oiArduBot/backend/language_server/language_server_lib/org.eclipse.xtext.xbase.ide-2.25.0.jar
7f1ae0060000-7f1ae0074000 rw-p 00000000 00:00 0
7f1ae0074000-7f1ae0076000 r--s 00002000 00:00 859421             /home/gustavo/oiArduBot/backend/language_server/language_server_lib/error_prone_annotations-2.3.4.jar
7f1ae0076000-7f1ae0080000 r--s 00073000 00:00 859457             /home/gustavo/oiArduBot/backend/language_server/language_server_lib/org.eclipse.xtext.common.types-2.25.0.jar
7f1ae0080000-7f1ae0091000 rw-p 00000000 00:00 0
7f1ae0091000-7f1ae0440000 ---p 00000000 00:00 0
7f1ae0440000-7f1ae0443000 r--p 00000000 00:00 821420             /usr/lib/jvm/java-8-openjdk-amd64/jre/lib/amd64/libzip.so
7f1ae0443000-7f1ae0448000 r-xp 00003000 00:00 821420             /usr/lib/jvm/java-8-openjdk-amd64/jre/lib/amd64/libzip.so
7f1ae0448000-7f1ae044a000 r--p 00008000 00:00 821420             /usr/lib/jvm/java-8-openjdk-amd64/jre/lib/amd64/libzip.so
7f1ae044a000-7f1ae044b000 r--p 00009000 00:00 821420             /usr/lib/jvm/java-8-openjdk-amd64/jre/lib/amd64/libzip.so
7f1ae044b000-7f1ae044c000 rw-p 0000a000 00:00 821420             /usr/lib/jvm/java-8-openjdk-amd64/jre/lib/amd64/libzip.so
7f1ae044c000-7f1ae044e000 r--s 00003000 00:00 859442             /home/gustavo/oiArduBot/backend/language_server/language_server_lib/jsr305-3.0.2.jar
7f1ae044e000-7f1ae0450000 r--s 00000000 00:00 859422             /home/gustavo/oiArduBot/backend/language_server/language_server_lib/failureaccess-1.0.1.jar
7f1ae0450000-7f1ae0453000 r--p 00000000 00:00 652020             /usr/lib/x86_64-linux-gnu/libnss_files-2.31.so
7f1ae0453000-7f1ae045a000 r-xp 00003000 00:00 652020             /usr/lib/x86_64-linux-gnu/libnss_files-2.31.so
7f1ae045a000-7f1ae045c000 r--p 0000a000 00:00 652020             /usr/lib/x86_64-linux-gnu/libnss_files-2.31.so
7f1ae045c000-7f1ae045d000 r--p 0000b000 00:00 652020             /usr/lib/x86_64-linux-gnu/libnss_files-2.31.so
7f1ae045d000-7f1ae045e000 rw-p 0000c000 00:00 652020             /usr/lib/x86_64-linux-gnu/libnss_files-2.31.so
7f1ae045e000-7f1ae0464000 rw-p 00000000 00:00 0
7f1ae0465000-7f1ae0468000 r--s 00019000 00:00 859454             /home/gustavo/oiArduBot/backend/language_server/language_server_lib/org.eclipse.xtend.lib-2.25.0.jar
7f1ae0468000-7f1ae046c000 r--s 00022000 00:00 859413             /home/gustavo/oiArduBot/backend/language_server/language_server_lib/antlr-runtime-3.2.jar
7f1ae046c000-7f1ae0470000 r--s 00036000 00:00 859448             /home/gustavo/oiArduBot/backend/language_server/language_server_lib/org.eclipse.emf.ecore.xmi-2.16.0.jar
7f1ae0470000-7f1ae0471000 rw-p 00000000 00:00 0
7f1ae0471000-7f1ae0473000 r--s 00003000 00:00 859461             /home/gustavo/oiArduBot/backend/language_server/language_server_lib/org.eclipse.xtext.web.servlet-2.25.0.jar
7f1ae0473000-7f1ae047a000 r--s 00055000 00:00 859445             /home/gustavo/oiArduBot/backend/language_server/language_server_lib/org.eclipse.emf.common-2.17.0.jar
7f1ae047a000-7f1ae0480000 r--s 00046000 00:00 859459             /home/gustavo/oiArduBot/backend/language_server/language_server_lib/org.eclipse.xtext.util-2.25.0.jar
7f1ae0480000-7f1ae048d000 r--p 00000000 00:00 821401             /usr/lib/jvm/java-8-openjdk-amd64/jre/lib/amd64/libjava.so
7f1ae048d000-7f1ae04a5000 r-xp 0000d000 00:00 821401             /usr/lib/jvm/java-8-openjdk-amd64/jre/lib/amd64/libjava.so
7f1ae04a5000-7f1ae04ac000 r--p 00025000 00:00 821401             /usr/lib/jvm/java-8-openjdk-amd64/jre/lib/amd64/libjava.so
7f1ae04ac000-7f1ae04ad000 r--p 0002b000 00:00 821401             /usr/lib/jvm/java-8-openjdk-amd64/jre/lib/amd64/libjava.so
7f1ae04ad000-7f1ae04af000 rw-p 0002c000 00:00 821401             /usr/lib/jvm/java-8-openjdk-amd64/jre/lib/amd64/libjava.so
7f1ae04af000-7f1ae04b0000 r--s 00002000 00:00 859468             /home/gustavo/oiArduBot/backend/language_server/language_server_lib/slf4j-simple-1.7.21.jar
7f1ae04b0000-7f1ae04b5000 r--p 00000000 00:00 821419             /usr/lib/jvm/java-8-openjdk-amd64/jre/lib/amd64/libverify.so
7f1ae04b5000-7f1ae04be000 r-xp 00005000 00:00 821419             /usr/lib/jvm/java-8-openjdk-amd64/jre/lib/amd64/libverify.so
7f1ae04be000-7f1ae04c0000 r--p 0000e000 00:00 821419             /usr/lib/jvm/java-8-openjdk-amd64/jre/lib/amd64/libverify.so
7f1ae04c0000-7f1ae04c2000 r--p 0000f000 00:00 821419             /usr/lib/jvm/java-8-openjdk-amd64/jre/lib/amd64/libverify.so
7f1ae04c2000-7f1ae04c3000 rw-p 00011000 00:00 821419             /usr/lib/jvm/java-8-openjdk-amd64/jre/lib/amd64/libverify.so
7f1ae04c3000-7f1ae04c6000 r--s 00017000 00:00 859447             /home/gustavo/oiArduBot/backend/language_server/language_server_lib/org.eclipse.emf.ecore.change-2.14.0.jar
7f1ae04c6000-7f1ae04d0000 r--s 0006f000 00:00 859458             /home/gustavo/oiArduBot/backend/language_server/language_server_lib/org.eclipse.xtext.ide-2.25.0.jar
7f1ae04d0000-7f1ae04d3000 r--p 00000000 00:00 652106             /usr/lib/x86_64-linux-gnu/librt-2.31.so
7f1ae04d3000-7f1ae04d7000 r-xp 00003000 00:00 652106             /usr/lib/x86_64-linux-gnu/librt-2.31.so
7f1ae04d7000-7f1ae04d8000 r--p 00007000 00:00 652106             /usr/lib/x86_64-linux-gnu/librt-2.31.so
7f1ae04d8000-7f1ae04d9000 ---p 00008000 00:00 652106             /usr/lib/x86_64-linux-gnu/librt-2.31.so
7f1ae04d9000-7f1ae04da000 r--p 00008000 00:00 652106             /usr/lib/x86_64-linux-gnu/librt-2.31.so
7f1ae04da000-7f1ae04db000 rw-p 00009000 00:00 652106             /usr/lib/x86_64-linux-gnu/librt-2.31.so
7f1ae04db000-7f1ae04dd000 r--s 00000000 00:00 859414             /home/gustavo/oiArduBot/backend/language_server/language_server_lib/aopalliance-1.0.jar
7f1ae04dd000-7f1ae04e0000 r--s 0001f000 00:00 859449             /home/gustavo/oiArduBot/backend/language_server/language_server_lib/org.eclipse.equinox.common-3.13.0.jar
7f1ae04e0000-7f1ae04e4000 ---p 00000000 00:00 0
7f1ae04e4000-7f1ae05e1000 rw-p 00000000 00:00 0
7f1ae05e1000-7f1ae05f0000 r--s 000b7000 00:00 859450             /home/gustavo/oiArduBot/backend/language_server/language_server_lib/org.eclipse.lsp4j-0.10.0.jar
7f1ae05f0000-7f1ae05f3000 r--p 00000000 00:00 677530             /usr/lib/x86_64-linux-gnu/libgcc_s.so.1
7f1ae05f3000-7f1ae0605000 r-xp 00003000 00:00 677530             /usr/lib/x86_64-linux-gnu/libgcc_s.so.1
7f1ae0605000-7f1ae0609000 r--p 00015000 00:00 677530             /usr/lib/x86_64-linux-gnu/libgcc_s.so.1
7f1ae0609000-7f1ae060a000 r--p 00018000 00:00 677530             /usr/lib/x86_64-linux-gnu/libgcc_s.so.1
7f1ae060a000-7f1ae060b000 rw-p 00019000 00:00 677530             /usr/lib/x86_64-linux-gnu/libgcc_s.so.1
7f1ae060b000-7f1ae060c000 r--s 0004c000 00:00 859441             /home/gustavo/oiArduBot/backend/language_server/language_server_lib/jquery-3.5.1.jar
7f1ae060c000-7f1ae0610000 r--s 00029000 00:00 859460             /home/gustavo/oiArduBot/backend/language_server/language_server_lib/org.eclipse.xtext.web-2.25.0.jar
7f1ae0610000-7f1ae0611000 r--p 00000000 00:00 0
7f1ae0611000-7f1ae0620000 r--p 00000000 00:00 651970             /usr/lib/x86_64-linux-gnu/libm-2.31.so
7f1ae0620000-7f1ae06c7000 r-xp 0000f000 00:00 651970             /usr/lib/x86_64-linux-gnu/libm-2.31.so
7f1ae06c7000-7f1ae075e000 r--p 000b6000 00:00 651970             /usr/lib/x86_64-linux-gnu/libm-2.31.so
7f1ae075e000-7f1ae075f000 r--p 0014c000 00:00 651970             /usr/lib/x86_64-linux-gnu/libm-2.31.so
7f1ae075f000-7f1ae0760000 rw-p 0014d000 00:00 651970             /usr/lib/x86_64-linux-gnu/libm-2.31.so
7f1ae0760000-7f1ae07f6000 r--p 00000000 00:00 682612             /usr/lib/x86_64-linux-gnu/libstdc++.so.6.0.28
7f1ae07f6000-7f1ae08e7000 r-xp 00096000 00:00 682612             /usr/lib/x86_64-linux-gnu/libstdc++.so.6.0.28
7f1ae08e7000-7f1ae0930000 r--p 00187000 00:00 682612             /usr/lib/x86_64-linux-gnu/libstdc++.so.6.0.28
7f1ae0930000-7f1ae0931000 ---p 001d0000 00:00 682612             /usr/lib/x86_64-linux-gnu/libstdc++.so.6.0.28
7f1ae0931000-7f1ae093c000 r--p 001d0000 00:00 682612             /usr/lib/x86_64-linux-gnu/libstdc++.so.6.0.28
7f1ae093c000-7f1ae093f000 rw-p 001db000 00:00 682612             /usr/lib/x86_64-linux-gnu/libstdc++.so.6.0.28
7f1ae093f000-7f1ae0942000 rw-p 00000000 00:00 0
7f1ae0942000-7f1ae0943000 r--s 00007000 00:00 859466             /home/gustavo/oiArduBot/backend/language_server/language_server_lib/requirejs-2.3.6.jar
7f1ae0943000-7f1ae0945000 r--s 0000b000 00:00 859418             /home/gustavo/oiArduBot/backend/language_server/language_server_lib/asm-tree-9.1.jar
7f1ae0945000-7f1ae0947000 r--s 00007000 00:00 859416             /home/gustavo/oiArduBot/backend/language_server/language_server_lib/asm-analysis-9.1.jar
7f1ae0947000-7f1ae0950000 r--s 0006f000 00:00 859444             /home/gustavo/oiArduBot/backend/language_server/language_server_lib/log4j-1.2.17.jar
7f1ae0950000-7f1ae0b45000 r--p 00000000 00:00 821423             /usr/lib/jvm/java-8-openjdk-amd64/jre/lib/amd64/server/libjvm.so
7f1ae0b45000-7f1ae14ad000 r-xp 001f5000 00:00 821423             /usr/lib/jvm/java-8-openjdk-amd64/jre/lib/amd64/server/libjvm.so
7f1ae14ad000-7f1ae165e000 r--p 00b5d000 00:00 821423             /usr/lib/jvm/java-8-openjdk-amd64/jre/lib/amd64/server/libjvm.so
7f1ae165e000-7f1ae165f000 ---p 00d0e000 00:00 821423             /usr/lib/jvm/java-8-openjdk-amd64/jre/lib/amd64/server/libjvm.so
7f1ae165f000-7f1ae16f5000 r--p 00d0e000 00:00 821423             /usr/lib/jvm/java-8-openjdk-amd64/jre/lib/amd64/server/libjvm.so
7f1ae16f5000-7f1ae171e000 rw-p 00da4000 00:00 821423             /usr/lib/jvm/java-8-openjdk-amd64/jre/lib/amd64/server/libjvm.so
7f1ae171e000-7f1ae1751000 rw-p 00000000 00:00 0
7f1ae1751000-7f1ae1752000 r--s 00000000 00:00 859443             /home/gustavo/oiArduBot/backend/language_server/language_server_lib/listenablefuture-9999.0-empty-to-avoid-conflict-with-guava.jar
7f1ae1752000-7f1ae1754000 r--s 00010000 00:00 859417             /home/gustavo/oiArduBot/backend/language_server/language_server_lib/asm-commons-9.1.jar
7f1ae1754000-7f1ae1756000 r--s 0001c000 00:00 859415             /home/gustavo/oiArduBot/backend/language_server/language_server_lib/asm-9.1.jar
7f1ae1756000-7f1ae1759000 r--s 0001e000 00:00 859452             /home/gustavo/oiArduBot/backend/language_server/language_server_lib/org.eclipse.lsp4j.jsonrpc-0.10.0.jar
7f1ae1759000-7f1ae1760000 r--s 00064000 00:00 255358             /home/gustavo/oiArduBot/backend/language_server/language_server.jar
7f1ae1760000-7f1ae1762000 rw-p 00000000 00:00 0
7f1ae1762000-7f1ae176d000 r--s 00116000 00:00 821438             /usr/lib/jvm/java-8-openjdk-amd64/jre/lib/ext/localedata.jar
7f1ae176d000-7f1ae1774000 r--p 00000000 00:00 652090             /usr/lib/x86_64-linux-gnu/libpthread-2.31.so
7f1ae1774000-7f1ae1785000 r-xp 00007000 00:00 652090             /usr/lib/x86_64-linux-gnu/libpthread-2.31.so
7f1ae1785000-7f1ae178a000 r--p 00018000 00:00 652090             /usr/lib/x86_64-linux-gnu/libpthread-2.31.so
7f1ae178a000-7f1ae178b000 r--p 0001c000 00:00 652090             /usr/lib/x86_64-linux-gnu/libpthread-2.31.so
7f1ae178b000-7f1ae178c000 rw-p 0001d000 00:00 652090             /usr/lib/x86_64-linux-gnu/libpthread-2.31.so
7f1ae178c000-7f1ae1790000 rw-p 00000000 00:00 0
7f1ae1790000-7f1ae1791000 r--p 00000000 00:00 651773             /usr/lib/x86_64-linux-gnu/libdl-2.31.so
7f1ae1791000-7f1ae1793000 r-xp 00001000 00:00 651773             /usr/lib/x86_64-linux-gnu/libdl-2.31.so
7f1ae1793000-7f1ae1794000 r--p 00003000 00:00 651773             /usr/lib/x86_64-linux-gnu/libdl-2.31.so
7f1ae1794000-7f1ae1795000 r--p 00003000 00:00 651773             /usr/lib/x86_64-linux-gnu/libdl-2.31.so
7f1ae1795000-7f1ae1796000 rw-p 00004000 00:00 651773             /usr/lib/x86_64-linux-gnu/libdl-2.31.so
7f1ae1796000-7f1ae1798000 r--s 0000b000 00:00 859451             /home/gustavo/oiArduBot/backend/language_server/language_server_lib/org.eclipse.lsp4j.generator-0.10.0.jar
7f1ae1798000-7f1ae179a000 r--s 00010000 00:00 821443             /usr/lib/jvm/java-8-openjdk-amd64/jre/lib/ext/zipfs.jar
7f1ae179a000-7f1ae17a0000 r--s 0003d000 00:00 821441             /usr/lib/jvm/java-8-openjdk-amd64/jre/lib/ext/sunjce_provider.jar
7f1ae17a0000-7f1ae17a2000 r--p 00000000 00:00 652266             /usr/lib/x86_64-linux-gnu/libz.so.1.2.11
7f1ae17a2000-7f1ae17b3000 r-xp 00002000 00:00 652266             /usr/lib/x86_64-linux-gnu/libz.so.1.2.11
7f1ae17b3000-7f1ae17b9000 r--p 00013000 00:00 652266             /usr/lib/x86_64-linux-gnu/libz.so.1.2.11
7f1ae17b9000-7f1ae17ba000 ---p 00019000 00:00 652266             /usr/lib/x86_64-linux-gnu/libz.so.1.2.11
7f1ae17ba000-7f1ae17bb000 r--p 00019000 00:00 652266             /usr/lib/x86_64-linux-gnu/libz.so.1.2.11
7f1ae17bb000-7f1ae17bc000 rw-p 0001a000 00:00 652266             /usr/lib/x86_64-linux-gnu/libz.so.1.2.11
7f1ae17bc000-7f1ae17c0000 r--s 00040000 00:00 821442             /usr/lib/jvm/java-8-openjdk-amd64/jre/lib/ext/sunpkcs11.jar
7f1ae17c0000-7f1ae17e5000 r--p 00000000 00:00 651734             /usr/lib/x86_64-linux-gnu/libc-2.31.so
7f1ae17e5000-7f1ae195d000 r-xp 00025000 00:00 651734             /usr/lib/x86_64-linux-gnu/libc-2.31.so
7f1ae195d000-7f1ae19a7000 r--p 0019d000 00:00 651734             /usr/lib/x86_64-linux-gnu/libc-2.31.so
7f1ae19a7000-7f1ae19a8000 ---p 001e7000 00:00 651734             /usr/lib/x86_64-linux-gnu/libc-2.31.so
7f1ae19a8000-7f1ae19ab000 r--p 001e7000 00:00 651734             /usr/lib/x86_64-linux-gnu/libc-2.31.so
7f1ae19ab000-7f1ae19ae000 rw-p 001ea000 00:00 651734             /usr/lib/x86_64-linux-gnu/libc-2.31.so
7f1ae19ae000-7f1ae19b2000 rw-p 00000000 00:00 0
7f1ae19b2000-7f1ae19b3000 r--s 00000000 00:00 859428             /home/gustavo/oiArduBot/backend/language_server/language_server_lib/javax.inject-1.jar
7f1ae19b3000-7f1ae19b5000 r--s 00008000 00:00 821440             /usr/lib/jvm/java-8-openjdk-amd64/jre/lib/ext/sunec.jar
7f1ae19b5000-7f1ae19b7000 r--s 0000c000 00:00 821673             /usr/share/java/java-atk-wrapper.jar
7f1ae19b7000-7f1ae19ba000 r--s 0000f000 00:00 821436             /usr/lib/jvm/java-8-openjdk-amd64/jre/lib/ext/icedtea-sound.jar
7f1ae19ba000-7f1ae19c0000 r--s 000d3000 00:00 821460             /usr/lib/jvm/java-8-openjdk-amd64/jre/lib/jfr.jar
7f1ae19c0000-7f1ae19c3000 r--p 00000000 00:00 821387             /usr/lib/jvm/java-8-openjdk-amd64/jre/lib/amd64/jli/libjli.so
7f1ae19c3000-7f1ae19cd000 r-xp 00003000 00:00 821387             /usr/lib/jvm/java-8-openjdk-amd64/jre/lib/amd64/jli/libjli.so
7f1ae19cd000-7f1ae19d0000 r--p 0000d000 00:00 821387             /usr/lib/jvm/java-8-openjdk-amd64/jre/lib/amd64/jli/libjli.so
7f1ae19d0000-7f1ae19d1000 r--p 0000f000 00:00 821387             /usr/lib/jvm/java-8-openjdk-amd64/jre/lib/amd64/jli/libjli.so
7f1ae19d1000-7f1ae19d2000 rw-p 00010000 00:00 821387             /usr/lib/jvm/java-8-openjdk-amd64/jre/lib/amd64/jli/libjli.so
7f1ae19d2000-7f1ae19d3000 r--s 00001000 00:00 859465             /home/gustavo/oiArduBot/backend/language_server/language_server_lib/org.eclipse.xtext.xbase.web-2.25.0.jar
7f1ae19d3000-7f1ae19d4000 r--s 0000a000 00:00 821437             /usr/lib/jvm/java-8-openjdk-amd64/jre/lib/ext/jaccess.jar
7f1ae19d4000-7f1ae19d6000 r--s 00001000 00:00 821435             /usr/lib/jvm/java-8-openjdk-amd64/jre/lib/ext/dnsns.jar
7f1ae19d6000-7f1ae19d7000 r--p 00000000 00:00 572517             /usr/lib/locale/C.UTF-8/LC_NUMERIC
7f1ae19d7000-7f1ae19d8000 r--p 00000000 00:00 572520             /usr/lib/locale/C.UTF-8/LC_TIME
7f1ae19d8000-7f1ae19d9000 r--p 00000000 00:00 572515             /usr/lib/locale/C.UTF-8/LC_MONETARY
7f1ae19d9000-7f1ae19e0000 r--s 00000000 00:00 651581             /usr/lib/x86_64-linux-gnu/gconv/gconv-modules.cache
7f1ae19e0000-7f1ae19e2000 rw-p 00000000 00:00 0
7f1ae19e2000-7f1ae19e3000 r--p 00000000 00:00 572514             /usr/lib/locale/C.UTF-8/LC_MESSAGES/SYS_LC_MESSAGES
7f1ae19e3000-7f1ae19e4000 r--p 00000000 00:00 572518             /usr/lib/locale/C.UTF-8/LC_PAPER
7f1ae19e4000-7f1ae19e5000 r--p 00000000 00:00 572516             /usr/lib/locale/C.UTF-8/LC_NAME
7f1ae19e5000-7f1ae19e6000 r--p 00000000 00:00 572507             /usr/lib/locale/C.UTF-8/LC_ADDRESS
7f1ae19e6000-7f1ae19e7000 r--p 00000000 00:00 572519             /usr/lib/locale/C.UTF-8/LC_TELEPHONE
7f1ae19e7000-7f1ae19e8000 r--p 00000000 00:00 572512             /usr/lib/locale/C.UTF-8/LC_MEASUREMENT
7f1ae19e8000-7f1ae19f0000 rw-s 00000000 00:00 275839             /tmp/hsperfdata_gustavo/2610
7f1ae19f0000-7f1ae19f1000 r--p 00000000 00:00 651617             /usr/lib/x86_64-linux-gnu/ld-2.31.so
7f1ae19f1000-7f1ae1a13000 r-xp 00001000 00:00 651617             /usr/lib/x86_64-linux-gnu/ld-2.31.so
7f1ae1a13000-7f1ae1a14000 r-xp 00023000 00:00 651617             /usr/lib/x86_64-linux-gnu/ld-2.31.so
7f1ae1a14000-7f1ae1a1b000 r--p 00024000 00:00 651617             /usr/lib/x86_64-linux-gnu/ld-2.31.so
7f1ae1a1b000-7f1ae1a1c000 r--p 0002b000 00:00 651617             /usr/lib/x86_64-linux-gnu/ld-2.31.so
7f1ae1a1c000-7f1ae1a1d000 r--p 00000000 00:00 572510             /usr/lib/locale/C.UTF-8/LC_IDENTIFICATION
7f1ae1a1d000-7f1ae1a1e000 r--p 0002c000 00:00 651617             /usr/lib/x86_64-linux-gnu/ld-2.31.so
7f1ae1a1e000-7f1ae1a1f000 rw-p 0002d000 00:00 651617             /usr/lib/x86_64-linux-gnu/ld-2.31.so
7f1ae1a1f000-7f1ae1a20000 rw-p 00000000 00:00 0
7f1ae1a20000-7f1ae1a21000 r--p 00000000 00:00 821374             /usr/lib/jvm/java-8-openjdk-amd64/jre/bin/java
7f1ae1a21000-7f1ae1a22000 r-xp 00001000 00:00 821374             /usr/lib/jvm/java-8-openjdk-amd64/jre/bin/java
7f1ae1a22000-7f1ae1a23000 r--p 00002000 00:00 821374             /usr/lib/jvm/java-8-openjdk-amd64/jre/bin/java
7f1ae1a23000-7f1ae1a24000 r--p 00002000 00:00 821374             /usr/lib/jvm/java-8-openjdk-amd64/jre/bin/java
7f1ae1a24000-7f1ae1a25000 rw-p 00003000 00:00 821374             /usr/lib/jvm/java-8-openjdk-amd64/jre/bin/java
7fffcb67f000-7fffcb6ca000 rw-p 00000000 00:00 0                  [heap]
7fffd25f7000-7fffd2df7000 rw-p 00000000 00:00 0                  [stack]
7fffd3096000-7fffd3097000 r-xp 00000000 00:00 0                  [vdso]

VM Arguments:
java_command: /home/gustavo/oiArduBot/backend/language_server/language_server.jar
java_class_path (initial): /home/gustavo/oiArduBot/backend/language_server/language_server.jar
Launcher Type: SUN_STANDARD

Environment Variables:
JAVA_HOME=/usr/lib/jvm/java-8-openjdk-amd64
PATH=/usr/share/npm/node_modules/npm-lifecycle/node-gyp-bin:/home/gustavo/oiArduBot/backend/node_modules/.bin:/usr/local/sbin:/usr/local/bin:/usr/sbin:/usr/bin:/sbin:/bin:/usr/games:/usr/local/games:/mnt/c/Program Files (x86)/Common Files/Oracle/Java/javapath:/mnt/c/Program Files/Java/jdk-11.0.12:/mnt/c/Program Files/Java/jdk-11.0.12/bin:/mnt/c/Users/Eduarda Girardi/AppData/Local/Programs/Microsoft VS Code:/mnt/c/Program Files/nodejs/:/mnt/c/Program Files (x86)/GnuWin32/bin:/mnt/c/Windows/System32/WindowsPowerShell/v1.0:/mnt/c/Users/Eduarda Girardi/AppData/Roaming/npm:/snap/bin
SHELL=/bin/bash
HOSTTYPE=x86_64

Signal Handlers:
SIGSEGV: [libjvm.so+0xb365d0], sa_mask[0]=11111111111111111111111111111110, sa_flags=SA_RESTART|SA_SIGINFO
SIGBUS: [libjvm.so+0xb365d0], sa_mask[0]=11111111111111111111111111111110, sa_flags=SA_RESTART|SA_SIGINFO
SIGFPE: [libjvm.so+0x97b8c0], sa_mask[0]=11111111111111111111111111111110, sa_flags=SA_RESTART|SA_SIGINFO
SIGPIPE: [libjvm.so+0x97b8c0], sa_mask[0]=11111111111111111111111111111110, sa_flags=SA_RESTART|SA_SIGINFO
SIGXFSZ: [libjvm.so+0x97b8c0], sa_mask[0]=11111111111111111111111111111110, sa_flags=SA_RESTART|SA_SIGINFO
SIGILL: [libjvm.so+0x97b8c0], sa_mask[0]=11111111111111111111111111111110, sa_flags=SA_RESTART|SA_SIGINFO
SIGUSR1: SIG_DFL, sa_mask[0]=00000000010000000000000000000000, sa_flags=SA_RESTART
SIGUSR2: [libjvm.so+0x97b770], sa_mask[0]=00000000000000000000000000000000, sa_flags=SA_RESTART|SA_SIGINFO
SIGHUP: [libjvm.so+0x97bb40], sa_mask[0]=11111111111111111111111111111110, sa_flags=SA_RESTART|SA_SIGINFO
SIGINT: [libjvm.so+0x97bb40], sa_mask[0]=11111111111111111111111111111110, sa_flags=SA_RESTART|SA_SIGINFO
SIGTERM: [libjvm.so+0x97bb40], sa_mask[0]=11111111111111111111111111111110, sa_flags=SA_RESTART|SA_SIGINFO
SIGQUIT: [libjvm.so+0x97bb40], sa_mask[0]=11111111111111111111111111111110, sa_flags=SA_RESTART|SA_SIGINFO


---------------  S Y S T E M  ---------------

OS:DISTRIB_ID=Ubuntu
DISTRIB_RELEASE=20.04
DISTRIB_CODENAME=focal
DISTRIB_DESCRIPTION="Ubuntu 20.04.2 LTS"

uname:Linux 4.4.0-19041-Microsoft #488-Microsoft Mon Sep 01 13:43:00 PST 2020 x86_64
libc:glibc 2.31 NPTL 2.31 
rlimit: STACK 8192k, CORE 0k, NPROC 7823, NOFILE 65536, AS infinity
load average:0.52 0.58 0.59

/proc/meminfo:
MemTotal:        4070812 kB
MemFree:          452848 kB
Buffers:           34032 kB
Cached:           188576 kB
SwapCached:            0 kB
Active:           167556 kB
Inactive:         157876 kB
Active(anon):     103104 kB
Inactive(anon):    17440 kB
Active(file):      64452 kB
Inactive(file):   140436 kB
Unevictable:           0 kB
Mlocked:               0 kB
SwapTotal:      12582912 kB
SwapFree:        9262940 kB
Dirty:                 0 kB
Writeback:             0 kB
AnonPages:        102824 kB
Mapped:            71404 kB
Shmem:             17720 kB
Slab:              13868 kB
SReclaimable:       6744 kB
SUnreclaim:         7124 kB
KernelStack:        2848 kB
PageTables:         2524 kB
NFS_Unstable:          0 kB
Bounce:                0 kB
WritebackTmp:          0 kB
CommitLimit:      515524 kB
Committed_AS:    3450064 kB
VmallocTotal:     122880 kB
VmallocUsed:       21296 kB
VmallocChunk:      66044 kB
HardwareCorrupted:     0 kB
AnonHugePages:      2048 kB
HugePages_Total:       0
HugePages_Free:        0
HugePages_Rsvd:        0
HugePages_Surp:        0
Hugepagesize:       2048 kB
DirectMap4k:       12280 kB
DirectMap4M:      897024 kB


CPU:total 4 (initial active 4) (2 cores per cpu, 2 threads per core) family 6 model 142 stepping 9, cmov, cx8, fxsr, mmx, sse, sse2, sse3, ssse3, sse4.1, sse4.2, popcnt, avx, avx2, aes, clmul, erms, 3dnowpref, lzcnt, ht, tsc, tscinvbit, bmi1, bmi2, adx

/proc/cpuinfo:
processor	: 0
vendor_id	: GenuineIntel
cpu family	: 6
model		: 142
model name	: Intel(R) Core(TM) i3-7020U CPU @ 2.30GHz
stepping	: 9
microcode	: 0xffffffff
cpu MHz		: 2304.000
cache size	: 256 KB
physical id	: 0
siblings	: 4
core id		: 0
cpu cores	: 2
apicid		: 0
initial apicid	: 0
fpu		: yes
fpu_exception	: yes
cpuid level	: 6
wp		: yes
flags		: fpu vme de pse tsc msr pae mce cx8 apic sep mtrr pge mca cmov pat pse36 clflush dts acpi mmx fxsr sse sse2 ss ht tm pbe syscall nx pdpe1gb rdtscp lm pni pclmulqdq dtes64 est tm2 ssse3 fma cx16 xtpr pdcm pcid sse4_1 sse4_2 movbe popcnt aes xsave osxsave avx f16c rdrand hypervisor lahf_lm abm 3dnowprefetch fsgsbase tsc_adjust bmi1 avx2 smep bmi2 erms invpcid mpx rdseed adx smap clflushopt ibrs ibpb stibp ssbd
bogomips	: 4608.00
clflush size	: 64
cache_alignment	: 64
address sizes	: 36 bits physical, 48 bits virtual
power management:

processor	: 1
vendor_id	: GenuineIntel
cpu family	: 6
model		: 142
model name	: Intel(R) Core(TM) i3-7020U CPU @ 2.30GHz
stepping	: 9
microcode	: 0xffffffff
cpu MHz		: 2304.000
cache size	: 256 KB
physical id	: 0
siblings	: 4
core id		: 0
cpu cores	: 2
apicid		: 0
initial apicid	: 0
fpu		: yes
fpu_exception	: yes
cpuid level	: 6
wp		: yes
flags		: fpu vme de pse tsc msr pae mce cx8 apic sep mtrr pge mca cmov pat pse36 clflush dts acpi mmx fxsr sse sse2 ss ht tm pbe syscall nx pdpe1gb rdtscp lm pni pclmulqdq dtes64 est tm2 ssse3 fma cx16 xtpr pdcm pcid sse4_1 sse4_2 movbe popcnt aes xsave osxsave avx f16c rdrand hypervisor lahf_lm abm 3dnowprefetch fsgsbase tsc_adjust bmi1 avx2 smep bmi2 erms invpcid mpx rdseed adx smap clflushopt ibrs ibpb stibp ssbd
bogomips	: 4608.00
clflush size	: 64
cache_alignment	: 64
address sizes	: 36 bits physical, 48 bits virtual
power management:

processor	: 2
vendor_id	: GenuineIntel
cpu family	: 6
model		: 142
model name	: Intel(R) Core(TM) i3-7020U CPU @ 2.30GHz
stepping	: 9
microcode	: 0xffffffff
cpu MHz		: 2304.000
cache size	: 256 KB
physical id	: 0
siblings	: 4
core id		: 1
cpu cores	: 2
apicid		: 0
initial apicid	: 0
fpu		: yes
fpu_exception	: yes
cpuid level	: 6
wp		: yes
flags		: fpu vme de pse tsc msr pae mce cx8 apic sep mtrr pge mca cmov pat pse36 clflush dts acpi mmx fxsr sse sse2 ss ht tm pbe syscall nx pdpe1gb rdtscp lm pni pclmulqdq dtes64 est tm2 ssse3 fma cx16 xtpr pdcm pcid sse4_1 sse4_2 movbe popcnt aes xsave osxsave avx f16c rdrand hypervisor lahf_lm abm 3dnowprefetch fsgsbase tsc_adjust bmi1 avx2 smep bmi2 erms invpcid mpx rdseed adx smap clflushopt ibrs ibpb stibp ssbd
bogomips	: 4608.00
clflush size	: 64
cache_alignment	: 64
address sizes	: 36 bits physical, 48 bits virtual
power management:

processor	: 3
vendor_id	: GenuineIntel
cpu family	: 6
model		: 142
model name	: Intel(R) Core(TM) i3-7020U CPU @ 2.30GHz
stepping	: 9
microcode	: 0xffffffff
cpu MHz		: 2304.000
cache size	: 256 KB
physical id	: 0
siblings	: 4
core id		: 1
cpu cores	: 2
apicid		: 0
initial apicid	: 0
fpu		: yes
fpu_exception	: yes
cpuid level	: 6
wp		: yes
flags		: fpu vme de pse tsc msr pae mce cx8 apic sep mtrr pge mca cmov pat pse36 clflush dts acpi mmx fxsr sse sse2 ss ht tm pbe syscall nx pdpe1gb rdtscp lm pni pclmulqdq dtes64 est tm2 ssse3 fma cx16 xtpr pdcm pcid sse4_1 sse4_2 movbe popcnt aes xsave osxsave avx f16c rdrand hypervisor lahf_lm abm 3dnowprefetch fsgsbase tsc_adjust bmi1 avx2 smep bmi2 erms invpcid mpx rdseed adx smap clflushopt ibrs ibpb stibp ssbd
bogomips	: 4608.00
clflush size	: 64
cache_alignment	: 64
address sizes	: 36 bits physical, 48 bits virtual
power management:



Memory: 4k page, physical 4070812k(453020k free), swap 12582912k(9262940k free)

vm_info: OpenJDK 64-Bit Server VM (25.292-b10) for linux-amd64 JRE (1.8.0_292-8u292-b10-0ubuntu1~20.04-b10), built on Apr 21 2021 11:46:09 by "buildd" with gcc 9.3.0

time: Wed Aug 11 23:20:33 2021
timezone: -03
elapsed time: 599.391891 seconds (0d 0h 9m 59s)

