#
# A fatal error has been detected by the Java Runtime Environment:
#
#  SIGSEGV (0xb) at pc=0x00007f68d324b7ba, pid=3785, tid=0x00007f68d36e1440
#
# JRE version: OpenJDK Runtime Environment (8.0_292-b10) (build 1.8.0_292-8u292-b10-0ubuntu1~20.04-b10)
# Java VM: OpenJDK 64-Bit Server VM (25.292-b10 mixed mode linux-amd64 compressed oops)
# Problematic frame:
# V  [libjvm.so+0x97b7ba]
#
# Failed to write core dump. Core dumps have been disabled. To enable core dumping, try "ulimit -c unlimited" before starting Java again
#
# If you would like to submit a bug report, please visit:
#   http://bugreport.java.com/bugreport/crash.jsp
#

---------------  T H R E A D  ---------------

Current thread is native thread

siginfo: si_signo: 11 (SIGSEGV), si_code: 1 (SEGV_MAPERR), si_addr: 0x0000000000000180

Registers:
RAX=0x0000000000000000, RBX=0x00007f68d36e13c0, RCX=0x0000000000000000, RDX=0x00007f68d36e1440
RSP=0x00007ffff515d9f0, RBP=0x00007ffff515dac0, RSI=0x00007ffff515e0e0, RDI=0x0000000000000001
R8 =0x0000000000000000, R9 =0x00007f68d2560700, R10=0x0000000000000000, R11=0x0000000000000000
R12=0x00007ffff515e0e0, R13=0x00007f68d25609d0, R14=0x0000000000000000, R15=0x00007f68d2560700
RIP=0x00007f68d324b7ba, EFLAGS=0x0000000000010246, CSGSFS=0x00000053002b0033, ERR=0x0000000000000000
  TRAPNO=0x0000000000000000

Top of Stack: (sp=0x00007ffff515d9f0)
0x00007ffff515d9f0:   00007ffff515dc70 00007ffff515dad0
0x00007ffff515da00:   00007ffff515dcaf 00007ffff515dc70
0x00007ffff515da10:   00007ffff515dcaf 0000000000000000
0x00007ffff515da20:   0000000000000000 0000000000000000
0x00007ffff515da30:   0000000000000004 00000000000001fe
0x00007ffff515da40:   00000000000001fe ffffffffffffff00
0x00007ffff515da50:   00007f68d392bce0 0000000000000000
0x00007ffff515da60:   00007f68d36ade20 00007f68d35ebbc8
0x00007ffff515da70:   00007f68d392bbe0 0000000000000000
0x00007ffff515da80:   00007f68d34722e0 84cfe51b453f3100
0x00007ffff515da90:   00007f68d3477284 00000000000000ca
0x00007ffff515daa0:   0000000000000eca 00007f68d25609d0
0x00007ffff515dab0:   0000000000100000 00007f68d2560700
0x00007ffff515dac0:   00007ffff515e288 00007f68d3786210
0x00007ffff515dad0:   0000000000000000 0000000000000000
0x00007ffff515dae0:   0000000000000000 0000000000000000
0x00007ffff515daf0:   0000000000000000 0000000000000000
0x00007ffff515db00:   00007f68d2560700 0000000000000000
0x00007ffff515db10:   0000000000000000 0000000000000eca
0x00007ffff515db20:   00007f68d25609d0 0000000000100000
0x00007ffff515db30:   00007f68d2560700 00007f68d25609d0
0x00007ffff515db40:   0000000000000000 00007ffff515e288
0x00007ffff515db50:   00000000000000ca 0000000000000eca
0x00007ffff515db60:   fffffffffffffffc 0000000000000000
0x00007ffff515db70:   00007ffff515e1e0 00007f68d36f7cd7
0x00007ffff515db80:   0000000000000246 00000053002b0033
0x00007ffff515db90:   0000000000000000 0000000000000000
0x00007ffff515dba0:   0000000000000000 0000000000000000
0x00007ffff515dbb0:   0000000000000000 0000000000000000
0x00007ffff515dbc0:   0000000000000000 0000000000000000
0x00007ffff515dbd0:   0000000000000000 0000000000000000
0x00007ffff515dbe0:   0000000000000000 0000000000000000 

Instructions: (pc=0x00007f68d324b7ba)
0x00007f68d324b79a:   00 48 89 45 c8 31 c0 e8 8a a4 87 ff 44 8b 30 48
0x00007f68d324b7aa:   89 c3 48 8d 05 55 e3 43 00 8b 38 e8 fe a6 87 ff
0x00007f68d324b7ba:   4c 8b a8 80 01 00 00 41 8b 85 a8 00 00 00 83 f8
0x00007f68d324b7ca:   01 74 2b 44 89 33 48 8b 45 c8 64 48 33 04 25 28 

Register to memory mapping:

RAX=0x0000000000000000 is an unknown value
RBX=0x00007f68d36e13c0 is an unknown value
RCX=0x0000000000000000 is an unknown value
RDX=0x00007f68d36e1440 is an unknown value
RSP=0x00007ffff515d9f0 is an unknown value
RBP=0x00007ffff515dac0 is an unknown value
RSI=0x00007ffff515e0e0 is an unknown value
RDI=0x0000000000000001 is an unknown value
R8 =0x0000000000000000 is an unknown value
R9 =0x00007f68d2560700 is pointing into the stack for thread: 0x00007f68cc00a000
R10=0x0000000000000000 is an unknown value
R11=0x0000000000000000 is an unknown value
R12=0x00007ffff515e0e0 is an unknown value
R13=0x00007f68d25609d0 is pointing into the stack for thread: 0x00007f68cc00a000
R14=0x0000000000000000 is an unknown value
R15=0x00007f68d2560700 is pointing into the stack for thread: 0x00007f68cc00a000


Stack: [0x00007ffff5065000,0x00007ffff5165000],  sp=0x00007ffff515d9f0,  free space=994k
Native frames: (J=compiled Java code, j=interpreted, Vv=VM code, C=native code)
V  [libjvm.so+0x97b7ba]
C  [libc.so.6+0x46210]


---------------  P R O C E S S  ---------------

VM state:not at safepoint (normal execution)

VM Mutex/Monitor currently owned by a thread: None

heap address: 0x00000000c1e00000, size: 994 MB, Compressed Oops mode: 32-bit
Narrow klass base: 0x0000000000000000, Narrow klass shift: 3
Compressed class space size: 1073741824 Address: 0x0000000100000000

Heap:
 PSYoungGen      total 74240K, used 38876K [0x00000000eb500000, 0x00000000f0a00000, 0x0000000100000000)
  eden space 64512K, 46% used [0x00000000eb500000,0x00000000ed213698,0x00000000ef400000)
  from space 9728K, 93% used [0x00000000efe80000,0x00000000f0763ba8,0x00000000f0800000)
  to   space 10752K, 0% used [0x00000000ef400000,0x00000000ef400000,0x00000000efe80000)
 ParOldGen       total 44032K, used 14621K [0x00000000c1e00000, 0x00000000c4900000, 0x00000000eb500000)
  object space 44032K, 33% used [0x00000000c1e00000,0x00000000c2c475c8,0x00000000c4900000)
 Metaspace       used 12974K, capacity 13280K, committed 13440K, reserved 1060864K
  class space    used 1495K, capacity 1600K, committed 1664K, reserved 1048576K

Card table byte_map: [0x00007f68d1e00000,0x00007f68d1ff2000] byte_map_base: 0x00007f68d17f1000

Marking Bits: (ParMarkBitMap*) 0x00007f68d36b46c0
 Begin Bits: [0x00007f68b60f0000, 0x00007f68b7078000)
 End Bits:   [0x00007f68b7078000, 0x00007f68b8000000)

Polling page: 0x00007f68d2590000

CodeCache: size=245760Kb used=4309Kb max_used=4364Kb free=241450Kb
 bounds [0x00007f68bd000000, 0x00007f68bd450000, 0x00007f68cc000000]
 total_blobs=1517 nmethods=1139 adapters=291
 compilation: enabled

Compilation events (10 events):
Event: 2.671 Thread 0x00007f68cc188800 nmethod 1136 0x00007f68bd412a10 code [0x00007f68bd412b80, 0x00007f68bd412d70]
Event: 2.671 Thread 0x00007f68cc188800 1134       3       java.lang.StringBuilder::append (8 bytes)
Event: 2.672 Thread 0x00007f68cc188800 nmethod 1134 0x00007f68bd41ba10 code [0x00007f68bd41bb80, 0x00007f68bd41bd08]
Event: 2.672 Thread 0x00007f68cc188800 1137       1       java.lang.invoke.InnerClassLambdaMetafactory::access$300 (5 bytes)
Event: 2.672 Thread 0x00007f68cc188800 nmethod 1137 0x00007f68bd410b50 code [0x00007f68bd410ca0, 0x00007f68bd410d90]
Event: 2.672 Thread 0x00007f68cc183800 1138       4       jdk.internal.org.objectweb.asm.ByteVector::putShort (52 bytes)
Event: 2.674 Thread 0x00007f68cc183800 nmethod 1138 0x00007f68bd41b610 code [0x00007f68bd41b760, 0x00007f68bd41b8e8]
Event: 2.676 Thread 0x00007f68cc188800 1140       3       sun.nio.cs.UTF_8$Encoder::encodeArrayLoop (489 bytes)
Event: 2.680 Thread 0x00007f68cc188800 nmethod 1140 0x00007f68bd41eb10 code [0x00007f68bd41f060, 0x00007f68bd422668]
Event: 3.102 Thread 0x00007f68cc186800 nmethod 961 0x00007f68bd431010 code [0x00007f68bd431700, 0x00007f68bd43c3d0]

GC Heap History (10 events):
Event: 1.701 GC heap before
{Heap before GC invocations=2 (full 0):
 PSYoungGen      total 18944K, used 18923K [0x00000000eb500000, 0x00000000eca00000, 0x0000000100000000)
  eden space 16384K, 100% used [0x00000000eb500000,0x00000000ec500000,0x00000000ec500000)
  from space 2560K, 99% used [0x00000000ec500000,0x00000000ec77ac58,0x00000000ec780000)
  to   space 2560K, 0% used [0x00000000ec780000,0x00000000ec780000,0x00000000eca00000)
 ParOldGen       total 44032K, used 408K [0x00000000c1e00000, 0x00000000c4900000, 0x00000000eb500000)
  object space 44032K, 0% used [0x00000000c1e00000,0x00000000c1e66030,0x00000000c4900000)
 Metaspace       used 10288K, capacity 10606K, committed 10752K, reserved 1058816K
  class space    used 1160K, capacity 1245K, committed 1280K, reserved 1048576K
Event: 1.713 GC heap after
Heap after GC invocations=2 (full 0):
 PSYoungGen      total 18944K, used 2535K [0x00000000eb500000, 0x00000000eda00000, 0x0000000100000000)
  eden space 16384K, 0% used [0x00000000eb500000,0x00000000eb500000,0x00000000ec500000)
  from space 2560K, 99% used [0x00000000ec780000,0x00000000ec9f9de0,0x00000000eca00000)
  to   space 2560K, 0% used [0x00000000ec500000,0x00000000ec500000,0x00000000ec780000)
 ParOldGen       total 44032K, used 2066K [0x00000000c1e00000, 0x00000000c4900000, 0x00000000eb500000)
  object space 44032K, 4% used [0x00000000c1e00000,0x00000000c20048a0,0x00000000c4900000)
 Metaspace       used 10288K, capacity 10606K, committed 10752K, reserved 1058816K
  class space    used 1160K, capacity 1245K, committed 1280K, reserved 1048576K
}
Event: 1.792 GC heap before
{Heap before GC invocations=3 (full 0):
 PSYoungGen      total 18944K, used 18919K [0x00000000eb500000, 0x00000000eda00000, 0x0000000100000000)
  eden space 16384K, 100% used [0x00000000eb500000,0x00000000ec500000,0x00000000ec500000)
  from space 2560K, 99% used [0x00000000ec780000,0x00000000ec9f9de0,0x00000000eca00000)
  to   space 2560K, 0% used [0x00000000ec500000,0x00000000ec500000,0x00000000ec780000)
 ParOldGen       total 44032K, used 2066K [0x00000000c1e00000, 0x00000000c4900000, 0x00000000eb500000)
  object space 44032K, 4% used [0x00000000c1e00000,0x00000000c20048a0,0x00000000c4900000)
 Metaspace       used 10348K, capacity 10606K, committed 10752K, reserved 1058816K
  class space    used 1160K, capacity 1245K, committed 1280K, reserved 1048576K
Event: 1.806 GC heap after
Heap after GC invocations=3 (full 0):
 PSYoungGen      total 18944K, used 2535K [0x00000000eb500000, 0x00000000eda00000, 0x0000000100000000)
  eden space 16384K, 0% used [0x00000000eb500000,0x00000000eb500000,0x00000000ec500000)
  from space 2560K, 99% used [0x00000000ec500000,0x00000000ec779fe8,0x00000000ec780000)
  to   space 2560K, 0% used [0x00000000ed780000,0x00000000ed780000,0x00000000eda00000)
 ParOldGen       total 44032K, used 5395K [0x00000000c1e00000, 0x00000000c4900000, 0x00000000eb500000)
  object space 44032K, 12% used [0x00000000c1e00000,0x00000000c2344fc0,0x00000000c4900000)
 Metaspace       used 10348K, capacity 10606K, committed 10752K, reserved 1058816K
  class space    used 1160K, capacity 1245K, committed 1280K, reserved 1048576K
}
Event: 1.853 GC heap before
{Heap before GC invocations=4 (full 0):
 PSYoungGen      total 18944K, used 18919K [0x00000000eb500000, 0x00000000eda00000, 0x0000000100000000)
  eden space 16384K, 100% used [0x00000000eb500000,0x00000000ec500000,0x00000000ec500000)
  from space 2560K, 99% used [0x00000000ec500000,0x00000000ec779fe8,0x00000000ec780000)
  to   space 2560K, 0% used [0x00000000ed780000,0x00000000ed780000,0x00000000eda00000)
 ParOldGen       total 44032K, used 5395K [0x00000000c1e00000, 0x00000000c4900000, 0x00000000eb500000)
  object space 44032K, 12% used [0x00000000c1e00000,0x00000000c2344fc0,0x00000000c4900000)
 Metaspace       used 10355K, capacity 10670K, committed 10752K, reserved 1058816K
  class space    used 1160K, capacity 1245K, committed 1280K, reserved 1048576K
Event: 1.866 GC heap after
Heap after GC invocations=4 (full 0):
 PSYoungGen      total 35328K, used 2551K [0x00000000eb500000, 0x00000000eda00000, 0x0000000100000000)
  eden space 32768K, 0% used [0x00000000eb500000,0x00000000eb500000,0x00000000ed500000)
  from space 2560K, 99% used [0x00000000ed780000,0x00000000ed9fddd0,0x00000000eda00000)
  to   space 2560K, 0% used [0x00000000ed500000,0x00000000ed500000,0x00000000ed780000)
 ParOldGen       total 44032K, used 8467K [0x00000000c1e00000, 0x00000000c4900000, 0x00000000eb500000)
  object space 44032K, 19% used [0x00000000c1e00000,0x00000000c2644db0,0x00000000c4900000)
 Metaspace       used 10355K, capacity 10670K, committed 10752K, reserved 1058816K
  class space    used 1160K, capacity 1245K, committed 1280K, reserved 1048576K
}
Event: 1.951 GC heap before
{Heap before GC invocations=5 (full 0):
 PSYoungGen      total 35328K, used 35319K [0x00000000eb500000, 0x00000000eda00000, 0x0000000100000000)
  eden space 32768K, 100% used [0x00000000eb500000,0x00000000ed500000,0x00000000ed500000)
  from space 2560K, 99% used [0x00000000ed780000,0x00000000ed9fddd0,0x00000000eda00000)
  to   space 2560K, 0% used [0x00000000ed500000,0x00000000ed500000,0x00000000ed780000)
 ParOldGen       total 44032K, used 8467K [0x00000000c1e00000, 0x00000000c4900000, 0x00000000eb500000)
  object space 44032K, 19% used [0x00000000c1e00000,0x00000000c2644db0,0x00000000c4900000)
 Metaspace       used 10363K, capacity 10670K, committed 10752K, reserved 1058816K
  class space    used 1160K, capacity 1245K, committed 1280K, reserved 1048576K
Event: 1.971 GC heap after
Heap after GC invocations=5 (full 0):
 PSYoungGen      total 35328K, used 2535K [0x00000000eb500000, 0x00000000f0800000, 0x0000000100000000)
  eden space 32768K, 0% used [0x00000000eb500000,0x00000000eb500000,0x00000000ed500000)
  from space 2560K, 99% used [0x00000000ed500000,0x00000000ed779de0,0x00000000ed780000)
  to   space 9728K, 0% used [0x00000000efe80000,0x00000000efe80000,0x00000000f0800000)
 ParOldGen       total 44032K, used 14605K [0x00000000c1e00000, 0x00000000c4900000, 0x00000000eb500000)
  object space 44032K, 33% used [0x00000000c1e00000,0x00000000c2c435b8,0x00000000c4900000)
 Metaspace       used 10363K, capacity 10670K, committed 10752K, reserved 1058816K
  class space    used 1160K, capacity 1245K, committed 1280K, reserved 1048576K
}
Event: 2.061 GC heap before
{Heap before GC invocations=6 (full 0):
 PSYoungGen      total 35328K, used 35303K [0x00000000eb500000, 0x00000000f0800000, 0x0000000100000000)
  eden space 32768K, 100% used [0x00000000eb500000,0x00000000ed500000,0x00000000ed500000)
  from space 2560K, 99% used [0x00000000ed500000,0x00000000ed779de0,0x00000000ed780000)
  to   space 9728K, 0% used [0x00000000efe80000,0x00000000efe80000,0x00000000f0800000)
 ParOldGen       total 44032K, used 14613K [0x00000000c1e00000, 0x00000000c4900000, 0x00000000eb500000)
  object space 44032K, 33% used [0x00000000c1e00000,0x00000000c2c455c8,0x00000000c4900000)
 Metaspace       used 10363K, capacity 10670K, committed 10752K, reserved 1058816K
  class space    used 1160K, capacity 1245K, committed 1280K, reserved 1048576K
Event: 2.087 GC heap after
Heap after GC invocations=6 (full 0):
 PSYoungGen      total 74240K, used 9102K [0x00000000eb500000, 0x00000000f0a00000, 0x0000000100000000)
  eden space 64512K, 0% used [0x00000000eb500000,0x00000000eb500000,0x00000000ef400000)
  from space 9728K, 93% used [0x00000000efe80000,0x00000000f0763ba8,0x00000000f0800000)
  to   space 10752K, 0% used [0x00000000ef400000,0x00000000ef400000,0x00000000efe80000)
 ParOldGen       total 44032K, used 14621K [0x00000000c1e00000, 0x00000000c4900000, 0x00000000eb500000)
  object space 44032K, 33% used [0x00000000c1e00000,0x00000000c2c475c8,0x00000000c4900000)
 Metaspace       used 10363K, capacity 10670K, committed 10752K, reserved 1058816K
  class space    used 1160K, capacity 1245K, committed 1280K, reserved 1048576K
}

Deoptimization events (10 events):
Event: 1.549 Thread 0x00007f68cc00a000 Uncommon trap: reason=class_check action=maybe_recompile pc=0x00007f68bd208554 method=java.util.jar.JarFile.getJarEntry(Ljava/lang/String;)Ljava/util/jar/JarEntry; @ 2
Event: 1.549 Thread 0x00007f68cc00a000 Uncommon trap: reason=class_check action=maybe_recompile pc=0x00007f68bd208554 method=java.util.jar.JarFile.getJarEntry(Ljava/lang/String;)Ljava/util/jar/JarEntry; @ 2
Event: 2.124 Thread 0x00007f68cc738800 Uncommon trap: reason=unstable_if action=reinterpret pc=0x00007f68bd398770 method=org.objectweb.asm.ClassReader.readMethod(Lorg/objectweb/asm/ClassVisitor;Lorg/objectweb/asm/Context;I)I @ 658
Event: 2.320 Thread 0x00007f68cc00a000 Uncommon trap: reason=class_check action=maybe_recompile pc=0x00007f68bd38b46c method=java.util.Hashtable.get(Ljava/lang/Object;)Ljava/lang/Object; @ 6
Event: 2.321 Thread 0x00007f68cc00a000 Uncommon trap: reason=class_check action=maybe_recompile pc=0x00007f68bd38b46c method=java.util.Hashtable.get(Ljava/lang/Object;)Ljava/lang/Object; @ 6
Event: 2.326 Thread 0x00007f68cc00a000 Uncommon trap: reason=class_check action=maybe_recompile pc=0x00007f68bd38b46c method=java.util.Hashtable.get(Ljava/lang/Object;)Ljava/lang/Object; @ 6
Event: 2.326 Thread 0x00007f68cc00a000 Uncommon trap: reason=class_check action=maybe_recompile pc=0x00007f68bd38b46c method=java.util.Hashtable.get(Ljava/lang/Object;)Ljava/lang/Object; @ 6
Event: 2.329 Thread 0x00007f68cc00a000 Uncommon trap: reason=unstable_if action=reinterpret pc=0x00007f68bd36d828 method=java.lang.String.regionMatches(ZILjava/lang/String;II)Z @ 123
Event: 2.380 Thread 0x00007f68cc00a000 Uncommon trap: reason=unstable_if action=reinterpret pc=0x00007f68bd38d16c method=java.util.HashMap$HashIterator.nextNode()Ljava/util/HashMap$Node; @ 53
Event: 2.546 Thread 0x00007f68cc00a000 Uncommon trap: reason=unstable_if action=reinterpret pc=0x00007f68bd3614c0 method=java.util.TreeMap.put(Ljava/lang/Object;Ljava/lang/Object;)Ljava/lang/Object; @ 55

Classes redefined (0 events):
No events

Internal exceptions (10 events):
Event: 1.540 Thread 0x00007f68cc00a000 Exception <a 'sun/nio/fs/UnixException'> (0x00000000eba63e10) thrown at [/build/openjdk-8-4TqvnK/openjdk-8-8u292-b10/src/hotspot/src/share/vm/prims/jni.cpp, line 711]
Event: 1.540 Thread 0x00007f68cc00a000 Exception <a 'sun/nio/fs/UnixException'> (0x00000000eba642e0) thrown at [/build/openjdk-8-4TqvnK/openjdk-8-8u292-b10/src/hotspot/src/share/vm/prims/jni.cpp, line 711]
Event: 1.625 Thread 0x00007f68cc00a000 Exception <a 'java/lang/NoSuchMethodError': java.lang.Object.lambda$maxBy$1(Ljava/util/Comparator;Ljava/lang/Object;Ljava/lang/Object;)Ljava/lang/Object;> (0x00000000ebe9cdb0) thrown at [/build/openjdk-8-4TqvnK/openjdk-8-8u292-b10/src/hotspot/src/share/vm
Event: 2.160 Thread 0x00007f68cc00a000 Exception <a 'sun/nio/fs/UnixException'> (0x00000000ec9ad910) thrown at [/build/openjdk-8-4TqvnK/openjdk-8-8u292-b10/src/hotspot/src/share/vm/prims/jni.cpp, line 711]
Event: 2.160 Thread 0x00007f68cc00a000 Exception <a 'sun/nio/fs/UnixException'> (0x00000000ec9ae3b8) thrown at [/build/openjdk-8-4TqvnK/openjdk-8-8u292-b10/src/hotspot/src/share/vm/prims/jni.cpp, line 711]
Event: 2.160 Thread 0x00007f68cc00a000 Exception <a 'sun/nio/fs/UnixException'> (0x00000000ec9ae8e8) thrown at [/build/openjdk-8-4TqvnK/openjdk-8-8u292-b10/src/hotspot/src/share/vm/prims/jni.cpp, line 711]
Event: 2.160 Thread 0x00007f68cc00a000 Exception <a 'sun/nio/fs/UnixException'> (0x00000000ec9aee88) thrown at [/build/openjdk-8-4TqvnK/openjdk-8-8u292-b10/src/hotspot/src/share/vm/prims/jni.cpp, line 711]
Event: 2.161 Thread 0x00007f68cc00a000 Exception <a 'sun/nio/fs/UnixException'> (0x00000000ec9af2c8) thrown at [/build/openjdk-8-4TqvnK/openjdk-8-8u292-b10/src/hotspot/src/share/vm/prims/jni.cpp, line 711]
Event: 2.161 Thread 0x00007f68cc00a000 Exception <a 'sun/nio/fs/UnixException'> (0x00000000ec9af798) thrown at [/build/openjdk-8-4TqvnK/openjdk-8-8u292-b10/src/hotspot/src/share/vm/prims/jni.cpp, line 711]
Event: 2.542 Thread 0x00007f68cc00a000 Exception <a 'java/lang/NoSuchMethodError': java.lang.Object.lambda$comparing$77a9974f$1(Ljava/util/function/Function;Ljava/lang/Object;Ljava/lang/Object;)I> (0x00000000ece107a0) thrown at [/build/openjdk-8-4TqvnK/openjdk-8-8u292-b10/src/hotspot/src/share

Events (10 events):
Event: 2.668 loading class java/util/stream/ReduceOps$3ReducingSink done
Event: 2.669 loading class java/nio/channels/spi/AbstractInterruptibleChannel$1
Event: 2.669 loading class java/nio/channels/spi/AbstractInterruptibleChannel$1 done
Event: 2.669 loading class sun/nio/ch/NativeThread
Event: 2.669 loading class sun/nio/ch/NativeThread done
Event: 2.669 loading class br/edu/utfpr/oiardubot/web/ServerLauncher$1
Event: 2.669 loading class br/edu/utfpr/oiardubot/web/ServerLauncher$1 done
Event: 2.674 Thread 0x00007f68cc8ca000 Thread added: 0x00007f68cc8ca000
Event: 4.289 Executing VM operation: EnableBiasedLocking
Event: 4.290 Executing VM operation: EnableBiasedLocking done


Dynamic libraries:
c1e00000-c4900000 rw-p 00000000 00:00 0
c4900000-eb500000 ---p 00000000 00:00 0
eb500000-f0a00000 rw-p 00000000 00:00 0
f0a00000-100000000 ---p 00000000 00:00 0
100000000-1001a0000 rw-p 00000000 00:00 0
1001a0000-140000000 ---p 00000000 00:00 0
7f6858000000-7f6858021000 rw-p 00000000 00:00 0
7f6858021000-7f685c000000 ---p 00000000 00:00 0
7f685c000000-7f685c021000 rw-p 00000000 00:00 0
7f685c021000-7f6860000000 ---p 00000000 00:00 0
7f6860000000-7f6860021000 rw-p 00000000 00:00 0
7f6860021000-7f6864000000 ---p 00000000 00:00 0
7f6864000000-7f6864021000 rw-p 00000000 00:00 0
7f6864021000-7f6868000000 ---p 00000000 00:00 0
7f6868000000-7f6868021000 rw-p 00000000 00:00 0
7f6868021000-7f686c000000 ---p 00000000 00:00 0
7f686c000000-7f686c021000 rw-p 00000000 00:00 0
7f686c021000-7f6870000000 ---p 00000000 00:00 0
7f6870000000-7f68700c0000 rw-p 00000000 00:00 0
7f68700c0000-7f6874000000 ---p 00000000 00:00 0
7f6874000000-7f6874021000 rw-p 00000000 00:00 0
7f6874021000-7f6878000000 ---p 00000000 00:00 0
7f6878000000-7f6878021000 rw-p 00000000 00:00 0
7f6878021000-7f687c000000 ---p 00000000 00:00 0
7f687c000000-7f687c021000 rw-p 00000000 00:00 0
7f687c021000-7f6880000000 ---p 00000000 00:00 0
7f6880000000-7f6880021000 rw-p 00000000 00:00 0
7f6880021000-7f6884000000 ---p 00000000 00:00 0
7f6884000000-7f6884021000 rw-p 00000000 00:00 0
7f6884021000-7f6888000000 ---p 00000000 00:00 0
7f6888000000-7f6888d21000 rw-p 00000000 00:00 0
7f6888d21000-7f688c000000 ---p 00000000 00:00 0
7f688c000000-7f688c5f9000 rw-p 00000000 00:00 0
7f688c5f9000-7f6890000000 ---p 00000000 00:00 0
7f6890000000-7f6890021000 rw-p 00000000 00:00 0
7f6890021000-7f6894000000 ---p 00000000 00:00 0
7f6894000000-7f68948b5000 rw-p 00000000 00:00 0
7f68948b5000-7f6898000000 ---p 00000000 00:00 0
7f6898000000-7f6898021000 rw-p 00000000 00:00 0
7f6898021000-7f689c000000 ---p 00000000 00:00 0
7f689c000000-7f689c021000 rw-p 00000000 00:00 0
7f689c021000-7f68a0000000 ---p 00000000 00:00 0
7f68a0000000-7f68a0021000 rw-p 00000000 00:00 0
7f68a0021000-7f68a4000000 ---p 00000000 00:00 0
7f68a4000000-7f68a4021000 rw-p 00000000 00:00 0
7f68a4021000-7f68a8000000 ---p 00000000 00:00 0
7f68a8000000-7f68a8021000 rw-p 00000000 00:00 0
7f68a8021000-7f68ac000000 ---p 00000000 00:00 0
7f68b0000000-7f68b0021000 rw-p 00000000 00:00 0
7f68b0021000-7f68b4000000 ---p 00000000 00:00 0
7f68b4c20000-7f68b4c23000 ---p 00000000 00:00 0
7f68b4c23000-7f68b4d21000 rw-p 00000000 00:00 0
7f68b4e30000-7f68b4e33000 ---p 00000000 00:00 0
7f68b4e33000-7f68b4f31000 rw-p 00000000 00:00 0
7f68b4f40000-7f68b4f47000 r--p 00000000 00:00 821417             /usr/lib/jvm/java-8-openjdk-amd64/jre/lib/amd64/libsunec.so
7f68b4f47000-7f68b4f60000 r-xp 00007000 00:00 821417             /usr/lib/jvm/java-8-openjdk-amd64/jre/lib/amd64/libsunec.so
7f68b4f60000-7f68b4f6a000 r--p 00020000 00:00 821417             /usr/lib/jvm/java-8-openjdk-amd64/jre/lib/amd64/libsunec.so
7f68b4f6a000-7f68b4f6e000 r--p 00029000 00:00 821417             /usr/lib/jvm/java-8-openjdk-amd64/jre/lib/amd64/libsunec.so
7f68b4f6e000-7f68b4f6f000 rw-p 0002d000 00:00 821417             /usr/lib/jvm/java-8-openjdk-amd64/jre/lib/amd64/libsunec.so
7f68b4f70000-7f68b50f0000 rw-p 00000000 00:00 0
7f68b50f0000-7f68b5170000 ---p 00000000 00:00 0
7f68b524f000-7f68b5260000 r--s 001bf000 00:00 821461             /usr/lib/jvm/java-8-openjdk-amd64/jre/lib/jsse.jar
7f68b5260000-7f68b5460000 rw-p 00000000 00:00 0
7f68b5460000-7f68b5463000 ---p 00000000 00:00 0
7f68b5463000-7f68b5561000 rw-p 00000000 00:00 0
7f68b5570000-7f68b5573000 ---p 00000000 00:00 0
7f68b5573000-7f68b5671000 rw-p 00000000 00:00 0
7f68b5680000-7f68b5683000 ---p 00000000 00:00 0
7f68b5683000-7f68b5781000 rw-p 00000000 00:00 0
7f68b5790000-7f68b5793000 ---p 00000000 00:00 0
7f68b5793000-7f68b5891000 rw-p 00000000 00:00 0
7f68b58a0000-7f68b58a3000 ---p 00000000 00:00 0
7f68b58a3000-7f68b59a1000 rw-p 00000000 00:00 0
7f68b59b0000-7f68b59b3000 ---p 00000000 00:00 0
7f68b59b3000-7f68b5ab1000 rw-p 00000000 00:00 0
7f68b5ac0000-7f68b5ac3000 ---p 00000000 00:00 0
7f68b5ac3000-7f68b5bc1000 rw-p 00000000 00:00 0
7f68b5bd0000-7f68b5bd3000 ---p 00000000 00:00 0
7f68b5bd3000-7f68b5cd1000 rw-p 00000000 00:00 0
7f68b5cdf000-7f68b5d0e000 r--s 008ca000 00:00 558379             /home/gustavo/oiArduBot/backend/language_server/language_server_lib/ace-1.3.3.jar
7f68b5d0e000-7f68b5d42000 r--s 00287000 00:00 859424             /home/gustavo/oiArduBot/backend/language_server/language_server_lib/guava-30.1-jre.jar
7f68b5d42000-7f68b5d63000 r--s 00255000 00:00 859462             /home/gustavo/oiArduBot/backend/language_server/language_server_lib/org.eclipse.xtext.xbase-2.25.0.jar
7f68b5d63000-7f68b5d77000 r--s 00146000 00:00 859446             /home/gustavo/oiArduBot/backend/language_server/language_server_lib/org.eclipse.emf.ecore-2.20.0.jar
7f68b5d77000-7f68b5d8e000 r--s 0015b000 00:00 859453             /home/gustavo/oiArduBot/backend/language_server/language_server_lib/org.eclipse.osgi-3.16.0.jar
7f68b5d8e000-7f68b5dc0000 r--s 0026c000 00:00 859456             /home/gustavo/oiArduBot/backend/language_server/language_server_lib/org.eclipse.xtext-2.25.0.jar
7f68b5dc0000-7f68b5dc1000 ---p 00000000 00:00 0
7f68b5dc1000-7f68b5ec1000 rw-p 00000000 00:00 0
7f68b5ed0000-7f68b5ed3000 ---p 00000000 00:00 0
7f68b5ed3000-7f68b5fd1000 rw-p 00000000 00:00 0
7f68b5fe0000-7f68b5fe4000 ---p 00000000 00:00 0
7f68b5fe4000-7f68b60e1000 rw-p 00000000 00:00 0
7f68b60f0000-7f68b8021000 rw-p 00000000 00:00 0
7f68b8021000-7f68bc004000 ---p 00000000 00:00 0
7f68bc004000-7f68bc101000 rw-p 00000000 00:00 0
7f68bc110000-7f68bc114000 ---p 00000000 00:00 0
7f68bc114000-7f68bc211000 rw-p 00000000 00:00 0
7f68bc220000-7f68bc223000 ---p 00000000 00:00 0
7f68bc223000-7f68bc321000 rw-p 00000000 00:00 0
7f68bc327000-7f68bc49a000 r--p 00000000 00:00 572508             /usr/lib/locale/C.UTF-8/LC_COLLATE
7f68bc49a000-7f68bc780000 r--p 00000000 00:00 572521             /usr/lib/locale/locale-archive
7f68bc780000-7f68bc783000 ---p 00000000 00:00 0
7f68bc783000-7f68bc881000 rw-p 00000000 00:00 0
7f68bc890000-7f68bc893000 ---p 00000000 00:00 0
7f68bc893000-7f68bc991000 rw-p 00000000 00:00 0
7f68bc9a0000-7f68bc9a1000 ---p 00000000 00:00 0
7f68bc9a1000-7f68bcaa1000 rw-p 00000000 00:00 0
7f68bcab0000-7f68bcbb1000 rw-p 00000000 00:00 0
7f68bcbc0000-7f68bccc1000 rw-p 00000000 00:00 0
7f68bccd0000-7f68bcdd1000 rw-p 00000000 00:00 0
7f68bcde0000-7f68bcee1000 rw-p 00000000 00:00 0
7f68bcef0000-7f68bcff1000 rw-p 00000000 00:00 0
7f68bd000000-7f68bd450000 rwxp 00000000 00:00 0
7f68bd450000-7f68cc000000 ---p 00000000 00:00 0
7f68cc000000-7f68cc8d1000 rw-p 00000000 00:00 0
7f68cc8d1000-7f68d0000000 ---p 00000000 00:00 0
7f68d0000000-7f68d0004000 r--p 00000000 00:00 821410             /usr/lib/jvm/java-8-openjdk-amd64/jre/lib/amd64/libmanagement.so
7f68d0004000-7f68d0008000 r-xp 00004000 00:00 821410             /usr/lib/jvm/java-8-openjdk-amd64/jre/lib/amd64/libmanagement.so
7f68d0008000-7f68d000a000 r--p 00008000 00:00 821410             /usr/lib/jvm/java-8-openjdk-amd64/jre/lib/amd64/libmanagement.so
7f68d000a000-7f68d000b000 r--p 00009000 00:00 821410             /usr/lib/jvm/java-8-openjdk-amd64/jre/lib/amd64/libmanagement.so
7f68d000b000-7f68d000c000 rw-p 0000a000 00:00 821410             /usr/lib/jvm/java-8-openjdk-amd64/jre/lib/amd64/libmanagement.so
7f68d0010000-7f68d0015000 r--p 00000000 00:00 821412             /usr/lib/jvm/java-8-openjdk-amd64/jre/lib/amd64/libnet.so
7f68d0015000-7f68d0026000 r-xp 00005000 00:00 821412             /usr/lib/jvm/java-8-openjdk-amd64/jre/lib/amd64/libnet.so
7f68d0026000-7f68d002a000 r--p 00016000 00:00 821412             /usr/lib/jvm/java-8-openjdk-amd64/jre/lib/amd64/libnet.so
7f68d002a000-7f68d002b000 r--p 00019000 00:00 821412             /usr/lib/jvm/java-8-openjdk-amd64/jre/lib/amd64/libnet.so
7f68d002b000-7f68d002c000 rw-p 0001a000 00:00 821412             /usr/lib/jvm/java-8-openjdk-amd64/jre/lib/amd64/libnet.so
7f68d0030000-7f68d0037000 r--p 00000000 00:00 821413             /usr/lib/jvm/java-8-openjdk-amd64/jre/lib/amd64/libnio.so
7f68d0037000-7f68d0040000 r-xp 00007000 00:00 821413             /usr/lib/jvm/java-8-openjdk-amd64/jre/lib/amd64/libnio.so
7f68d0040000-7f68d0043000 r--p 00010000 00:00 821413             /usr/lib/jvm/java-8-openjdk-amd64/jre/lib/amd64/libnio.so
7f68d0043000-7f68d0044000 r--p 00012000 00:00 821413             /usr/lib/jvm/java-8-openjdk-amd64/jre/lib/amd64/libnio.so
7f68d0044000-7f68d0045000 rw-p 00013000 00:00 821413             /usr/lib/jvm/java-8-openjdk-amd64/jre/lib/amd64/libnio.so
7f68d0048000-7f68d0063000 r--s 001d6000 00:00 821439             /usr/lib/jvm/java-8-openjdk-amd64/jre/lib/ext/nashorn.jar
7f68d0063000-7f68d007e000 r--s 00394000 00:00 821434             /usr/lib/jvm/java-8-openjdk-amd64/jre/lib/ext/cldrdata.jar
7f68d007e000-7f68d00b0000 r--p 00000000 00:00 572509             /usr/lib/locale/C.UTF-8/LC_CTYPE
7f68d00b0000-7f68d01b1000 rw-p 00000000 00:00 0
7f68d01c0000-7f68d02c1000 rw-p 00000000 00:00 0
7f68d02d0000-7f68d03d1000 rw-p 00000000 00:00 0
7f68d03e0000-7f68d04e1000 rw-p 00000000 00:00 0
7f68d04f0000-7f68d05f1000 rw-p 00000000 00:00 0
7f68d0600000-7f68d0701000 rw-p 00000000 00:00 0
7f68d0710000-7f68d0811000 rw-p 00000000 00:00 0
7f68d0820000-7f68d0921000 rw-p 00000000 00:00 0
7f68d0930000-7f68d0a31000 rw-p 00000000 00:00 0
7f68d0a40000-7f68d0b41000 rw-p 00000000 00:00 0
7f68d0b4c000-7f68d0b4e000 r--s 00016000 00:00 821455             /usr/lib/jvm/java-8-openjdk-amd64/jre/lib/jce.jar
7f68d0b4e000-7f68d0b50000 r--s 00009000 00:00 859467             /home/gustavo/oiArduBot/backend/language_server/language_server_lib/slf4j-api-1.7.21.jar
7f68d0b50000-7f68d0b9e000 rw-p 00000000 00:00 0
7f68d0b9f000-7f68d0d70000 r--s 03ca5000 00:00 821467             /usr/lib/jvm/java-8-openjdk-amd64/jre/lib/rt.jar
7f68d0d70000-7f68d0de6000 rw-p 00000000 00:00 0
7f68d0de6000-7f68d0df0000 r--s 000a3000 00:00 859436             /home/gustavo/oiArduBot/backend/language_server/language_server_lib/jetty-server-9.4.34.v20201102.jar
7f68d0df0000-7f68d0e4b000 rw-p 00000000 00:00 0
7f68d0e4c000-7f68d0e50000 r--s 00025000 00:00 859432             /home/gustavo/oiArduBot/backend/language_server/language_server_lib/jetty-io-9.4.34.v20201102.jar
7f68d0e50000-7f68d1841000 rw-p 00000000 00:00 0
7f68d1841000-7f68d1843000 r--s 00005000 00:00 859427             /home/gustavo/oiArduBot/backend/language_server/language_server_lib/javax.annotation-api-1.3.2.jar
7f68d1843000-7f68d1847000 r--s 00031000 00:00 859431             /home/gustavo/oiArduBot/backend/language_server/language_server_lib/jetty-http-9.4.34.v20201102.jar
7f68d1847000-7f68d184a000 r--s 00015000 00:00 859429             /home/gustavo/oiArduBot/backend/language_server/language_server_lib/javax.servlet-api-3.1.0.jar
7f68d184a000-7f68d184d000 r--s 0001a000 00:00 859435             /home/gustavo/oiArduBot/backend/language_server/language_server_lib/jetty-security-9.4.34.v20201102.jar
7f68d184d000-7f68d1850000 r--s 0001f000 00:00 859437             /home/gustavo/oiArduBot/backend/language_server/language_server_lib/jetty-servlet-9.4.34.v20201102.jar
7f68d1850000-7f68d1864000 rw-p 00000000 00:00 0
7f68d1865000-7f68d1867000 r--s 0000f000 00:00 859440             /home/gustavo/oiArduBot/backend/language_server/language_server_lib/jetty-xml-9.4.34.v20201102.jar
7f68d1867000-7f68d1870000 r--s 00081000 00:00 859438             /home/gustavo/oiArduBot/backend/language_server/language_server_lib/jetty-util-9.4.34.v20201102.jar
7f68d1870000-7f68d1871000 ---p 00000000 00:00 0
7f68d1871000-7f68d1971000 rw-p 00000000 00:00 0
7f68d1971000-7f68d1972000 r--s 00002000 00:00 859468             /home/gustavo/oiArduBot/backend/language_server/language_server_lib/slf4j-simple-1.7.21.jar
7f68d1972000-7f68d1975000 r--s 00020000 00:00 859439             /home/gustavo/oiArduBot/backend/language_server/language_server_lib/jetty-webapp-9.4.34.v20201102.jar
7f68d1975000-7f68d1980000 r--s 0002a000 00:00 859419             /home/gustavo/oiArduBot/backend/language_server/language_server_lib/checker-qual-3.5.0.jar
7f68d1980000-7f68d1981000 ---p 00000000 00:00 0
7f68d1981000-7f68d1a81000 rw-p 00000000 00:00 0
7f68d1a81000-7f68d1a83000 r--s 0000a000 00:00 859433             /home/gustavo/oiArduBot/backend/language_server/language_server_lib/jetty-jndi-9.4.34.v20201102.jar
7f68d1a83000-7f68d1a86000 r--s 00013000 00:00 859430             /home/gustavo/oiArduBot/backend/language_server/language_server_lib/jetty-annotations-9.4.34.v20201102.jar
7f68d1a86000-7f68d1a8b000 r--s 00024000 00:00 859464             /home/gustavo/oiArduBot/backend/language_server/language_server_lib/org.eclipse.xtext.xbase.lib-2.25.0.jar
7f68d1a8b000-7f68d1a90000 r--s 00036000 00:00 859423             /home/gustavo/oiArduBot/backend/language_server/language_server_lib/gson-2.8.6.jar
7f68d1a90000-7f68d1a91000 ---p 00000000 00:00 0
7f68d1a91000-7f68d1b91000 rw-p 00000000 00:00 0
7f68d1b91000-7f68d1b93000 r--s 0000f000 00:00 859434             /home/gustavo/oiArduBot/backend/language_server/language_server_lib/jetty-plus-9.4.34.v20201102.jar
7f68d1b93000-7f68d1b98000 r--s 00091000 00:00 859463             /home/gustavo/oiArduBot/backend/language_server/language_server_lib/org.eclipse.xtext.xbase.ide-2.25.0.jar
7f68d1b98000-7f68d1ba0000 r--s 00069000 00:00 859420             /home/gustavo/oiArduBot/backend/language_server/language_server_lib/classgraph-4.8.35.jar
7f68d1ba0000-7f68d1ba1000 ---p 00000000 00:00 0
7f68d1ba1000-7f68d1ca1000 rw-p 00000000 00:00 0
7f68d1ca1000-7f68d1cb0000 r--s 0009f000 00:00 859425             /home/gustavo/oiArduBot/backend/language_server/language_server_lib/guice-3.0.jar
7f68d1cb0000-7f68d1cc6000 rw-p 00000000 00:00 0
7f68d1cc6000-7f68d1dfc000 ---p 00000000 00:00 0
7f68d1dfc000-7f68d1e00000 r--s 00010000 00:00 859455             /home/gustavo/oiArduBot/backend/language_server/language_server_lib/org.eclipse.xtend.lib.macro-2.25.0.jar
7f68d1e00000-7f68d1e16000 rw-p 00000000 00:00 0
7f68d1e16000-7f68d1f4b000 ---p 00000000 00:00 0
7f68d1f4b000-7f68d1f76000 rw-p 00000000 00:00 0
7f68d1f76000-7f68d1ff1000 ---p 00000000 00:00 0
7f68d1ff1000-7f68d1ff2000 rw-p 00000000 00:00 0
7f68d1ff2000-7f68d1ff4000 r--s 00001000 00:00 859426             /home/gustavo/oiArduBot/backend/language_server/language_server_lib/j2objc-annotations-1.3.jar
7f68d1ff4000-7f68d1ff6000 r--s 00002000 00:00 859421             /home/gustavo/oiArduBot/backend/language_server/language_server_lib/error_prone_annotations-2.3.4.jar
7f68d1ff6000-7f68d2000000 r--s 00073000 00:00 859457             /home/gustavo/oiArduBot/backend/language_server/language_server_lib/org.eclipse.xtext.common.types-2.25.0.jar
7f68d2000000-7f68d2012000 rw-p 00000000 00:00 0
7f68d2012000-7f68d23c0000 ---p 00000000 00:00 0
7f68d23c0000-7f68d23c3000 r--p 00000000 00:00 821420             /usr/lib/jvm/java-8-openjdk-amd64/jre/lib/amd64/libzip.so
7f68d23c3000-7f68d23c8000 r-xp 00003000 00:00 821420             /usr/lib/jvm/java-8-openjdk-amd64/jre/lib/amd64/libzip.so
7f68d23c8000-7f68d23ca000 r--p 00008000 00:00 821420             /usr/lib/jvm/java-8-openjdk-amd64/jre/lib/amd64/libzip.so
7f68d23ca000-7f68d23cb000 r--p 00009000 00:00 821420             /usr/lib/jvm/java-8-openjdk-amd64/jre/lib/amd64/libzip.so
7f68d23cb000-7f68d23cc000 rw-p 0000a000 00:00 821420             /usr/lib/jvm/java-8-openjdk-amd64/jre/lib/amd64/libzip.so
7f68d23cc000-7f68d23ce000 r--s 00003000 00:00 859442             /home/gustavo/oiArduBot/backend/language_server/language_server_lib/jsr305-3.0.2.jar
7f68d23ce000-7f68d23d0000 r--s 00000000 00:00 859422             /home/gustavo/oiArduBot/backend/language_server/language_server_lib/failureaccess-1.0.1.jar
7f68d23d0000-7f68d23d3000 r--p 00000000 00:00 652020             /usr/lib/x86_64-linux-gnu/libnss_files-2.31.so
7f68d23d3000-7f68d23da000 r-xp 00003000 00:00 652020             /usr/lib/x86_64-linux-gnu/libnss_files-2.31.so
7f68d23da000-7f68d23dc000 r--p 0000a000 00:00 652020             /usr/lib/x86_64-linux-gnu/libnss_files-2.31.so
7f68d23dc000-7f68d23dd000 r--p 0000b000 00:00 652020             /usr/lib/x86_64-linux-gnu/libnss_files-2.31.so
7f68d23dd000-7f68d23de000 rw-p 0000c000 00:00 652020             /usr/lib/x86_64-linux-gnu/libnss_files-2.31.so
7f68d23de000-7f68d23e4000 rw-p 00000000 00:00 0
7f68d23e4000-7f68d23e5000 r--s 0004c000 00:00 859441             /home/gustavo/oiArduBot/backend/language_server/language_server_lib/jquery-3.5.1.jar
7f68d23e5000-7f68d23e8000 r--s 00019000 00:00 859454             /home/gustavo/oiArduBot/backend/language_server/language_server_lib/org.eclipse.xtend.lib-2.25.0.jar
7f68d23e8000-7f68d23ec000 r--s 00022000 00:00 859413             /home/gustavo/oiArduBot/backend/language_server/language_server_lib/antlr-runtime-3.2.jar
7f68d23ec000-7f68d23f0000 r--s 00036000 00:00 859448             /home/gustavo/oiArduBot/backend/language_server/language_server_lib/org.eclipse.emf.ecore.xmi-2.16.0.jar
7f68d23f0000-7f68d23f1000 rw-p 00000000 00:00 0
7f68d23f1000-7f68d23f3000 r--s 00003000 00:00 859461             /home/gustavo/oiArduBot/backend/language_server/language_server_lib/org.eclipse.xtext.web.servlet-2.25.0.jar
7f68d23f3000-7f68d23fa000 r--s 00055000 00:00 859445             /home/gustavo/oiArduBot/backend/language_server/language_server_lib/org.eclipse.emf.common-2.17.0.jar
7f68d23fa000-7f68d2400000 r--s 00046000 00:00 859459             /home/gustavo/oiArduBot/backend/language_server/language_server_lib/org.eclipse.xtext.util-2.25.0.jar
7f68d2400000-7f68d240d000 r--p 00000000 00:00 821401             /usr/lib/jvm/java-8-openjdk-amd64/jre/lib/amd64/libjava.so
7f68d240d000-7f68d2425000 r-xp 0000d000 00:00 821401             /usr/lib/jvm/java-8-openjdk-amd64/jre/lib/amd64/libjava.so
7f68d2425000-7f68d242c000 r--p 00025000 00:00 821401             /usr/lib/jvm/java-8-openjdk-amd64/jre/lib/amd64/libjava.so
7f68d242c000-7f68d242d000 r--p 0002b000 00:00 821401             /usr/lib/jvm/java-8-openjdk-amd64/jre/lib/amd64/libjava.so
7f68d242d000-7f68d242f000 rw-p 0002c000 00:00 821401             /usr/lib/jvm/java-8-openjdk-amd64/jre/lib/amd64/libjava.so
7f68d242f000-7f68d2430000 r--s 00007000 00:00 859466             /home/gustavo/oiArduBot/backend/language_server/language_server_lib/requirejs-2.3.6.jar
7f68d2430000-7f68d2435000 r--p 00000000 00:00 821419             /usr/lib/jvm/java-8-openjdk-amd64/jre/lib/amd64/libverify.so
7f68d2435000-7f68d243e000 r-xp 00005000 00:00 821419             /usr/lib/jvm/java-8-openjdk-amd64/jre/lib/amd64/libverify.so
7f68d243e000-7f68d2440000 r--p 0000e000 00:00 821419             /usr/lib/jvm/java-8-openjdk-amd64/jre/lib/amd64/libverify.so
7f68d2440000-7f68d2442000 r--p 0000f000 00:00 821419             /usr/lib/jvm/java-8-openjdk-amd64/jre/lib/amd64/libverify.so
7f68d2442000-7f68d2443000 rw-p 00011000 00:00 821419             /usr/lib/jvm/java-8-openjdk-amd64/jre/lib/amd64/libverify.so
7f68d2443000-7f68d2446000 r--s 00017000 00:00 859447             /home/gustavo/oiArduBot/backend/language_server/language_server_lib/org.eclipse.emf.ecore.change-2.14.0.jar
7f68d2446000-7f68d2450000 r--s 0006f000 00:00 859458             /home/gustavo/oiArduBot/backend/language_server/language_server_lib/org.eclipse.xtext.ide-2.25.0.jar
7f68d2450000-7f68d2453000 r--p 00000000 00:00 652106             /usr/lib/x86_64-linux-gnu/librt-2.31.so
7f68d2453000-7f68d2457000 r-xp 00003000 00:00 652106             /usr/lib/x86_64-linux-gnu/librt-2.31.so
7f68d2457000-7f68d2458000 r--p 00007000 00:00 652106             /usr/lib/x86_64-linux-gnu/librt-2.31.so
7f68d2458000-7f68d2459000 ---p 00008000 00:00 652106             /usr/lib/x86_64-linux-gnu/librt-2.31.so
7f68d2459000-7f68d245a000 r--p 00008000 00:00 652106             /usr/lib/x86_64-linux-gnu/librt-2.31.so
7f68d245a000-7f68d245b000 rw-p 00009000 00:00 652106             /usr/lib/x86_64-linux-gnu/librt-2.31.so
7f68d245b000-7f68d245d000 r--s 00000000 00:00 859414             /home/gustavo/oiArduBot/backend/language_server/language_server_lib/aopalliance-1.0.jar
7f68d245d000-7f68d2460000 r--s 0001f000 00:00 859449             /home/gustavo/oiArduBot/backend/language_server/language_server_lib/org.eclipse.equinox.common-3.13.0.jar
7f68d2460000-7f68d2464000 ---p 00000000 00:00 0
7f68d2464000-7f68d2561000 rw-p 00000000 00:00 0
7f68d2561000-7f68d2570000 r--s 000b7000 00:00 859450             /home/gustavo/oiArduBot/backend/language_server/language_server_lib/org.eclipse.lsp4j-0.10.0.jar
7f68d2570000-7f68d2573000 r--p 00000000 00:00 677530             /usr/lib/x86_64-linux-gnu/libgcc_s.so.1
7f68d2573000-7f68d2585000 r-xp 00003000 00:00 677530             /usr/lib/x86_64-linux-gnu/libgcc_s.so.1
7f68d2585000-7f68d2589000 r--p 00015000 00:00 677530             /usr/lib/x86_64-linux-gnu/libgcc_s.so.1
7f68d2589000-7f68d258a000 r--p 00018000 00:00 677530             /usr/lib/x86_64-linux-gnu/libgcc_s.so.1
7f68d258a000-7f68d258b000 rw-p 00019000 00:00 677530             /usr/lib/x86_64-linux-gnu/libgcc_s.so.1
7f68d258b000-7f68d258c000 r--s 00000000 00:00 859443             /home/gustavo/oiArduBot/backend/language_server/language_server_lib/listenablefuture-9999.0-empty-to-avoid-conflict-with-guava.jar
7f68d258c000-7f68d2590000 r--s 00029000 00:00 859460             /home/gustavo/oiArduBot/backend/language_server/language_server_lib/org.eclipse.xtext.web-2.25.0.jar
7f68d2590000-7f68d2591000 r--p 00000000 00:00 0
7f68d2591000-7f68d25a0000 r--p 00000000 00:00 651970             /usr/lib/x86_64-linux-gnu/libm-2.31.so
7f68d25a0000-7f68d2647000 r-xp 0000f000 00:00 651970             /usr/lib/x86_64-linux-gnu/libm-2.31.so
7f68d2647000-7f68d26de000 r--p 000b6000 00:00 651970             /usr/lib/x86_64-linux-gnu/libm-2.31.so
7f68d26de000-7f68d26df000 r--p 0014c000 00:00 651970             /usr/lib/x86_64-linux-gnu/libm-2.31.so
7f68d26df000-7f68d26e0000 rw-p 0014d000 00:00 651970             /usr/lib/x86_64-linux-gnu/libm-2.31.so
7f68d26e0000-7f68d2776000 r--p 00000000 00:00 682612             /usr/lib/x86_64-linux-gnu/libstdc++.so.6.0.28
7f68d2776000-7f68d2867000 r-xp 00096000 00:00 682612             /usr/lib/x86_64-linux-gnu/libstdc++.so.6.0.28
7f68d2867000-7f68d28b0000 r--p 00187000 00:00 682612             /usr/lib/x86_64-linux-gnu/libstdc++.so.6.0.28
7f68d28b0000-7f68d28b1000 ---p 001d0000 00:00 682612             /usr/lib/x86_64-linux-gnu/libstdc++.so.6.0.28
7f68d28b1000-7f68d28bc000 r--p 001d0000 00:00 682612             /usr/lib/x86_64-linux-gnu/libstdc++.so.6.0.28
7f68d28bc000-7f68d28bf000 rw-p 001db000 00:00 682612             /usr/lib/x86_64-linux-gnu/libstdc++.so.6.0.28
7f68d28bf000-7f68d28c2000 rw-p 00000000 00:00 0
7f68d28c2000-7f68d28c3000 r--s 00000000 00:00 859428             /home/gustavo/oiArduBot/backend/language_server/language_server_lib/javax.inject-1.jar
7f68d28c3000-7f68d28c5000 r--s 0000b000 00:00 859418             /home/gustavo/oiArduBot/backend/language_server/language_server_lib/asm-tree-9.1.jar
7f68d28c5000-7f68d28c7000 r--s 00007000 00:00 859416             /home/gustavo/oiArduBot/backend/language_server/language_server_lib/asm-analysis-9.1.jar
7f68d28c7000-7f68d28d0000 r--s 0006f000 00:00 859444             /home/gustavo/oiArduBot/backend/language_server/language_server_lib/log4j-1.2.17.jar
7f68d28d0000-7f68d2ac5000 r--p 00000000 00:00 821423             /usr/lib/jvm/java-8-openjdk-amd64/jre/lib/amd64/server/libjvm.so
7f68d2ac5000-7f68d342d000 r-xp 001f5000 00:00 821423             /usr/lib/jvm/java-8-openjdk-amd64/jre/lib/amd64/server/libjvm.so
7f68d342d000-7f68d35de000 r--p 00b5d000 00:00 821423             /usr/lib/jvm/java-8-openjdk-amd64/jre/lib/amd64/server/libjvm.so
7f68d35de000-7f68d35df000 ---p 00d0e000 00:00 821423             /usr/lib/jvm/java-8-openjdk-amd64/jre/lib/amd64/server/libjvm.so
7f68d35df000-7f68d3675000 r--p 00d0e000 00:00 821423             /usr/lib/jvm/java-8-openjdk-amd64/jre/lib/amd64/server/libjvm.so
7f68d3675000-7f68d369e000 rw-p 00da4000 00:00 821423             /usr/lib/jvm/java-8-openjdk-amd64/jre/lib/amd64/server/libjvm.so
7f68d369e000-7f68d36d1000 rw-p 00000000 00:00 0
7f68d36d1000-7f68d36d2000 r--s 00001000 00:00 859465             /home/gustavo/oiArduBot/backend/language_server/language_server_lib/org.eclipse.xtext.xbase.web-2.25.0.jar
7f68d36d2000-7f68d36d4000 r--s 00010000 00:00 859417             /home/gustavo/oiArduBot/backend/language_server/language_server_lib/asm-commons-9.1.jar
7f68d36d4000-7f68d36d6000 r--s 0001c000 00:00 859415             /home/gustavo/oiArduBot/backend/language_server/language_server_lib/asm-9.1.jar
7f68d36d6000-7f68d36d9000 r--s 0001e000 00:00 859452             /home/gustavo/oiArduBot/backend/language_server/language_server_lib/org.eclipse.lsp4j.jsonrpc-0.10.0.jar
7f68d36d9000-7f68d36e0000 r--s 00064000 00:00 255358             /home/gustavo/oiArduBot/backend/language_server/language_server.jar
7f68d36e0000-7f68d36e2000 rw-p 00000000 00:00 0
7f68d36e2000-7f68d36ed000 r--s 00116000 00:00 821438             /usr/lib/jvm/java-8-openjdk-amd64/jre/lib/ext/localedata.jar
7f68d36ed000-7f68d36f4000 r--p 00000000 00:00 652090             /usr/lib/x86_64-linux-gnu/libpthread-2.31.so
7f68d36f4000-7f68d3705000 r-xp 00007000 00:00 652090             /usr/lib/x86_64-linux-gnu/libpthread-2.31.so
7f68d3705000-7f68d370a000 r--p 00018000 00:00 652090             /usr/lib/x86_64-linux-gnu/libpthread-2.31.so
7f68d370a000-7f68d370b000 r--p 0001c000 00:00 652090             /usr/lib/x86_64-linux-gnu/libpthread-2.31.so
7f68d370b000-7f68d370c000 rw-p 0001d000 00:00 652090             /usr/lib/x86_64-linux-gnu/libpthread-2.31.so
7f68d370c000-7f68d3710000 rw-p 00000000 00:00 0
7f68d3710000-7f68d3711000 r--p 00000000 00:00 651773             /usr/lib/x86_64-linux-gnu/libdl-2.31.so
7f68d3711000-7f68d3713000 r-xp 00001000 00:00 651773             /usr/lib/x86_64-linux-gnu/libdl-2.31.so
7f68d3713000-7f68d3714000 r--p 00003000 00:00 651773             /usr/lib/x86_64-linux-gnu/libdl-2.31.so
7f68d3714000-7f68d3715000 r--p 00003000 00:00 651773             /usr/lib/x86_64-linux-gnu/libdl-2.31.so
7f68d3715000-7f68d3716000 rw-p 00004000 00:00 651773             /usr/lib/x86_64-linux-gnu/libdl-2.31.so
7f68d3716000-7f68d3718000 r--s 0000b000 00:00 859451             /home/gustavo/oiArduBot/backend/language_server/language_server_lib/org.eclipse.lsp4j.generator-0.10.0.jar
7f68d3718000-7f68d371a000 r--s 00010000 00:00 821443             /usr/lib/jvm/java-8-openjdk-amd64/jre/lib/ext/zipfs.jar
7f68d371a000-7f68d3720000 r--s 0003d000 00:00 821441             /usr/lib/jvm/java-8-openjdk-amd64/jre/lib/ext/sunjce_provider.jar
7f68d3720000-7f68d3722000 r--p 00000000 00:00 652266             /usr/lib/x86_64-linux-gnu/libz.so.1.2.11
7f68d3722000-7f68d3733000 r-xp 00002000 00:00 652266             /usr/lib/x86_64-linux-gnu/libz.so.1.2.11
7f68d3733000-7f68d3739000 r--p 00013000 00:00 652266             /usr/lib/x86_64-linux-gnu/libz.so.1.2.11
7f68d3739000-7f68d373a000 ---p 00019000 00:00 652266             /usr/lib/x86_64-linux-gnu/libz.so.1.2.11
7f68d373a000-7f68d373b000 r--p 00019000 00:00 652266             /usr/lib/x86_64-linux-gnu/libz.so.1.2.11
7f68d373b000-7f68d373c000 rw-p 0001a000 00:00 652266             /usr/lib/x86_64-linux-gnu/libz.so.1.2.11
7f68d373c000-7f68d3740000 r--s 00040000 00:00 821442             /usr/lib/jvm/java-8-openjdk-amd64/jre/lib/ext/sunpkcs11.jar
7f68d3740000-7f68d3765000 r--p 00000000 00:00 651734             /usr/lib/x86_64-linux-gnu/libc-2.31.so
7f68d3765000-7f68d38dd000 r-xp 00025000 00:00 651734             /usr/lib/x86_64-linux-gnu/libc-2.31.so
7f68d38dd000-7f68d3927000 r--p 0019d000 00:00 651734             /usr/lib/x86_64-linux-gnu/libc-2.31.so
7f68d3927000-7f68d3928000 ---p 001e7000 00:00 651734             /usr/lib/x86_64-linux-gnu/libc-2.31.so
7f68d3928000-7f68d392b000 r--p 001e7000 00:00 651734             /usr/lib/x86_64-linux-gnu/libc-2.31.so
7f68d392b000-7f68d392e000 rw-p 001ea000 00:00 651734             /usr/lib/x86_64-linux-gnu/libc-2.31.so
7f68d392e000-7f68d3932000 rw-p 00000000 00:00 0
7f68d3932000-7f68d3934000 r--s 00008000 00:00 821440             /usr/lib/jvm/java-8-openjdk-amd64/jre/lib/ext/sunec.jar
7f68d3934000-7f68d3936000 r--s 0000c000 00:00 821673             /usr/share/java/java-atk-wrapper.jar
7f68d3936000-7f68d3937000 r--s 0000a000 00:00 821437             /usr/lib/jvm/java-8-openjdk-amd64/jre/lib/ext/jaccess.jar
7f68d3937000-7f68d393a000 r--s 0000f000 00:00 821436             /usr/lib/jvm/java-8-openjdk-amd64/jre/lib/ext/icedtea-sound.jar
7f68d393a000-7f68d3940000 r--s 000d3000 00:00 821460             /usr/lib/jvm/java-8-openjdk-amd64/jre/lib/jfr.jar
7f68d3940000-7f68d3943000 r--p 00000000 00:00 821387             /usr/lib/jvm/java-8-openjdk-amd64/jre/lib/amd64/jli/libjli.so
7f68d3943000-7f68d394d000 r-xp 00003000 00:00 821387             /usr/lib/jvm/java-8-openjdk-amd64/jre/lib/amd64/jli/libjli.so
7f68d394d000-7f68d3950000 r--p 0000d000 00:00 821387             /usr/lib/jvm/java-8-openjdk-amd64/jre/lib/amd64/jli/libjli.so
7f68d3950000-7f68d3951000 r--p 0000f000 00:00 821387             /usr/lib/jvm/java-8-openjdk-amd64/jre/lib/amd64/jli/libjli.so
7f68d3951000-7f68d3952000 rw-p 00010000 00:00 821387             /usr/lib/jvm/java-8-openjdk-amd64/jre/lib/amd64/jli/libjli.so
7f68d3952000-7f68d3954000 r--s 00001000 00:00 821435             /usr/lib/jvm/java-8-openjdk-amd64/jre/lib/ext/dnsns.jar
7f68d3954000-7f68d3955000 r--p 00000000 00:00 572517             /usr/lib/locale/C.UTF-8/LC_NUMERIC
7f68d3955000-7f68d3956000 r--p 00000000 00:00 572520             /usr/lib/locale/C.UTF-8/LC_TIME
7f68d3956000-7f68d3957000 r--p 00000000 00:00 572515             /usr/lib/locale/C.UTF-8/LC_MONETARY
7f68d3957000-7f68d3958000 r--p 00000000 00:00 572514             /usr/lib/locale/C.UTF-8/LC_MESSAGES/SYS_LC_MESSAGES
7f68d3958000-7f68d3959000 r--p 00000000 00:00 572518             /usr/lib/locale/C.UTF-8/LC_PAPER
7f68d3959000-7f68d3960000 r--s 00000000 00:00 651581             /usr/lib/x86_64-linux-gnu/gconv/gconv-modules.cache
7f68d3960000-7f68d3961000 r--p 00000000 00:00 651617             /usr/lib/x86_64-linux-gnu/ld-2.31.so
7f68d3961000-7f68d3983000 r-xp 00001000 00:00 651617             /usr/lib/x86_64-linux-gnu/ld-2.31.so
7f68d3983000-7f68d3984000 r-xp 00023000 00:00 651617             /usr/lib/x86_64-linux-gnu/ld-2.31.so
7f68d3984000-7f68d398b000 r--p 00024000 00:00 651617             /usr/lib/x86_64-linux-gnu/ld-2.31.so
7f68d398b000-7f68d398c000 r--p 0002b000 00:00 651617             /usr/lib/x86_64-linux-gnu/ld-2.31.so
7f68d398c000-7f68d398d000 r--p 00000000 00:00 572516             /usr/lib/locale/C.UTF-8/LC_NAME
7f68d398d000-7f68d398e000 r--p 0002c000 00:00 651617             /usr/lib/x86_64-linux-gnu/ld-2.31.so
7f68d398e000-7f68d398f000 rw-p 0002d000 00:00 651617             /usr/lib/x86_64-linux-gnu/ld-2.31.so
7f68d398f000-7f68d3992000 rw-p 00000000 00:00 0
7f68d3992000-7f68d3993000 r--p 00000000 00:00 572507             /usr/lib/locale/C.UTF-8/LC_ADDRESS
7f68d3993000-7f68d3994000 r--p 00000000 00:00 572519             /usr/lib/locale/C.UTF-8/LC_TELEPHONE
7f68d3994000-7f68d3995000 r--p 00000000 00:00 572512             /usr/lib/locale/C.UTF-8/LC_MEASUREMENT
7f68d3995000-7f68d3996000 r--p 00000000 00:00 572510             /usr/lib/locale/C.UTF-8/LC_IDENTIFICATION
7f68d3996000-7f68d399e000 rw-s 00000000 00:00 276935             /tmp/hsperfdata_gustavo/3785
7f68d399e000-7f68d399f000 r--p 00000000 00:00 821374             /usr/lib/jvm/java-8-openjdk-amd64/jre/bin/java
7f68d399f000-7f68d39a0000 r-xp 00001000 00:00 821374             /usr/lib/jvm/java-8-openjdk-amd64/jre/bin/java
7f68d39a0000-7f68d39a1000 r--p 00002000 00:00 821374             /usr/lib/jvm/java-8-openjdk-amd64/jre/bin/java
7f68d39a1000-7f68d39a2000 r--p 00002000 00:00 821374             /usr/lib/jvm/java-8-openjdk-amd64/jre/bin/java
7f68d39a2000-7f68d39a3000 rw-p 00003000 00:00 821374             /usr/lib/jvm/java-8-openjdk-amd64/jre/bin/java
7fffeca62000-7fffecaad000 rw-p 00000000 00:00 0                  [heap]
7ffff4965000-7ffff5165000 rw-p 00000000 00:00 0                  [stack]
7ffff5853000-7ffff5854000 r-xp 00000000 00:00 0                  [vdso]

VM Arguments:
java_command: /home/gustavo/oiArduBot/backend/language_server/language_server.jar
java_class_path (initial): /home/gustavo/oiArduBot/backend/language_server/language_server.jar
Launcher Type: SUN_STANDARD

Environment Variables:
JAVA_HOME=/usr/lib/jvm/java-8-openjdk-amd64
PATH=/usr/share/npm/node_modules/npm-lifecycle/node-gyp-bin:/home/gustavo/oiArduBot/backend/node_modules/.bin:/usr/local/sbin:/usr/local/bin:/usr/sbin:/usr/bin:/sbin:/bin:/usr/games:/usr/local/games:/mnt/c/Program Files (x86)/Common Files/Oracle/Java/javapath:/mnt/c/Program Files/Java/jdk-11.0.12:/mnt/c/Program Files/Java/jdk-11.0.12/bin:/mnt/c/Users/Eduarda Girardi/AppData/Local/Programs/Microsoft VS Code:/mnt/c/Program Files/nodejs/:/mnt/c/Program Files (x86)/GnuWin32/bin:/mnt/c/Windows/System32/WindowsPowerShell/v1.0:/mnt/c/Users/Eduarda Girardi/AppData/Roaming/npm:/snap/bin
SHELL=/bin/bash
HOSTTYPE=x86_64

Signal Handlers:
SIGSEGV: [libjvm.so+0xb365d0], sa_mask[0]=11111111111111111111111111111110, sa_flags=SA_RESTART|SA_SIGINFO
SIGBUS: [libjvm.so+0xb365d0], sa_mask[0]=11111111111111111111111111111110, sa_flags=SA_RESTART|SA_SIGINFO
SIGFPE: [libjvm.so+0x97b8c0], sa_mask[0]=11111111111111111111111111111110, sa_flags=SA_RESTART|SA_SIGINFO
SIGPIPE: [libjvm.so+0x97b8c0], sa_mask[0]=11111111111111111111111111111110, sa_flags=SA_RESTART|SA_SIGINFO
SIGXFSZ: [libjvm.so+0x97b8c0], sa_mask[0]=11111111111111111111111111111110, sa_flags=SA_RESTART|SA_SIGINFO
SIGILL: [libjvm.so+0x97b8c0], sa_mask[0]=11111111111111111111111111111110, sa_flags=SA_RESTART|SA_SIGINFO
SIGUSR1: SIG_DFL, sa_mask[0]=00000000010000000000000000000000, sa_flags=SA_RESTART
SIGUSR2: [libjvm.so+0x97b770], sa_mask[0]=00000000000000000000000000000000, sa_flags=SA_RESTART|SA_SIGINFO
SIGHUP: [libjvm.so+0x97bb40], sa_mask[0]=11111111111111111111111111111110, sa_flags=SA_RESTART|SA_SIGINFO
SIGINT: [libjvm.so+0x97bb40], sa_mask[0]=11111111111111111111111111111110, sa_flags=SA_RESTART|SA_SIGINFO
SIGTERM: [libjvm.so+0x97bb40], sa_mask[0]=11111111111111111111111111111110, sa_flags=SA_RESTART|SA_SIGINFO
SIGQUIT: [libjvm.so+0x97bb40], sa_mask[0]=11111111111111111111111111111110, sa_flags=SA_RESTART|SA_SIGINFO


---------------  S Y S T E M  ---------------

OS:DISTRIB_ID=Ubuntu
DISTRIB_RELEASE=20.04
DISTRIB_CODENAME=focal
DISTRIB_DESCRIPTION="Ubuntu 20.04.2 LTS"

uname:Linux 4.4.0-19041-Microsoft #488-Microsoft Mon Sep 01 13:43:00 PST 2020 x86_64
libc:glibc 2.31 NPTL 2.31 
rlimit: STACK 8192k, CORE 0k, NPROC 7823, NOFILE 65536, AS infinity
load average:0.52 0.58 0.59

/proc/meminfo:
MemTotal:        4070812 kB
MemFree:          606676 kB
Buffers:           34032 kB
Cached:           188576 kB
SwapCached:            0 kB
Active:           167556 kB
Inactive:         157876 kB
Active(anon):     103104 kB
Inactive(anon):    17440 kB
Active(file):      64452 kB
Inactive(file):   140436 kB
Unevictable:           0 kB
Mlocked:               0 kB
SwapTotal:      12582912 kB
SwapFree:       10056768 kB
Dirty:                 0 kB
Writeback:             0 kB
AnonPages:        102824 kB
Mapped:            71404 kB
Shmem:             17720 kB
Slab:              13868 kB
SReclaimable:       6744 kB
SUnreclaim:         7124 kB
KernelStack:        2848 kB
PageTables:         2524 kB
NFS_Unstable:          0 kB
Bounce:                0 kB
WritebackTmp:          0 kB
CommitLimit:      515524 kB
Committed_AS:    3450064 kB
VmallocTotal:     122880 kB
VmallocUsed:       21296 kB
VmallocChunk:      66044 kB
HardwareCorrupted:     0 kB
AnonHugePages:      2048 kB
HugePages_Total:       0
HugePages_Free:        0
HugePages_Rsvd:        0
HugePages_Surp:        0
Hugepagesize:       2048 kB
DirectMap4k:       12280 kB
DirectMap4M:      897024 kB


CPU:total 4 (initial active 4) (2 cores per cpu, 2 threads per core) family 6 model 142 stepping 9, cmov, cx8, fxsr, mmx, sse, sse2, sse3, ssse3, sse4.1, sse4.2, popcnt, avx, avx2, aes, clmul, erms, 3dnowpref, lzcnt, ht, tsc, tscinvbit, bmi1, bmi2, adx

/proc/cpuinfo:
processor	: 0
vendor_id	: GenuineIntel
cpu family	: 6
model		: 142
model name	: Intel(R) Core(TM) i3-7020U CPU @ 2.30GHz
stepping	: 9
microcode	: 0xffffffff
cpu MHz		: 2304.000
cache size	: 256 KB
physical id	: 0
siblings	: 4
core id		: 0
cpu cores	: 2
apicid		: 0
initial apicid	: 0
fpu		: yes
fpu_exception	: yes
cpuid level	: 6
wp		: yes
flags		: fpu vme de pse tsc msr pae mce cx8 apic sep mtrr pge mca cmov pat pse36 clflush dts acpi mmx fxsr sse sse2 ss ht tm pbe syscall nx pdpe1gb rdtscp lm pni pclmulqdq dtes64 est tm2 ssse3 fma cx16 xtpr pdcm pcid sse4_1 sse4_2 movbe popcnt aes xsave osxsave avx f16c rdrand hypervisor lahf_lm abm 3dnowprefetch fsgsbase tsc_adjust bmi1 avx2 smep bmi2 erms invpcid mpx rdseed adx smap clflushopt ibrs ibpb stibp ssbd
bogomips	: 4608.00
clflush size	: 64
cache_alignment	: 64
address sizes	: 36 bits physical, 48 bits virtual
power management:

processor	: 1
vendor_id	: GenuineIntel
cpu family	: 6
model		: 142
model name	: Intel(R) Core(TM) i3-7020U CPU @ 2.30GHz
stepping	: 9
microcode	: 0xffffffff
cpu MHz		: 2304.000
cache size	: 256 KB
physical id	: 0
siblings	: 4
core id		: 0
cpu cores	: 2
apicid		: 0
initial apicid	: 0
fpu		: yes
fpu_exception	: yes
cpuid level	: 6
wp		: yes
flags		: fpu vme de pse tsc msr pae mce cx8 apic sep mtrr pge mca cmov pat pse36 clflush dts acpi mmx fxsr sse sse2 ss ht tm pbe syscall nx pdpe1gb rdtscp lm pni pclmulqdq dtes64 est tm2 ssse3 fma cx16 xtpr pdcm pcid sse4_1 sse4_2 movbe popcnt aes xsave osxsave avx f16c rdrand hypervisor lahf_lm abm 3dnowprefetch fsgsbase tsc_adjust bmi1 avx2 smep bmi2 erms invpcid mpx rdseed adx smap clflushopt ibrs ibpb stibp ssbd
bogomips	: 4608.00
clflush size	: 64
cache_alignment	: 64
address sizes	: 36 bits physical, 48 bits virtual
power management:

processor	: 2
vendor_id	: GenuineIntel
cpu family	: 6
model		: 142
model name	: Intel(R) Core(TM) i3-7020U CPU @ 2.30GHz
stepping	: 9
microcode	: 0xffffffff
cpu MHz		: 2304.000
cache size	: 256 KB
physical id	: 0
siblings	: 4
core id		: 1
cpu cores	: 2
apicid		: 0
initial apicid	: 0
fpu		: yes
fpu_exception	: yes
cpuid level	: 6
wp		: yes
flags		: fpu vme de pse tsc msr pae mce cx8 apic sep mtrr pge mca cmov pat pse36 clflush dts acpi mmx fxsr sse sse2 ss ht tm pbe syscall nx pdpe1gb rdtscp lm pni pclmulqdq dtes64 est tm2 ssse3 fma cx16 xtpr pdcm pcid sse4_1 sse4_2 movbe popcnt aes xsave osxsave avx f16c rdrand hypervisor lahf_lm abm 3dnowprefetch fsgsbase tsc_adjust bmi1 avx2 smep bmi2 erms invpcid mpx rdseed adx smap clflushopt ibrs ibpb stibp ssbd
bogomips	: 4608.00
clflush size	: 64
cache_alignment	: 64
address sizes	: 36 bits physical, 48 bits virtual
power management:

processor	: 3
vendor_id	: GenuineIntel
cpu family	: 6
model		: 142
model name	: Intel(R) Core(TM) i3-7020U CPU @ 2.30GHz
stepping	: 9
microcode	: 0xffffffff
cpu MHz		: 2304.000
cache size	: 256 KB
physical id	: 0
siblings	: 4
core id		: 1
cpu cores	: 2
apicid		: 0
initial apicid	: 0
fpu		: yes
fpu_exception	: yes
cpuid level	: 6
wp		: yes
flags		: fpu vme de pse tsc msr pae mce cx8 apic sep mtrr pge mca cmov pat pse36 clflush dts acpi mmx fxsr sse sse2 ss ht tm pbe syscall nx pdpe1gb rdtscp lm pni pclmulqdq dtes64 est tm2 ssse3 fma cx16 xtpr pdcm pcid sse4_1 sse4_2 movbe popcnt aes xsave osxsave avx f16c rdrand hypervisor lahf_lm abm 3dnowprefetch fsgsbase tsc_adjust bmi1 avx2 smep bmi2 erms invpcid mpx rdseed adx smap clflushopt ibrs ibpb stibp ssbd
bogomips	: 4608.00
clflush size	: 64
cache_alignment	: 64
address sizes	: 36 bits physical, 48 bits virtual
power management:



Memory: 4k page, physical 4070812k(606232k free), swap 12582912k(10056768k free)

vm_info: OpenJDK 64-Bit Server VM (25.292-b10) for linux-amd64 JRE (1.8.0_292-8u292-b10-0ubuntu1~20.04-b10), built on Apr 21 2021 11:46:09 by "buildd" with gcc 9.3.0

time: Thu Aug 12 00:17:38 2021
timezone: -03
elapsed time: 65.434283 seconds (0d 0h 1m 5s)

