#
# A fatal error has been detected by the Java Runtime Environment:
#
#  SIGSEGV (0xb) at pc=0x00007f87c596b7ba, pid=3964, tid=0x00007f87c5e01440
#
# JRE version: OpenJDK Runtime Environment (8.0_292-b10) (build 1.8.0_292-8u292-b10-0ubuntu1~20.04-b10)
# Java VM: OpenJDK 64-Bit Server VM (25.292-b10 mixed mode linux-amd64 compressed oops)
# Problematic frame:
# V  [libjvm.so+0x97b7ba]
#
# Failed to write core dump. Core dumps have been disabled. To enable core dumping, try "ulimit -c unlimited" before starting Java again
#
# If you would like to submit a bug report, please visit:
#   http://bugreport.java.com/bugreport/crash.jsp
#

---------------  T H R E A D  ---------------

Current thread is native thread

siginfo: si_signo: 11 (SIGSEGV), si_code: 1 (SEGV_MAPERR), si_addr: 0x0000000000000180

Registers:
RAX=0x0000000000000000, RBX=0x00007f87c5e013c0, RCX=0x0000000000000000, RDX=0x00007f87c5e01440
RSP=0x00007fffe3121810, RBP=0x00007fffe31218e0, RSI=0x00007fffe3121f00, RDI=0x0000000000000001
R8 =0x0000000000000000, R9 =0x00007f87c4c80700, R10=0x0000000000000000, R11=0x0000000000000000
R12=0x00007fffe3121f00, R13=0x00007f87c4c809d0, R14=0x0000000000000000, R15=0x00007f87c4c80700
RIP=0x00007f87c596b7ba, EFLAGS=0x0000000000010246, CSGSFS=0x00000053002b0033, ERR=0x0000000000000000
  TRAPNO=0x0000000000000000

Top of Stack: (sp=0x00007fffe3121810)
0x00007fffe3121810:   00007fffe3121a90 00007fffe31218f0
0x00007fffe3121820:   00007fffe3121acf 00007fffe3121a90
0x00007fffe3121830:   00007fffe3121acf 0000000000000000
0x00007fffe3121840:   0000000000000000 0000000000000000
0x00007fffe3121850:   0000000000000000 0000000000000000
0x00007fffe3121860:   0000000000000000 0000000000000000
0x00007fffe3121870:   0000000000000004 00000000000001fe
0x00007fffe3121880:   00000000000001fe ffffffffffffff00
0x00007fffe3121890:   00007f87c604bce0 0000000000000000
0x00007fffe31218a0:   00007f87c5dcde20 49ddc83752f76800
0x00007fffe31218b0:   00007f87c604bbe0 00000000000000ca
0x00007fffe31218c0:   0000000000000f7d 00007f87c4c809d0
0x00007fffe31218d0:   0000000000100000 00007f87c4c80700
0x00007fffe31218e0:   00007fffe31220a8 00007f87c5ea6210
0x00007fffe31218f0:   0000000000000000 0000000000000000
0x00007fffe3121900:   0000000000000000 0000000000000000
0x00007fffe3121910:   0000000000000000 0000000000000000
0x00007fffe3121920:   00007f87c4c80700 0000000000000000
0x00007fffe3121930:   0000000000000000 0000000000000f7d
0x00007fffe3121940:   00007f87c4c809d0 0000000000100000
0x00007fffe3121950:   00007f87c4c80700 00007f87c4c809d0
0x00007fffe3121960:   0000000000000000 00007fffe31220a8
0x00007fffe3121970:   00000000000000ca 0000000000000f7d
0x00007fffe3121980:   fffffffffffffffc 0000000000000000
0x00007fffe3121990:   00007fffe3122000 00007f87c5e17cd7
0x00007fffe31219a0:   0000000000000246 00000053002b0033
0x00007fffe31219b0:   0000000000000000 0000000000000000
0x00007fffe31219c0:   0000000000000000 0000000000000000
0x00007fffe31219d0:   0000000000000000 0000000000000000
0x00007fffe31219e0:   0000000000000000 0000000000000000
0x00007fffe31219f0:   0000000000000000 0000000000000000
0x00007fffe3121a00:   0000000000000000 0000000000000000 

Instructions: (pc=0x00007f87c596b7ba)
0x00007f87c596b79a:   00 48 89 45 c8 31 c0 e8 8a a4 87 ff 44 8b 30 48
0x00007f87c596b7aa:   89 c3 48 8d 05 55 e3 43 00 8b 38 e8 fe a6 87 ff
0x00007f87c596b7ba:   4c 8b a8 80 01 00 00 41 8b 85 a8 00 00 00 83 f8
0x00007f87c596b7ca:   01 74 2b 44 89 33 48 8b 45 c8 64 48 33 04 25 28 

Register to memory mapping:

RAX=0x0000000000000000 is an unknown value
RBX=0x00007f87c5e013c0 is an unknown value
RCX=0x0000000000000000 is an unknown value
RDX=0x00007f87c5e01440 is an unknown value
RSP=0x00007fffe3121810 is an unknown value
RBP=0x00007fffe31218e0 is an unknown value
RSI=0x00007fffe3121f00 is an unknown value
RDI=0x0000000000000001 is an unknown value
R8 =0x0000000000000000 is an unknown value
R9 =0x00007f87c4c80700 is pointing into the stack for thread: 0x00007f87c000a000
R10=0x0000000000000000 is an unknown value
R11=0x0000000000000000 is an unknown value
R12=0x00007fffe3121f00 is an unknown value
R13=0x00007f87c4c809d0 is pointing into the stack for thread: 0x00007f87c000a000
R14=0x0000000000000000 is an unknown value
R15=0x00007f87c4c80700 is pointing into the stack for thread: 0x00007f87c000a000


Stack: [0x00007fffe3029000,0x00007fffe3129000],  sp=0x00007fffe3121810,  free space=994k
Native frames: (J=compiled Java code, j=interpreted, Vv=VM code, C=native code)
V  [libjvm.so+0x97b7ba]
C  [libc.so.6+0x46210]


---------------  P R O C E S S  ---------------

VM state:not at safepoint (normal execution)

VM Mutex/Monitor currently owned by a thread: None

heap address: 0x00000000c1e00000, size: 994 MB, Compressed Oops mode: 32-bit
Narrow klass base: 0x0000000000000000, Narrow klass shift: 3
Compressed class space size: 1073741824 Address: 0x0000000100000000

Heap:
 PSYoungGen      total 73216K, used 37559K [0x00000000eb500000, 0x00000000f0a00000, 0x0000000100000000)
  eden space 64000K, 45% used [0x00000000eb500000,0x00000000ed13f8e8,0x00000000ef380000)
  from space 9216K, 93% used [0x00000000efe00000,0x00000000f066e638,0x00000000f0700000)
  to   space 10752K, 0% used [0x00000000ef380000,0x00000000ef380000,0x00000000efe00000)
 ParOldGen       total 44032K, used 14441K [0x00000000c1e00000, 0x00000000c4900000, 0x00000000eb500000)
  object space 44032K, 32% used [0x00000000c1e00000,0x00000000c2c1a718,0x00000000c4900000)
 Metaspace       used 12994K, capacity 13336K, committed 13440K, reserved 1060864K
  class space    used 1493K, capacity 1598K, committed 1664K, reserved 1048576K

Card table byte_map: [0x00007f87c4520000,0x00007f87c4712000] byte_map_base: 0x00007f87c3f11000

Marking Bits: (ParMarkBitMap*) 0x00007f87c5dd46c0
 Begin Bits: [0x00007f87aa0f0000, 0x00007f87ab078000)
 End Bits:   [0x00007f87ab078000, 0x00007f87ac000000)

Polling page: 0x00007f87c4cb0000

CodeCache: size=245760Kb used=4345Kb max_used=4394Kb free=241414Kb
 bounds [0x00007f87b1000000, 0x00007f87b1450000, 0x00007f87c0000000]
 total_blobs=1536 nmethods=1158 adapters=291
 compilation: enabled

Compilation events (10 events):
Event: 2.378 Thread 0x00007f87c0188800 1158       3       java.util.regex.Matcher::getTextLength (10 bytes)
Event: 2.379 Thread 0x00007f87c0188800 nmethod 1158 0x00007f87b14249d0 code [0x00007f87b1424b40, 0x00007f87b1424d68]
Event: 2.379 Thread 0x00007f87c0188800 1161       3       sun.nio.cs.UTF_8$Encoder::encodeArrayLoop (489 bytes)
Event: 2.383 Thread 0x00007f87c0188800 nmethod 1161 0x00007f87b1424e10 code [0x00007f87b1425360, 0x00007f87b1428968]
Event: 2.394 Thread 0x00007f87c0186800 nmethod 1153% 0x00007f87b142e590 code [0x00007f87b142e720, 0x00007f87b142f348]
Event: 2.395 Thread 0x00007f87c0186800 1159       4       java.util.regex.Pattern$Single::isSatisfiedBy (14 bytes)
Event: 2.395 Thread 0x00007f87c0186800 nmethod 1159 0x00007f87b142b6d0 code [0x00007f87b142b820, 0x00007f87b142b898]
Event: 2.395 Thread 0x00007f87c0186800 1160       4       java.lang.StringBuilder::<init> (7 bytes)
Event: 2.396 Thread 0x00007f87c0186800 nmethod 1160 0x00007f87b142b3d0 code [0x00007f87b142b520, 0x00007f87b142b618]
Event: 2.567 Thread 0x00007f87c0183800 nmethod 951 0x00007f87b143c010 code [0x00007f87b143c660, 0x00007f87b1445ad0]

GC Heap History (10 events):
Event: 1.470 GC heap before
{Heap before GC invocations=2 (full 0):
 PSYoungGen      total 18944K, used 18926K [0x00000000eb500000, 0x00000000eca00000, 0x0000000100000000)
  eden space 16384K, 100% used [0x00000000eb500000,0x00000000ec500000,0x00000000ec500000)
  from space 2560K, 99% used [0x00000000ec500000,0x00000000ec77ba78,0x00000000ec780000)
  to   space 2560K, 0% used [0x00000000ec780000,0x00000000ec780000,0x00000000eca00000)
 ParOldGen       total 44032K, used 408K [0x00000000c1e00000, 0x00000000c4900000, 0x00000000eb500000)
  object space 44032K, 0% used [0x00000000c1e00000,0x00000000c1e66030,0x00000000c4900000)
 Metaspace       used 10254K, capacity 10534K, committed 10752K, reserved 1058816K
  class space    used 1159K, capacity 1243K, committed 1280K, reserved 1048576K
Event: 1.480 GC heap after
Heap after GC invocations=2 (full 0):
 PSYoungGen      total 18944K, used 2551K [0x00000000eb500000, 0x00000000eda00000, 0x0000000100000000)
  eden space 16384K, 0% used [0x00000000eb500000,0x00000000eb500000,0x00000000ec500000)
  from space 2560K, 99% used [0x00000000ec780000,0x00000000ec9fdde0,0x00000000eca00000)
  to   space 2560K, 0% used [0x00000000ec500000,0x00000000ec500000,0x00000000ec780000)
 ParOldGen       total 44032K, used 2410K [0x00000000c1e00000, 0x00000000c4900000, 0x00000000eb500000)
  object space 44032K, 5% used [0x00000000c1e00000,0x00000000c205a8e0,0x00000000c4900000)
 Metaspace       used 10254K, capacity 10534K, committed 10752K, reserved 1058816K
  class space    used 1159K, capacity 1243K, committed 1280K, reserved 1048576K
}
Event: 1.540 GC heap before
{Heap before GC invocations=3 (full 0):
 PSYoungGen      total 18944K, used 18935K [0x00000000eb500000, 0x00000000eda00000, 0x0000000100000000)
  eden space 16384K, 100% used [0x00000000eb500000,0x00000000ec500000,0x00000000ec500000)
  from space 2560K, 99% used [0x00000000ec780000,0x00000000ec9fdde0,0x00000000eca00000)
  to   space 2560K, 0% used [0x00000000ec500000,0x00000000ec500000,0x00000000ec780000)
 ParOldGen       total 44032K, used 2410K [0x00000000c1e00000, 0x00000000c4900000, 0x00000000eb500000)
  object space 44032K, 5% used [0x00000000c1e00000,0x00000000c205a8e0,0x00000000c4900000)
 Metaspace       used 10324K, capacity 10598K, committed 10752K, reserved 1058816K
  class space    used 1159K, capacity 1243K, committed 1280K, reserved 1048576K
Event: 1.549 GC heap after
Heap after GC invocations=3 (full 0):
 PSYoungGen      total 18944K, used 2551K [0x00000000eb500000, 0x00000000eda00000, 0x0000000100000000)
  eden space 16384K, 0% used [0x00000000eb500000,0x00000000eb500000,0x00000000ec500000)
  from space 2560K, 99% used [0x00000000ec500000,0x00000000ec77dde0,0x00000000ec780000)
  to   space 2560K, 0% used [0x00000000ed780000,0x00000000ed780000,0x00000000eda00000)
 ParOldGen       total 44032K, used 5509K [0x00000000c1e00000, 0x00000000c4900000, 0x00000000eb500000)
  object space 44032K, 12% used [0x00000000c1e00000,0x00000000c2361720,0x00000000c4900000)
 Metaspace       used 10324K, capacity 10598K, committed 10752K, reserved 1058816K
  class space    used 1159K, capacity 1243K, committed 1280K, reserved 1048576K
}
Event: 1.603 GC heap before
{Heap before GC invocations=4 (full 0):
 PSYoungGen      total 18944K, used 18935K [0x00000000eb500000, 0x00000000eda00000, 0x0000000100000000)
  eden space 16384K, 100% used [0x00000000eb500000,0x00000000ec500000,0x00000000ec500000)
  from space 2560K, 99% used [0x00000000ec500000,0x00000000ec77dde0,0x00000000ec780000)
  to   space 2560K, 0% used [0x00000000ed780000,0x00000000ed780000,0x00000000eda00000)
 ParOldGen       total 44032K, used 5509K [0x00000000c1e00000, 0x00000000c4900000, 0x00000000eb500000)
  object space 44032K, 12% used [0x00000000c1e00000,0x00000000c2361720,0x00000000c4900000)
 Metaspace       used 10344K, capacity 10598K, committed 10752K, reserved 1058816K
  class space    used 1159K, capacity 1243K, committed 1280K, reserved 1048576K
Event: 1.615 GC heap after
Heap after GC invocations=4 (full 0):
 PSYoungGen      total 35328K, used 2551K [0x00000000eb500000, 0x00000000eda00000, 0x0000000100000000)
  eden space 32768K, 0% used [0x00000000eb500000,0x00000000eb500000,0x00000000ed500000)
  from space 2560K, 99% used [0x00000000ed780000,0x00000000ed9fddf0,0x00000000eda00000)
  to   space 2560K, 0% used [0x00000000ed500000,0x00000000ed500000,0x00000000ed780000)
 ParOldGen       total 44032K, used 8483K [0x00000000c1e00000, 0x00000000c4900000, 0x00000000eb500000)
  object space 44032K, 19% used [0x00000000c1e00000,0x00000000c2648dc8,0x00000000c4900000)
 Metaspace       used 10344K, capacity 10598K, committed 10752K, reserved 1058816K
  class space    used 1159K, capacity 1243K, committed 1280K, reserved 1048576K
}
Event: 1.704 GC heap before
{Heap before GC invocations=5 (full 0):
 PSYoungGen      total 35328K, used 35319K [0x00000000eb500000, 0x00000000eda00000, 0x0000000100000000)
  eden space 32768K, 100% used [0x00000000eb500000,0x00000000ed500000,0x00000000ed500000)
  from space 2560K, 99% used [0x00000000ed780000,0x00000000ed9fddf0,0x00000000eda00000)
  to   space 2560K, 0% used [0x00000000ed500000,0x00000000ed500000,0x00000000ed780000)
 ParOldGen       total 44032K, used 8483K [0x00000000c1e00000, 0x00000000c4900000, 0x00000000eb500000)
  object space 44032K, 19% used [0x00000000c1e00000,0x00000000c2648dc8,0x00000000c4900000)
 Metaspace       used 10354K, capacity 10662K, committed 10752K, reserved 1058816K
  class space    used 1159K, capacity 1243K, committed 1280K, reserved 1048576K
Event: 1.734 GC heap after
Heap after GC invocations=5 (full 0):
 PSYoungGen      total 35328K, used 2535K [0x00000000eb500000, 0x00000000f0700000, 0x0000000100000000)
  eden space 32768K, 0% used [0x00000000eb500000,0x00000000eb500000,0x00000000ed500000)
  from space 2560K, 99% used [0x00000000ed500000,0x00000000ed779dc0,0x00000000ed780000)
  to   space 9216K, 0% used [0x00000000efe00000,0x00000000efe00000,0x00000000f0700000)
 ParOldGen       total 44032K, used 14437K [0x00000000c1e00000, 0x00000000c4900000, 0x00000000eb500000)
  object space 44032K, 32% used [0x00000000c1e00000,0x00000000c2c19708,0x00000000c4900000)
 Metaspace       used 10354K, capacity 10662K, committed 10752K, reserved 1058816K
  class space    used 1159K, capacity 1243K, committed 1280K, reserved 1048576K
}
Event: 1.812 GC heap before
{Heap before GC invocations=6 (full 0):
 PSYoungGen      total 35328K, used 35303K [0x00000000eb500000, 0x00000000f0700000, 0x0000000100000000)
  eden space 32768K, 100% used [0x00000000eb500000,0x00000000ed500000,0x00000000ed500000)
  from space 2560K, 99% used [0x00000000ed500000,0x00000000ed779dc0,0x00000000ed780000)
  to   space 9216K, 0% used [0x00000000efe00000,0x00000000efe00000,0x00000000f0700000)
 ParOldGen       total 44032K, used 14441K [0x00000000c1e00000, 0x00000000c4900000, 0x00000000eb500000)
  object space 44032K, 32% used [0x00000000c1e00000,0x00000000c2c1a718,0x00000000c4900000)
 Metaspace       used 10354K, capacity 10662K, committed 10752K, reserved 1058816K
  class space    used 1159K, capacity 1243K, committed 1280K, reserved 1048576K
Event: 1.835 GC heap after
Heap after GC invocations=6 (full 0):
 PSYoungGen      total 73216K, used 8633K [0x00000000eb500000, 0x00000000f0a00000, 0x0000000100000000)
  eden space 64000K, 0% used [0x00000000eb500000,0x00000000eb500000,0x00000000ef380000)
  from space 9216K, 93% used [0x00000000efe00000,0x00000000f066e638,0x00000000f0700000)
  to   space 10752K, 0% used [0x00000000ef380000,0x00000000ef380000,0x00000000efe00000)
 ParOldGen       total 44032K, used 14441K [0x00000000c1e00000, 0x00000000c4900000, 0x00000000eb500000)
  object space 44032K, 32% used [0x00000000c1e00000,0x00000000c2c1a718,0x00000000c4900000)
 Metaspace       used 10354K, capacity 10662K, committed 10752K, reserved 1058816K
  class space    used 1159K, capacity 1243K, committed 1280K, reserved 1048576K
}

Deoptimization events (10 events):
Event: 1.334 Thread 0x00007f87c000a000 Uncommon trap: reason=class_check action=maybe_recompile pc=0x00007f87b1206714 method=java.util.jar.JarFile.getJarEntry(Ljava/lang/String;)Ljava/util/jar/JarEntry; @ 2
Event: 1.334 Thread 0x00007f87c000a000 Uncommon trap: reason=class_check action=maybe_recompile pc=0x00007f87b1206714 method=java.util.jar.JarFile.getJarEntry(Ljava/lang/String;)Ljava/util/jar/JarEntry; @ 2
Event: 1.340 Thread 0x00007f87c000a000 Uncommon trap: reason=class_check action=maybe_recompile pc=0x00007f87b1206714 method=java.util.jar.JarFile.getJarEntry(Ljava/lang/String;)Ljava/util/jar/JarEntry; @ 2
Event: 1.340 Thread 0x00007f87c000a000 Uncommon trap: reason=class_check action=maybe_recompile pc=0x00007f87b1206714 method=java.util.jar.JarFile.getJarEntry(Ljava/lang/String;)Ljava/util/jar/JarEntry; @ 2
Event: 1.765 Thread 0x00007f87c0740800 Uncommon trap: reason=unstable_if action=reinterpret pc=0x00007f87b13925e4 method=org.objectweb.asm.ClassReader.readMethod(Lorg/objectweb/asm/ClassVisitor;Lorg/objectweb/asm/Context;I)I @ 658
Event: 2.071 Thread 0x00007f87c000a000 Uncommon trap: reason=unstable_if action=reinterpret pc=0x00007f87b12d2a30 method=java.util.regex.Pattern.has(I)Z @ 6
Event: 2.103 Thread 0x00007f87c000a000 Uncommon trap: reason=unstable_if action=reinterpret pc=0x00007f87b137bee8 method=java.lang.String.regionMatches(ZILjava/lang/String;II)Z @ 123
Event: 2.145 Thread 0x00007f87c000a000 Uncommon trap: reason=unstable_if action=reinterpret pc=0x00007f87b138ba28 method=java.util.HashMap$HashIterator.nextNode()Ljava/util/HashMap$Node; @ 53
Event: 2.250 Thread 0x00007f87c000a000 Uncommon trap: reason=unstable_if action=reinterpret pc=0x00007f87b135f5ec method=java.util.TreeMap.put(Ljava/lang/Object;Ljava/lang/Object;)Ljava/lang/Object; @ 55
Event: 2.336 Thread 0x00007f87c000a000 Uncommon trap: reason=unstable_if action=reinterpret pc=0x00007f87b13facdc method=java.lang.CharacterDataLatin1.digit(II)I @ 82

Classes redefined (0 events):
No events

Internal exceptions (10 events):
Event: 1.333 Thread 0x00007f87c000a000 Exception <a 'sun/nio/fs/UnixException'> (0x00000000eba63f50) thrown at [/build/openjdk-8-4TqvnK/openjdk-8-8u292-b10/src/hotspot/src/share/vm/prims/jni.cpp, line 711]
Event: 1.333 Thread 0x00007f87c000a000 Exception <a 'sun/nio/fs/UnixException'> (0x00000000eba64420) thrown at [/build/openjdk-8-4TqvnK/openjdk-8-8u292-b10/src/hotspot/src/share/vm/prims/jni.cpp, line 711]
Event: 1.407 Thread 0x00007f87c000a000 Exception <a 'java/lang/NoSuchMethodError': java.lang.Object.lambda$maxBy$1(Ljava/util/Comparator;Ljava/lang/Object;Ljava/lang/Object;)Ljava/lang/Object;> (0x00000000ebe9e7f0) thrown at [/build/openjdk-8-4TqvnK/openjdk-8-8u292-b10/src/hotspot/src/share/vm
Event: 1.896 Thread 0x00007f87c000a000 Exception <a 'sun/nio/fs/UnixException'> (0x00000000ec9207b8) thrown at [/build/openjdk-8-4TqvnK/openjdk-8-8u292-b10/src/hotspot/src/share/vm/prims/jni.cpp, line 711]
Event: 1.896 Thread 0x00007f87c000a000 Exception <a 'sun/nio/fs/UnixException'> (0x00000000ec921260) thrown at [/build/openjdk-8-4TqvnK/openjdk-8-8u292-b10/src/hotspot/src/share/vm/prims/jni.cpp, line 711]
Event: 1.896 Thread 0x00007f87c000a000 Exception <a 'sun/nio/fs/UnixException'> (0x00000000ec921790) thrown at [/build/openjdk-8-4TqvnK/openjdk-8-8u292-b10/src/hotspot/src/share/vm/prims/jni.cpp, line 711]
Event: 1.896 Thread 0x00007f87c000a000 Exception <a 'sun/nio/fs/UnixException'> (0x00000000ec921d30) thrown at [/build/openjdk-8-4TqvnK/openjdk-8-8u292-b10/src/hotspot/src/share/vm/prims/jni.cpp, line 711]
Event: 1.897 Thread 0x00007f87c000a000 Exception <a 'sun/nio/fs/UnixException'> (0x00000000ec922170) thrown at [/build/openjdk-8-4TqvnK/openjdk-8-8u292-b10/src/hotspot/src/share/vm/prims/jni.cpp, line 711]
Event: 1.897 Thread 0x00007f87c000a000 Exception <a 'sun/nio/fs/UnixException'> (0x00000000ec922640) thrown at [/build/openjdk-8-4TqvnK/openjdk-8-8u292-b10/src/hotspot/src/share/vm/prims/jni.cpp, line 711]
Event: 2.246 Thread 0x00007f87c000a000 Exception <a 'java/lang/NoSuchMethodError': java.lang.Object.lambda$comparing$77a9974f$1(Ljava/util/function/Function;Ljava/lang/Object;Ljava/lang/Object;)I> (0x00000000ecd86548) thrown at [/build/openjdk-8-4TqvnK/openjdk-8-8u292-b10/src/hotspot/src/share

Events (10 events):
Event: 2.376 loading class java/util/stream/ReduceOps$3ReducingSink done
Event: 2.377 loading class java/nio/channels/spi/AbstractInterruptibleChannel$1
Event: 2.377 loading class java/nio/channels/spi/AbstractInterruptibleChannel$1 done
Event: 2.378 loading class sun/nio/ch/NativeThread
Event: 2.378 loading class sun/nio/ch/NativeThread done
Event: 2.378 loading class br/edu/utfpr/oiardubot/web/ServerLauncher$1
Event: 2.378 loading class br/edu/utfpr/oiardubot/web/ServerLauncher$1 done
Event: 2.379 Thread 0x00007f87c0955800 Thread added: 0x00007f87c0955800
Event: 4.163 Executing VM operation: EnableBiasedLocking
Event: 4.164 Executing VM operation: EnableBiasedLocking done


Dynamic libraries:
c1e00000-c4900000 rw-p 00000000 00:00 0
c4900000-eb500000 ---p 00000000 00:00 0
eb500000-f0a00000 rw-p 00000000 00:00 0
f0a00000-100000000 ---p 00000000 00:00 0
100000000-1001a0000 rw-p 00000000 00:00 0
1001a0000-140000000 ---p 00000000 00:00 0
7f8744000000-7f8744021000 rw-p 00000000 00:00 0
7f8744021000-7f8748000000 ---p 00000000 00:00 0
7f874c000000-7f874c021000 rw-p 00000000 00:00 0
7f874c021000-7f8750000000 ---p 00000000 00:00 0
7f8750000000-7f8750021000 rw-p 00000000 00:00 0
7f8750021000-7f8754000000 ---p 00000000 00:00 0
7f8754000000-7f8754021000 rw-p 00000000 00:00 0
7f8754021000-7f8758000000 ---p 00000000 00:00 0
7f8758000000-7f8758021000 rw-p 00000000 00:00 0
7f8758021000-7f875c000000 ---p 00000000 00:00 0
7f875c000000-7f875c0c4000 rw-p 00000000 00:00 0
7f875c0c4000-7f8760000000 ---p 00000000 00:00 0
7f8760000000-7f8760021000 rw-p 00000000 00:00 0
7f8760021000-7f8764000000 ---p 00000000 00:00 0
7f8764000000-7f8764021000 rw-p 00000000 00:00 0
7f8764021000-7f8768000000 ---p 00000000 00:00 0
7f8768000000-7f8768021000 rw-p 00000000 00:00 0
7f8768021000-7f876c000000 ---p 00000000 00:00 0
7f876c000000-7f876c021000 rw-p 00000000 00:00 0
7f876c021000-7f8770000000 ---p 00000000 00:00 0
7f8770000000-7f8770021000 rw-p 00000000 00:00 0
7f8770021000-7f8774000000 ---p 00000000 00:00 0
7f8774000000-7f877463e000 rw-p 00000000 00:00 0
7f877463e000-7f8778000000 ---p 00000000 00:00 0
7f8778000000-7f8778021000 rw-p 00000000 00:00 0
7f8778021000-7f877c000000 ---p 00000000 00:00 0
7f877c000000-7f877c9d3000 rw-p 00000000 00:00 0
7f877c9d3000-7f8780000000 ---p 00000000 00:00 0
7f8780000000-7f878080e000 rw-p 00000000 00:00 0
7f878080e000-7f8784000000 ---p 00000000 00:00 0
7f8784000000-7f8784021000 rw-p 00000000 00:00 0
7f8784021000-7f8788000000 ---p 00000000 00:00 0
7f8788000000-7f8788021000 rw-p 00000000 00:00 0
7f8788021000-7f878c000000 ---p 00000000 00:00 0
7f878c000000-7f878c021000 rw-p 00000000 00:00 0
7f878c021000-7f8790000000 ---p 00000000 00:00 0
7f8790000000-7f8790021000 rw-p 00000000 00:00 0
7f8790021000-7f8794000000 ---p 00000000 00:00 0
7f8794000000-7f8794021000 rw-p 00000000 00:00 0
7f8794021000-7f8798000000 ---p 00000000 00:00 0
7f879c000000-7f879c021000 rw-p 00000000 00:00 0
7f879c021000-7f87a0000000 ---p 00000000 00:00 0
7f87a3320000-7f87a3323000 ---p 00000000 00:00 0
7f87a3323000-7f87a3421000 rw-p 00000000 00:00 0
7f87a35a0000-7f87a35a3000 ---p 00000000 00:00 0
7f87a35a3000-7f87a36a1000 rw-p 00000000 00:00 0
7f87a36b0000-7f87a3830000 rw-p 00000000 00:00 0
7f87a3830000-7f87a38b0000 ---p 00000000 00:00 0
7f87a38b0000-7f87a3ab0000 rw-p 00000000 00:00 0
7f87a3ab0000-7f87a3ab3000 ---p 00000000 00:00 0
7f87a3ab3000-7f87a3bb1000 rw-p 00000000 00:00 0
7f87a3bc0000-7f87a3bc3000 ---p 00000000 00:00 0
7f87a3bc3000-7f87a3cc1000 rw-p 00000000 00:00 0
7f87a3cd0000-7f87a3cd3000 ---p 00000000 00:00 0
7f87a3cd3000-7f87a3dd1000 rw-p 00000000 00:00 0
7f87a3de0000-7f87a3de3000 ---p 00000000 00:00 0
7f87a3de3000-7f87a3ee1000 rw-p 00000000 00:00 0
7f87a3ef0000-7f87a3ef3000 ---p 00000000 00:00 0
7f87a3ef3000-7f87a3ff1000 rw-p 00000000 00:00 0
7f87a4000000-7f87a4021000 rw-p 00000000 00:00 0
7f87a4021000-7f87a8000000 ---p 00000000 00:00 0
7f87a8090000-7f87a8097000 r--p 00000000 00:00 821417             /usr/lib/jvm/java-8-openjdk-amd64/jre/lib/amd64/libsunec.so
7f87a8097000-7f87a80b0000 r-xp 00007000 00:00 821417             /usr/lib/jvm/java-8-openjdk-amd64/jre/lib/amd64/libsunec.so
7f87a80b0000-7f87a80ba000 r--p 00020000 00:00 821417             /usr/lib/jvm/java-8-openjdk-amd64/jre/lib/amd64/libsunec.so
7f87a80ba000-7f87a80be000 r--p 00029000 00:00 821417             /usr/lib/jvm/java-8-openjdk-amd64/jre/lib/amd64/libsunec.so
7f87a80be000-7f87a80bf000 rw-p 0002d000 00:00 821417             /usr/lib/jvm/java-8-openjdk-amd64/jre/lib/amd64/libsunec.so
7f87a80bf000-7f87a80d0000 r--s 001bf000 00:00 821461             /usr/lib/jvm/java-8-openjdk-amd64/jre/lib/jsse.jar
7f87a80d0000-7f87a80d3000 ---p 00000000 00:00 0
7f87a80d3000-7f87a81d1000 rw-p 00000000 00:00 0
7f87a81e0000-7f87a81e3000 ---p 00000000 00:00 0
7f87a81e3000-7f87a82e1000 rw-p 00000000 00:00 0
7f87a82f0000-7f87a82f3000 ---p 00000000 00:00 0
7f87a82f3000-7f87a83f1000 rw-p 00000000 00:00 0
7f87a8400000-7f87a8404000 r--p 00000000 00:00 821410             /usr/lib/jvm/java-8-openjdk-amd64/jre/lib/amd64/libmanagement.so
7f87a8404000-7f87a8408000 r-xp 00004000 00:00 821410             /usr/lib/jvm/java-8-openjdk-amd64/jre/lib/amd64/libmanagement.so
7f87a8408000-7f87a840a000 r--p 00008000 00:00 821410             /usr/lib/jvm/java-8-openjdk-amd64/jre/lib/amd64/libmanagement.so
7f87a840a000-7f87a840b000 r--p 00009000 00:00 821410             /usr/lib/jvm/java-8-openjdk-amd64/jre/lib/amd64/libmanagement.so
7f87a840b000-7f87a840c000 rw-p 0000a000 00:00 821410             /usr/lib/jvm/java-8-openjdk-amd64/jre/lib/amd64/libmanagement.so
7f87a840f000-7f87a843e000 r--s 008ca000 00:00 558379             /home/gustavo/oiArduBot/backend/language_server/language_server_lib/ace-1.3.3.jar
7f87a843e000-7f87a8472000 r--s 00287000 00:00 859424             /home/gustavo/oiArduBot/backend/language_server/language_server_lib/guava-30.1-jre.jar
7f87a8472000-7f87a8493000 r--s 00255000 00:00 859462             /home/gustavo/oiArduBot/backend/language_server/language_server_lib/org.eclipse.xtext.xbase-2.25.0.jar
7f87a8493000-7f87a84a7000 r--s 00146000 00:00 859446             /home/gustavo/oiArduBot/backend/language_server/language_server_lib/org.eclipse.emf.ecore-2.20.0.jar
7f87a84a7000-7f87a84be000 r--s 0015b000 00:00 859453             /home/gustavo/oiArduBot/backend/language_server/language_server_lib/org.eclipse.osgi-3.16.0.jar
7f87a84be000-7f87a84f0000 r--s 0026c000 00:00 859456             /home/gustavo/oiArduBot/backend/language_server/language_server_lib/org.eclipse.xtext-2.25.0.jar
7f87a84f0000-7f87a84f5000 r--p 00000000 00:00 821412             /usr/lib/jvm/java-8-openjdk-amd64/jre/lib/amd64/libnet.so
7f87a84f5000-7f87a8506000 r-xp 00005000 00:00 821412             /usr/lib/jvm/java-8-openjdk-amd64/jre/lib/amd64/libnet.so
7f87a8506000-7f87a850a000 r--p 00016000 00:00 821412             /usr/lib/jvm/java-8-openjdk-amd64/jre/lib/amd64/libnet.so
7f87a850a000-7f87a850b000 r--p 00019000 00:00 821412             /usr/lib/jvm/java-8-openjdk-amd64/jre/lib/amd64/libnet.so
7f87a850b000-7f87a850c000 rw-p 0001a000 00:00 821412             /usr/lib/jvm/java-8-openjdk-amd64/jre/lib/amd64/libnet.so
7f87a8510000-7f87a8511000 ---p 00000000 00:00 0
7f87a8511000-7f87a8611000 rw-p 00000000 00:00 0
7f87a8620000-7f87a8623000 ---p 00000000 00:00 0
7f87a8623000-7f87a8721000 rw-p 00000000 00:00 0
7f87a8730000-7f87a8734000 ---p 00000000 00:00 0
7f87a8734000-7f87a8831000 rw-p 00000000 00:00 0
7f87a8840000-7f87a8844000 ---p 00000000 00:00 0
7f87a8844000-7f87a8941000 rw-p 00000000 00:00 0
7f87a8950000-7f87a8954000 ---p 00000000 00:00 0
7f87a8954000-7f87a8a51000 rw-p 00000000 00:00 0
7f87a8a60000-7f87a8a63000 ---p 00000000 00:00 0
7f87a8a63000-7f87a8b61000 rw-p 00000000 00:00 0
7f87a8b65000-7f87a8b97000 r--p 00000000 00:00 572509             /usr/lib/locale/C.UTF-8/LC_CTYPE
7f87a8b97000-7f87a8d0a000 r--p 00000000 00:00 572508             /usr/lib/locale/C.UTF-8/LC_COLLATE
7f87a8d0a000-7f87a8ff0000 r--p 00000000 00:00 572521             /usr/lib/locale/locale-archive
7f87a8ff0000-7f87a8ff3000 ---p 00000000 00:00 0
7f87a8ff3000-7f87a90f1000 rw-p 00000000 00:00 0
7f87a9100000-7f87a9103000 ---p 00000000 00:00 0
7f87a9103000-7f87a9201000 rw-p 00000000 00:00 0
7f87a9210000-7f87a9211000 ---p 00000000 00:00 0
7f87a9211000-7f87a9311000 rw-p 00000000 00:00 0
7f87a9320000-7f87a9421000 rw-p 00000000 00:00 0
7f87a9430000-7f87a9531000 rw-p 00000000 00:00 0
7f87a9540000-7f87a9641000 rw-p 00000000 00:00 0
7f87a9650000-7f87a9751000 rw-p 00000000 00:00 0
7f87a9760000-7f87a9861000 rw-p 00000000 00:00 0
7f87a9870000-7f87a9971000 rw-p 00000000 00:00 0
7f87a9980000-7f87a9a81000 rw-p 00000000 00:00 0
7f87a9a90000-7f87a9b91000 rw-p 00000000 00:00 0
7f87a9ba0000-7f87a9ca1000 rw-p 00000000 00:00 0
7f87a9cb0000-7f87a9db1000 rw-p 00000000 00:00 0
7f87a9dc0000-7f87a9ec1000 rw-p 00000000 00:00 0
7f87a9ed0000-7f87a9fd1000 rw-p 00000000 00:00 0
7f87a9fe0000-7f87aa0e1000 rw-p 00000000 00:00 0
7f87aa0f0000-7f87ac021000 rw-p 00000000 00:00 0
7f87ac021000-7f87b0000000 ---p 00000000 00:00 0
7f87b0000000-7f87b0007000 r--p 00000000 00:00 821413             /usr/lib/jvm/java-8-openjdk-amd64/jre/lib/amd64/libnio.so
7f87b0007000-7f87b0010000 r-xp 00007000 00:00 821413             /usr/lib/jvm/java-8-openjdk-amd64/jre/lib/amd64/libnio.so
7f87b0010000-7f87b0013000 r--p 00010000 00:00 821413             /usr/lib/jvm/java-8-openjdk-amd64/jre/lib/amd64/libnio.so
7f87b0013000-7f87b0014000 r--p 00012000 00:00 821413             /usr/lib/jvm/java-8-openjdk-amd64/jre/lib/amd64/libnio.so
7f87b0014000-7f87b0015000 rw-p 00013000 00:00 821413             /usr/lib/jvm/java-8-openjdk-amd64/jre/lib/amd64/libnio.so
7f87b0015000-7f87b0030000 r--s 001d6000 00:00 821439             /usr/lib/jvm/java-8-openjdk-amd64/jre/lib/ext/nashorn.jar
7f87b0030000-7f87b0131000 rw-p 00000000 00:00 0
7f87b0140000-7f87b0241000 rw-p 00000000 00:00 0
7f87b024a000-7f87b024c000 r--s 00016000 00:00 821455             /usr/lib/jvm/java-8-openjdk-amd64/jre/lib/jce.jar
7f87b024c000-7f87b0250000 r--s 00025000 00:00 859432             /home/gustavo/oiArduBot/backend/language_server/language_server_lib/jetty-io-9.4.34.v20201102.jar
7f87b0250000-7f87b029e000 rw-p 00000000 00:00 0
7f87b029f000-7f87b0470000 r--s 03ca5000 00:00 821467             /usr/lib/jvm/java-8-openjdk-amd64/jre/lib/rt.jar
7f87b0470000-7f87b04e6000 rw-p 00000000 00:00 0
7f87b04e7000-7f87b04e9000 r--s 00009000 00:00 859467             /home/gustavo/oiArduBot/backend/language_server/language_server_lib/slf4j-api-1.7.21.jar
7f87b04e9000-7f87b04ed000 r--s 00031000 00:00 859431             /home/gustavo/oiArduBot/backend/language_server/language_server_lib/jetty-http-9.4.34.v20201102.jar
7f87b04ed000-7f87b04f0000 r--s 00015000 00:00 859429             /home/gustavo/oiArduBot/backend/language_server/language_server_lib/javax.servlet-api-3.1.0.jar
7f87b04f0000-7f87b0ee1000 rw-p 00000000 00:00 0
7f87b0ee1000-7f87b0ee3000 r--s 00005000 00:00 859427             /home/gustavo/oiArduBot/backend/language_server/language_server_lib/javax.annotation-api-1.3.2.jar
7f87b0ee3000-7f87b0eed000 r--s 000a3000 00:00 859436             /home/gustavo/oiArduBot/backend/language_server/language_server_lib/jetty-server-9.4.34.v20201102.jar
7f87b0eed000-7f87b0ef0000 r--s 0001a000 00:00 859435             /home/gustavo/oiArduBot/backend/language_server/language_server_lib/jetty-security-9.4.34.v20201102.jar
7f87b0ef0000-7f87b0ef1000 ---p 00000000 00:00 0
7f87b0ef1000-7f87b0ff1000 rw-p 00000000 00:00 0
7f87b0ff2000-7f87b0ff5000 r--s 0001f000 00:00 859437             /home/gustavo/oiArduBot/backend/language_server/language_server_lib/jetty-servlet-9.4.34.v20201102.jar
7f87b0ff5000-7f87b0ff7000 r--s 0000f000 00:00 859440             /home/gustavo/oiArduBot/backend/language_server/language_server_lib/jetty-xml-9.4.34.v20201102.jar
7f87b0ff7000-7f87b1000000 r--s 00081000 00:00 859438             /home/gustavo/oiArduBot/backend/language_server/language_server_lib/jetty-util-9.4.34.v20201102.jar
7f87b1000000-7f87b1450000 rwxp 00000000 00:00 0
7f87b1450000-7f87c0000000 ---p 00000000 00:00 0
7f87c0000000-7f87c0957000 rw-p 00000000 00:00 0
7f87c0957000-7f87c4000000 ---p 00000000 00:00 0
7f87c4000000-7f87c4003000 r--s 00020000 00:00 859439             /home/gustavo/oiArduBot/backend/language_server/language_server_lib/jetty-webapp-9.4.34.v20201102.jar
7f87c4003000-7f87c4005000 r--s 0000a000 00:00 859433             /home/gustavo/oiArduBot/backend/language_server/language_server_lib/jetty-jndi-9.4.34.v20201102.jar
7f87c4005000-7f87c4020000 r--s 00394000 00:00 821434             /usr/lib/jvm/java-8-openjdk-amd64/jre/lib/ext/cldrdata.jar
7f87c4020000-7f87c407b000 rw-p 00000000 00:00 0
7f87c407b000-7f87c407d000 r--s 0000f000 00:00 859434             /home/gustavo/oiArduBot/backend/language_server/language_server_lib/jetty-plus-9.4.34.v20201102.jar
7f87c407d000-7f87c4080000 r--s 00013000 00:00 859430             /home/gustavo/oiArduBot/backend/language_server/language_server_lib/jetty-annotations-9.4.34.v20201102.jar
7f87c4080000-7f87c4094000 rw-p 00000000 00:00 0
7f87c4095000-7f87c40a0000 r--s 0002a000 00:00 859419             /home/gustavo/oiArduBot/backend/language_server/language_server_lib/checker-qual-3.5.0.jar
7f87c40a0000-7f87c40a1000 ---p 00000000 00:00 0
7f87c40a1000-7f87c41a1000 rw-p 00000000 00:00 0
7f87c41a2000-7f87c41a6000 r--s 00010000 00:00 859455             /home/gustavo/oiArduBot/backend/language_server/language_server_lib/org.eclipse.xtend.lib.macro-2.25.0.jar
7f87c41a6000-7f87c41ab000 r--s 00024000 00:00 859464             /home/gustavo/oiArduBot/backend/language_server/language_server_lib/org.eclipse.xtext.xbase.lib-2.25.0.jar
7f87c41ab000-7f87c41b0000 r--s 00036000 00:00 859423             /home/gustavo/oiArduBot/backend/language_server/language_server_lib/gson-2.8.6.jar
7f87c41b0000-7f87c41b1000 ---p 00000000 00:00 0
7f87c41b1000-7f87c42b1000 rw-p 00000000 00:00 0
7f87c42b1000-7f87c42b3000 r--s 00001000 00:00 859426             /home/gustavo/oiArduBot/backend/language_server/language_server_lib/j2objc-annotations-1.3.jar
7f87c42b3000-7f87c42b8000 r--s 00091000 00:00 859463             /home/gustavo/oiArduBot/backend/language_server/language_server_lib/org.eclipse.xtext.xbase.ide-2.25.0.jar
7f87c42b8000-7f87c42c0000 r--s 00069000 00:00 859420             /home/gustavo/oiArduBot/backend/language_server/language_server_lib/classgraph-4.8.35.jar
7f87c42c0000-7f87c42c1000 ---p 00000000 00:00 0
7f87c42c1000-7f87c43c1000 rw-p 00000000 00:00 0
7f87c43c1000-7f87c43d0000 r--s 0009f000 00:00 859425             /home/gustavo/oiArduBot/backend/language_server/language_server_lib/guice-3.0.jar
7f87c43d0000-7f87c43e6000 rw-p 00000000 00:00 0
7f87c43e6000-7f87c451c000 ---p 00000000 00:00 0
7f87c451c000-7f87c451e000 r--s 00002000 00:00 859421             /home/gustavo/oiArduBot/backend/language_server/language_server_lib/error_prone_annotations-2.3.4.jar
7f87c451e000-7f87c4520000 r--s 00003000 00:00 859442             /home/gustavo/oiArduBot/backend/language_server/language_server_lib/jsr305-3.0.2.jar
7f87c4520000-7f87c4536000 rw-p 00000000 00:00 0
7f87c4536000-7f87c466b000 ---p 00000000 00:00 0
7f87c466b000-7f87c4696000 rw-p 00000000 00:00 0
7f87c4696000-7f87c4711000 ---p 00000000 00:00 0
7f87c4711000-7f87c4712000 rw-p 00000000 00:00 0
7f87c4713000-7f87c4716000 r--s 00019000 00:00 859454             /home/gustavo/oiArduBot/backend/language_server/language_server_lib/org.eclipse.xtend.lib-2.25.0.jar
7f87c4716000-7f87c4720000 r--s 00073000 00:00 859457             /home/gustavo/oiArduBot/backend/language_server/language_server_lib/org.eclipse.xtext.common.types-2.25.0.jar
7f87c4720000-7f87c4732000 rw-p 00000000 00:00 0
7f87c4732000-7f87c4ae0000 ---p 00000000 00:00 0
7f87c4ae0000-7f87c4ae3000 r--p 00000000 00:00 821420             /usr/lib/jvm/java-8-openjdk-amd64/jre/lib/amd64/libzip.so
7f87c4ae3000-7f87c4ae8000 r-xp 00003000 00:00 821420             /usr/lib/jvm/java-8-openjdk-amd64/jre/lib/amd64/libzip.so
7f87c4ae8000-7f87c4aea000 r--p 00008000 00:00 821420             /usr/lib/jvm/java-8-openjdk-amd64/jre/lib/amd64/libzip.so
7f87c4aea000-7f87c4aeb000 r--p 00009000 00:00 821420             /usr/lib/jvm/java-8-openjdk-amd64/jre/lib/amd64/libzip.so
7f87c4aeb000-7f87c4aec000 rw-p 0000a000 00:00 821420             /usr/lib/jvm/java-8-openjdk-amd64/jre/lib/amd64/libzip.so
7f87c4aec000-7f87c4aee000 r--s 00000000 00:00 859422             /home/gustavo/oiArduBot/backend/language_server/language_server_lib/failureaccess-1.0.1.jar
7f87c4aee000-7f87c4af0000 r--s 00003000 00:00 859461             /home/gustavo/oiArduBot/backend/language_server/language_server_lib/org.eclipse.xtext.web.servlet-2.25.0.jar
7f87c4af0000-7f87c4af3000 r--p 00000000 00:00 652020             /usr/lib/x86_64-linux-gnu/libnss_files-2.31.so
7f87c4af3000-7f87c4afa000 r-xp 00003000 00:00 652020             /usr/lib/x86_64-linux-gnu/libnss_files-2.31.so
7f87c4afa000-7f87c4afc000 r--p 0000a000 00:00 652020             /usr/lib/x86_64-linux-gnu/libnss_files-2.31.so
7f87c4afc000-7f87c4afd000 r--p 0000b000 00:00 652020             /usr/lib/x86_64-linux-gnu/libnss_files-2.31.so
7f87c4afd000-7f87c4afe000 rw-p 0000c000 00:00 652020             /usr/lib/x86_64-linux-gnu/libnss_files-2.31.so
7f87c4afe000-7f87c4b04000 rw-p 00000000 00:00 0
7f87c4b04000-7f87c4b05000 r--s 00002000 00:00 859468             /home/gustavo/oiArduBot/backend/language_server/language_server_lib/slf4j-simple-1.7.21.jar
7f87c4b05000-7f87c4b08000 r--s 00017000 00:00 859447             /home/gustavo/oiArduBot/backend/language_server/language_server_lib/org.eclipse.emf.ecore.change-2.14.0.jar
7f87c4b08000-7f87c4b0c000 r--s 00022000 00:00 859413             /home/gustavo/oiArduBot/backend/language_server/language_server_lib/antlr-runtime-3.2.jar
7f87c4b0c000-7f87c4b10000 r--s 00036000 00:00 859448             /home/gustavo/oiArduBot/backend/language_server/language_server_lib/org.eclipse.emf.ecore.xmi-2.16.0.jar
7f87c4b10000-7f87c4b11000 rw-p 00000000 00:00 0
7f87c4b11000-7f87c4b13000 r--s 00000000 00:00 859414             /home/gustavo/oiArduBot/backend/language_server/language_server_lib/aopalliance-1.0.jar
7f87c4b13000-7f87c4b1a000 r--s 00055000 00:00 859445             /home/gustavo/oiArduBot/backend/language_server/language_server_lib/org.eclipse.emf.common-2.17.0.jar
7f87c4b1a000-7f87c4b20000 r--s 00046000 00:00 859459             /home/gustavo/oiArduBot/backend/language_server/language_server_lib/org.eclipse.xtext.util-2.25.0.jar
7f87c4b20000-7f87c4b2d000 r--p 00000000 00:00 821401             /usr/lib/jvm/java-8-openjdk-amd64/jre/lib/amd64/libjava.so
7f87c4b2d000-7f87c4b45000 r-xp 0000d000 00:00 821401             /usr/lib/jvm/java-8-openjdk-amd64/jre/lib/amd64/libjava.so
7f87c4b45000-7f87c4b4c000 r--p 00025000 00:00 821401             /usr/lib/jvm/java-8-openjdk-amd64/jre/lib/amd64/libjava.so
7f87c4b4c000-7f87c4b4d000 r--p 0002b000 00:00 821401             /usr/lib/jvm/java-8-openjdk-amd64/jre/lib/amd64/libjava.so
7f87c4b4d000-7f87c4b4f000 rw-p 0002c000 00:00 821401             /usr/lib/jvm/java-8-openjdk-amd64/jre/lib/amd64/libjava.so
7f87c4b4f000-7f87c4b50000 r--s 0004c000 00:00 859441             /home/gustavo/oiArduBot/backend/language_server/language_server_lib/jquery-3.5.1.jar
7f87c4b50000-7f87c4b55000 r--p 00000000 00:00 821419             /usr/lib/jvm/java-8-openjdk-amd64/jre/lib/amd64/libverify.so
7f87c4b55000-7f87c4b5e000 r-xp 00005000 00:00 821419             /usr/lib/jvm/java-8-openjdk-amd64/jre/lib/amd64/libverify.so
7f87c4b5e000-7f87c4b60000 r--p 0000e000 00:00 821419             /usr/lib/jvm/java-8-openjdk-amd64/jre/lib/amd64/libverify.so
7f87c4b60000-7f87c4b62000 r--p 0000f000 00:00 821419             /usr/lib/jvm/java-8-openjdk-amd64/jre/lib/amd64/libverify.so
7f87c4b62000-7f87c4b63000 rw-p 00011000 00:00 821419             /usr/lib/jvm/java-8-openjdk-amd64/jre/lib/amd64/libverify.so
7f87c4b63000-7f87c4b66000 r--s 0001f000 00:00 859449             /home/gustavo/oiArduBot/backend/language_server/language_server_lib/org.eclipse.equinox.common-3.13.0.jar
7f87c4b66000-7f87c4b70000 r--s 0006f000 00:00 859458             /home/gustavo/oiArduBot/backend/language_server/language_server_lib/org.eclipse.xtext.ide-2.25.0.jar
7f87c4b70000-7f87c4b73000 r--p 00000000 00:00 652106             /usr/lib/x86_64-linux-gnu/librt-2.31.so
7f87c4b73000-7f87c4b77000 r-xp 00003000 00:00 652106             /usr/lib/x86_64-linux-gnu/librt-2.31.so
7f87c4b77000-7f87c4b78000 r--p 00007000 00:00 652106             /usr/lib/x86_64-linux-gnu/librt-2.31.so
7f87c4b78000-7f87c4b79000 ---p 00008000 00:00 652106             /usr/lib/x86_64-linux-gnu/librt-2.31.so
7f87c4b79000-7f87c4b7a000 r--p 00008000 00:00 652106             /usr/lib/x86_64-linux-gnu/librt-2.31.so
7f87c4b7a000-7f87c4b7b000 rw-p 00009000 00:00 652106             /usr/lib/x86_64-linux-gnu/librt-2.31.so
7f87c4b7b000-7f87c4b7c000 r--s 00007000 00:00 859466             /home/gustavo/oiArduBot/backend/language_server/language_server_lib/requirejs-2.3.6.jar
7f87c4b7c000-7f87c4b80000 r--s 00029000 00:00 859460             /home/gustavo/oiArduBot/backend/language_server/language_server_lib/org.eclipse.xtext.web-2.25.0.jar
7f87c4b80000-7f87c4b84000 ---p 00000000 00:00 0
7f87c4b84000-7f87c4c81000 rw-p 00000000 00:00 0
7f87c4c81000-7f87c4c90000 r--s 000b7000 00:00 859450             /home/gustavo/oiArduBot/backend/language_server/language_server_lib/org.eclipse.lsp4j-0.10.0.jar
7f87c4c90000-7f87c4c93000 r--p 00000000 00:00 677530             /usr/lib/x86_64-linux-gnu/libgcc_s.so.1
7f87c4c93000-7f87c4ca5000 r-xp 00003000 00:00 677530             /usr/lib/x86_64-linux-gnu/libgcc_s.so.1
7f87c4ca5000-7f87c4ca9000 r--p 00015000 00:00 677530             /usr/lib/x86_64-linux-gnu/libgcc_s.so.1
7f87c4ca9000-7f87c4caa000 r--p 00018000 00:00 677530             /usr/lib/x86_64-linux-gnu/libgcc_s.so.1
7f87c4caa000-7f87c4cab000 rw-p 00019000 00:00 677530             /usr/lib/x86_64-linux-gnu/libgcc_s.so.1
7f87c4cab000-7f87c4cac000 r--s 00000000 00:00 859443             /home/gustavo/oiArduBot/backend/language_server/language_server_lib/listenablefuture-9999.0-empty-to-avoid-conflict-with-guava.jar
7f87c4cac000-7f87c4cae000 r--s 0000b000 00:00 859418             /home/gustavo/oiArduBot/backend/language_server/language_server_lib/asm-tree-9.1.jar
7f87c4cae000-7f87c4cb0000 r--s 00007000 00:00 859416             /home/gustavo/oiArduBot/backend/language_server/language_server_lib/asm-analysis-9.1.jar
7f87c4cb0000-7f87c4cb1000 r--p 00000000 00:00 0
7f87c4cb1000-7f87c4cc0000 r--p 00000000 00:00 651970             /usr/lib/x86_64-linux-gnu/libm-2.31.so
7f87c4cc0000-7f87c4d67000 r-xp 0000f000 00:00 651970             /usr/lib/x86_64-linux-gnu/libm-2.31.so
7f87c4d67000-7f87c4dfe000 r--p 000b6000 00:00 651970             /usr/lib/x86_64-linux-gnu/libm-2.31.so
7f87c4dfe000-7f87c4dff000 r--p 0014c000 00:00 651970             /usr/lib/x86_64-linux-gnu/libm-2.31.so
7f87c4dff000-7f87c4e00000 rw-p 0014d000 00:00 651970             /usr/lib/x86_64-linux-gnu/libm-2.31.so
7f87c4e00000-7f87c4e96000 r--p 00000000 00:00 682612             /usr/lib/x86_64-linux-gnu/libstdc++.so.6.0.28
7f87c4e96000-7f87c4f87000 r-xp 00096000 00:00 682612             /usr/lib/x86_64-linux-gnu/libstdc++.so.6.0.28
7f87c4f87000-7f87c4fd0000 r--p 00187000 00:00 682612             /usr/lib/x86_64-linux-gnu/libstdc++.so.6.0.28
7f87c4fd0000-7f87c4fd1000 ---p 001d0000 00:00 682612             /usr/lib/x86_64-linux-gnu/libstdc++.so.6.0.28
7f87c4fd1000-7f87c4fdc000 r--p 001d0000 00:00 682612             /usr/lib/x86_64-linux-gnu/libstdc++.so.6.0.28
7f87c4fdc000-7f87c4fdf000 rw-p 001db000 00:00 682612             /usr/lib/x86_64-linux-gnu/libstdc++.so.6.0.28
7f87c4fdf000-7f87c4fe2000 rw-p 00000000 00:00 0
7f87c4fe2000-7f87c4fe3000 r--s 00000000 00:00 859428             /home/gustavo/oiArduBot/backend/language_server/language_server_lib/javax.inject-1.jar
7f87c4fe3000-7f87c4fe5000 r--s 00010000 00:00 859417             /home/gustavo/oiArduBot/backend/language_server/language_server_lib/asm-commons-9.1.jar
7f87c4fe5000-7f87c4fe7000 r--s 0001c000 00:00 859415             /home/gustavo/oiArduBot/backend/language_server/language_server_lib/asm-9.1.jar
7f87c4fe7000-7f87c4ff0000 r--s 0006f000 00:00 859444             /home/gustavo/oiArduBot/backend/language_server/language_server_lib/log4j-1.2.17.jar
7f87c4ff0000-7f87c51e5000 r--p 00000000 00:00 821423             /usr/lib/jvm/java-8-openjdk-amd64/jre/lib/amd64/server/libjvm.so
7f87c51e5000-7f87c5b4d000 r-xp 001f5000 00:00 821423             /usr/lib/jvm/java-8-openjdk-amd64/jre/lib/amd64/server/libjvm.so
7f87c5b4d000-7f87c5cfe000 r--p 00b5d000 00:00 821423             /usr/lib/jvm/java-8-openjdk-amd64/jre/lib/amd64/server/libjvm.so
7f87c5cfe000-7f87c5cff000 ---p 00d0e000 00:00 821423             /usr/lib/jvm/java-8-openjdk-amd64/jre/lib/amd64/server/libjvm.so
7f87c5cff000-7f87c5d95000 r--p 00d0e000 00:00 821423             /usr/lib/jvm/java-8-openjdk-amd64/jre/lib/amd64/server/libjvm.so
7f87c5d95000-7f87c5dbe000 rw-p 00da4000 00:00 821423             /usr/lib/jvm/java-8-openjdk-amd64/jre/lib/amd64/server/libjvm.so
7f87c5dbe000-7f87c5df1000 rw-p 00000000 00:00 0
7f87c5df1000-7f87c5df2000 r--s 00001000 00:00 859465             /home/gustavo/oiArduBot/backend/language_server/language_server_lib/org.eclipse.xtext.xbase.web-2.25.0.jar
7f87c5df2000-7f87c5df5000 r--s 0001e000 00:00 859452             /home/gustavo/oiArduBot/backend/language_server/language_server_lib/org.eclipse.lsp4j.jsonrpc-0.10.0.jar
7f87c5df5000-7f87c5df7000 r--s 0000b000 00:00 859451             /home/gustavo/oiArduBot/backend/language_server/language_server_lib/org.eclipse.lsp4j.generator-0.10.0.jar
7f87c5df7000-7f87c5dfe000 r--s 00064000 00:00 255358             /home/gustavo/oiArduBot/backend/language_server/language_server.jar
7f87c5dfe000-7f87c5e00000 r--s 00010000 00:00 821443             /usr/lib/jvm/java-8-openjdk-amd64/jre/lib/ext/zipfs.jar
7f87c5e00000-7f87c5e02000 rw-p 00000000 00:00 0
7f87c5e02000-7f87c5e0d000 r--s 00116000 00:00 821438             /usr/lib/jvm/java-8-openjdk-amd64/jre/lib/ext/localedata.jar
7f87c5e0d000-7f87c5e14000 r--p 00000000 00:00 652090             /usr/lib/x86_64-linux-gnu/libpthread-2.31.so
7f87c5e14000-7f87c5e25000 r-xp 00007000 00:00 652090             /usr/lib/x86_64-linux-gnu/libpthread-2.31.so
7f87c5e25000-7f87c5e2a000 r--p 00018000 00:00 652090             /usr/lib/x86_64-linux-gnu/libpthread-2.31.so
7f87c5e2a000-7f87c5e2b000 r--p 0001c000 00:00 652090             /usr/lib/x86_64-linux-gnu/libpthread-2.31.so
7f87c5e2b000-7f87c5e2c000 rw-p 0001d000 00:00 652090             /usr/lib/x86_64-linux-gnu/libpthread-2.31.so
7f87c5e2c000-7f87c5e30000 rw-p 00000000 00:00 0
7f87c5e30000-7f87c5e31000 r--p 00000000 00:00 651773             /usr/lib/x86_64-linux-gnu/libdl-2.31.so
7f87c5e31000-7f87c5e33000 r-xp 00001000 00:00 651773             /usr/lib/x86_64-linux-gnu/libdl-2.31.so
7f87c5e33000-7f87c5e34000 r--p 00003000 00:00 651773             /usr/lib/x86_64-linux-gnu/libdl-2.31.so
7f87c5e34000-7f87c5e35000 r--p 00003000 00:00 651773             /usr/lib/x86_64-linux-gnu/libdl-2.31.so
7f87c5e35000-7f87c5e36000 rw-p 00004000 00:00 651773             /usr/lib/x86_64-linux-gnu/libdl-2.31.so
7f87c5e36000-7f87c5e3a000 r--s 00040000 00:00 821442             /usr/lib/jvm/java-8-openjdk-amd64/jre/lib/ext/sunpkcs11.jar
7f87c5e3a000-7f87c5e40000 r--s 0003d000 00:00 821441             /usr/lib/jvm/java-8-openjdk-amd64/jre/lib/ext/sunjce_provider.jar
7f87c5e40000-7f87c5e42000 r--p 00000000 00:00 652266             /usr/lib/x86_64-linux-gnu/libz.so.1.2.11
7f87c5e42000-7f87c5e53000 r-xp 00002000 00:00 652266             /usr/lib/x86_64-linux-gnu/libz.so.1.2.11
7f87c5e53000-7f87c5e59000 r--p 00013000 00:00 652266             /usr/lib/x86_64-linux-gnu/libz.so.1.2.11
7f87c5e59000-7f87c5e5a000 ---p 00019000 00:00 652266             /usr/lib/x86_64-linux-gnu/libz.so.1.2.11
7f87c5e5a000-7f87c5e5b000 r--p 00019000 00:00 652266             /usr/lib/x86_64-linux-gnu/libz.so.1.2.11
7f87c5e5b000-7f87c5e5c000 rw-p 0001a000 00:00 652266             /usr/lib/x86_64-linux-gnu/libz.so.1.2.11
7f87c5e5c000-7f87c5e5e000 r--s 00008000 00:00 821440             /usr/lib/jvm/java-8-openjdk-amd64/jre/lib/ext/sunec.jar
7f87c5e5e000-7f87c5e60000 r--s 0000c000 00:00 821673             /usr/share/java/java-atk-wrapper.jar
7f87c5e60000-7f87c5e85000 r--p 00000000 00:00 651734             /usr/lib/x86_64-linux-gnu/libc-2.31.so
7f87c5e85000-7f87c5ffd000 r-xp 00025000 00:00 651734             /usr/lib/x86_64-linux-gnu/libc-2.31.so
7f87c5ffd000-7f87c6047000 r--p 0019d000 00:00 651734             /usr/lib/x86_64-linux-gnu/libc-2.31.so
7f87c6047000-7f87c6048000 ---p 001e7000 00:00 651734             /usr/lib/x86_64-linux-gnu/libc-2.31.so
7f87c6048000-7f87c604b000 r--p 001e7000 00:00 651734             /usr/lib/x86_64-linux-gnu/libc-2.31.so
7f87c604b000-7f87c604e000 rw-p 001ea000 00:00 651734             /usr/lib/x86_64-linux-gnu/libc-2.31.so
7f87c604e000-7f87c6052000 rw-p 00000000 00:00 0
7f87c6052000-7f87c6053000 r--s 0000a000 00:00 821437             /usr/lib/jvm/java-8-openjdk-amd64/jre/lib/ext/jaccess.jar
7f87c6053000-7f87c6056000 r--s 0000f000 00:00 821436             /usr/lib/jvm/java-8-openjdk-amd64/jre/lib/ext/icedtea-sound.jar
7f87c6056000-7f87c6058000 r--s 00001000 00:00 821435             /usr/lib/jvm/java-8-openjdk-amd64/jre/lib/ext/dnsns.jar
7f87c6058000-7f87c605e000 r--s 000d3000 00:00 821460             /usr/lib/jvm/java-8-openjdk-amd64/jre/lib/jfr.jar
7f87c605e000-7f87c605f000 r--p 00000000 00:00 572517             /usr/lib/locale/C.UTF-8/LC_NUMERIC
7f87c605f000-7f87c6060000 r--p 00000000 00:00 572520             /usr/lib/locale/C.UTF-8/LC_TIME
7f87c6060000-7f87c6063000 r--p 00000000 00:00 821387             /usr/lib/jvm/java-8-openjdk-amd64/jre/lib/amd64/jli/libjli.so
7f87c6063000-7f87c606d000 r-xp 00003000 00:00 821387             /usr/lib/jvm/java-8-openjdk-amd64/jre/lib/amd64/jli/libjli.so
7f87c606d000-7f87c6070000 r--p 0000d000 00:00 821387             /usr/lib/jvm/java-8-openjdk-amd64/jre/lib/amd64/jli/libjli.so
7f87c6070000-7f87c6071000 r--p 0000f000 00:00 821387             /usr/lib/jvm/java-8-openjdk-amd64/jre/lib/amd64/jli/libjli.so
7f87c6071000-7f87c6072000 rw-p 00010000 00:00 821387             /usr/lib/jvm/java-8-openjdk-amd64/jre/lib/amd64/jli/libjli.so
7f87c6072000-7f87c6073000 r--p 00000000 00:00 572515             /usr/lib/locale/C.UTF-8/LC_MONETARY
7f87c6073000-7f87c6074000 r--p 00000000 00:00 572514             /usr/lib/locale/C.UTF-8/LC_MESSAGES/SYS_LC_MESSAGES
7f87c6074000-7f87c6075000 r--p 00000000 00:00 572518             /usr/lib/locale/C.UTF-8/LC_PAPER
7f87c6075000-7f87c6076000 r--p 00000000 00:00 572516             /usr/lib/locale/C.UTF-8/LC_NAME
7f87c6076000-7f87c6077000 r--p 00000000 00:00 572507             /usr/lib/locale/C.UTF-8/LC_ADDRESS
7f87c6077000-7f87c6078000 r--p 00000000 00:00 572519             /usr/lib/locale/C.UTF-8/LC_TELEPHONE
7f87c6078000-7f87c6079000 r--p 00000000 00:00 572512             /usr/lib/locale/C.UTF-8/LC_MEASUREMENT
7f87c6079000-7f87c6080000 r--s 00000000 00:00 651581             /usr/lib/x86_64-linux-gnu/gconv/gconv-modules.cache
7f87c6080000-7f87c6081000 r--p 00000000 00:00 651617             /usr/lib/x86_64-linux-gnu/ld-2.31.so
7f87c6081000-7f87c60a3000 r-xp 00001000 00:00 651617             /usr/lib/x86_64-linux-gnu/ld-2.31.so
7f87c60a3000-7f87c60a4000 r-xp 00023000 00:00 651617             /usr/lib/x86_64-linux-gnu/ld-2.31.so
7f87c60a4000-7f87c60ab000 r--p 00024000 00:00 651617             /usr/lib/x86_64-linux-gnu/ld-2.31.so
7f87c60ab000-7f87c60ac000 r--p 0002b000 00:00 651617             /usr/lib/x86_64-linux-gnu/ld-2.31.so
7f87c60ac000-7f87c60ad000 r--p 00000000 00:00 572510             /usr/lib/locale/C.UTF-8/LC_IDENTIFICATION
7f87c60ad000-7f87c60ae000 r--p 0002c000 00:00 651617             /usr/lib/x86_64-linux-gnu/ld-2.31.so
7f87c60ae000-7f87c60af000 rw-p 0002d000 00:00 651617             /usr/lib/x86_64-linux-gnu/ld-2.31.so
7f87c60af000-7f87c60b2000 rw-p 00000000 00:00 0
7f87c60b2000-7f87c60ba000 rw-s 00000000 00:00 17270              /tmp/hsperfdata_gustavo/3964
7f87c60ba000-7f87c60bb000 r--p 00000000 00:00 821374             /usr/lib/jvm/java-8-openjdk-amd64/jre/bin/java
7f87c60bb000-7f87c60bc000 r-xp 00001000 00:00 821374             /usr/lib/jvm/java-8-openjdk-amd64/jre/bin/java
7f87c60bc000-7f87c60bd000 r--p 00002000 00:00 821374             /usr/lib/jvm/java-8-openjdk-amd64/jre/bin/java
7f87c60bd000-7f87c60be000 r--p 00002000 00:00 821374             /usr/lib/jvm/java-8-openjdk-amd64/jre/bin/java
7f87c60be000-7f87c60bf000 rw-p 00003000 00:00 821374             /usr/lib/jvm/java-8-openjdk-amd64/jre/bin/java
7fffdac89000-7fffdacd4000 rw-p 00000000 00:00 0                  [heap]
7fffe2929000-7fffe3129000 rw-p 00000000 00:00 0                  [stack]
7fffe38b0000-7fffe38b1000 r-xp 00000000 00:00 0                  [vdso]

VM Arguments:
java_command: /home/gustavo/oiArduBot/backend/language_server/language_server.jar
java_class_path (initial): /home/gustavo/oiArduBot/backend/language_server/language_server.jar
Launcher Type: SUN_STANDARD

Environment Variables:
JAVA_HOME=/usr/lib/jvm/java-8-openjdk-amd64
PATH=/usr/share/npm/node_modules/npm-lifecycle/node-gyp-bin:/home/gustavo/oiArduBot/backend/node_modules/.bin:/usr/local/sbin:/usr/local/bin:/usr/sbin:/usr/bin:/sbin:/bin:/usr/games:/usr/local/games:/mnt/c/Program Files (x86)/Common Files/Oracle/Java/javapath:/mnt/c/Program Files/Java/jdk-11.0.12:/mnt/c/Program Files/Java/jdk-11.0.12/bin:/mnt/c/Users/Eduarda Girardi/AppData/Local/Programs/Microsoft VS Code:/mnt/c/Program Files/nodejs/:/mnt/c/Program Files (x86)/GnuWin32/bin:/mnt/c/Windows/System32/WindowsPowerShell/v1.0:/mnt/c/Users/Eduarda Girardi/AppData/Roaming/npm:/snap/bin
SHELL=/bin/bash
HOSTTYPE=x86_64

Signal Handlers:
SIGSEGV: [libjvm.so+0xb365d0], sa_mask[0]=11111111111111111111111111111110, sa_flags=SA_RESTART|SA_SIGINFO
SIGBUS: [libjvm.so+0xb365d0], sa_mask[0]=11111111111111111111111111111110, sa_flags=SA_RESTART|SA_SIGINFO
SIGFPE: [libjvm.so+0x97b8c0], sa_mask[0]=11111111111111111111111111111110, sa_flags=SA_RESTART|SA_SIGINFO
SIGPIPE: [libjvm.so+0x97b8c0], sa_mask[0]=11111111111111111111111111111110, sa_flags=SA_RESTART|SA_SIGINFO
SIGXFSZ: [libjvm.so+0x97b8c0], sa_mask[0]=11111111111111111111111111111110, sa_flags=SA_RESTART|SA_SIGINFO
SIGILL: [libjvm.so+0x97b8c0], sa_mask[0]=11111111111111111111111111111110, sa_flags=SA_RESTART|SA_SIGINFO
SIGUSR1: SIG_DFL, sa_mask[0]=00000000010000000000000000000000, sa_flags=SA_RESTART
SIGUSR2: [libjvm.so+0x97b770], sa_mask[0]=00000000000000000000000000000000, sa_flags=SA_RESTART|SA_SIGINFO
SIGHUP: [libjvm.so+0x97bb40], sa_mask[0]=11111111111111111111111111111110, sa_flags=SA_RESTART|SA_SIGINFO
SIGINT: [libjvm.so+0x97bb40], sa_mask[0]=11111111111111111111111111111110, sa_flags=SA_RESTART|SA_SIGINFO
SIGTERM: [libjvm.so+0x97bb40], sa_mask[0]=11111111111111111111111111111110, sa_flags=SA_RESTART|SA_SIGINFO
SIGQUIT: [libjvm.so+0x97bb40], sa_mask[0]=11111111111111111111111111111110, sa_flags=SA_RESTART|SA_SIGINFO


---------------  S Y S T E M  ---------------

OS:DISTRIB_ID=Ubuntu
DISTRIB_RELEASE=20.04
DISTRIB_CODENAME=focal
DISTRIB_DESCRIPTION="Ubuntu 20.04.2 LTS"

uname:Linux 4.4.0-19041-Microsoft #488-Microsoft Mon Sep 01 13:43:00 PST 2020 x86_64
libc:glibc 2.31 NPTL 2.31 
rlimit: STACK 8192k, CORE 0k, NPROC 7823, NOFILE 65536, AS infinity
load average:0.52 0.58 0.59

/proc/meminfo:
MemTotal:        4070812 kB
MemFree:          646412 kB
Buffers:           34032 kB
Cached:           188576 kB
SwapCached:            0 kB
Active:           167556 kB
Inactive:         157876 kB
Active(anon):     103104 kB
Inactive(anon):    17440 kB
Active(file):      64452 kB
Inactive(file):   140436 kB
Unevictable:           0 kB
Mlocked:               0 kB
SwapTotal:      12582912 kB
SwapFree:       10116020 kB
Dirty:                 0 kB
Writeback:             0 kB
AnonPages:        102824 kB
Mapped:            71404 kB
Shmem:             17720 kB
Slab:              13868 kB
SReclaimable:       6744 kB
SUnreclaim:         7124 kB
KernelStack:        2848 kB
PageTables:         2524 kB
NFS_Unstable:          0 kB
Bounce:                0 kB
WritebackTmp:          0 kB
CommitLimit:      515524 kB
Committed_AS:    3450064 kB
VmallocTotal:     122880 kB
VmallocUsed:       21296 kB
VmallocChunk:      66044 kB
HardwareCorrupted:     0 kB
AnonHugePages:      2048 kB
HugePages_Total:       0
HugePages_Free:        0
HugePages_Rsvd:        0
HugePages_Surp:        0
Hugepagesize:       2048 kB
DirectMap4k:       12280 kB
DirectMap4M:      897024 kB


CPU:total 4 (initial active 4) (2 cores per cpu, 2 threads per core) family 6 model 142 stepping 9, cmov, cx8, fxsr, mmx, sse, sse2, sse3, ssse3, sse4.1, sse4.2, popcnt, avx, avx2, aes, clmul, erms, 3dnowpref, lzcnt, ht, tsc, tscinvbit, bmi1, bmi2, adx

/proc/cpuinfo:
processor	: 0
vendor_id	: GenuineIntel
cpu family	: 6
model		: 142
model name	: Intel(R) Core(TM) i3-7020U CPU @ 2.30GHz
stepping	: 9
microcode	: 0xffffffff
cpu MHz		: 2304.000
cache size	: 256 KB
physical id	: 0
siblings	: 4
core id		: 0
cpu cores	: 2
apicid		: 0
initial apicid	: 0
fpu		: yes
fpu_exception	: yes
cpuid level	: 6
wp		: yes
flags		: fpu vme de pse tsc msr pae mce cx8 apic sep mtrr pge mca cmov pat pse36 clflush dts acpi mmx fxsr sse sse2 ss ht tm pbe syscall nx pdpe1gb rdtscp lm pni pclmulqdq dtes64 est tm2 ssse3 fma cx16 xtpr pdcm pcid sse4_1 sse4_2 movbe popcnt aes xsave osxsave avx f16c rdrand hypervisor lahf_lm abm 3dnowprefetch fsgsbase tsc_adjust bmi1 avx2 smep bmi2 erms invpcid mpx rdseed adx smap clflushopt ibrs ibpb stibp ssbd
bogomips	: 4608.00
clflush size	: 64
cache_alignment	: 64
address sizes	: 36 bits physical, 48 bits virtual
power management:

processor	: 1
vendor_id	: GenuineIntel
cpu family	: 6
model		: 142
model name	: Intel(R) Core(TM) i3-7020U CPU @ 2.30GHz
stepping	: 9
microcode	: 0xffffffff
cpu MHz		: 2304.000
cache size	: 256 KB
physical id	: 0
siblings	: 4
core id		: 0
cpu cores	: 2
apicid		: 0
initial apicid	: 0
fpu		: yes
fpu_exception	: yes
cpuid level	: 6
wp		: yes
flags		: fpu vme de pse tsc msr pae mce cx8 apic sep mtrr pge mca cmov pat pse36 clflush dts acpi mmx fxsr sse sse2 ss ht tm pbe syscall nx pdpe1gb rdtscp lm pni pclmulqdq dtes64 est tm2 ssse3 fma cx16 xtpr pdcm pcid sse4_1 sse4_2 movbe popcnt aes xsave osxsave avx f16c rdrand hypervisor lahf_lm abm 3dnowprefetch fsgsbase tsc_adjust bmi1 avx2 smep bmi2 erms invpcid mpx rdseed adx smap clflushopt ibrs ibpb stibp ssbd
bogomips	: 4608.00
clflush size	: 64
cache_alignment	: 64
address sizes	: 36 bits physical, 48 bits virtual
power management:

processor	: 2
vendor_id	: GenuineIntel
cpu family	: 6
model		: 142
model name	: Intel(R) Core(TM) i3-7020U CPU @ 2.30GHz
stepping	: 9
microcode	: 0xffffffff
cpu MHz		: 2304.000
cache size	: 256 KB
physical id	: 0
siblings	: 4
core id		: 1
cpu cores	: 2
apicid		: 0
initial apicid	: 0
fpu		: yes
fpu_exception	: yes
cpuid level	: 6
wp		: yes
flags		: fpu vme de pse tsc msr pae mce cx8 apic sep mtrr pge mca cmov pat pse36 clflush dts acpi mmx fxsr sse sse2 ss ht tm pbe syscall nx pdpe1gb rdtscp lm pni pclmulqdq dtes64 est tm2 ssse3 fma cx16 xtpr pdcm pcid sse4_1 sse4_2 movbe popcnt aes xsave osxsave avx f16c rdrand hypervisor lahf_lm abm 3dnowprefetch fsgsbase tsc_adjust bmi1 avx2 smep bmi2 erms invpcid mpx rdseed adx smap clflushopt ibrs ibpb stibp ssbd
bogomips	: 4608.00
clflush size	: 64
cache_alignment	: 64
address sizes	: 36 bits physical, 48 bits virtual
power management:

processor	: 3
vendor_id	: GenuineIntel
cpu family	: 6
model		: 142
model name	: Intel(R) Core(TM) i3-7020U CPU @ 2.30GHz
stepping	: 9
microcode	: 0xffffffff
cpu MHz		: 2304.000
cache size	: 256 KB
physical id	: 0
siblings	: 4
core id		: 1
cpu cores	: 2
apicid		: 0
initial apicid	: 0
fpu		: yes
fpu_exception	: yes
cpuid level	: 6
wp		: yes
flags		: fpu vme de pse tsc msr pae mce cx8 apic sep mtrr pge mca cmov pat pse36 clflush dts acpi mmx fxsr sse sse2 ss ht tm pbe syscall nx pdpe1gb rdtscp lm pni pclmulqdq dtes64 est tm2 ssse3 fma cx16 xtpr pdcm pcid sse4_1 sse4_2 movbe popcnt aes xsave osxsave avx f16c rdrand hypervisor lahf_lm abm 3dnowprefetch fsgsbase tsc_adjust bmi1 avx2 smep bmi2 erms invpcid mpx rdseed adx smap clflushopt ibrs ibpb stibp ssbd
bogomips	: 4608.00
clflush size	: 64
cache_alignment	: 64
address sizes	: 36 bits physical, 48 bits virtual
power management:



Memory: 4k page, physical 4070812k(646392k free), swap 12582912k(10116020k free)

vm_info: OpenJDK 64-Bit Server VM (25.292-b10) for linux-amd64 JRE (1.8.0_292-8u292-b10-0ubuntu1~20.04-b10), built on Apr 21 2021 11:46:09 by "buildd" with gcc 9.3.0

time: Thu Aug 12 00:23:17 2021
timezone: -03
elapsed time: 131.650697 seconds (0d 0h 2m 11s)

