#
# A fatal error has been detected by the Java Runtime Environment:
#
#  SIGSEGV (0xb) at pc=0x00007fcbb3cbb7ba, pid=5925, tid=0x00007fcbb4151440
#
# JRE version: OpenJDK Runtime Environment (8.0_292-b10) (build 1.8.0_292-8u292-b10-0ubuntu1~20.04-b10)
# Java VM: OpenJDK 64-Bit Server VM (25.292-b10 mixed mode linux-amd64 compressed oops)
# Problematic frame:
# V  [libjvm.so+0x97b7ba]
#
# Failed to write core dump. Core dumps have been disabled. To enable core dumping, try "ulimit -c unlimited" before starting Java again
#
# If you would like to submit a bug report, please visit:
#   http://bugreport.java.com/bugreport/crash.jsp
#

---------------  T H R E A D  ---------------

Current thread is native thread

siginfo: si_signo: 11 (SIGSEGV), si_code: 1 (SEGV_MAPERR), si_addr: 0x0000000000000180

Registers:
RAX=0x0000000000000000, RBX=0x00007fcbb41513c0, RCX=0x0000000000000000, RDX=0x00007fcbb4151440
RSP=0x00007ffffeabfd50, RBP=0x00007ffffeabfe20, RSI=0x00007ffffeac0440, RDI=0x0000000000000001
R8 =0x0000000000000000, R9 =0x00007fcbb2fd0700, R10=0x0000000000000000, R11=0x0000000000000000
R12=0x00007ffffeac0440, R13=0x00007fcbb2fd09d0, R14=0x0000000000000000, R15=0x00007fcbb2fd0700
RIP=0x00007fcbb3cbb7ba, EFLAGS=0x0000000000010246, CSGSFS=0x00000053002b0033, ERR=0x0000000000000000
  TRAPNO=0x0000000000000000

Top of Stack: (sp=0x00007ffffeabfd50)
0x00007ffffeabfd50:   00007ffffeabffd0 00007ffffeabfe30
0x00007ffffeabfd60:   00007ffffeac000f 00007ffffeabffd0
0x00007ffffeabfd70:   00007ffffeac000f 0000000000000000
0x00007ffffeabfd80:   0000000000000000 0000000000000000
0x00007ffffeabfd90:   0000000000000000 0000000000000000
0x00007ffffeabfda0:   0000000000000000 0000000000000000
0x00007ffffeabfdb0:   0000000000000004 00000000000001fe
0x00007ffffeabfdc0:   00000000000001fe ffffffffffffff00
0x00007ffffeabfdd0:   00007fcbb439bce0 0000000000000000
0x00007ffffeabfde0:   00007fcbb411de20 6fa8730650958700
0x00007ffffeabfdf0:   00007fcbb439bbe0 00000000000000ca
0x00007ffffeabfe00:   0000000000001726 00007fcbb2fd09d0
0x00007ffffeabfe10:   0000000000100000 00007fcbb2fd0700
0x00007ffffeabfe20:   00007ffffeac05e8 00007fcbb41f6210
0x00007ffffeabfe30:   0000000000000000 0000000000000000
0x00007ffffeabfe40:   0000000000000000 0000000000000000
0x00007ffffeabfe50:   0000000000000000 0000000000000000
0x00007ffffeabfe60:   00007fcbb2fd0700 0000000000000000
0x00007ffffeabfe70:   0000000000000000 0000000000001726
0x00007ffffeabfe80:   00007fcbb2fd09d0 0000000000100000
0x00007ffffeabfe90:   00007fcbb2fd0700 00007fcbb2fd09d0
0x00007ffffeabfea0:   0000000000000000 00007ffffeac05e8
0x00007ffffeabfeb0:   00000000000000ca 0000000000001726
0x00007ffffeabfec0:   fffffffffffffffc 0000000000000000
0x00007ffffeabfed0:   00007ffffeac0540 00007fcbb4167cd7
0x00007ffffeabfee0:   0000000000000246 00000053002b0033
0x00007ffffeabfef0:   0000000000000000 0000000000000000
0x00007ffffeabff00:   0000000000000000 0000000000000000
0x00007ffffeabff10:   0000000000000000 0000000000000000
0x00007ffffeabff20:   0000000000000000 0000000000000000
0x00007ffffeabff30:   0000000000000000 0000000000000000
0x00007ffffeabff40:   0000000000000000 0000000000000000 

Instructions: (pc=0x00007fcbb3cbb7ba)
0x00007fcbb3cbb79a:   00 48 89 45 c8 31 c0 e8 8a a4 87 ff 44 8b 30 48
0x00007fcbb3cbb7aa:   89 c3 48 8d 05 55 e3 43 00 8b 38 e8 fe a6 87 ff
0x00007fcbb3cbb7ba:   4c 8b a8 80 01 00 00 41 8b 85 a8 00 00 00 83 f8
0x00007fcbb3cbb7ca:   01 74 2b 44 89 33 48 8b 45 c8 64 48 33 04 25 28 

Register to memory mapping:

RAX=0x0000000000000000 is an unknown value
RBX=0x00007fcbb41513c0 is an unknown value
RCX=0x0000000000000000 is an unknown value
RDX=0x00007fcbb4151440 is an unknown value
RSP=0x00007ffffeabfd50 is an unknown value
RBP=0x00007ffffeabfe20 is an unknown value
RSI=0x00007ffffeac0440 is an unknown value
RDI=0x0000000000000001 is an unknown value
R8 =0x0000000000000000 is an unknown value
R9 =0x00007fcbb2fd0700 is pointing into the stack for thread: 0x00007fcbac00a000
R10=0x0000000000000000 is an unknown value
R11=0x0000000000000000 is an unknown value
R12=0x00007ffffeac0440 is an unknown value
R13=0x00007fcbb2fd09d0 is pointing into the stack for thread: 0x00007fcbac00a000
R14=0x0000000000000000 is an unknown value
R15=0x00007fcbb2fd0700 is pointing into the stack for thread: 0x00007fcbac00a000


Stack: [0x00007ffffe9c7000,0x00007ffffeac7000],  sp=0x00007ffffeabfd50,  free space=995k
Native frames: (J=compiled Java code, j=interpreted, Vv=VM code, C=native code)
V  [libjvm.so+0x97b7ba]
C  [libc.so.6+0x46210]


---------------  P R O C E S S  ---------------

VM state:not at safepoint (normal execution)

VM Mutex/Monitor currently owned by a thread: None

heap address: 0x00000000c1e00000, size: 994 MB, Compressed Oops mode: 32-bit
Narrow klass base: 0x0000000000000000, Narrow klass shift: 3
Compressed class space size: 1073741824 Address: 0x0000000100000000

Heap:
 PSYoungGen      total 73216K, used 38119K [0x00000000eb500000, 0x00000000f0a00000, 0x0000000100000000)
  eden space 64000K, 45% used [0x00000000eb500000,0x00000000ed1a6c78,0x00000000ef380000)
  from space 9216K, 95% used [0x00000000efe00000,0x00000000f0693128,0x00000000f0700000)
  to   space 10752K, 0% used [0x00000000ef380000,0x00000000ef380000,0x00000000efe00000)
 ParOldGen       total 44032K, used 14437K [0x00000000c1e00000, 0x00000000c4900000, 0x00000000eb500000)
  object space 44032K, 32% used [0x00000000c1e00000,0x00000000c2c196c8,0x00000000c4900000)
 Metaspace       used 12974K, capacity 13254K, committed 13440K, reserved 1060864K
  class space    used 1492K, capacity 1595K, committed 1664K, reserved 1048576K

Card table byte_map: [0x00007fcbb2870000,0x00007fcbb2a62000] byte_map_base: 0x00007fcbb2261000

Marking Bits: (ParMarkBitMap*) 0x00007fcbb41246c0
 Begin Bits: [0x00007fcbb03d0000, 0x00007fcbb1358000)
 End Bits:   [0x00007fcbb1358000, 0x00007fcbb22e0000)

Polling page: 0x00007fcbb3000000

CodeCache: size=245760Kb used=4350Kb max_used=4405Kb free=241409Kb
 bounds [0x00007fcb9d000000, 0x00007fcb9d450000, 0x00007fcbac000000]
 total_blobs=1521 nmethods=1143 adapters=291
 compilation: enabled

Compilation events (10 events):
Event: 4.713 Thread 0x00007fcbac183800 1148       4       java.util.regex.Pattern$Single::isSatisfiedBy (14 bytes)
Event: 4.714 Thread 0x00007fcbac188800 nmethod 1145 0x00007fcb9d421610 code [0x00007fcb9d4218e0, 0x00007fcb9d423498]
Event: 4.714 Thread 0x00007fcbac188800 1147       3       jdk.internal.org.objectweb.asm.AnnotationWriter::visitEnd (43 bytes)
Event: 4.715 Thread 0x00007fcbac188800 nmethod 1147 0x00007fcb9d424550 code [0x00007fcb9d4246c0, 0x00007fcb9d4248b0]
Event: 4.715 Thread 0x00007fcbac188800 1146       3       jdk.internal.org.objectweb.asm.AnnotationVisitor::<init> (35 bytes)
Event: 4.715 Thread 0x00007fcbac183800 nmethod 1148 0x00007fcb9d4159d0 code [0x00007fcb9d415b20, 0x00007fcb9d415b98]
Event: 4.715 Thread 0x00007fcbac188800 nmethod 1146 0x00007fcb9d427090 code [0x00007fcb9d427220, 0x00007fcb9d427528]
Event: 4.716 Thread 0x00007fcbac188800 1149       3       sun.nio.cs.UTF_8$Encoder::encodeArrayLoop (489 bytes)
Event: 4.723 Thread 0x00007fcbac188800 nmethod 1149 0x00007fcb9d427650 code [0x00007fcb9d427ba0, 0x00007fcb9d42b1a8]
Event: 5.152 Thread 0x00007fcbac186800 nmethod 963 0x00007fcb9d439bd0 code [0x00007fcb9d43a2c0, 0x00007fcb9d445010]

GC Heap History (10 events):
Event: 3.299 GC heap before
{Heap before GC invocations=2 (full 0):
 PSYoungGen      total 18944K, used 18938K [0x00000000eb500000, 0x00000000eca00000, 0x0000000100000000)
  eden space 16384K, 100% used [0x00000000eb500000,0x00000000ec500000,0x00000000ec500000)
  from space 2560K, 99% used [0x00000000ec500000,0x00000000ec77e990,0x00000000ec780000)
  to   space 2560K, 0% used [0x00000000ec780000,0x00000000ec780000,0x00000000eca00000)
 ParOldGen       total 44032K, used 440K [0x00000000c1e00000, 0x00000000c4900000, 0x00000000eb500000)
  object space 44032K, 1% used [0x00000000c1e00000,0x00000000c1e6e2e8,0x00000000c4900000)
 Metaspace       used 10228K, capacity 10452K, committed 10496K, reserved 1058816K
  class space    used 1156K, capacity 1240K, committed 1280K, reserved 1048576K
Event: 3.314 GC heap after
Heap after GC invocations=2 (full 0):
 PSYoungGen      total 18944K, used 2542K [0x00000000eb500000, 0x00000000eda00000, 0x0000000100000000)
  eden space 16384K, 0% used [0x00000000eb500000,0x00000000eb500000,0x00000000ec500000)
  from space 2560K, 99% used [0x00000000ec780000,0x00000000ec9fb9f8,0x00000000eca00000)
  to   space 2560K, 0% used [0x00000000ec500000,0x00000000ec500000,0x00000000ec780000)
 ParOldGen       total 44032K, used 2151K [0x00000000c1e00000, 0x00000000c4900000, 0x00000000eb500000)
  object space 44032K, 4% used [0x00000000c1e00000,0x00000000c2019ea0,0x00000000c4900000)
 Metaspace       used 10228K, capacity 10452K, committed 10496K, reserved 1058816K
  class space    used 1156K, capacity 1240K, committed 1280K, reserved 1048576K
}
Event: 3.423 GC heap before
{Heap before GC invocations=3 (full 0):
 PSYoungGen      total 18944K, used 18926K [0x00000000eb500000, 0x00000000eda00000, 0x0000000100000000)
  eden space 16384K, 100% used [0x00000000eb500000,0x00000000ec500000,0x00000000ec500000)
  from space 2560K, 99% used [0x00000000ec780000,0x00000000ec9fb9f8,0x00000000eca00000)
  to   space 2560K, 0% used [0x00000000ec500000,0x00000000ec500000,0x00000000ec780000)
 ParOldGen       total 44032K, used 2151K [0x00000000c1e00000, 0x00000000c4900000, 0x00000000eb500000)
  object space 44032K, 4% used [0x00000000c1e00000,0x00000000c2019ea0,0x00000000c4900000)
 Metaspace       used 10335K, capacity 10644K, committed 10752K, reserved 1058816K
  class space    used 1157K, capacity 1240K, committed 1280K, reserved 1048576K
Event: 3.447 GC heap after
Heap after GC invocations=3 (full 0):
 PSYoungGen      total 18944K, used 2528K [0x00000000eb500000, 0x00000000eda00000, 0x0000000100000000)
  eden space 16384K, 0% used [0x00000000eb500000,0x00000000eb500000,0x00000000ec500000)
  from space 2560K, 98% used [0x00000000ec500000,0x00000000ec778050,0x00000000ec780000)
  to   space 2560K, 0% used [0x00000000ed780000,0x00000000ed780000,0x00000000eda00000)
 ParOldGen       total 44032K, used 5475K [0x00000000c1e00000, 0x00000000c4900000, 0x00000000eb500000)
  object space 44032K, 12% used [0x00000000c1e00000,0x00000000c2358dd0,0x00000000c4900000)
 Metaspace       used 10335K, capacity 10644K, committed 10752K, reserved 1058816K
  class space    used 1157K, capacity 1240K, committed 1280K, reserved 1048576K
}
Event: 3.522 GC heap before
{Heap before GC invocations=4 (full 0):
 PSYoungGen      total 18944K, used 18912K [0x00000000eb500000, 0x00000000eda00000, 0x0000000100000000)
  eden space 16384K, 100% used [0x00000000eb500000,0x00000000ec500000,0x00000000ec500000)
  from space 2560K, 98% used [0x00000000ec500000,0x00000000ec778050,0x00000000ec780000)
  to   space 2560K, 0% used [0x00000000ed780000,0x00000000ed780000,0x00000000eda00000)
 ParOldGen       total 44032K, used 5475K [0x00000000c1e00000, 0x00000000c4900000, 0x00000000eb500000)
  object space 44032K, 12% used [0x00000000c1e00000,0x00000000c2358dd0,0x00000000c4900000)
 Metaspace       used 10340K, capacity 10644K, committed 10752K, reserved 1058816K
  class space    used 1157K, capacity 1240K, committed 1280K, reserved 1048576K
Event: 3.542 GC heap after
Heap after GC invocations=4 (full 0):
 PSYoungGen      total 35328K, used 2544K [0x00000000eb500000, 0x00000000eda00000, 0x0000000100000000)
  eden space 32768K, 0% used [0x00000000eb500000,0x00000000eb500000,0x00000000ed500000)
  from space 2560K, 99% used [0x00000000ed780000,0x00000000ed9fc060,0x00000000eda00000)
  to   space 2560K, 0% used [0x00000000ed500000,0x00000000ed500000,0x00000000ed780000)
 ParOldGen       total 44032K, used 8539K [0x00000000c1e00000, 0x00000000c4900000, 0x00000000eb500000)
  object space 44032K, 19% used [0x00000000c1e00000,0x00000000c2656f20,0x00000000c4900000)
 Metaspace       used 10340K, capacity 10644K, committed 10752K, reserved 1058816K
  class space    used 1157K, capacity 1240K, committed 1280K, reserved 1048576K
}
Event: 3.662 GC heap before
{Heap before GC invocations=5 (full 0):
 PSYoungGen      total 35328K, used 35312K [0x00000000eb500000, 0x00000000eda00000, 0x0000000100000000)
  eden space 32768K, 100% used [0x00000000eb500000,0x00000000ed500000,0x00000000ed500000)
  from space 2560K, 99% used [0x00000000ed780000,0x00000000ed9fc060,0x00000000eda00000)
  to   space 2560K, 0% used [0x00000000ed500000,0x00000000ed500000,0x00000000ed780000)
 ParOldGen       total 44032K, used 8539K [0x00000000c1e00000, 0x00000000c4900000, 0x00000000eb500000)
  object space 44032K, 19% used [0x00000000c1e00000,0x00000000c2656f20,0x00000000c4900000)
 Metaspace       used 10349K, capacity 10644K, committed 10752K, reserved 1058816K
  class space    used 1157K, capacity 1240K, committed 1280K, reserved 1048576K
Event: 3.696 GC heap after
Heap after GC invocations=5 (full 0):
 PSYoungGen      total 35328K, used 2558K [0x00000000eb500000, 0x00000000f0700000, 0x0000000100000000)
  eden space 32768K, 0% used [0x00000000eb500000,0x00000000eb500000,0x00000000ed500000)
  from space 2560K, 99% used [0x00000000ed500000,0x00000000ed77fa78,0x00000000ed780000)
  to   space 9216K, 0% used [0x00000000efe00000,0x00000000efe00000,0x00000000f0700000)
 ParOldGen       total 44032K, used 14437K [0x00000000c1e00000, 0x00000000c4900000, 0x00000000eb500000)
  object space 44032K, 32% used [0x00000000c1e00000,0x00000000c2c196c8,0x00000000c4900000)
 Metaspace       used 10349K, capacity 10644K, committed 10752K, reserved 1058816K
  class space    used 1157K, capacity 1240K, committed 1280K, reserved 1048576K
}
Event: 3.807 GC heap before
{Heap before GC invocations=6 (full 0):
 PSYoungGen      total 35328K, used 35273K [0x00000000eb500000, 0x00000000f0700000, 0x0000000100000000)
  eden space 32768K, 99% used [0x00000000eb500000,0x00000000ed4f2b60,0x00000000ed500000)
  from space 2560K, 99% used [0x00000000ed500000,0x00000000ed77fa78,0x00000000ed780000)
  to   space 9216K, 0% used [0x00000000efe00000,0x00000000efe00000,0x00000000f0700000)
 ParOldGen       total 44032K, used 14437K [0x00000000c1e00000, 0x00000000c4900000, 0x00000000eb500000)
  object space 44032K, 32% used [0x00000000c1e00000,0x00000000c2c196c8,0x00000000c4900000)
 Metaspace       used 10349K, capacity 10644K, committed 10752K, reserved 1058816K
  class space    used 1157K, capacity 1240K, committed 1280K, reserved 1048576K
Event: 3.835 GC heap after
Heap after GC invocations=6 (full 0):
 PSYoungGen      total 73216K, used 8780K [0x00000000eb500000, 0x00000000f0a00000, 0x0000000100000000)
  eden space 64000K, 0% used [0x00000000eb500000,0x00000000eb500000,0x00000000ef380000)
  from space 9216K, 95% used [0x00000000efe00000,0x00000000f0693128,0x00000000f0700000)
  to   space 10752K, 0% used [0x00000000ef380000,0x00000000ef380000,0x00000000efe00000)
 ParOldGen       total 44032K, used 14437K [0x00000000c1e00000, 0x00000000c4900000, 0x00000000eb500000)
  object space 44032K, 32% used [0x00000000c1e00000,0x00000000c2c196c8,0x00000000c4900000)
 Metaspace       used 10349K, capacity 10644K, committed 10752K, reserved 1058816K
  class space    used 1157K, capacity 1240K, committed 1280K, reserved 1048576K
}

Deoptimization events (8 events):
Event: 2.600 Thread 0x00007fcbac00a000 Uncommon trap: reason=unstable_if action=reinterpret pc=0x00007fcb9d1ecce8 method=java.lang.String.startsWith(Ljava/lang/String;I)Z @ 25
Event: 2.945 Thread 0x00007fcbac00a000 Uncommon trap: reason=unstable_if action=reinterpret pc=0x00007fcb9d1c3980 method=java.lang.String.indexOf([CII[CIII)I @ 3
Event: 3.852 Thread 0x00007fcbac730800 Uncommon trap: reason=unstable_if action=reinterpret pc=0x00007fcb9d396b70 method=org.objectweb.asm.ClassReader.readMethod(Lorg/objectweb/asm/ClassVisitor;Lorg/objectweb/asm/Context;I)I @ 658
Event: 4.176 Thread 0x00007fcbac00a000 Uncommon trap: reason=unstable_if action=reinterpret pc=0x00007fcb9d358ea8 method=java.lang.String.regionMatches(ZILjava/lang/String;II)Z @ 123
Event: 4.263 Thread 0x00007fcbac00a000 Uncommon trap: reason=unstable_if action=reinterpret pc=0x00007fcb9d38b760 method=java.util.HashMap$HashIterator.nextNode()Ljava/util/HashMap$Node; @ 53
Event: 4.302 Thread 0x00007fcbac00a000 Uncommon trap: reason=unstable_if action=reinterpret pc=0x00007fcb9d3869b4 method=java.util.HashMap$HashIterator.<init>(Ljava/util/HashMap;)V @ 38
Event: 4.558 Thread 0x00007fcbac00a000 Uncommon trap: reason=unstable_if action=reinterpret pc=0x00007fcb9d33b104 method=java.util.TreeMap.put(Ljava/lang/Object;Ljava/lang/Object;)Ljava/lang/Object; @ 55
Event: 4.650 Thread 0x00007fcbac00a000 Uncommon trap: reason=unstable_if action=reinterpret pc=0x00007fcb9d3e82a8 method=java.lang.CharacterDataLatin1.digit(II)I @ 82

Classes redefined (0 events):
No events

Internal exceptions (10 events):
Event: 3.020 Thread 0x00007fcbac00a000 Exception <a 'sun/nio/fs/UnixException'> (0x00000000eba62cb0) thrown at [/build/openjdk-8-4TqvnK/openjdk-8-8u292-b10/src/hotspot/src/share/vm/prims/jni.cpp, line 711]
Event: 3.175 Thread 0x00007fcbac00a000 Exception <a 'java/lang/NoSuchMethodError': java.lang.Object.lambda$maxBy$1(Ljava/util/Comparator;Ljava/lang/Object;Ljava/lang/Object;)Ljava/lang/Object;> (0x00000000ebe9d830) thrown at [/build/openjdk-8-4TqvnK/openjdk-8-8u292-b10/src/hotspot/src/share/vm
Event: 3.935 Thread 0x00007fcbac00a000 Exception <a 'sun/nio/fs/UnixException'> (0x00000000ec982960) thrown at [/build/openjdk-8-4TqvnK/openjdk-8-8u292-b10/src/hotspot/src/share/vm/prims/jni.cpp, line 711]
Event: 3.936 Thread 0x00007fcbac00a000 Exception <a 'sun/nio/fs/UnixException'> (0x00000000ec983408) thrown at [/build/openjdk-8-4TqvnK/openjdk-8-8u292-b10/src/hotspot/src/share/vm/prims/jni.cpp, line 711]
Event: 3.936 Thread 0x00007fcbac00a000 Exception <a 'sun/nio/fs/UnixException'> (0x00000000ec983938) thrown at [/build/openjdk-8-4TqvnK/openjdk-8-8u292-b10/src/hotspot/src/share/vm/prims/jni.cpp, line 711]
Event: 3.937 Thread 0x00007fcbac00a000 Exception <a 'sun/nio/fs/UnixException'> (0x00000000ec983ed8) thrown at [/build/openjdk-8-4TqvnK/openjdk-8-8u292-b10/src/hotspot/src/share/vm/prims/jni.cpp, line 711]
Event: 3.937 Thread 0x00007fcbac00a000 Exception <a 'sun/nio/fs/UnixException'> (0x00000000ec984318) thrown at [/build/openjdk-8-4TqvnK/openjdk-8-8u292-b10/src/hotspot/src/share/vm/prims/jni.cpp, line 711]
Event: 3.937 Thread 0x00007fcbac00a000 Exception <a 'sun/nio/fs/UnixException'> (0x00000000ec9847e8) thrown at [/build/openjdk-8-4TqvnK/openjdk-8-8u292-b10/src/hotspot/src/share/vm/prims/jni.cpp, line 711]
Event: 4.302 Thread 0x00007fcbac00a000 Implicit null exception at 0x00007fcb9d386742 to 0x00007fcb9d38699d
Event: 4.554 Thread 0x00007fcbac00a000 Exception <a 'java/lang/NoSuchMethodError': java.lang.Object.lambda$comparing$77a9974f$1(Ljava/util/function/Function;Ljava/lang/Object;Ljava/lang/Object;)I> (0x00000000ecdf4d28) thrown at [/build/openjdk-8-4TqvnK/openjdk-8-8u292-b10/src/hotspot/src/share

Events (10 events):
Event: 4.711 loading class java/util/stream/ReduceOps$3ReducingSink done
Event: 4.713 loading class java/nio/channels/spi/AbstractInterruptibleChannel$1
Event: 4.713 loading class java/nio/channels/spi/AbstractInterruptibleChannel$1 done
Event: 4.713 loading class sun/nio/ch/NativeThread
Event: 4.713 loading class sun/nio/ch/NativeThread done
Event: 4.714 loading class br/edu/utfpr/oiardubot/web/ServerLauncher$1
Event: 4.714 loading class br/edu/utfpr/oiardubot/web/ServerLauncher$1 done
Event: 4.715 Thread 0x00007fcbac886000 Thread added: 0x00007fcbac886000
Event: 4.775 Executing VM operation: EnableBiasedLocking
Event: 4.775 Executing VM operation: EnableBiasedLocking done


Dynamic libraries:
c1e00000-c4900000 rw-p 00000000 00:00 0
c4900000-eb500000 ---p 00000000 00:00 0
eb500000-f0a00000 rw-p 00000000 00:00 0
f0a00000-100000000 ---p 00000000 00:00 0
100000000-1001a0000 rw-p 00000000 00:00 0
1001a0000-140000000 ---p 00000000 00:00 0
7fcb38000000-7fcb38021000 rw-p 00000000 00:00 0
7fcb38021000-7fcb3c000000 ---p 00000000 00:00 0
7fcb3c000000-7fcb3c021000 rw-p 00000000 00:00 0
7fcb3c021000-7fcb40000000 ---p 00000000 00:00 0
7fcb40000000-7fcb40021000 rw-p 00000000 00:00 0
7fcb40021000-7fcb44000000 ---p 00000000 00:00 0
7fcb44000000-7fcb44021000 rw-p 00000000 00:00 0
7fcb44021000-7fcb48000000 ---p 00000000 00:00 0
7fcb48000000-7fcb48021000 rw-p 00000000 00:00 0
7fcb48021000-7fcb4c000000 ---p 00000000 00:00 0
7fcb4c000000-7fcb4c021000 rw-p 00000000 00:00 0
7fcb4c021000-7fcb50000000 ---p 00000000 00:00 0
7fcb50000000-7fcb500c3000 rw-p 00000000 00:00 0
7fcb500c3000-7fcb54000000 ---p 00000000 00:00 0
7fcb54000000-7fcb54021000 rw-p 00000000 00:00 0
7fcb54021000-7fcb58000000 ---p 00000000 00:00 0
7fcb58000000-7fcb58021000 rw-p 00000000 00:00 0
7fcb58021000-7fcb5c000000 ---p 00000000 00:00 0
7fcb5c000000-7fcb5c021000 rw-p 00000000 00:00 0
7fcb5c021000-7fcb60000000 ---p 00000000 00:00 0
7fcb60000000-7fcb60021000 rw-p 00000000 00:00 0
7fcb60021000-7fcb64000000 ---p 00000000 00:00 0
7fcb64000000-7fcb64021000 rw-p 00000000 00:00 0
7fcb64021000-7fcb68000000 ---p 00000000 00:00 0
7fcb68000000-7fcb68a81000 rw-p 00000000 00:00 0
7fcb68a81000-7fcb6c000000 ---p 00000000 00:00 0
7fcb6c000000-7fcb6c640000 rw-p 00000000 00:00 0
7fcb6c640000-7fcb70000000 ---p 00000000 00:00 0
7fcb70000000-7fcb70021000 rw-p 00000000 00:00 0
7fcb70021000-7fcb74000000 ---p 00000000 00:00 0
7fcb74000000-7fcb74b1d000 rw-p 00000000 00:00 0
7fcb74b1d000-7fcb78000000 ---p 00000000 00:00 0
7fcb78000000-7fcb78021000 rw-p 00000000 00:00 0
7fcb78021000-7fcb7c000000 ---p 00000000 00:00 0
7fcb7c000000-7fcb7c021000 rw-p 00000000 00:00 0
7fcb7c021000-7fcb80000000 ---p 00000000 00:00 0
7fcb80000000-7fcb80021000 rw-p 00000000 00:00 0
7fcb80021000-7fcb84000000 ---p 00000000 00:00 0
7fcb84000000-7fcb84021000 rw-p 00000000 00:00 0
7fcb84021000-7fcb88000000 ---p 00000000 00:00 0
7fcb88000000-7fcb88021000 rw-p 00000000 00:00 0
7fcb88021000-7fcb8c000000 ---p 00000000 00:00 0
7fcb90000000-7fcb90021000 rw-p 00000000 00:00 0
7fcb90021000-7fcb94000000 ---p 00000000 00:00 0
7fcb95500000-7fcb95503000 ---p 00000000 00:00 0
7fcb95503000-7fcb95601000 rw-p 00000000 00:00 0
7fcb958b0000-7fcb958b3000 ---p 00000000 00:00 0
7fcb958b3000-7fcb959b1000 rw-p 00000000 00:00 0
7fcb959c0000-7fcb959c7000 r--p 00000000 00:00 821417             /usr/lib/jvm/java-8-openjdk-amd64/jre/lib/amd64/libsunec.so
7fcb959c7000-7fcb959e0000 r-xp 00007000 00:00 821417             /usr/lib/jvm/java-8-openjdk-amd64/jre/lib/amd64/libsunec.so
7fcb959e0000-7fcb959ea000 r--p 00020000 00:00 821417             /usr/lib/jvm/java-8-openjdk-amd64/jre/lib/amd64/libsunec.so
7fcb959ea000-7fcb959ee000 r--p 00029000 00:00 821417             /usr/lib/jvm/java-8-openjdk-amd64/jre/lib/amd64/libsunec.so
7fcb959ee000-7fcb959ef000 rw-p 0002d000 00:00 821417             /usr/lib/jvm/java-8-openjdk-amd64/jre/lib/amd64/libsunec.so
7fcb959f0000-7fcb95b70000 rw-p 00000000 00:00 0
7fcb95b70000-7fcb95bf0000 ---p 00000000 00:00 0
7fcb95ccf000-7fcb95ce0000 r--s 001bf000 00:00 821461             /usr/lib/jvm/java-8-openjdk-amd64/jre/lib/jsse.jar
7fcb95ce0000-7fcb95ee0000 rw-p 00000000 00:00 0
7fcb95ee0000-7fcb95ee3000 ---p 00000000 00:00 0
7fcb95ee3000-7fcb95fe1000 rw-p 00000000 00:00 0
7fcb95ff0000-7fcb95ff3000 ---p 00000000 00:00 0
7fcb95ff3000-7fcb960f1000 rw-p 00000000 00:00 0
7fcb96100000-7fcb96103000 ---p 00000000 00:00 0
7fcb96103000-7fcb96201000 rw-p 00000000 00:00 0
7fcb96210000-7fcb96213000 ---p 00000000 00:00 0
7fcb96213000-7fcb96311000 rw-p 00000000 00:00 0
7fcb96320000-7fcb96323000 ---p 00000000 00:00 0
7fcb96323000-7fcb96421000 rw-p 00000000 00:00 0
7fcb96430000-7fcb96433000 ---p 00000000 00:00 0
7fcb96433000-7fcb96531000 rw-p 00000000 00:00 0
7fcb96540000-7fcb96543000 ---p 00000000 00:00 0
7fcb96543000-7fcb96641000 rw-p 00000000 00:00 0
7fcb96650000-7fcb96653000 ---p 00000000 00:00 0
7fcb96653000-7fcb96751000 rw-p 00000000 00:00 0
7fcb96751000-7fcb96780000 r--s 008ca000 00:00 558379             /home/gustavo/oiArduBot/backend/language_server/language_server_lib/ace-1.3.3.jar
7fcb96780000-7fcb96781000 ---p 00000000 00:00 0
7fcb96781000-7fcb96881000 rw-p 00000000 00:00 0
7fcb96890000-7fcb96893000 ---p 00000000 00:00 0
7fcb96893000-7fcb96991000 rw-p 00000000 00:00 0
7fcb969a0000-7fcb969a4000 ---p 00000000 00:00 0
7fcb969a4000-7fcb96aa1000 rw-p 00000000 00:00 0
7fcb96ab0000-7fcb96ab4000 ---p 00000000 00:00 0
7fcb96ab4000-7fcb96bb1000 rw-p 00000000 00:00 0
7fcb96bc0000-7fcb96bc4000 ---p 00000000 00:00 0
7fcb96bc4000-7fcb96cc1000 rw-p 00000000 00:00 0
7fcb96cd0000-7fcb96cd3000 ---p 00000000 00:00 0
7fcb96cd3000-7fcb96dd1000 rw-p 00000000 00:00 0
7fcb96dd7000-7fcb96f4a000 r--p 00000000 00:00 572508             /usr/lib/locale/C.UTF-8/LC_COLLATE
7fcb96f4a000-7fcb97230000 r--p 00000000 00:00 572521             /usr/lib/locale/locale-archive
7fcb97230000-7fcb97233000 ---p 00000000 00:00 0
7fcb97233000-7fcb97331000 rw-p 00000000 00:00 0
7fcb97340000-7fcb97343000 ---p 00000000 00:00 0
7fcb97343000-7fcb97441000 rw-p 00000000 00:00 0
7fcb97450000-7fcb97451000 ---p 00000000 00:00 0
7fcb97451000-7fcb97551000 rw-p 00000000 00:00 0
7fcb97560000-7fcb97661000 rw-p 00000000 00:00 0
7fcb97670000-7fcb97771000 rw-p 00000000 00:00 0
7fcb97780000-7fcb97881000 rw-p 00000000 00:00 0
7fcb97890000-7fcb97991000 rw-p 00000000 00:00 0
7fcb979a0000-7fcb97aa1000 rw-p 00000000 00:00 0
7fcb97ab0000-7fcb97bb1000 rw-p 00000000 00:00 0
7fcb97bc0000-7fcb97cc1000 rw-p 00000000 00:00 0
7fcb97cd0000-7fcb97dd1000 rw-p 00000000 00:00 0
7fcb97de0000-7fcb97ee1000 rw-p 00000000 00:00 0
7fcb97ef0000-7fcb97ff1000 rw-p 00000000 00:00 0
7fcb98000000-7fcb98021000 rw-p 00000000 00:00 0
7fcb98021000-7fcb9c000000 ---p 00000000 00:00 0
7fcb9c000000-7fcb9c004000 r--p 00000000 00:00 821410             /usr/lib/jvm/java-8-openjdk-amd64/jre/lib/amd64/libmanagement.so
7fcb9c004000-7fcb9c008000 r-xp 00004000 00:00 821410             /usr/lib/jvm/java-8-openjdk-amd64/jre/lib/amd64/libmanagement.so
7fcb9c008000-7fcb9c00a000 r--p 00008000 00:00 821410             /usr/lib/jvm/java-8-openjdk-amd64/jre/lib/amd64/libmanagement.so
7fcb9c00a000-7fcb9c00b000 r--p 00009000 00:00 821410             /usr/lib/jvm/java-8-openjdk-amd64/jre/lib/amd64/libmanagement.so
7fcb9c00b000-7fcb9c00c000 rw-p 0000a000 00:00 821410             /usr/lib/jvm/java-8-openjdk-amd64/jre/lib/amd64/libmanagement.so
7fcb9c00e000-7fcb9c042000 r--s 00287000 00:00 859424             /home/gustavo/oiArduBot/backend/language_server/language_server_lib/guava-30.1-jre.jar
7fcb9c042000-7fcb9c063000 r--s 00255000 00:00 859462             /home/gustavo/oiArduBot/backend/language_server/language_server_lib/org.eclipse.xtext.xbase-2.25.0.jar
7fcb9c063000-7fcb9c077000 r--s 00146000 00:00 859446             /home/gustavo/oiArduBot/backend/language_server/language_server_lib/org.eclipse.emf.ecore-2.20.0.jar
7fcb9c077000-7fcb9c08e000 r--s 0015b000 00:00 859453             /home/gustavo/oiArduBot/backend/language_server/language_server_lib/org.eclipse.osgi-3.16.0.jar
7fcb9c08e000-7fcb9c0c0000 r--s 0026c000 00:00 859456             /home/gustavo/oiArduBot/backend/language_server/language_server_lib/org.eclipse.xtext-2.25.0.jar
7fcb9c0c0000-7fcb9c0c5000 r--p 00000000 00:00 821412             /usr/lib/jvm/java-8-openjdk-amd64/jre/lib/amd64/libnet.so
7fcb9c0c5000-7fcb9c0d6000 r-xp 00005000 00:00 821412             /usr/lib/jvm/java-8-openjdk-amd64/jre/lib/amd64/libnet.so
7fcb9c0d6000-7fcb9c0da000 r--p 00016000 00:00 821412             /usr/lib/jvm/java-8-openjdk-amd64/jre/lib/amd64/libnet.so
7fcb9c0da000-7fcb9c0db000 r--p 00019000 00:00 821412             /usr/lib/jvm/java-8-openjdk-amd64/jre/lib/amd64/libnet.so
7fcb9c0db000-7fcb9c0dc000 rw-p 0001a000 00:00 821412             /usr/lib/jvm/java-8-openjdk-amd64/jre/lib/amd64/libnet.so
7fcb9c0e0000-7fcb9c1e1000 rw-p 00000000 00:00 0
7fcb9c1f0000-7fcb9c2f1000 rw-p 00000000 00:00 0
7fcb9c300000-7fcb9c401000 rw-p 00000000 00:00 0
7fcb9c410000-7fcb9c511000 rw-p 00000000 00:00 0
7fcb9c520000-7fcb9c621000 rw-p 00000000 00:00 0
7fcb9c627000-7fcb9c62b000 r--s 00025000 00:00 859432             /home/gustavo/oiArduBot/backend/language_server/language_server_lib/jetty-io-9.4.34.v20201102.jar
7fcb9c62b000-7fcb9c62f000 r--s 00031000 00:00 859431             /home/gustavo/oiArduBot/backend/language_server/language_server_lib/jetty-http-9.4.34.v20201102.jar
7fcb9c62f000-7fcb9c800000 r--s 03ca5000 00:00 821467             /usr/lib/jvm/java-8-openjdk-amd64/jre/lib/rt.jar
7fcb9c800000-7fcb9d000000 rw-p 00000000 00:00 0
7fcb9d000000-7fcb9d450000 rwxp 00000000 00:00 0
7fcb9d450000-7fcbac000000 ---p 00000000 00:00 0
7fcbac000000-7fcbac888000 rw-p 00000000 00:00 0
7fcbac888000-7fcbb0000000 ---p 00000000 00:00 0
7fcbb0000000-7fcbb0007000 r--p 00000000 00:00 821413             /usr/lib/jvm/java-8-openjdk-amd64/jre/lib/amd64/libnio.so
7fcbb0007000-7fcbb0010000 r-xp 00007000 00:00 821413             /usr/lib/jvm/java-8-openjdk-amd64/jre/lib/amd64/libnio.so
7fcbb0010000-7fcbb0013000 r--p 00010000 00:00 821413             /usr/lib/jvm/java-8-openjdk-amd64/jre/lib/amd64/libnio.so
7fcbb0013000-7fcbb0014000 r--p 00012000 00:00 821413             /usr/lib/jvm/java-8-openjdk-amd64/jre/lib/amd64/libnio.so
7fcbb0014000-7fcbb0015000 rw-p 00013000 00:00 821413             /usr/lib/jvm/java-8-openjdk-amd64/jre/lib/amd64/libnio.so
7fcbb0016000-7fcbb0018000 r--s 00016000 00:00 821455             /usr/lib/jvm/java-8-openjdk-amd64/jre/lib/jce.jar
7fcbb0018000-7fcbb0033000 r--s 001d6000 00:00 821439             /usr/lib/jvm/java-8-openjdk-amd64/jre/lib/ext/nashorn.jar
7fcbb0033000-7fcbb004e000 r--s 00394000 00:00 821434             /usr/lib/jvm/java-8-openjdk-amd64/jre/lib/ext/cldrdata.jar
7fcbb004e000-7fcbb0080000 r--p 00000000 00:00 572509             /usr/lib/locale/C.UTF-8/LC_CTYPE
7fcbb0080000-7fcbb00ce000 rw-p 00000000 00:00 0
7fcbb00ce000-7fcbb00d0000 r--s 00009000 00:00 859467             /home/gustavo/oiArduBot/backend/language_server/language_server_lib/slf4j-api-1.7.21.jar
7fcbb00d0000-7fcbb0146000 rw-p 00000000 00:00 0
7fcbb0146000-7fcbb0150000 r--s 000a3000 00:00 859436             /home/gustavo/oiArduBot/backend/language_server/language_server_lib/jetty-server-9.4.34.v20201102.jar
7fcbb0150000-7fcbb01ab000 rw-p 00000000 00:00 0
7fcbb01ab000-7fcbb01ad000 r--s 00005000 00:00 859427             /home/gustavo/oiArduBot/backend/language_server/language_server_lib/javax.annotation-api-1.3.2.jar
7fcbb01ad000-7fcbb01b0000 r--s 00015000 00:00 859429             /home/gustavo/oiArduBot/backend/language_server/language_server_lib/javax.servlet-api-3.1.0.jar
7fcbb01b0000-7fcbb03a1000 rw-p 00000000 00:00 0
7fcbb03a1000-7fcbb03a4000 r--s 0001a000 00:00 859435             /home/gustavo/oiArduBot/backend/language_server/language_server_lib/jetty-security-9.4.34.v20201102.jar
7fcbb03a4000-7fcbb03a7000 r--s 0001f000 00:00 859437             /home/gustavo/oiArduBot/backend/language_server/language_server_lib/jetty-servlet-9.4.34.v20201102.jar
7fcbb03a7000-7fcbb03b0000 r--s 00081000 00:00 859438             /home/gustavo/oiArduBot/backend/language_server/language_server_lib/jetty-util-9.4.34.v20201102.jar
7fcbb03b0000-7fcbb03c4000 rw-p 00000000 00:00 0
7fcbb03c4000-7fcbb03c6000 r--s 0000f000 00:00 859440             /home/gustavo/oiArduBot/backend/language_server/language_server_lib/jetty-xml-9.4.34.v20201102.jar
7fcbb03c6000-7fcbb03c9000 r--s 00020000 00:00 859439             /home/gustavo/oiArduBot/backend/language_server/language_server_lib/jetty-webapp-9.4.34.v20201102.jar
7fcbb03c9000-7fcbb03cb000 r--s 0000a000 00:00 859433             /home/gustavo/oiArduBot/backend/language_server/language_server_lib/jetty-jndi-9.4.34.v20201102.jar
7fcbb03cb000-7fcbb03cd000 r--s 0000f000 00:00 859434             /home/gustavo/oiArduBot/backend/language_server/language_server_lib/jetty-plus-9.4.34.v20201102.jar
7fcbb03cd000-7fcbb03d0000 r--s 00013000 00:00 859430             /home/gustavo/oiArduBot/backend/language_server/language_server_lib/jetty-annotations-9.4.34.v20201102.jar
7fcbb03d0000-7fcbb22e0000 rw-p 00000000 00:00 0
7fcbb22e0000-7fcbb22e1000 ---p 00000000 00:00 0
7fcbb22e1000-7fcbb23e1000 rw-p 00000000 00:00 0
7fcbb23e1000-7fcbb23e5000 r--s 00010000 00:00 859455             /home/gustavo/oiArduBot/backend/language_server/language_server_lib/org.eclipse.xtend.lib.macro-2.25.0.jar
7fcbb23e5000-7fcbb23f0000 r--s 0002a000 00:00 859419             /home/gustavo/oiArduBot/backend/language_server/language_server_lib/checker-qual-3.5.0.jar
7fcbb23f0000-7fcbb23f1000 ---p 00000000 00:00 0
7fcbb23f1000-7fcbb24f1000 rw-p 00000000 00:00 0
7fcbb24f2000-7fcbb24f4000 r--s 00001000 00:00 859426             /home/gustavo/oiArduBot/backend/language_server/language_server_lib/j2objc-annotations-1.3.jar
7fcbb24f4000-7fcbb24f6000 r--s 00002000 00:00 859421             /home/gustavo/oiArduBot/backend/language_server/language_server_lib/error_prone_annotations-2.3.4.jar
7fcbb24f6000-7fcbb24fb000 r--s 00024000 00:00 859464             /home/gustavo/oiArduBot/backend/language_server/language_server_lib/org.eclipse.xtext.xbase.lib-2.25.0.jar
7fcbb24fb000-7fcbb2500000 r--s 00036000 00:00 859423             /home/gustavo/oiArduBot/backend/language_server/language_server_lib/gson-2.8.6.jar
7fcbb2500000-7fcbb2501000 ---p 00000000 00:00 0
7fcbb2501000-7fcbb2601000 rw-p 00000000 00:00 0
7fcbb2601000-7fcbb2603000 r--s 00003000 00:00 859442             /home/gustavo/oiArduBot/backend/language_server/language_server_lib/jsr305-3.0.2.jar
7fcbb2603000-7fcbb2608000 r--s 00091000 00:00 859463             /home/gustavo/oiArduBot/backend/language_server/language_server_lib/org.eclipse.xtext.xbase.ide-2.25.0.jar
7fcbb2608000-7fcbb2610000 r--s 00069000 00:00 859420             /home/gustavo/oiArduBot/backend/language_server/language_server_lib/classgraph-4.8.35.jar
7fcbb2610000-7fcbb2611000 ---p 00000000 00:00 0
7fcbb2611000-7fcbb2711000 rw-p 00000000 00:00 0
7fcbb2711000-7fcbb2720000 r--s 0009f000 00:00 859425             /home/gustavo/oiArduBot/backend/language_server/language_server_lib/guice-3.0.jar
7fcbb2720000-7fcbb2736000 rw-p 00000000 00:00 0
7fcbb2736000-7fcbb286c000 ---p 00000000 00:00 0
7fcbb286d000-7fcbb2870000 r--s 00019000 00:00 859454             /home/gustavo/oiArduBot/backend/language_server/language_server_lib/org.eclipse.xtend.lib-2.25.0.jar
7fcbb2870000-7fcbb2886000 rw-p 00000000 00:00 0
7fcbb2886000-7fcbb29bb000 ---p 00000000 00:00 0
7fcbb29bb000-7fcbb29e6000 rw-p 00000000 00:00 0
7fcbb29e6000-7fcbb2a61000 ---p 00000000 00:00 0
7fcbb2a61000-7fcbb2a62000 rw-p 00000000 00:00 0
7fcbb2a62000-7fcbb2a64000 r--s 00000000 00:00 859422             /home/gustavo/oiArduBot/backend/language_server/language_server_lib/failureaccess-1.0.1.jar
7fcbb2a64000-7fcbb2a66000 r--s 00003000 00:00 859461             /home/gustavo/oiArduBot/backend/language_server/language_server_lib/org.eclipse.xtext.web.servlet-2.25.0.jar
7fcbb2a66000-7fcbb2a70000 r--s 00073000 00:00 859457             /home/gustavo/oiArduBot/backend/language_server/language_server_lib/org.eclipse.xtext.common.types-2.25.0.jar
7fcbb2a70000-7fcbb2a82000 rw-p 00000000 00:00 0
7fcbb2a82000-7fcbb2e30000 ---p 00000000 00:00 0
7fcbb2e30000-7fcbb2e33000 r--p 00000000 00:00 821420             /usr/lib/jvm/java-8-openjdk-amd64/jre/lib/amd64/libzip.so
7fcbb2e33000-7fcbb2e38000 r-xp 00003000 00:00 821420             /usr/lib/jvm/java-8-openjdk-amd64/jre/lib/amd64/libzip.so
7fcbb2e38000-7fcbb2e3a000 r--p 00008000 00:00 821420             /usr/lib/jvm/java-8-openjdk-amd64/jre/lib/amd64/libzip.so
7fcbb2e3a000-7fcbb2e3b000 r--p 00009000 00:00 821420             /usr/lib/jvm/java-8-openjdk-amd64/jre/lib/amd64/libzip.so
7fcbb2e3b000-7fcbb2e3c000 rw-p 0000a000 00:00 821420             /usr/lib/jvm/java-8-openjdk-amd64/jre/lib/amd64/libzip.so
7fcbb2e3c000-7fcbb2e40000 r--s 00022000 00:00 859413             /home/gustavo/oiArduBot/backend/language_server/language_server_lib/antlr-runtime-3.2.jar
7fcbb2e40000-7fcbb2e43000 r--p 00000000 00:00 652020             /usr/lib/x86_64-linux-gnu/libnss_files-2.31.so
7fcbb2e43000-7fcbb2e4a000 r-xp 00003000 00:00 652020             /usr/lib/x86_64-linux-gnu/libnss_files-2.31.so
7fcbb2e4a000-7fcbb2e4c000 r--p 0000a000 00:00 652020             /usr/lib/x86_64-linux-gnu/libnss_files-2.31.so
7fcbb2e4c000-7fcbb2e4d000 r--p 0000b000 00:00 652020             /usr/lib/x86_64-linux-gnu/libnss_files-2.31.so
7fcbb2e4d000-7fcbb2e4e000 rw-p 0000c000 00:00 652020             /usr/lib/x86_64-linux-gnu/libnss_files-2.31.so
7fcbb2e4e000-7fcbb2e54000 rw-p 00000000 00:00 0
7fcbb2e54000-7fcbb2e57000 r--s 00017000 00:00 859447             /home/gustavo/oiArduBot/backend/language_server/language_server_lib/org.eclipse.emf.ecore.change-2.14.0.jar
7fcbb2e57000-7fcbb2e59000 r--s 00000000 00:00 859414             /home/gustavo/oiArduBot/backend/language_server/language_server_lib/aopalliance-1.0.jar
7fcbb2e59000-7fcbb2e60000 r--s 00055000 00:00 859445             /home/gustavo/oiArduBot/backend/language_server/language_server_lib/org.eclipse.emf.common-2.17.0.jar
7fcbb2e60000-7fcbb2e61000 rw-p 00000000 00:00 0
7fcbb2e61000-7fcbb2e62000 r--s 00002000 00:00 859468             /home/gustavo/oiArduBot/backend/language_server/language_server_lib/slf4j-simple-1.7.21.jar
7fcbb2e62000-7fcbb2e66000 r--s 00036000 00:00 859448             /home/gustavo/oiArduBot/backend/language_server/language_server_lib/org.eclipse.emf.ecore.xmi-2.16.0.jar
7fcbb2e66000-7fcbb2e70000 r--s 0006f000 00:00 859458             /home/gustavo/oiArduBot/backend/language_server/language_server_lib/org.eclipse.xtext.ide-2.25.0.jar
7fcbb2e70000-7fcbb2e7d000 r--p 00000000 00:00 821401             /usr/lib/jvm/java-8-openjdk-amd64/jre/lib/amd64/libjava.so
7fcbb2e7d000-7fcbb2e95000 r-xp 0000d000 00:00 821401             /usr/lib/jvm/java-8-openjdk-amd64/jre/lib/amd64/libjava.so
7fcbb2e95000-7fcbb2e9c000 r--p 00025000 00:00 821401             /usr/lib/jvm/java-8-openjdk-amd64/jre/lib/amd64/libjava.so
7fcbb2e9c000-7fcbb2e9d000 r--p 0002b000 00:00 821401             /usr/lib/jvm/java-8-openjdk-amd64/jre/lib/amd64/libjava.so
7fcbb2e9d000-7fcbb2e9f000 rw-p 0002c000 00:00 821401             /usr/lib/jvm/java-8-openjdk-amd64/jre/lib/amd64/libjava.so
7fcbb2e9f000-7fcbb2ea0000 r--s 0004c000 00:00 859441             /home/gustavo/oiArduBot/backend/language_server/language_server_lib/jquery-3.5.1.jar
7fcbb2ea0000-7fcbb2ea5000 r--p 00000000 00:00 821419             /usr/lib/jvm/java-8-openjdk-amd64/jre/lib/amd64/libverify.so
7fcbb2ea5000-7fcbb2eae000 r-xp 00005000 00:00 821419             /usr/lib/jvm/java-8-openjdk-amd64/jre/lib/amd64/libverify.so
7fcbb2eae000-7fcbb2eb0000 r--p 0000e000 00:00 821419             /usr/lib/jvm/java-8-openjdk-amd64/jre/lib/amd64/libverify.so
7fcbb2eb0000-7fcbb2eb2000 r--p 0000f000 00:00 821419             /usr/lib/jvm/java-8-openjdk-amd64/jre/lib/amd64/libverify.so
7fcbb2eb2000-7fcbb2eb3000 rw-p 00011000 00:00 821419             /usr/lib/jvm/java-8-openjdk-amd64/jre/lib/amd64/libverify.so
7fcbb2eb3000-7fcbb2eb6000 r--s 0001f000 00:00 859449             /home/gustavo/oiArduBot/backend/language_server/language_server_lib/org.eclipse.equinox.common-3.13.0.jar
7fcbb2eb6000-7fcbb2ebc000 r--s 00046000 00:00 859459             /home/gustavo/oiArduBot/backend/language_server/language_server_lib/org.eclipse.xtext.util-2.25.0.jar
7fcbb2ebc000-7fcbb2ec0000 r--s 00029000 00:00 859460             /home/gustavo/oiArduBot/backend/language_server/language_server_lib/org.eclipse.xtext.web-2.25.0.jar
7fcbb2ec0000-7fcbb2ec3000 r--p 00000000 00:00 652106             /usr/lib/x86_64-linux-gnu/librt-2.31.so
7fcbb2ec3000-7fcbb2ec7000 r-xp 00003000 00:00 652106             /usr/lib/x86_64-linux-gnu/librt-2.31.so
7fcbb2ec7000-7fcbb2ec8000 r--p 00007000 00:00 652106             /usr/lib/x86_64-linux-gnu/librt-2.31.so
7fcbb2ec8000-7fcbb2ec9000 ---p 00008000 00:00 652106             /usr/lib/x86_64-linux-gnu/librt-2.31.so
7fcbb2ec9000-7fcbb2eca000 r--p 00008000 00:00 652106             /usr/lib/x86_64-linux-gnu/librt-2.31.so
7fcbb2eca000-7fcbb2ecb000 rw-p 00009000 00:00 652106             /usr/lib/x86_64-linux-gnu/librt-2.31.so
7fcbb2ecb000-7fcbb2ecc000 r--s 00007000 00:00 859466             /home/gustavo/oiArduBot/backend/language_server/language_server_lib/requirejs-2.3.6.jar
7fcbb2ecc000-7fcbb2ece000 r--s 0000b000 00:00 859418             /home/gustavo/oiArduBot/backend/language_server/language_server_lib/asm-tree-9.1.jar
7fcbb2ece000-7fcbb2ed0000 r--s 00007000 00:00 859416             /home/gustavo/oiArduBot/backend/language_server/language_server_lib/asm-analysis-9.1.jar
7fcbb2ed0000-7fcbb2ed4000 ---p 00000000 00:00 0
7fcbb2ed4000-7fcbb2fd1000 rw-p 00000000 00:00 0
7fcbb2fd1000-7fcbb2fe0000 r--s 000b7000 00:00 859450             /home/gustavo/oiArduBot/backend/language_server/language_server_lib/org.eclipse.lsp4j-0.10.0.jar
7fcbb2fe0000-7fcbb2fe3000 r--p 00000000 00:00 677530             /usr/lib/x86_64-linux-gnu/libgcc_s.so.1
7fcbb2fe3000-7fcbb2ff5000 r-xp 00003000 00:00 677530             /usr/lib/x86_64-linux-gnu/libgcc_s.so.1
7fcbb2ff5000-7fcbb2ff9000 r--p 00015000 00:00 677530             /usr/lib/x86_64-linux-gnu/libgcc_s.so.1
7fcbb2ff9000-7fcbb2ffa000 r--p 00018000 00:00 677530             /usr/lib/x86_64-linux-gnu/libgcc_s.so.1
7fcbb2ffa000-7fcbb2ffb000 rw-p 00019000 00:00 677530             /usr/lib/x86_64-linux-gnu/libgcc_s.so.1
7fcbb2ffb000-7fcbb2ffc000 r--s 00000000 00:00 859443             /home/gustavo/oiArduBot/backend/language_server/language_server_lib/listenablefuture-9999.0-empty-to-avoid-conflict-with-guava.jar
7fcbb2ffc000-7fcbb2ffe000 r--s 00010000 00:00 859417             /home/gustavo/oiArduBot/backend/language_server/language_server_lib/asm-commons-9.1.jar
7fcbb2ffe000-7fcbb3000000 r--s 0001c000 00:00 859415             /home/gustavo/oiArduBot/backend/language_server/language_server_lib/asm-9.1.jar
7fcbb3000000-7fcbb3001000 r--p 00000000 00:00 0
7fcbb3001000-7fcbb3010000 r--p 00000000 00:00 651970             /usr/lib/x86_64-linux-gnu/libm-2.31.so
7fcbb3010000-7fcbb30b7000 r-xp 0000f000 00:00 651970             /usr/lib/x86_64-linux-gnu/libm-2.31.so
7fcbb30b7000-7fcbb314e000 r--p 000b6000 00:00 651970             /usr/lib/x86_64-linux-gnu/libm-2.31.so
7fcbb314e000-7fcbb314f000 r--p 0014c000 00:00 651970             /usr/lib/x86_64-linux-gnu/libm-2.31.so
7fcbb314f000-7fcbb3150000 rw-p 0014d000 00:00 651970             /usr/lib/x86_64-linux-gnu/libm-2.31.so
7fcbb3150000-7fcbb31e6000 r--p 00000000 00:00 682612             /usr/lib/x86_64-linux-gnu/libstdc++.so.6.0.28
7fcbb31e6000-7fcbb32d7000 r-xp 00096000 00:00 682612             /usr/lib/x86_64-linux-gnu/libstdc++.so.6.0.28
7fcbb32d7000-7fcbb3320000 r--p 00187000 00:00 682612             /usr/lib/x86_64-linux-gnu/libstdc++.so.6.0.28
7fcbb3320000-7fcbb3321000 ---p 001d0000 00:00 682612             /usr/lib/x86_64-linux-gnu/libstdc++.so.6.0.28
7fcbb3321000-7fcbb332c000 r--p 001d0000 00:00 682612             /usr/lib/x86_64-linux-gnu/libstdc++.so.6.0.28
7fcbb332c000-7fcbb332f000 rw-p 001db000 00:00 682612             /usr/lib/x86_64-linux-gnu/libstdc++.so.6.0.28
7fcbb332f000-7fcbb3332000 rw-p 00000000 00:00 0
7fcbb3332000-7fcbb3335000 r--s 0001e000 00:00 859452             /home/gustavo/oiArduBot/backend/language_server/language_server_lib/org.eclipse.lsp4j.jsonrpc-0.10.0.jar
7fcbb3335000-7fcbb3337000 r--s 0000b000 00:00 859451             /home/gustavo/oiArduBot/backend/language_server/language_server_lib/org.eclipse.lsp4j.generator-0.10.0.jar
7fcbb3337000-7fcbb3340000 r--s 0006f000 00:00 859444             /home/gustavo/oiArduBot/backend/language_server/language_server_lib/log4j-1.2.17.jar
7fcbb3340000-7fcbb3535000 r--p 00000000 00:00 821423             /usr/lib/jvm/java-8-openjdk-amd64/jre/lib/amd64/server/libjvm.so
7fcbb3535000-7fcbb3e9d000 r-xp 001f5000 00:00 821423             /usr/lib/jvm/java-8-openjdk-amd64/jre/lib/amd64/server/libjvm.so
7fcbb3e9d000-7fcbb404e000 r--p 00b5d000 00:00 821423             /usr/lib/jvm/java-8-openjdk-amd64/jre/lib/amd64/server/libjvm.so
7fcbb404e000-7fcbb404f000 ---p 00d0e000 00:00 821423             /usr/lib/jvm/java-8-openjdk-amd64/jre/lib/amd64/server/libjvm.so
7fcbb404f000-7fcbb40e5000 r--p 00d0e000 00:00 821423             /usr/lib/jvm/java-8-openjdk-amd64/jre/lib/amd64/server/libjvm.so
7fcbb40e5000-7fcbb410e000 rw-p 00da4000 00:00 821423             /usr/lib/jvm/java-8-openjdk-amd64/jre/lib/amd64/server/libjvm.so
7fcbb410e000-7fcbb4141000 rw-p 00000000 00:00 0
7fcbb4141000-7fcbb4148000 r--s 00064000 00:00 255358             /home/gustavo/oiArduBot/backend/language_server/language_server.jar
7fcbb4148000-7fcbb414a000 r--s 00010000 00:00 821443             /usr/lib/jvm/java-8-openjdk-amd64/jre/lib/ext/zipfs.jar
7fcbb414a000-7fcbb4150000 r--s 0003d000 00:00 821441             /usr/lib/jvm/java-8-openjdk-amd64/jre/lib/ext/sunjce_provider.jar
7fcbb4150000-7fcbb4152000 rw-p 00000000 00:00 0
7fcbb4152000-7fcbb415d000 r--s 00116000 00:00 821438             /usr/lib/jvm/java-8-openjdk-amd64/jre/lib/ext/localedata.jar
7fcbb415d000-7fcbb4164000 r--p 00000000 00:00 652090             /usr/lib/x86_64-linux-gnu/libpthread-2.31.so
7fcbb4164000-7fcbb4175000 r-xp 00007000 00:00 652090             /usr/lib/x86_64-linux-gnu/libpthread-2.31.so
7fcbb4175000-7fcbb417a000 r--p 00018000 00:00 652090             /usr/lib/x86_64-linux-gnu/libpthread-2.31.so
7fcbb417a000-7fcbb417b000 r--p 0001c000 00:00 652090             /usr/lib/x86_64-linux-gnu/libpthread-2.31.so
7fcbb417b000-7fcbb417c000 rw-p 0001d000 00:00 652090             /usr/lib/x86_64-linux-gnu/libpthread-2.31.so
7fcbb417c000-7fcbb4180000 rw-p 00000000 00:00 0
7fcbb4180000-7fcbb4181000 r--p 00000000 00:00 651773             /usr/lib/x86_64-linux-gnu/libdl-2.31.so
7fcbb4181000-7fcbb4183000 r-xp 00001000 00:00 651773             /usr/lib/x86_64-linux-gnu/libdl-2.31.so
7fcbb4183000-7fcbb4184000 r--p 00003000 00:00 651773             /usr/lib/x86_64-linux-gnu/libdl-2.31.so
7fcbb4184000-7fcbb4185000 r--p 00003000 00:00 651773             /usr/lib/x86_64-linux-gnu/libdl-2.31.so
7fcbb4185000-7fcbb4186000 rw-p 00004000 00:00 651773             /usr/lib/x86_64-linux-gnu/libdl-2.31.so
7fcbb4186000-7fcbb4187000 r--s 00000000 00:00 859428             /home/gustavo/oiArduBot/backend/language_server/language_server_lib/javax.inject-1.jar
7fcbb4187000-7fcbb418b000 r--s 00040000 00:00 821442             /usr/lib/jvm/java-8-openjdk-amd64/jre/lib/ext/sunpkcs11.jar
7fcbb418b000-7fcbb418d000 r--s 00008000 00:00 821440             /usr/lib/jvm/java-8-openjdk-amd64/jre/lib/ext/sunec.jar
7fcbb418d000-7fcbb4190000 r--s 0000f000 00:00 821436             /usr/lib/jvm/java-8-openjdk-amd64/jre/lib/ext/icedtea-sound.jar
7fcbb4190000-7fcbb4192000 r--p 00000000 00:00 652266             /usr/lib/x86_64-linux-gnu/libz.so.1.2.11
7fcbb4192000-7fcbb41a3000 r-xp 00002000 00:00 652266             /usr/lib/x86_64-linux-gnu/libz.so.1.2.11
7fcbb41a3000-7fcbb41a9000 r--p 00013000 00:00 652266             /usr/lib/x86_64-linux-gnu/libz.so.1.2.11
7fcbb41a9000-7fcbb41aa000 ---p 00019000 00:00 652266             /usr/lib/x86_64-linux-gnu/libz.so.1.2.11
7fcbb41aa000-7fcbb41ab000 r--p 00019000 00:00 652266             /usr/lib/x86_64-linux-gnu/libz.so.1.2.11
7fcbb41ab000-7fcbb41ac000 rw-p 0001a000 00:00 652266             /usr/lib/x86_64-linux-gnu/libz.so.1.2.11
7fcbb41ac000-7fcbb41ae000 r--s 0000c000 00:00 821673             /usr/share/java/java-atk-wrapper.jar
7fcbb41ae000-7fcbb41b0000 r--s 00001000 00:00 821435             /usr/lib/jvm/java-8-openjdk-amd64/jre/lib/ext/dnsns.jar
7fcbb41b0000-7fcbb41d5000 r--p 00000000 00:00 651734             /usr/lib/x86_64-linux-gnu/libc-2.31.so
7fcbb41d5000-7fcbb434d000 r-xp 00025000 00:00 651734             /usr/lib/x86_64-linux-gnu/libc-2.31.so
7fcbb434d000-7fcbb4397000 r--p 0019d000 00:00 651734             /usr/lib/x86_64-linux-gnu/libc-2.31.so
7fcbb4397000-7fcbb4398000 ---p 001e7000 00:00 651734             /usr/lib/x86_64-linux-gnu/libc-2.31.so
7fcbb4398000-7fcbb439b000 r--p 001e7000 00:00 651734             /usr/lib/x86_64-linux-gnu/libc-2.31.so
7fcbb439b000-7fcbb439e000 rw-p 001ea000 00:00 651734             /usr/lib/x86_64-linux-gnu/libc-2.31.so
7fcbb439e000-7fcbb43a2000 rw-p 00000000 00:00 0
7fcbb43a2000-7fcbb43a3000 r--s 00001000 00:00 859465             /home/gustavo/oiArduBot/backend/language_server/language_server_lib/org.eclipse.xtext.xbase.web-2.25.0.jar
7fcbb43a3000-7fcbb43a9000 r--s 000d3000 00:00 821460             /usr/lib/jvm/java-8-openjdk-amd64/jre/lib/jfr.jar
7fcbb43a9000-7fcbb43b0000 r--s 00000000 00:00 651581             /usr/lib/x86_64-linux-gnu/gconv/gconv-modules.cache
7fcbb43b0000-7fcbb43b3000 r--p 00000000 00:00 821387             /usr/lib/jvm/java-8-openjdk-amd64/jre/lib/amd64/jli/libjli.so
7fcbb43b3000-7fcbb43bd000 r-xp 00003000 00:00 821387             /usr/lib/jvm/java-8-openjdk-amd64/jre/lib/amd64/jli/libjli.so
7fcbb43bd000-7fcbb43c0000 r--p 0000d000 00:00 821387             /usr/lib/jvm/java-8-openjdk-amd64/jre/lib/amd64/jli/libjli.so
7fcbb43c0000-7fcbb43c1000 r--p 0000f000 00:00 821387             /usr/lib/jvm/java-8-openjdk-amd64/jre/lib/amd64/jli/libjli.so
7fcbb43c1000-7fcbb43c2000 rw-p 00010000 00:00 821387             /usr/lib/jvm/java-8-openjdk-amd64/jre/lib/amd64/jli/libjli.so
7fcbb43c2000-7fcbb43c3000 r--s 0000a000 00:00 821437             /usr/lib/jvm/java-8-openjdk-amd64/jre/lib/ext/jaccess.jar
7fcbb43c3000-7fcbb43c4000 r--p 00000000 00:00 572517             /usr/lib/locale/C.UTF-8/LC_NUMERIC
7fcbb43c4000-7fcbb43c5000 r--p 00000000 00:00 572520             /usr/lib/locale/C.UTF-8/LC_TIME
7fcbb43c5000-7fcbb43c6000 r--p 00000000 00:00 572515             /usr/lib/locale/C.UTF-8/LC_MONETARY
7fcbb43c6000-7fcbb43c7000 r--p 00000000 00:00 572514             /usr/lib/locale/C.UTF-8/LC_MESSAGES/SYS_LC_MESSAGES
7fcbb43c7000-7fcbb43c8000 r--p 00000000 00:00 572518             /usr/lib/locale/C.UTF-8/LC_PAPER
7fcbb43c8000-7fcbb43d0000 rw-s 00000000 00:00 213613             /tmp/hsperfdata_gustavo/5925
7fcbb43d0000-7fcbb43d1000 r--p 00000000 00:00 651617             /usr/lib/x86_64-linux-gnu/ld-2.31.so
7fcbb43d1000-7fcbb43f3000 r-xp 00001000 00:00 651617             /usr/lib/x86_64-linux-gnu/ld-2.31.so
7fcbb43f3000-7fcbb43f4000 r-xp 00023000 00:00 651617             /usr/lib/x86_64-linux-gnu/ld-2.31.so
7fcbb43f4000-7fcbb43fb000 r--p 00024000 00:00 651617             /usr/lib/x86_64-linux-gnu/ld-2.31.so
7fcbb43fb000-7fcbb43fc000 r--p 0002b000 00:00 651617             /usr/lib/x86_64-linux-gnu/ld-2.31.so
7fcbb43fc000-7fcbb43fd000 r--p 00000000 00:00 572516             /usr/lib/locale/C.UTF-8/LC_NAME
7fcbb43fd000-7fcbb43fe000 r--p 0002c000 00:00 651617             /usr/lib/x86_64-linux-gnu/ld-2.31.so
7fcbb43fe000-7fcbb43ff000 rw-p 0002d000 00:00 651617             /usr/lib/x86_64-linux-gnu/ld-2.31.so
7fcbb43ff000-7fcbb4402000 rw-p 00000000 00:00 0
7fcbb4402000-7fcbb4403000 r--p 00000000 00:00 572507             /usr/lib/locale/C.UTF-8/LC_ADDRESS
7fcbb4403000-7fcbb4404000 r--p 00000000 00:00 572519             /usr/lib/locale/C.UTF-8/LC_TELEPHONE
7fcbb4404000-7fcbb4405000 r--p 00000000 00:00 572512             /usr/lib/locale/C.UTF-8/LC_MEASUREMENT
7fcbb4405000-7fcbb4406000 r--p 00000000 00:00 572510             /usr/lib/locale/C.UTF-8/LC_IDENTIFICATION
7fcbb4406000-7fcbb4407000 r--p 00000000 00:00 821374             /usr/lib/jvm/java-8-openjdk-amd64/jre/bin/java
7fcbb4407000-7fcbb4408000 r-xp 00001000 00:00 821374             /usr/lib/jvm/java-8-openjdk-amd64/jre/bin/java
7fcbb4408000-7fcbb4409000 r--p 00002000 00:00 821374             /usr/lib/jvm/java-8-openjdk-amd64/jre/bin/java
7fcbb4409000-7fcbb440a000 r--p 00002000 00:00 821374             /usr/lib/jvm/java-8-openjdk-amd64/jre/bin/java
7fcbb440a000-7fcbb440b000 rw-p 00003000 00:00 821374             /usr/lib/jvm/java-8-openjdk-amd64/jre/bin/java
7ffff619e000-7ffff61e9000 rw-p 00000000 00:00 0                  [heap]
7ffffe2c7000-7ffffeac7000 rw-p 00000000 00:00 0                  [stack]
7ffffed27000-7ffffed28000 r-xp 00000000 00:00 0                  [vdso]

VM Arguments:
java_command: /home/gustavo/oiArduBot/backend/language_server/language_server.jar
java_class_path (initial): /home/gustavo/oiArduBot/backend/language_server/language_server.jar
Launcher Type: SUN_STANDARD

Environment Variables:
JAVA_HOME=/usr/lib/jvm/java-8-openjdk-amd64
PATH=/usr/share/npm/node_modules/npm-lifecycle/node-gyp-bin:/home/gustavo/oiArduBot/backend/node_modules/.bin:/usr/local/sbin:/usr/local/bin:/usr/sbin:/usr/bin:/sbin:/bin:/usr/games:/usr/local/games:/mnt/c/Program Files (x86)/Common Files/Oracle/Java/javapath:/mnt/c/Program Files/Java/jdk-11.0.12:/mnt/c/Program Files/Java/jdk-11.0.12/bin:/mnt/c/Users/Eduarda Girardi/AppData/Local/Programs/Microsoft VS Code:/mnt/c/Program Files/nodejs/:/mnt/c/Program Files (x86)/GnuWin32/bin:/mnt/c/Windows/System32/WindowsPowerShell/v1.0:/mnt/c/Users/Eduarda Girardi/AppData/Roaming/npm:/snap/bin
SHELL=/bin/bash
HOSTTYPE=x86_64

Signal Handlers:
SIGSEGV: [libjvm.so+0xb365d0], sa_mask[0]=11111111111111111111111111111110, sa_flags=SA_RESTART|SA_SIGINFO
SIGBUS: [libjvm.so+0xb365d0], sa_mask[0]=11111111111111111111111111111110, sa_flags=SA_RESTART|SA_SIGINFO
SIGFPE: [libjvm.so+0x97b8c0], sa_mask[0]=11111111111111111111111111111110, sa_flags=SA_RESTART|SA_SIGINFO
SIGPIPE: [libjvm.so+0x97b8c0], sa_mask[0]=11111111111111111111111111111110, sa_flags=SA_RESTART|SA_SIGINFO
SIGXFSZ: [libjvm.so+0x97b8c0], sa_mask[0]=11111111111111111111111111111110, sa_flags=SA_RESTART|SA_SIGINFO
SIGILL: [libjvm.so+0x97b8c0], sa_mask[0]=11111111111111111111111111111110, sa_flags=SA_RESTART|SA_SIGINFO
SIGUSR1: SIG_DFL, sa_mask[0]=00000000010000000000000000000000, sa_flags=SA_RESTART
SIGUSR2: [libjvm.so+0x97b770], sa_mask[0]=00000000000000000000000000000000, sa_flags=SA_RESTART|SA_SIGINFO
SIGHUP: [libjvm.so+0x97bb40], sa_mask[0]=11111111111111111111111111111110, sa_flags=SA_RESTART|SA_SIGINFO
SIGINT: [libjvm.so+0x97bb40], sa_mask[0]=11111111111111111111111111111110, sa_flags=SA_RESTART|SA_SIGINFO
SIGTERM: [libjvm.so+0x97bb40], sa_mask[0]=11111111111111111111111111111110, sa_flags=SA_RESTART|SA_SIGINFO
SIGQUIT: [libjvm.so+0x97bb40], sa_mask[0]=11111111111111111111111111111110, sa_flags=SA_RESTART|SA_SIGINFO


---------------  S Y S T E M  ---------------

OS:DISTRIB_ID=Ubuntu
DISTRIB_RELEASE=20.04
DISTRIB_CODENAME=focal
DISTRIB_DESCRIPTION="Ubuntu 20.04.2 LTS"

uname:Linux 4.4.0-19041-Microsoft #488-Microsoft Mon Sep 01 13:43:00 PST 2020 x86_64
libc:glibc 2.31 NPTL 2.31 
rlimit: STACK 8192k, CORE 0k, NPROC 7823, NOFILE 65536, AS infinity
load average:0.52 0.58 0.59

/proc/meminfo:
MemTotal:        4070812 kB
MemFree:          331976 kB
Buffers:           34032 kB
Cached:           188576 kB
SwapCached:            0 kB
Active:           167556 kB
Inactive:         157876 kB
Active(anon):     103104 kB
Inactive(anon):    17440 kB
Active(file):      64452 kB
Inactive(file):   140436 kB
Unevictable:           0 kB
Mlocked:               0 kB
SwapTotal:      12582912 kB
SwapFree:        9442248 kB
Dirty:                 0 kB
Writeback:             0 kB
AnonPages:        102824 kB
Mapped:            71404 kB
Shmem:             17720 kB
Slab:              13868 kB
SReclaimable:       6744 kB
SUnreclaim:         7124 kB
KernelStack:        2848 kB
PageTables:         2524 kB
NFS_Unstable:          0 kB
Bounce:                0 kB
WritebackTmp:          0 kB
CommitLimit:      515524 kB
Committed_AS:    3450064 kB
VmallocTotal:     122880 kB
VmallocUsed:       21296 kB
VmallocChunk:      66044 kB
HardwareCorrupted:     0 kB
AnonHugePages:      2048 kB
HugePages_Total:       0
HugePages_Free:        0
HugePages_Rsvd:        0
HugePages_Surp:        0
Hugepagesize:       2048 kB
DirectMap4k:       12280 kB
DirectMap4M:      897024 kB


CPU:total 4 (initial active 4) (2 cores per cpu, 2 threads per core) family 6 model 142 stepping 9, cmov, cx8, fxsr, mmx, sse, sse2, sse3, ssse3, sse4.1, sse4.2, popcnt, avx, avx2, aes, clmul, erms, 3dnowpref, lzcnt, ht, tsc, tscinvbit, bmi1, bmi2, adx

/proc/cpuinfo:
processor	: 0
vendor_id	: GenuineIntel
cpu family	: 6
model		: 142
model name	: Intel(R) Core(TM) i3-7020U CPU @ 2.30GHz
stepping	: 9
microcode	: 0xffffffff
cpu MHz		: 2304.000
cache size	: 256 KB
physical id	: 0
siblings	: 4
core id		: 0
cpu cores	: 2
apicid		: 0
initial apicid	: 0
fpu		: yes
fpu_exception	: yes
cpuid level	: 6
wp		: yes
flags		: fpu vme de pse tsc msr pae mce cx8 apic sep mtrr pge mca cmov pat pse36 clflush dts acpi mmx fxsr sse sse2 ss ht tm pbe syscall nx pdpe1gb rdtscp lm pni pclmulqdq dtes64 est tm2 ssse3 fma cx16 xtpr pdcm pcid sse4_1 sse4_2 movbe popcnt aes xsave osxsave avx f16c rdrand hypervisor lahf_lm abm 3dnowprefetch fsgsbase tsc_adjust bmi1 avx2 smep bmi2 erms invpcid mpx rdseed adx smap clflushopt ibrs ibpb stibp ssbd
bogomips	: 4608.00
clflush size	: 64
cache_alignment	: 64
address sizes	: 36 bits physical, 48 bits virtual
power management:

processor	: 1
vendor_id	: GenuineIntel
cpu family	: 6
model		: 142
model name	: Intel(R) Core(TM) i3-7020U CPU @ 2.30GHz
stepping	: 9
microcode	: 0xffffffff
cpu MHz		: 2304.000
cache size	: 256 KB
physical id	: 0
siblings	: 4
core id		: 0
cpu cores	: 2
apicid		: 0
initial apicid	: 0
fpu		: yes
fpu_exception	: yes
cpuid level	: 6
wp		: yes
flags		: fpu vme de pse tsc msr pae mce cx8 apic sep mtrr pge mca cmov pat pse36 clflush dts acpi mmx fxsr sse sse2 ss ht tm pbe syscall nx pdpe1gb rdtscp lm pni pclmulqdq dtes64 est tm2 ssse3 fma cx16 xtpr pdcm pcid sse4_1 sse4_2 movbe popcnt aes xsave osxsave avx f16c rdrand hypervisor lahf_lm abm 3dnowprefetch fsgsbase tsc_adjust bmi1 avx2 smep bmi2 erms invpcid mpx rdseed adx smap clflushopt ibrs ibpb stibp ssbd
bogomips	: 4608.00
clflush size	: 64
cache_alignment	: 64
address sizes	: 36 bits physical, 48 bits virtual
power management:

processor	: 2
vendor_id	: GenuineIntel
cpu family	: 6
model		: 142
model name	: Intel(R) Core(TM) i3-7020U CPU @ 2.30GHz
stepping	: 9
microcode	: 0xffffffff
cpu MHz		: 2304.000
cache size	: 256 KB
physical id	: 0
siblings	: 4
core id		: 1
cpu cores	: 2
apicid		: 0
initial apicid	: 0
fpu		: yes
fpu_exception	: yes
cpuid level	: 6
wp		: yes
flags		: fpu vme de pse tsc msr pae mce cx8 apic sep mtrr pge mca cmov pat pse36 clflush dts acpi mmx fxsr sse sse2 ss ht tm pbe syscall nx pdpe1gb rdtscp lm pni pclmulqdq dtes64 est tm2 ssse3 fma cx16 xtpr pdcm pcid sse4_1 sse4_2 movbe popcnt aes xsave osxsave avx f16c rdrand hypervisor lahf_lm abm 3dnowprefetch fsgsbase tsc_adjust bmi1 avx2 smep bmi2 erms invpcid mpx rdseed adx smap clflushopt ibrs ibpb stibp ssbd
bogomips	: 4608.00
clflush size	: 64
cache_alignment	: 64
address sizes	: 36 bits physical, 48 bits virtual
power management:

processor	: 3
vendor_id	: GenuineIntel
cpu family	: 6
model		: 142
model name	: Intel(R) Core(TM) i3-7020U CPU @ 2.30GHz
stepping	: 9
microcode	: 0xffffffff
cpu MHz		: 2304.000
cache size	: 256 KB
physical id	: 0
siblings	: 4
core id		: 1
cpu cores	: 2
apicid		: 0
initial apicid	: 0
fpu		: yes
fpu_exception	: yes
cpuid level	: 6
wp		: yes
flags		: fpu vme de pse tsc msr pae mce cx8 apic sep mtrr pge mca cmov pat pse36 clflush dts acpi mmx fxsr sse sse2 ss ht tm pbe syscall nx pdpe1gb rdtscp lm pni pclmulqdq dtes64 est tm2 ssse3 fma cx16 xtpr pdcm pcid sse4_1 sse4_2 movbe popcnt aes xsave osxsave avx f16c rdrand hypervisor lahf_lm abm 3dnowprefetch fsgsbase tsc_adjust bmi1 avx2 smep bmi2 erms invpcid mpx rdseed adx smap clflushopt ibrs ibpb stibp ssbd
bogomips	: 4608.00
clflush size	: 64
cache_alignment	: 64
address sizes	: 36 bits physical, 48 bits virtual
power management:



Memory: 4k page, physical 4070812k(329204k free), swap 12582912k(9442260k free)

vm_info: OpenJDK 64-Bit Server VM (25.292-b10) for linux-amd64 JRE (1.8.0_292-8u292-b10-0ubuntu1~20.04-b10), built on Apr 21 2021 11:46:09 by "buildd" with gcc 9.3.0

time: Wed Aug 11 00:16:22 2021
timezone: -03
elapsed time: 71.065372 seconds (0d 0h 1m 11s)

