#
# A fatal error has been detected by the Java Runtime Environment:
#
#  SIGSEGV (0xb) at pc=0x00007fde7a44b7ba, pid=1586, tid=0x00007fde7a8e1440
#
# JRE version: OpenJDK Runtime Environment (8.0_292-b10) (build 1.8.0_292-8u292-b10-0ubuntu1~20.04-b10)
# Java VM: OpenJDK 64-Bit Server VM (25.292-b10 mixed mode linux-amd64 compressed oops)
# Problematic frame:
# V  [libjvm.so+0x97b7ba]
#
# Failed to write core dump. Core dumps have been disabled. To enable core dumping, try "ulimit -c unlimited" before starting Java again
#
# If you would like to submit a bug report, please visit:
#   http://bugreport.java.com/bugreport/crash.jsp
#

---------------  T H R E A D  ---------------

Current thread is native thread

siginfo: si_signo: 11 (SIGSEGV), si_code: 1 (SEGV_MAPERR), si_addr: 0x0000000000000180

Registers:
RAX=0x0000000000000000, RBX=0x00007fde7a8e13c0, RCX=0x0000000000000000, RDX=0x00007fde7a8e1440
RSP=0x00007fffc87d6d00, RBP=0x00007fffc87d6dd0, RSI=0x00007fffc87d73f0, RDI=0x0000000000000001
R8 =0x0000000000000000, R9 =0x00007fde79760700, R10=0x0000000000000000, R11=0x0000000000000000
R12=0x00007fffc87d73f0, R13=0x00007fde797609d0, R14=0x0000000000000000, R15=0x00007fde79760700
RIP=0x00007fde7a44b7ba, EFLAGS=0x0000000000010246, CSGSFS=0x00000053002b0033, ERR=0x0000000000000000
  TRAPNO=0x0000000000000000

Top of Stack: (sp=0x00007fffc87d6d00)
0x00007fffc87d6d00:   00007fffc87d6f80 00007fffc87d6de0
0x00007fffc87d6d10:   00007fffc87d6fbf 00007fffc87d6f80
0x00007fffc87d6d20:   00007fffc87d6fbf 0000000000000000
0x00007fffc87d6d30:   0000000000000000 0000000000000000
0x00007fffc87d6d40:   0000000000000000 0000000000000000
0x00007fffc87d6d50:   0000000000000006 00007fde7a89e000
0x00007fffc87d6d60:   0000000000000000 0000000000000000
0x00007fffc87d6d70:   0000000000000004 00000000000001fe
0x00007fffc87d6d80:   00000000000001fe ffffffffffffff00
0x00007fffc87d6d90:   00007fde7ab2bce0 cbd2c1dd33089700
0x00007fffc87d6da0:   00007fde7a8ade20 00000000000000ca
0x00007fffc87d6db0:   0000000000000633 00007fde797609d0
0x00007fffc87d6dc0:   0000000000100000 00007fde79760700
0x00007fffc87d6dd0:   00007fffc87d7598 00007fde7a986210
0x00007fffc87d6de0:   0000000000000000 0000000000000000
0x00007fffc87d6df0:   0000000000000000 0000000000000000
0x00007fffc87d6e00:   0000000000000000 0000000000000000
0x00007fffc87d6e10:   00007fde79760700 0000000000000000
0x00007fffc87d6e20:   0000000000000000 0000000000000633
0x00007fffc87d6e30:   00007fde797609d0 0000000000100000
0x00007fffc87d6e40:   00007fde79760700 00007fde797609d0
0x00007fffc87d6e50:   0000000000000000 00007fffc87d7598
0x00007fffc87d6e60:   00000000000000ca 0000000000000633
0x00007fffc87d6e70:   fffffffffffffffc 0000000000000000
0x00007fffc87d6e80:   00007fffc87d74f0 00007fde7a8f7cd7
0x00007fffc87d6e90:   0000000000000246 00000053002b0033
0x00007fffc87d6ea0:   0000000000000000 0000000000000000
0x00007fffc87d6eb0:   0000000000000000 0000000000000000
0x00007fffc87d6ec0:   0000000000000000 0000000000000000
0x00007fffc87d6ed0:   0000000000000000 0000000000000000
0x00007fffc87d6ee0:   0000000000000000 0000000000000000
0x00007fffc87d6ef0:   0000000000000000 0000000000000000 

Instructions: (pc=0x00007fde7a44b7ba)
0x00007fde7a44b79a:   00 48 89 45 c8 31 c0 e8 8a a4 87 ff 44 8b 30 48
0x00007fde7a44b7aa:   89 c3 48 8d 05 55 e3 43 00 8b 38 e8 fe a6 87 ff
0x00007fde7a44b7ba:   4c 8b a8 80 01 00 00 41 8b 85 a8 00 00 00 83 f8
0x00007fde7a44b7ca:   01 74 2b 44 89 33 48 8b 45 c8 64 48 33 04 25 28 

Register to memory mapping:

RAX=0x0000000000000000 is an unknown value
RBX=0x00007fde7a8e13c0 is an unknown value
RCX=0x0000000000000000 is an unknown value
RDX=0x00007fde7a8e1440 is an unknown value
RSP=0x00007fffc87d6d00 is an unknown value
RBP=0x00007fffc87d6dd0 is an unknown value
RSI=0x00007fffc87d73f0 is an unknown value
RDI=0x0000000000000001 is an unknown value
R8 =0x0000000000000000 is an unknown value
R9 =0x00007fde79760700 is pointing into the stack for thread: 0x00007fde7400a000
R10=0x0000000000000000 is an unknown value
R11=0x0000000000000000 is an unknown value
R12=0x00007fffc87d73f0 is an unknown value
R13=0x00007fde797609d0 is pointing into the stack for thread: 0x00007fde7400a000
R14=0x0000000000000000 is an unknown value
R15=0x00007fde79760700 is pointing into the stack for thread: 0x00007fde7400a000


Stack: [0x00007fffc86de000,0x00007fffc87de000],  sp=0x00007fffc87d6d00,  free space=995k
Native frames: (J=compiled Java code, j=interpreted, Vv=VM code, C=native code)
V  [libjvm.so+0x97b7ba]
C  [libc.so.6+0x46210]


---------------  P R O C E S S  ---------------

VM state:not at safepoint (normal execution)

VM Mutex/Monitor currently owned by a thread: None

heap address: 0x00000000c1e00000, size: 994 MB, Compressed Oops mode: 32-bit
Narrow klass base: 0x0000000000000000, Narrow klass shift: 3
Compressed class space size: 1073741824 Address: 0x0000000100000000

Heap:
 PSYoungGen      total 68096K, used 65459K [0x00000000eb500000, 0x00000000efa00000, 0x0000000100000000)
  eden space 65536K, 95% used [0x00000000eb500000,0x00000000ef26ee48,0x00000000ef500000)
  from space 2560K, 99% used [0x00000000ef780000,0x00000000ef9fddd0,0x00000000efa00000)
  to   space 2560K, 0% used [0x00000000ef500000,0x00000000ef500000,0x00000000ef780000)
 ParOldGen       total 44032K, used 13993K [0x00000000c1e00000, 0x00000000c4900000, 0x00000000eb500000)
  object space 44032K, 31% used [0x00000000c1e00000,0x00000000c2baa7b0,0x00000000c4900000)
 Metaspace       used 12999K, capacity 13320K, committed 13440K, reserved 1060864K
  class space    used 1491K, capacity 1594K, committed 1664K, reserved 1048576K

Card table byte_map: [0x00007fde79000000,0x00007fde791f2000] byte_map_base: 0x00007fde789f1000

Marking Bits: (ParMarkBitMap*) 0x00007fde7a8b46c0
 Begin Bits: [0x00007fde5e0f0000, 0x00007fde5f078000)
 End Bits:   [0x00007fde5f078000, 0x00007fde60000000)

Polling page: 0x00007fde79790000

CodeCache: size=245760Kb used=4440Kb max_used=4489Kb free=241319Kb
 bounds [0x00007fde65000000, 0x00007fde65470000, 0x00007fde74000000]
 total_blobs=1552 nmethods=1174 adapters=291
 compilation: enabled

Compilation events (10 events):
Event: 2.118 Thread 0x00007fde74188800 nmethod 1179 0x00007fde65443210 code [0x00007fde654433a0, 0x00007fde654437e8]
Event: 2.118 Thread 0x00007fde74188800 1183       3       java.lang.invoke.MethodTypeForm::unpack (30 bytes)
Event: 2.118 Thread 0x00007fde74188800 nmethod 1183 0x00007fde65443910 code [0x00007fde65443a60, 0x00007fde65443bd0]
Event: 2.119 Thread 0x00007fde74188800 1184       3       java.util.regex.Pattern$Curly::match (86 bytes)
Event: 2.119 Thread 0x00007fde74183800 1185       4       java.util.regex.Pattern$Single::isSatisfiedBy (14 bytes)
Event: 2.119 Thread 0x00007fde74188800 nmethod 1184 0x00007fde65443c50 code [0x00007fde65443e00, 0x00007fde65444418]
Event: 2.119 Thread 0x00007fde74188800 1186       3       java.util.Formatter$Flags::contains (22 bytes)
Event: 2.120 Thread 0x00007fde74188800 nmethod 1186 0x00007fde65445ad0 code [0x00007fde65445c40, 0x00007fde65445e50]
Event: 2.120 Thread 0x00007fde74183800 nmethod 1185 0x00007fde65447690 code [0x00007fde654477e0, 0x00007fde65447858]
Event: 2.170 Thread 0x00007fde74186800 nmethod 963 0x00007fde65452710 code [0x00007fde65452d80, 0x00007fde6545c2d0]

GC Heap History (8 events):
Event: 0.825 GC heap before
{Heap before GC invocations=1 (full 0):
 PSYoungGen      total 18944K, used 16384K [0x00000000eb500000, 0x00000000eca00000, 0x0000000100000000)
  eden space 16384K, 100% used [0x00000000eb500000,0x00000000ec500000,0x00000000ec500000)
  from space 2560K, 0% used [0x00000000ec780000,0x00000000ec780000,0x00000000eca00000)
  to   space 2560K, 0% used [0x00000000ec500000,0x00000000ec500000,0x00000000ec780000)
 ParOldGen       total 44032K, used 0K [0x00000000c1e00000, 0x00000000c4900000, 0x00000000eb500000)
  object space 44032K, 0% used [0x00000000c1e00000,0x00000000c1e00000,0x00000000c4900000)
 Metaspace       used 7260K, capacity 7446K, committed 7680K, reserved 1056768K
  class space    used 804K, capacity 909K, committed 1024K, reserved 1048576K
Event: 0.836 GC heap after
Heap after GC invocations=1 (full 0):
 PSYoungGen      total 18944K, used 2557K [0x00000000eb500000, 0x00000000eda00000, 0x0000000100000000)
  eden space 16384K, 0% used [0x00000000eb500000,0x00000000eb500000,0x00000000ec500000)
  from space 2560K, 99% used [0x00000000ec500000,0x00000000ec77f4e0,0x00000000ec780000)
  to   space 2560K, 0% used [0x00000000ed780000,0x00000000ed780000,0x00000000eda00000)
 ParOldGen       total 44032K, used 408K [0x00000000c1e00000, 0x00000000c4900000, 0x00000000eb500000)
  object space 44032K, 0% used [0x00000000c1e00000,0x00000000c1e66030,0x00000000c4900000)
 Metaspace       used 7260K, capacity 7446K, committed 7680K, reserved 1056768K
  class space    used 804K, capacity 909K, committed 1024K, reserved 1048576K
}
Event: 1.289 GC heap before
{Heap before GC invocations=2 (full 0):
 PSYoungGen      total 18944K, used 18941K [0x00000000eb500000, 0x00000000eda00000, 0x0000000100000000)
  eden space 16384K, 100% used [0x00000000eb500000,0x00000000ec500000,0x00000000ec500000)
  from space 2560K, 99% used [0x00000000ec500000,0x00000000ec77f4e0,0x00000000ec780000)
  to   space 2560K, 0% used [0x00000000ed780000,0x00000000ed780000,0x00000000eda00000)
 ParOldGen       total 44032K, used 408K [0x00000000c1e00000, 0x00000000c4900000, 0x00000000eb500000)
  object space 44032K, 0% used [0x00000000c1e00000,0x00000000c1e66030,0x00000000c4900000)
 Metaspace       used 10268K, capacity 10520K, committed 10752K, reserved 1058816K
  class space    used 1157K, capacity 1240K, committed 1280K, reserved 1048576K
Event: 1.299 GC heap after
Heap after GC invocations=2 (full 0):
 PSYoungGen      total 35328K, used 2558K [0x00000000eb500000, 0x00000000eda00000, 0x0000000100000000)
  eden space 32768K, 0% used [0x00000000eb500000,0x00000000eb500000,0x00000000ed500000)
  from space 2560K, 99% used [0x00000000ed780000,0x00000000ed9ff9c8,0x00000000eda00000)
  to   space 2560K, 0% used [0x00000000ed500000,0x00000000ed500000,0x00000000ed780000)
 ParOldGen       total 44032K, used 2078K [0x00000000c1e00000, 0x00000000c4900000, 0x00000000eb500000)
  object space 44032K, 4% used [0x00000000c1e00000,0x00000000c2007818,0x00000000c4900000)
 Metaspace       used 10268K, capacity 10520K, committed 10752K, reserved 1058816K
  class space    used 1157K, capacity 1240K, committed 1280K, reserved 1048576K
}
Event: 1.433 GC heap before
{Heap before GC invocations=3 (full 0):
 PSYoungGen      total 35328K, used 35326K [0x00000000eb500000, 0x00000000eda00000, 0x0000000100000000)
  eden space 32768K, 100% used [0x00000000eb500000,0x00000000ed500000,0x00000000ed500000)
  from space 2560K, 99% used [0x00000000ed780000,0x00000000ed9ff9c8,0x00000000eda00000)
  to   space 2560K, 0% used [0x00000000ed500000,0x00000000ed500000,0x00000000ed780000)
 ParOldGen       total 44032K, used 2078K [0x00000000c1e00000, 0x00000000c4900000, 0x00000000eb500000)
  object space 44032K, 4% used [0x00000000c1e00000,0x00000000c2007818,0x00000000c4900000)
 Metaspace       used 10333K, capacity 10648K, committed 10752K, reserved 1058816K
  class space    used 1157K, capacity 1240K, committed 1280K, reserved 1048576K
Event: 1.452 GC heap after
Heap after GC invocations=3 (full 0):
 PSYoungGen      total 35328K, used 2559K [0x00000000eb500000, 0x00000000efa00000, 0x0000000100000000)
  eden space 32768K, 0% used [0x00000000eb500000,0x00000000eb500000,0x00000000ed500000)
  from space 2560K, 99% used [0x00000000ed500000,0x00000000ed77fd08,0x00000000ed780000)
  to   space 2560K, 0% used [0x00000000ef780000,0x00000000ef780000,0x00000000efa00000)
 ParOldGen       total 44032K, used 8369K [0x00000000c1e00000, 0x00000000c4900000, 0x00000000eb500000)
  object space 44032K, 19% used [0x00000000c1e00000,0x00000000c262c4d8,0x00000000c4900000)
 Metaspace       used 10333K, capacity 10648K, committed 10752K, reserved 1058816K
  class space    used 1157K, capacity 1240K, committed 1280K, reserved 1048576K
}
Event: 1.523 GC heap before
{Heap before GC invocations=4 (full 0):
 PSYoungGen      total 35328K, used 35327K [0x00000000eb500000, 0x00000000efa00000, 0x0000000100000000)
  eden space 32768K, 100% used [0x00000000eb500000,0x00000000ed500000,0x00000000ed500000)
  from space 2560K, 99% used [0x00000000ed500000,0x00000000ed77fd08,0x00000000ed780000)
  to   space 2560K, 0% used [0x00000000ef780000,0x00000000ef780000,0x00000000efa00000)
 ParOldGen       total 44032K, used 8369K [0x00000000c1e00000, 0x00000000c4900000, 0x00000000eb500000)
  object space 44032K, 19% used [0x00000000c1e00000,0x00000000c262c4d8,0x00000000c4900000)
 Metaspace       used 10344K, capacity 10648K, committed 10752K, reserved 1058816K
  class space    used 1157K, capacity 1240K, committed 1280K, reserved 1048576K
Event: 1.546 GC heap after
Heap after GC invocations=4 (full 0):
 PSYoungGen      total 68096K, used 2551K [0x00000000eb500000, 0x00000000efa00000, 0x0000000100000000)
  eden space 65536K, 0% used [0x00000000eb500000,0x00000000eb500000,0x00000000ef500000)
  from space 2560K, 99% used [0x00000000ef780000,0x00000000ef9fddd0,0x00000000efa00000)
  to   space 2560K, 0% used [0x00000000ef500000,0x00000000ef500000,0x00000000ef780000)
 ParOldGen       total 44032K, used 13993K [0x00000000c1e00000, 0x00000000c4900000, 0x00000000eb500000)
  object space 44032K, 31% used [0x00000000c1e00000,0x00000000c2baa7b0,0x00000000c4900000)
 Metaspace       used 10344K, capacity 10648K, committed 10752K, reserved 1058816K
  class space    used 1157K, capacity 1240K, committed 1280K, reserved 1048576K
}

Deoptimization events (10 events):
Event: 1.088 Thread 0x00007fde7400a000 Uncommon trap: reason=unstable_if action=reinterpret pc=0x00007fde651c8240 method=java.lang.String.indexOf([CII[CIII)I @ 3
Event: 1.572 Thread 0x00007fde74758800 Uncommon trap: reason=unstable_if action=reinterpret pc=0x00007fde6539464c method=org.objectweb.asm.ClassReader.readMethod(Lorg/objectweb/asm/ClassVisitor;Lorg/objectweb/asm/Context;I)I @ 658
Event: 1.842 Thread 0x00007fde7400a000 Uncommon trap: reason=unstable_if action=reinterpret pc=0x00007fde652cc030 method=java.util.regex.Pattern.has(I)Z @ 6
Event: 1.873 Thread 0x00007fde7400a000 Uncommon trap: reason=unstable_if action=reinterpret pc=0x00007fde653356a8 method=java.lang.String.regionMatches(ZILjava/lang/String;II)Z @ 123
Event: 1.914 Thread 0x00007fde7400a000 Uncommon trap: reason=unstable_if action=reinterpret pc=0x00007fde65387ea8 method=java.util.HashMap$HashIterator.nextNode()Ljava/util/HashMap$Node; @ 53
Event: 1.925 Thread 0x00007fde7400a000 Uncommon trap: reason=unstable_if action=reinterpret pc=0x00007fde653d1634 method=java.util.HashMap$HashIterator.<init>(Ljava/util/HashMap;)V @ 38
Event: 2.015 Thread 0x00007fde7400a000 Uncommon trap: reason=unstable_if action=reinterpret pc=0x00007fde653757c0 method=java.util.TreeMap.put(Ljava/lang/Object;Ljava/lang/Object;)Ljava/lang/Object; @ 55
Event: 2.015 Thread 0x00007fde7400a000 Uncommon trap: reason=unstable_if action=reinterpret pc=0x00007fde653f07ac method=java.util.HashMap$HashIterator.nextNode()Ljava/util/HashMap$Node; @ 53
Event: 2.033 Thread 0x00007fde7400a000 Uncommon trap: reason=unstable_if action=reinterpret pc=0x00007fde65415c6c method=sun.net.www.ParseUtil.encodePath(Ljava/lang/String;Z)Ljava/lang/String; @ 109
Event: 2.074 Thread 0x00007fde7400a000 Uncommon trap: reason=unstable_if action=reinterpret pc=0x00007fde653ce9a8 method=java.lang.CharacterDataLatin1.digit(II)I @ 82

Classes redefined (0 events):
No events

Internal exceptions (10 events):
Event: 1.128 Thread 0x00007fde7400a000 Exception <a 'sun/nio/fs/UnixException'> (0x00000000eba61288) thrown at [/build/openjdk-8-4TqvnK/openjdk-8-8u292-b10/src/hotspot/src/share/vm/prims/jni.cpp, line 711]
Event: 1.206 Thread 0x00007fde7400a000 Exception <a 'java/lang/NoSuchMethodError': java.lang.Object.lambda$maxBy$1(Ljava/util/Comparator;Ljava/lang/Object;Ljava/lang/Object;)Ljava/lang/Object;> (0x00000000ebe9ad78) thrown at [/build/openjdk-8-4TqvnK/openjdk-8-8u292-b10/src/hotspot/src/share/vm
Event: 1.721 Thread 0x00007fde7400a000 Exception <a 'sun/nio/fs/UnixException'> (0x00000000eea35350) thrown at [/build/openjdk-8-4TqvnK/openjdk-8-8u292-b10/src/hotspot/src/share/vm/prims/jni.cpp, line 711]
Event: 1.722 Thread 0x00007fde7400a000 Exception <a 'sun/nio/fs/UnixException'> (0x00000000eea35df8) thrown at [/build/openjdk-8-4TqvnK/openjdk-8-8u292-b10/src/hotspot/src/share/vm/prims/jni.cpp, line 711]
Event: 1.722 Thread 0x00007fde7400a000 Exception <a 'sun/nio/fs/UnixException'> (0x00000000eea36328) thrown at [/build/openjdk-8-4TqvnK/openjdk-8-8u292-b10/src/hotspot/src/share/vm/prims/jni.cpp, line 711]
Event: 1.722 Thread 0x00007fde7400a000 Exception <a 'sun/nio/fs/UnixException'> (0x00000000eea368c8) thrown at [/build/openjdk-8-4TqvnK/openjdk-8-8u292-b10/src/hotspot/src/share/vm/prims/jni.cpp, line 711]
Event: 1.722 Thread 0x00007fde7400a000 Exception <a 'sun/nio/fs/UnixException'> (0x00000000eea36d08) thrown at [/build/openjdk-8-4TqvnK/openjdk-8-8u292-b10/src/hotspot/src/share/vm/prims/jni.cpp, line 711]
Event: 1.723 Thread 0x00007fde7400a000 Exception <a 'sun/nio/fs/UnixException'> (0x00000000eea371d8) thrown at [/build/openjdk-8-4TqvnK/openjdk-8-8u292-b10/src/hotspot/src/share/vm/prims/jni.cpp, line 711]
Event: 1.925 Thread 0x00007fde7400a000 Implicit null exception at 0x00007fde653d13c2 to 0x00007fde653d161d
Event: 2.011 Thread 0x00007fde7400a000 Exception <a 'java/lang/NoSuchMethodError': java.lang.Object.lambda$comparing$77a9974f$1(Ljava/util/function/Function;Ljava/lang/Object;Ljava/lang/Object;)I> (0x00000000eeea5668) thrown at [/build/openjdk-8-4TqvnK/openjdk-8-8u292-b10/src/hotspot/src/share

Events (10 events):
Event: 2.118 loading class java/util/stream/ReduceOps$3ReducingSink done
Event: 2.119 loading class java/nio/channels/spi/AbstractInterruptibleChannel$1
Event: 2.119 loading class java/nio/channels/spi/AbstractInterruptibleChannel$1 done
Event: 2.119 loading class br/edu/utfpr/oiardubot/web/ServerLauncher$1
Event: 2.120 loading class br/edu/utfpr/oiardubot/web/ServerLauncher$1 done
Event: 2.120 loading class sun/nio/ch/NativeThread
Event: 2.120 loading class sun/nio/ch/NativeThread done
Event: 2.121 Thread 0x00007fde74898000 Thread added: 0x00007fde74898000
Event: 4.164 Executing VM operation: EnableBiasedLocking
Event: 4.165 Executing VM operation: EnableBiasedLocking done


Dynamic libraries:
c1e00000-c4900000 rw-p 00000000 00:00 0
c4900000-eb500000 ---p 00000000 00:00 0
eb500000-efa00000 rw-p 00000000 00:00 0
efa00000-100000000 ---p 00000000 00:00 0
100000000-1001a0000 rw-p 00000000 00:00 0
1001a0000-140000000 ---p 00000000 00:00 0
7fddf8000000-7fddf8021000 rw-p 00000000 00:00 0
7fddf8021000-7fddfc000000 ---p 00000000 00:00 0
7fde00000000-7fde00021000 rw-p 00000000 00:00 0
7fde00021000-7fde04000000 ---p 00000000 00:00 0
7fde04000000-7fde04021000 rw-p 00000000 00:00 0
7fde04021000-7fde08000000 ---p 00000000 00:00 0
7fde08000000-7fde08021000 rw-p 00000000 00:00 0
7fde08021000-7fde0c000000 ---p 00000000 00:00 0
7fde0c000000-7fde0c021000 rw-p 00000000 00:00 0
7fde0c021000-7fde10000000 ---p 00000000 00:00 0
7fde10000000-7fde100bf000 rw-p 00000000 00:00 0
7fde100bf000-7fde14000000 ---p 00000000 00:00 0
7fde14000000-7fde14021000 rw-p 00000000 00:00 0
7fde14021000-7fde18000000 ---p 00000000 00:00 0
7fde18000000-7fde18021000 rw-p 00000000 00:00 0
7fde18021000-7fde1c000000 ---p 00000000 00:00 0
7fde1c000000-7fde1c021000 rw-p 00000000 00:00 0
7fde1c021000-7fde20000000 ---p 00000000 00:00 0
7fde20000000-7fde20021000 rw-p 00000000 00:00 0
7fde20021000-7fde24000000 ---p 00000000 00:00 0
7fde24000000-7fde24021000 rw-p 00000000 00:00 0
7fde24021000-7fde28000000 ---p 00000000 00:00 0
7fde28000000-7fde285cc000 rw-p 00000000 00:00 0
7fde285cc000-7fde2c000000 ---p 00000000 00:00 0
7fde2c000000-7fde2c021000 rw-p 00000000 00:00 0
7fde2c021000-7fde30000000 ---p 00000000 00:00 0
7fde30000000-7fde3089b000 rw-p 00000000 00:00 0
7fde3089b000-7fde34000000 ---p 00000000 00:00 0
7fde34000000-7fde34aa7000 rw-p 00000000 00:00 0
7fde34aa7000-7fde38000000 ---p 00000000 00:00 0
7fde38000000-7fde38021000 rw-p 00000000 00:00 0
7fde38021000-7fde3c000000 ---p 00000000 00:00 0
7fde3c000000-7fde3c021000 rw-p 00000000 00:00 0
7fde3c021000-7fde40000000 ---p 00000000 00:00 0
7fde40000000-7fde40021000 rw-p 00000000 00:00 0
7fde40021000-7fde44000000 ---p 00000000 00:00 0
7fde44000000-7fde44021000 rw-p 00000000 00:00 0
7fde44021000-7fde48000000 ---p 00000000 00:00 0
7fde48000000-7fde48021000 rw-p 00000000 00:00 0
7fde48021000-7fde4c000000 ---p 00000000 00:00 0
7fde50000000-7fde50021000 rw-p 00000000 00:00 0
7fde50021000-7fde54000000 ---p 00000000 00:00 0
7fde57d30000-7fde57d33000 ---p 00000000 00:00 0
7fde57d33000-7fde57e31000 rw-p 00000000 00:00 0
7fde58000000-7fde58021000 rw-p 00000000 00:00 0
7fde58021000-7fde5c000000 ---p 00000000 00:00 0
7fde5c010000-7fde5c013000 ---p 00000000 00:00 0
7fde5c013000-7fde5c111000 rw-p 00000000 00:00 0
7fde5c210000-7fde5c217000 r--p 00000000 00:00 821417             /usr/lib/jvm/java-8-openjdk-amd64/jre/lib/amd64/libsunec.so
7fde5c217000-7fde5c230000 r-xp 00007000 00:00 821417             /usr/lib/jvm/java-8-openjdk-amd64/jre/lib/amd64/libsunec.so
7fde5c230000-7fde5c23a000 r--p 00020000 00:00 821417             /usr/lib/jvm/java-8-openjdk-amd64/jre/lib/amd64/libsunec.so
7fde5c23a000-7fde5c23e000 r--p 00029000 00:00 821417             /usr/lib/jvm/java-8-openjdk-amd64/jre/lib/amd64/libsunec.so
7fde5c23e000-7fde5c23f000 rw-p 0002d000 00:00 821417             /usr/lib/jvm/java-8-openjdk-amd64/jre/lib/amd64/libsunec.so
7fde5c240000-7fde5c3c0000 rw-p 00000000 00:00 0
7fde5c3c0000-7fde5c440000 ---p 00000000 00:00 0
7fde5c44f000-7fde5c460000 r--s 001bf000 00:00 821461             /usr/lib/jvm/java-8-openjdk-amd64/jre/lib/jsse.jar
7fde5c460000-7fde5c660000 rw-p 00000000 00:00 0
7fde5c660000-7fde5c663000 ---p 00000000 00:00 0
7fde5c663000-7fde5c761000 rw-p 00000000 00:00 0
7fde5c770000-7fde5c773000 ---p 00000000 00:00 0
7fde5c773000-7fde5c871000 rw-p 00000000 00:00 0
7fde5c880000-7fde5c883000 ---p 00000000 00:00 0
7fde5c883000-7fde5c981000 rw-p 00000000 00:00 0
7fde5c990000-7fde5c993000 ---p 00000000 00:00 0
7fde5c993000-7fde5ca91000 rw-p 00000000 00:00 0
7fde5caa0000-7fde5caa3000 ---p 00000000 00:00 0
7fde5caa3000-7fde5cba1000 rw-p 00000000 00:00 0
7fde5cbb0000-7fde5cbb3000 ---p 00000000 00:00 0
7fde5cbb3000-7fde5ccb1000 rw-p 00000000 00:00 0
7fde5ccc0000-7fde5ccc3000 ---p 00000000 00:00 0
7fde5ccc3000-7fde5cdc1000 rw-p 00000000 00:00 0
7fde5cdd0000-7fde5cdd3000 ---p 00000000 00:00 0
7fde5cdd3000-7fde5ced1000 rw-p 00000000 00:00 0
7fde5cedf000-7fde5cf0e000 r--s 008ca000 00:00 558379             /home/gustavo/oiArduBot/backend/language_server/language_server_lib/ace-1.3.3.jar
7fde5cf0e000-7fde5cf42000 r--s 00287000 00:00 859424             /home/gustavo/oiArduBot/backend/language_server/language_server_lib/guava-30.1-jre.jar
7fde5cf42000-7fde5cf63000 r--s 00255000 00:00 859462             /home/gustavo/oiArduBot/backend/language_server/language_server_lib/org.eclipse.xtext.xbase-2.25.0.jar
7fde5cf63000-7fde5cf77000 r--s 00146000 00:00 859446             /home/gustavo/oiArduBot/backend/language_server/language_server_lib/org.eclipse.emf.ecore-2.20.0.jar
7fde5cf77000-7fde5cf8e000 r--s 0015b000 00:00 859453             /home/gustavo/oiArduBot/backend/language_server/language_server_lib/org.eclipse.osgi-3.16.0.jar
7fde5cf8e000-7fde5cfc0000 r--s 0026c000 00:00 859456             /home/gustavo/oiArduBot/backend/language_server/language_server_lib/org.eclipse.xtext-2.25.0.jar
7fde5cfc0000-7fde5cfc5000 r--p 00000000 00:00 821412             /usr/lib/jvm/java-8-openjdk-amd64/jre/lib/amd64/libnet.so
7fde5cfc5000-7fde5cfd6000 r-xp 00005000 00:00 821412             /usr/lib/jvm/java-8-openjdk-amd64/jre/lib/amd64/libnet.so
7fde5cfd6000-7fde5cfda000 r--p 00016000 00:00 821412             /usr/lib/jvm/java-8-openjdk-amd64/jre/lib/amd64/libnet.so
7fde5cfda000-7fde5cfdb000 r--p 00019000 00:00 821412             /usr/lib/jvm/java-8-openjdk-amd64/jre/lib/amd64/libnet.so
7fde5cfdb000-7fde5cfdc000 rw-p 0001a000 00:00 821412             /usr/lib/jvm/java-8-openjdk-amd64/jre/lib/amd64/libnet.so
7fde5cfe0000-7fde5cfe1000 ---p 00000000 00:00 0
7fde5cfe1000-7fde5d0e1000 rw-p 00000000 00:00 0
7fde5d0f0000-7fde5d0f3000 ---p 00000000 00:00 0
7fde5d0f3000-7fde5d1f1000 rw-p 00000000 00:00 0
7fde5d200000-7fde5d204000 ---p 00000000 00:00 0
7fde5d204000-7fde5d301000 rw-p 00000000 00:00 0
7fde5d310000-7fde5d314000 ---p 00000000 00:00 0
7fde5d314000-7fde5d411000 rw-p 00000000 00:00 0
7fde5d420000-7fde5d424000 ---p 00000000 00:00 0
7fde5d424000-7fde5d521000 rw-p 00000000 00:00 0
7fde5d530000-7fde5d533000 ---p 00000000 00:00 0
7fde5d533000-7fde5d631000 rw-p 00000000 00:00 0
7fde5d637000-7fde5d7aa000 r--p 00000000 00:00 572508             /usr/lib/locale/C.UTF-8/LC_COLLATE
7fde5d7aa000-7fde5da90000 r--p 00000000 00:00 572521             /usr/lib/locale/locale-archive
7fde5da90000-7fde5da93000 ---p 00000000 00:00 0
7fde5da93000-7fde5db91000 rw-p 00000000 00:00 0
7fde5dba0000-7fde5dba3000 ---p 00000000 00:00 0
7fde5dba3000-7fde5dca1000 rw-p 00000000 00:00 0
7fde5dcb0000-7fde5dcb1000 ---p 00000000 00:00 0
7fde5dcb1000-7fde5ddb1000 rw-p 00000000 00:00 0
7fde5ddc0000-7fde5dec1000 rw-p 00000000 00:00 0
7fde5ded0000-7fde5dfd1000 rw-p 00000000 00:00 0
7fde5dfe0000-7fde5e0e1000 rw-p 00000000 00:00 0
7fde5e0f0000-7fde60021000 rw-p 00000000 00:00 0
7fde60021000-7fde64000000 ---p 00000000 00:00 0
7fde64000000-7fde64004000 r--p 00000000 00:00 821410             /usr/lib/jvm/java-8-openjdk-amd64/jre/lib/amd64/libmanagement.so
7fde64004000-7fde64008000 r-xp 00004000 00:00 821410             /usr/lib/jvm/java-8-openjdk-amd64/jre/lib/amd64/libmanagement.so
7fde64008000-7fde6400a000 r--p 00008000 00:00 821410             /usr/lib/jvm/java-8-openjdk-amd64/jre/lib/amd64/libmanagement.so
7fde6400a000-7fde6400b000 r--p 00009000 00:00 821410             /usr/lib/jvm/java-8-openjdk-amd64/jre/lib/amd64/libmanagement.so
7fde6400b000-7fde6400c000 rw-p 0000a000 00:00 821410             /usr/lib/jvm/java-8-openjdk-amd64/jre/lib/amd64/libmanagement.so
7fde64010000-7fde64017000 r--p 00000000 00:00 821413             /usr/lib/jvm/java-8-openjdk-amd64/jre/lib/amd64/libnio.so
7fde64017000-7fde64020000 r-xp 00007000 00:00 821413             /usr/lib/jvm/java-8-openjdk-amd64/jre/lib/amd64/libnio.so
7fde64020000-7fde64023000 r--p 00010000 00:00 821413             /usr/lib/jvm/java-8-openjdk-amd64/jre/lib/amd64/libnio.so
7fde64023000-7fde64024000 r--p 00012000 00:00 821413             /usr/lib/jvm/java-8-openjdk-amd64/jre/lib/amd64/libnio.so
7fde64024000-7fde64025000 rw-p 00013000 00:00 821413             /usr/lib/jvm/java-8-openjdk-amd64/jre/lib/amd64/libnio.so
7fde64028000-7fde64043000 r--s 001d6000 00:00 821439             /usr/lib/jvm/java-8-openjdk-amd64/jre/lib/ext/nashorn.jar
7fde64043000-7fde6405e000 r--s 00394000 00:00 821434             /usr/lib/jvm/java-8-openjdk-amd64/jre/lib/ext/cldrdata.jar
7fde6405e000-7fde64090000 r--p 00000000 00:00 572509             /usr/lib/locale/C.UTF-8/LC_CTYPE
7fde64090000-7fde64191000 rw-p 00000000 00:00 0
7fde641a0000-7fde642a1000 rw-p 00000000 00:00 0
7fde642b0000-7fde643b1000 rw-p 00000000 00:00 0
7fde643c0000-7fde644c1000 rw-p 00000000 00:00 0
7fde644d0000-7fde645d1000 rw-p 00000000 00:00 0
7fde645e0000-7fde646e1000 rw-p 00000000 00:00 0
7fde646f0000-7fde647f1000 rw-p 00000000 00:00 0
7fde64800000-7fde64901000 rw-p 00000000 00:00 0
7fde64910000-7fde64a11000 rw-p 00000000 00:00 0
7fde64a20000-7fde64b21000 rw-p 00000000 00:00 0
7fde64b30000-7fde64c31000 rw-p 00000000 00:00 0
7fde64c40000-7fde64d41000 rw-p 00000000 00:00 0
7fde64d4d000-7fde64d4f000 r--s 00016000 00:00 821455             /usr/lib/jvm/java-8-openjdk-amd64/jre/lib/jce.jar
7fde64d4f000-7fde64f20000 r--s 03ca5000 00:00 821467             /usr/lib/jvm/java-8-openjdk-amd64/jre/lib/rt.jar
7fde64f20000-7fde64f96000 rw-p 00000000 00:00 0
7fde64f96000-7fde64fa0000 r--s 000a3000 00:00 859436             /home/gustavo/oiArduBot/backend/language_server/language_server_lib/jetty-server-9.4.34.v20201102.jar
7fde64fa0000-7fde64ffb000 rw-p 00000000 00:00 0
7fde64ffc000-7fde65000000 r--s 00025000 00:00 859432             /home/gustavo/oiArduBot/backend/language_server/language_server_lib/jetty-io-9.4.34.v20201102.jar
7fde65000000-7fde65470000 rwxp 00000000 00:00 0
7fde65470000-7fde74000000 ---p 00000000 00:00 0
7fde74000000-7fde748a0000 rw-p 00000000 00:00 0
7fde748a0000-7fde78000000 ---p 00000000 00:00 0
7fde78000000-7fde7804e000 rw-p 00000000 00:00 0
7fde7804e000-7fde78050000 r--s 00009000 00:00 859467             /home/gustavo/oiArduBot/backend/language_server/language_server_lib/slf4j-api-1.7.21.jar
7fde78050000-7fde78a41000 rw-p 00000000 00:00 0
7fde78a41000-7fde78a43000 r--s 00005000 00:00 859427             /home/gustavo/oiArduBot/backend/language_server/language_server_lib/javax.annotation-api-1.3.2.jar
7fde78a43000-7fde78a47000 r--s 00031000 00:00 859431             /home/gustavo/oiArduBot/backend/language_server/language_server_lib/jetty-http-9.4.34.v20201102.jar
7fde78a47000-7fde78a4a000 r--s 00015000 00:00 859429             /home/gustavo/oiArduBot/backend/language_server/language_server_lib/javax.servlet-api-3.1.0.jar
7fde78a4a000-7fde78a4d000 r--s 0001a000 00:00 859435             /home/gustavo/oiArduBot/backend/language_server/language_server_lib/jetty-security-9.4.34.v20201102.jar
7fde78a4d000-7fde78a50000 r--s 0001f000 00:00 859437             /home/gustavo/oiArduBot/backend/language_server/language_server_lib/jetty-servlet-9.4.34.v20201102.jar
7fde78a50000-7fde78a64000 rw-p 00000000 00:00 0
7fde78a65000-7fde78a67000 r--s 0000f000 00:00 859440             /home/gustavo/oiArduBot/backend/language_server/language_server_lib/jetty-xml-9.4.34.v20201102.jar
7fde78a67000-7fde78a70000 r--s 00081000 00:00 859438             /home/gustavo/oiArduBot/backend/language_server/language_server_lib/jetty-util-9.4.34.v20201102.jar
7fde78a70000-7fde78a71000 ---p 00000000 00:00 0
7fde78a71000-7fde78b71000 rw-p 00000000 00:00 0
7fde78b72000-7fde78b75000 r--s 00020000 00:00 859439             /home/gustavo/oiArduBot/backend/language_server/language_server_lib/jetty-webapp-9.4.34.v20201102.jar
7fde78b75000-7fde78b80000 r--s 0002a000 00:00 859419             /home/gustavo/oiArduBot/backend/language_server/language_server_lib/checker-qual-3.5.0.jar
7fde78b80000-7fde78b81000 ---p 00000000 00:00 0
7fde78b81000-7fde78c81000 rw-p 00000000 00:00 0
7fde78c81000-7fde78c83000 r--s 0000a000 00:00 859433             /home/gustavo/oiArduBot/backend/language_server/language_server_lib/jetty-jndi-9.4.34.v20201102.jar
7fde78c83000-7fde78c86000 r--s 00013000 00:00 859430             /home/gustavo/oiArduBot/backend/language_server/language_server_lib/jetty-annotations-9.4.34.v20201102.jar
7fde78c86000-7fde78c8b000 r--s 00024000 00:00 859464             /home/gustavo/oiArduBot/backend/language_server/language_server_lib/org.eclipse.xtext.xbase.lib-2.25.0.jar
7fde78c8b000-7fde78c90000 r--s 00036000 00:00 859423             /home/gustavo/oiArduBot/backend/language_server/language_server_lib/gson-2.8.6.jar
7fde78c90000-7fde78c91000 ---p 00000000 00:00 0
7fde78c91000-7fde78d91000 rw-p 00000000 00:00 0
7fde78d91000-7fde78d93000 r--s 0000f000 00:00 859434             /home/gustavo/oiArduBot/backend/language_server/language_server_lib/jetty-plus-9.4.34.v20201102.jar
7fde78d93000-7fde78d98000 r--s 00091000 00:00 859463             /home/gustavo/oiArduBot/backend/language_server/language_server_lib/org.eclipse.xtext.xbase.ide-2.25.0.jar
7fde78d98000-7fde78da0000 r--s 00069000 00:00 859420             /home/gustavo/oiArduBot/backend/language_server/language_server_lib/classgraph-4.8.35.jar
7fde78da0000-7fde78da1000 ---p 00000000 00:00 0
7fde78da1000-7fde78ea1000 rw-p 00000000 00:00 0
7fde78ea1000-7fde78eb0000 r--s 0009f000 00:00 859425             /home/gustavo/oiArduBot/backend/language_server/language_server_lib/guice-3.0.jar
7fde78eb0000-7fde78ec6000 rw-p 00000000 00:00 0
7fde78ec6000-7fde78ffc000 ---p 00000000 00:00 0
7fde78ffc000-7fde79000000 r--s 00010000 00:00 859455             /home/gustavo/oiArduBot/backend/language_server/language_server_lib/org.eclipse.xtend.lib.macro-2.25.0.jar
7fde79000000-7fde79016000 rw-p 00000000 00:00 0
7fde79016000-7fde7914b000 ---p 00000000 00:00 0
7fde7914b000-7fde7916e000 rw-p 00000000 00:00 0
7fde7916e000-7fde791f1000 ---p 00000000 00:00 0
7fde791f1000-7fde791f2000 rw-p 00000000 00:00 0
7fde791f2000-7fde791f4000 r--s 00001000 00:00 859426             /home/gustavo/oiArduBot/backend/language_server/language_server_lib/j2objc-annotations-1.3.jar
7fde791f4000-7fde791f6000 r--s 00002000 00:00 859421             /home/gustavo/oiArduBot/backend/language_server/language_server_lib/error_prone_annotations-2.3.4.jar
7fde791f6000-7fde79200000 r--s 00073000 00:00 859457             /home/gustavo/oiArduBot/backend/language_server/language_server_lib/org.eclipse.xtext.common.types-2.25.0.jar
7fde79200000-7fde79212000 rw-p 00000000 00:00 0
7fde79212000-7fde795c0000 ---p 00000000 00:00 0
7fde795c0000-7fde795c3000 r--p 00000000 00:00 821420             /usr/lib/jvm/java-8-openjdk-amd64/jre/lib/amd64/libzip.so
7fde795c3000-7fde795c8000 r-xp 00003000 00:00 821420             /usr/lib/jvm/java-8-openjdk-amd64/jre/lib/amd64/libzip.so
7fde795c8000-7fde795ca000 r--p 00008000 00:00 821420             /usr/lib/jvm/java-8-openjdk-amd64/jre/lib/amd64/libzip.so
7fde795ca000-7fde795cb000 r--p 00009000 00:00 821420             /usr/lib/jvm/java-8-openjdk-amd64/jre/lib/amd64/libzip.so
7fde795cb000-7fde795cc000 rw-p 0000a000 00:00 821420             /usr/lib/jvm/java-8-openjdk-amd64/jre/lib/amd64/libzip.so
7fde795cc000-7fde795ce000 r--s 00003000 00:00 859442             /home/gustavo/oiArduBot/backend/language_server/language_server_lib/jsr305-3.0.2.jar
7fde795ce000-7fde795d0000 r--s 00000000 00:00 859422             /home/gustavo/oiArduBot/backend/language_server/language_server_lib/failureaccess-1.0.1.jar
7fde795d0000-7fde795d3000 r--p 00000000 00:00 652020             /usr/lib/x86_64-linux-gnu/libnss_files-2.31.so
7fde795d3000-7fde795da000 r-xp 00003000 00:00 652020             /usr/lib/x86_64-linux-gnu/libnss_files-2.31.so
7fde795da000-7fde795dc000 r--p 0000a000 00:00 652020             /usr/lib/x86_64-linux-gnu/libnss_files-2.31.so
7fde795dc000-7fde795dd000 r--p 0000b000 00:00 652020             /usr/lib/x86_64-linux-gnu/libnss_files-2.31.so
7fde795dd000-7fde795de000 rw-p 0000c000 00:00 652020             /usr/lib/x86_64-linux-gnu/libnss_files-2.31.so
7fde795de000-7fde795e4000 rw-p 00000000 00:00 0
7fde795e4000-7fde795e5000 r--s 00002000 00:00 859468             /home/gustavo/oiArduBot/backend/language_server/language_server_lib/slf4j-simple-1.7.21.jar
7fde795e5000-7fde795e8000 r--s 00019000 00:00 859454             /home/gustavo/oiArduBot/backend/language_server/language_server_lib/org.eclipse.xtend.lib-2.25.0.jar
7fde795e8000-7fde795ec000 r--s 00022000 00:00 859413             /home/gustavo/oiArduBot/backend/language_server/language_server_lib/antlr-runtime-3.2.jar
7fde795ec000-7fde795f0000 r--s 00036000 00:00 859448             /home/gustavo/oiArduBot/backend/language_server/language_server_lib/org.eclipse.emf.ecore.xmi-2.16.0.jar
7fde795f0000-7fde795f1000 rw-p 00000000 00:00 0
7fde795f1000-7fde795f3000 r--s 00003000 00:00 859461             /home/gustavo/oiArduBot/backend/language_server/language_server_lib/org.eclipse.xtext.web.servlet-2.25.0.jar
7fde795f3000-7fde795fa000 r--s 00055000 00:00 859445             /home/gustavo/oiArduBot/backend/language_server/language_server_lib/org.eclipse.emf.common-2.17.0.jar
7fde795fa000-7fde79600000 r--s 00046000 00:00 859459             /home/gustavo/oiArduBot/backend/language_server/language_server_lib/org.eclipse.xtext.util-2.25.0.jar
7fde79600000-7fde7960d000 r--p 00000000 00:00 821401             /usr/lib/jvm/java-8-openjdk-amd64/jre/lib/amd64/libjava.so
7fde7960d000-7fde79625000 r-xp 0000d000 00:00 821401             /usr/lib/jvm/java-8-openjdk-amd64/jre/lib/amd64/libjava.so
7fde79625000-7fde7962c000 r--p 00025000 00:00 821401             /usr/lib/jvm/java-8-openjdk-amd64/jre/lib/amd64/libjava.so
7fde7962c000-7fde7962d000 r--p 0002b000 00:00 821401             /usr/lib/jvm/java-8-openjdk-amd64/jre/lib/amd64/libjava.so
7fde7962d000-7fde7962f000 rw-p 0002c000 00:00 821401             /usr/lib/jvm/java-8-openjdk-amd64/jre/lib/amd64/libjava.so
7fde7962f000-7fde79630000 r--s 0004c000 00:00 859441             /home/gustavo/oiArduBot/backend/language_server/language_server_lib/jquery-3.5.1.jar
7fde79630000-7fde79635000 r--p 00000000 00:00 821419             /usr/lib/jvm/java-8-openjdk-amd64/jre/lib/amd64/libverify.so
7fde79635000-7fde7963e000 r-xp 00005000 00:00 821419             /usr/lib/jvm/java-8-openjdk-amd64/jre/lib/amd64/libverify.so
7fde7963e000-7fde79640000 r--p 0000e000 00:00 821419             /usr/lib/jvm/java-8-openjdk-amd64/jre/lib/amd64/libverify.so
7fde79640000-7fde79642000 r--p 0000f000 00:00 821419             /usr/lib/jvm/java-8-openjdk-amd64/jre/lib/amd64/libverify.so
7fde79642000-7fde79643000 rw-p 00011000 00:00 821419             /usr/lib/jvm/java-8-openjdk-amd64/jre/lib/amd64/libverify.so
7fde79643000-7fde79646000 r--s 00017000 00:00 859447             /home/gustavo/oiArduBot/backend/language_server/language_server_lib/org.eclipse.emf.ecore.change-2.14.0.jar
7fde79646000-7fde79650000 r--s 0006f000 00:00 859458             /home/gustavo/oiArduBot/backend/language_server/language_server_lib/org.eclipse.xtext.ide-2.25.0.jar
7fde79650000-7fde79653000 r--p 00000000 00:00 652106             /usr/lib/x86_64-linux-gnu/librt-2.31.so
7fde79653000-7fde79657000 r-xp 00003000 00:00 652106             /usr/lib/x86_64-linux-gnu/librt-2.31.so
7fde79657000-7fde79658000 r--p 00007000 00:00 652106             /usr/lib/x86_64-linux-gnu/librt-2.31.so
7fde79658000-7fde79659000 ---p 00008000 00:00 652106             /usr/lib/x86_64-linux-gnu/librt-2.31.so
7fde79659000-7fde7965a000 r--p 00008000 00:00 652106             /usr/lib/x86_64-linux-gnu/librt-2.31.so
7fde7965a000-7fde7965b000 rw-p 00009000 00:00 652106             /usr/lib/x86_64-linux-gnu/librt-2.31.so
7fde7965b000-7fde7965d000 r--s 00000000 00:00 859414             /home/gustavo/oiArduBot/backend/language_server/language_server_lib/aopalliance-1.0.jar
7fde7965d000-7fde79660000 r--s 0001f000 00:00 859449             /home/gustavo/oiArduBot/backend/language_server/language_server_lib/org.eclipse.equinox.common-3.13.0.jar
7fde79660000-7fde79664000 ---p 00000000 00:00 0
7fde79664000-7fde79761000 rw-p 00000000 00:00 0
7fde79761000-7fde79770000 r--s 000b7000 00:00 859450             /home/gustavo/oiArduBot/backend/language_server/language_server_lib/org.eclipse.lsp4j-0.10.0.jar
7fde79770000-7fde79773000 r--p 00000000 00:00 677530             /usr/lib/x86_64-linux-gnu/libgcc_s.so.1
7fde79773000-7fde79785000 r-xp 00003000 00:00 677530             /usr/lib/x86_64-linux-gnu/libgcc_s.so.1
7fde79785000-7fde79789000 r--p 00015000 00:00 677530             /usr/lib/x86_64-linux-gnu/libgcc_s.so.1
7fde79789000-7fde7978a000 r--p 00018000 00:00 677530             /usr/lib/x86_64-linux-gnu/libgcc_s.so.1
7fde7978a000-7fde7978b000 rw-p 00019000 00:00 677530             /usr/lib/x86_64-linux-gnu/libgcc_s.so.1
7fde7978b000-7fde7978c000 r--s 00007000 00:00 859466             /home/gustavo/oiArduBot/backend/language_server/language_server_lib/requirejs-2.3.6.jar
7fde7978c000-7fde79790000 r--s 00029000 00:00 859460             /home/gustavo/oiArduBot/backend/language_server/language_server_lib/org.eclipse.xtext.web-2.25.0.jar
7fde79790000-7fde79791000 r--p 00000000 00:00 0
7fde79791000-7fde797a0000 r--p 00000000 00:00 651970             /usr/lib/x86_64-linux-gnu/libm-2.31.so
7fde797a0000-7fde79847000 r-xp 0000f000 00:00 651970             /usr/lib/x86_64-linux-gnu/libm-2.31.so
7fde79847000-7fde798de000 r--p 000b6000 00:00 651970             /usr/lib/x86_64-linux-gnu/libm-2.31.so
7fde798de000-7fde798df000 r--p 0014c000 00:00 651970             /usr/lib/x86_64-linux-gnu/libm-2.31.so
7fde798df000-7fde798e0000 rw-p 0014d000 00:00 651970             /usr/lib/x86_64-linux-gnu/libm-2.31.so
7fde798e0000-7fde79976000 r--p 00000000 00:00 682612             /usr/lib/x86_64-linux-gnu/libstdc++.so.6.0.28
7fde79976000-7fde79a67000 r-xp 00096000 00:00 682612             /usr/lib/x86_64-linux-gnu/libstdc++.so.6.0.28
7fde79a67000-7fde79ab0000 r--p 00187000 00:00 682612             /usr/lib/x86_64-linux-gnu/libstdc++.so.6.0.28
7fde79ab0000-7fde79ab1000 ---p 001d0000 00:00 682612             /usr/lib/x86_64-linux-gnu/libstdc++.so.6.0.28
7fde79ab1000-7fde79abc000 r--p 001d0000 00:00 682612             /usr/lib/x86_64-linux-gnu/libstdc++.so.6.0.28
7fde79abc000-7fde79abf000 rw-p 001db000 00:00 682612             /usr/lib/x86_64-linux-gnu/libstdc++.so.6.0.28
7fde79abf000-7fde79ac2000 rw-p 00000000 00:00 0
7fde79ac2000-7fde79ac3000 r--s 00000000 00:00 859443             /home/gustavo/oiArduBot/backend/language_server/language_server_lib/listenablefuture-9999.0-empty-to-avoid-conflict-with-guava.jar
7fde79ac3000-7fde79ac5000 r--s 0000b000 00:00 859418             /home/gustavo/oiArduBot/backend/language_server/language_server_lib/asm-tree-9.1.jar
7fde79ac5000-7fde79ac7000 r--s 00007000 00:00 859416             /home/gustavo/oiArduBot/backend/language_server/language_server_lib/asm-analysis-9.1.jar
7fde79ac7000-7fde79ad0000 r--s 0006f000 00:00 859444             /home/gustavo/oiArduBot/backend/language_server/language_server_lib/log4j-1.2.17.jar
7fde79ad0000-7fde79cc5000 r--p 00000000 00:00 821423             /usr/lib/jvm/java-8-openjdk-amd64/jre/lib/amd64/server/libjvm.so
7fde79cc5000-7fde7a62d000 r-xp 001f5000 00:00 821423             /usr/lib/jvm/java-8-openjdk-amd64/jre/lib/amd64/server/libjvm.so
7fde7a62d000-7fde7a7de000 r--p 00b5d000 00:00 821423             /usr/lib/jvm/java-8-openjdk-amd64/jre/lib/amd64/server/libjvm.so
7fde7a7de000-7fde7a7df000 ---p 00d0e000 00:00 821423             /usr/lib/jvm/java-8-openjdk-amd64/jre/lib/amd64/server/libjvm.so
7fde7a7df000-7fde7a875000 r--p 00d0e000 00:00 821423             /usr/lib/jvm/java-8-openjdk-amd64/jre/lib/amd64/server/libjvm.so
7fde7a875000-7fde7a89e000 rw-p 00da4000 00:00 821423             /usr/lib/jvm/java-8-openjdk-amd64/jre/lib/amd64/server/libjvm.so
7fde7a89e000-7fde7a8d1000 rw-p 00000000 00:00 0
7fde7a8d1000-7fde7a8d2000 r--s 00000000 00:00 859428             /home/gustavo/oiArduBot/backend/language_server/language_server_lib/javax.inject-1.jar
7fde7a8d2000-7fde7a8d4000 r--s 00010000 00:00 859417             /home/gustavo/oiArduBot/backend/language_server/language_server_lib/asm-commons-9.1.jar
7fde7a8d4000-7fde7a8d6000 r--s 0001c000 00:00 859415             /home/gustavo/oiArduBot/backend/language_server/language_server_lib/asm-9.1.jar
7fde7a8d6000-7fde7a8d9000 r--s 0001e000 00:00 859452             /home/gustavo/oiArduBot/backend/language_server/language_server_lib/org.eclipse.lsp4j.jsonrpc-0.10.0.jar
7fde7a8d9000-7fde7a8e0000 r--s 00064000 00:00 255358             /home/gustavo/oiArduBot/backend/language_server/language_server.jar
7fde7a8e0000-7fde7a8e2000 rw-p 00000000 00:00 0
7fde7a8e2000-7fde7a8ed000 r--s 00116000 00:00 821438             /usr/lib/jvm/java-8-openjdk-amd64/jre/lib/ext/localedata.jar
7fde7a8ed000-7fde7a8f4000 r--p 00000000 00:00 652090             /usr/lib/x86_64-linux-gnu/libpthread-2.31.so
7fde7a8f4000-7fde7a905000 r-xp 00007000 00:00 652090             /usr/lib/x86_64-linux-gnu/libpthread-2.31.so
7fde7a905000-7fde7a90a000 r--p 00018000 00:00 652090             /usr/lib/x86_64-linux-gnu/libpthread-2.31.so
7fde7a90a000-7fde7a90b000 r--p 0001c000 00:00 652090             /usr/lib/x86_64-linux-gnu/libpthread-2.31.so
7fde7a90b000-7fde7a90c000 rw-p 0001d000 00:00 652090             /usr/lib/x86_64-linux-gnu/libpthread-2.31.so
7fde7a90c000-7fde7a910000 rw-p 00000000 00:00 0
7fde7a910000-7fde7a911000 r--p 00000000 00:00 651773             /usr/lib/x86_64-linux-gnu/libdl-2.31.so
7fde7a911000-7fde7a913000 r-xp 00001000 00:00 651773             /usr/lib/x86_64-linux-gnu/libdl-2.31.so
7fde7a913000-7fde7a914000 r--p 00003000 00:00 651773             /usr/lib/x86_64-linux-gnu/libdl-2.31.so
7fde7a914000-7fde7a915000 r--p 00003000 00:00 651773             /usr/lib/x86_64-linux-gnu/libdl-2.31.so
7fde7a915000-7fde7a916000 rw-p 00004000 00:00 651773             /usr/lib/x86_64-linux-gnu/libdl-2.31.so
7fde7a916000-7fde7a918000 r--s 0000b000 00:00 859451             /home/gustavo/oiArduBot/backend/language_server/language_server_lib/org.eclipse.lsp4j.generator-0.10.0.jar
7fde7a918000-7fde7a91a000 r--s 00010000 00:00 821443             /usr/lib/jvm/java-8-openjdk-amd64/jre/lib/ext/zipfs.jar
7fde7a91a000-7fde7a920000 r--s 0003d000 00:00 821441             /usr/lib/jvm/java-8-openjdk-amd64/jre/lib/ext/sunjce_provider.jar
7fde7a920000-7fde7a922000 r--p 00000000 00:00 652266             /usr/lib/x86_64-linux-gnu/libz.so.1.2.11
7fde7a922000-7fde7a933000 r-xp 00002000 00:00 652266             /usr/lib/x86_64-linux-gnu/libz.so.1.2.11
7fde7a933000-7fde7a939000 r--p 00013000 00:00 652266             /usr/lib/x86_64-linux-gnu/libz.so.1.2.11
7fde7a939000-7fde7a93a000 ---p 00019000 00:00 652266             /usr/lib/x86_64-linux-gnu/libz.so.1.2.11
7fde7a93a000-7fde7a93b000 r--p 00019000 00:00 652266             /usr/lib/x86_64-linux-gnu/libz.so.1.2.11
7fde7a93b000-7fde7a93c000 rw-p 0001a000 00:00 652266             /usr/lib/x86_64-linux-gnu/libz.so.1.2.11
7fde7a93c000-7fde7a940000 r--s 00040000 00:00 821442             /usr/lib/jvm/java-8-openjdk-amd64/jre/lib/ext/sunpkcs11.jar
7fde7a940000-7fde7a965000 r--p 00000000 00:00 651734             /usr/lib/x86_64-linux-gnu/libc-2.31.so
7fde7a965000-7fde7aadd000 r-xp 00025000 00:00 651734             /usr/lib/x86_64-linux-gnu/libc-2.31.so
7fde7aadd000-7fde7ab27000 r--p 0019d000 00:00 651734             /usr/lib/x86_64-linux-gnu/libc-2.31.so
7fde7ab27000-7fde7ab28000 ---p 001e7000 00:00 651734             /usr/lib/x86_64-linux-gnu/libc-2.31.so
7fde7ab28000-7fde7ab2b000 r--p 001e7000 00:00 651734             /usr/lib/x86_64-linux-gnu/libc-2.31.so
7fde7ab2b000-7fde7ab2e000 rw-p 001ea000 00:00 651734             /usr/lib/x86_64-linux-gnu/libc-2.31.so
7fde7ab2e000-7fde7ab32000 rw-p 00000000 00:00 0
7fde7ab32000-7fde7ab33000 r--s 00001000 00:00 859465             /home/gustavo/oiArduBot/backend/language_server/language_server_lib/org.eclipse.xtext.xbase.web-2.25.0.jar
7fde7ab33000-7fde7ab35000 r--s 00008000 00:00 821440             /usr/lib/jvm/java-8-openjdk-amd64/jre/lib/ext/sunec.jar
7fde7ab35000-7fde7ab37000 r--s 0000c000 00:00 821673             /usr/share/java/java-atk-wrapper.jar
7fde7ab37000-7fde7ab3a000 r--s 0000f000 00:00 821436             /usr/lib/jvm/java-8-openjdk-amd64/jre/lib/ext/icedtea-sound.jar
7fde7ab3a000-7fde7ab40000 r--s 000d3000 00:00 821460             /usr/lib/jvm/java-8-openjdk-amd64/jre/lib/jfr.jar
7fde7ab40000-7fde7ab43000 r--p 00000000 00:00 821387             /usr/lib/jvm/java-8-openjdk-amd64/jre/lib/amd64/jli/libjli.so
7fde7ab43000-7fde7ab4d000 r-xp 00003000 00:00 821387             /usr/lib/jvm/java-8-openjdk-amd64/jre/lib/amd64/jli/libjli.so
7fde7ab4d000-7fde7ab50000 r--p 0000d000 00:00 821387             /usr/lib/jvm/java-8-openjdk-amd64/jre/lib/amd64/jli/libjli.so
7fde7ab50000-7fde7ab51000 r--p 0000f000 00:00 821387             /usr/lib/jvm/java-8-openjdk-amd64/jre/lib/amd64/jli/libjli.so
7fde7ab51000-7fde7ab52000 rw-p 00010000 00:00 821387             /usr/lib/jvm/java-8-openjdk-amd64/jre/lib/amd64/jli/libjli.so
7fde7ab52000-7fde7ab53000 r--s 0000a000 00:00 821437             /usr/lib/jvm/java-8-openjdk-amd64/jre/lib/ext/jaccess.jar
7fde7ab53000-7fde7ab55000 r--s 00001000 00:00 821435             /usr/lib/jvm/java-8-openjdk-amd64/jre/lib/ext/dnsns.jar
7fde7ab55000-7fde7ab56000 r--p 00000000 00:00 572517             /usr/lib/locale/C.UTF-8/LC_NUMERIC
7fde7ab56000-7fde7ab57000 r--p 00000000 00:00 572520             /usr/lib/locale/C.UTF-8/LC_TIME
7fde7ab57000-7fde7ab58000 r--p 00000000 00:00 572515             /usr/lib/locale/C.UTF-8/LC_MONETARY
7fde7ab58000-7fde7ab59000 r--p 00000000 00:00 572514             /usr/lib/locale/C.UTF-8/LC_MESSAGES/SYS_LC_MESSAGES
7fde7ab59000-7fde7ab60000 r--s 00000000 00:00 651581             /usr/lib/x86_64-linux-gnu/gconv/gconv-modules.cache
7fde7ab60000-7fde7ab61000 r--p 00000000 00:00 651617             /usr/lib/x86_64-linux-gnu/ld-2.31.so
7fde7ab61000-7fde7ab83000 r-xp 00001000 00:00 651617             /usr/lib/x86_64-linux-gnu/ld-2.31.so
7fde7ab83000-7fde7ab84000 r-xp 00023000 00:00 651617             /usr/lib/x86_64-linux-gnu/ld-2.31.so
7fde7ab84000-7fde7ab8b000 r--p 00024000 00:00 651617             /usr/lib/x86_64-linux-gnu/ld-2.31.so
7fde7ab8b000-7fde7ab8c000 r--p 0002b000 00:00 651617             /usr/lib/x86_64-linux-gnu/ld-2.31.so
7fde7ab8c000-7fde7ab8d000 r--p 00000000 00:00 572518             /usr/lib/locale/C.UTF-8/LC_PAPER
7fde7ab8d000-7fde7ab8e000 r--p 0002c000 00:00 651617             /usr/lib/x86_64-linux-gnu/ld-2.31.so
7fde7ab8e000-7fde7ab8f000 rw-p 0002d000 00:00 651617             /usr/lib/x86_64-linux-gnu/ld-2.31.so
7fde7ab8f000-7fde7ab92000 rw-p 00000000 00:00 0
7fde7ab92000-7fde7ab93000 r--p 00000000 00:00 572516             /usr/lib/locale/C.UTF-8/LC_NAME
7fde7ab93000-7fde7ab94000 r--p 00000000 00:00 572507             /usr/lib/locale/C.UTF-8/LC_ADDRESS
7fde7ab94000-7fde7ab95000 r--p 00000000 00:00 572519             /usr/lib/locale/C.UTF-8/LC_TELEPHONE
7fde7ab95000-7fde7ab96000 r--p 00000000 00:00 572512             /usr/lib/locale/C.UTF-8/LC_MEASUREMENT
7fde7ab96000-7fde7ab97000 r--p 00000000 00:00 572510             /usr/lib/locale/C.UTF-8/LC_IDENTIFICATION
7fde7ab97000-7fde7ab9f000 rw-s 00000000 00:00 88089              /tmp/hsperfdata_gustavo/1586
7fde7ab9f000-7fde7aba0000 r--p 00000000 00:00 821374             /usr/lib/jvm/java-8-openjdk-amd64/jre/bin/java
7fde7aba0000-7fde7aba1000 r-xp 00001000 00:00 821374             /usr/lib/jvm/java-8-openjdk-amd64/jre/bin/java
7fde7aba1000-7fde7aba2000 r--p 00002000 00:00 821374             /usr/lib/jvm/java-8-openjdk-amd64/jre/bin/java
7fde7aba2000-7fde7aba3000 r--p 00002000 00:00 821374             /usr/lib/jvm/java-8-openjdk-amd64/jre/bin/java
7fde7aba3000-7fde7aba4000 rw-p 00003000 00:00 821374             /usr/lib/jvm/java-8-openjdk-amd64/jre/bin/java
7fffc0653000-7fffc069e000 rw-p 00000000 00:00 0                  [heap]
7fffc7fde000-7fffc87de000 rw-p 00000000 00:00 0                  [stack]
7fffc8eec000-7fffc8eed000 r-xp 00000000 00:00 0                  [vdso]

VM Arguments:
java_command: /home/gustavo/oiArduBot/backend/language_server/language_server.jar
java_class_path (initial): /home/gustavo/oiArduBot/backend/language_server/language_server.jar
Launcher Type: SUN_STANDARD

Environment Variables:
JAVA_HOME=/usr/lib/jvm/java-8-openjdk-amd64
PATH=/usr/share/npm/node_modules/npm-lifecycle/node-gyp-bin:/home/gustavo/oiArduBot/backend/node_modules/.bin:/usr/local/sbin:/usr/local/bin:/usr/sbin:/usr/bin:/sbin:/bin:/usr/games:/usr/local/games:/mnt/c/Program Files (x86)/Common Files/Oracle/Java/javapath:/mnt/c/Program Files/Java/jdk-11.0.12:/mnt/c/Program Files/Java/jdk-11.0.12/bin:/mnt/c/Users/Eduarda Girardi/AppData/Local/Programs/Microsoft VS Code:/mnt/c/Program Files/nodejs/:/mnt/c/Program Files (x86)/GnuWin32/bin:/mnt/c/Windows/System32/WindowsPowerShell/v1.0:/mnt/c/Users/Eduarda Girardi/AppData/Roaming/npm:/snap/bin
SHELL=/bin/bash
HOSTTYPE=x86_64

Signal Handlers:
SIGSEGV: [libjvm.so+0xb365d0], sa_mask[0]=11111111111111111111111111111110, sa_flags=SA_RESTART|SA_SIGINFO
SIGBUS: [libjvm.so+0xb365d0], sa_mask[0]=11111111111111111111111111111110, sa_flags=SA_RESTART|SA_SIGINFO
SIGFPE: [libjvm.so+0x97b8c0], sa_mask[0]=11111111111111111111111111111110, sa_flags=SA_RESTART|SA_SIGINFO
SIGPIPE: [libjvm.so+0x97b8c0], sa_mask[0]=11111111111111111111111111111110, sa_flags=SA_RESTART|SA_SIGINFO
SIGXFSZ: [libjvm.so+0x97b8c0], sa_mask[0]=11111111111111111111111111111110, sa_flags=SA_RESTART|SA_SIGINFO
SIGILL: [libjvm.so+0x97b8c0], sa_mask[0]=11111111111111111111111111111110, sa_flags=SA_RESTART|SA_SIGINFO
SIGUSR1: SIG_DFL, sa_mask[0]=00000000010000000000000000000000, sa_flags=SA_RESTART
SIGUSR2: [libjvm.so+0x97b770], sa_mask[0]=00000000000000000000000000000000, sa_flags=SA_RESTART|SA_SIGINFO
SIGHUP: [libjvm.so+0x97bb40], sa_mask[0]=11111111111111111111111111111110, sa_flags=SA_RESTART|SA_SIGINFO
SIGINT: [libjvm.so+0x97bb40], sa_mask[0]=11111111111111111111111111111110, sa_flags=SA_RESTART|SA_SIGINFO
SIGTERM: [libjvm.so+0x97bb40], sa_mask[0]=11111111111111111111111111111110, sa_flags=SA_RESTART|SA_SIGINFO
SIGQUIT: [libjvm.so+0x97bb40], sa_mask[0]=11111111111111111111111111111110, sa_flags=SA_RESTART|SA_SIGINFO


---------------  S Y S T E M  ---------------

OS:DISTRIB_ID=Ubuntu
DISTRIB_RELEASE=20.04
DISTRIB_CODENAME=focal
DISTRIB_DESCRIPTION="Ubuntu 20.04.2 LTS"

uname:Linux 4.4.0-19041-Microsoft #488-Microsoft Mon Sep 01 13:43:00 PST 2020 x86_64
libc:glibc 2.31 NPTL 2.31 
rlimit: STACK 8192k, CORE 0k, NPROC 7823, NOFILE 65536, AS infinity
load average:0.52 0.58 0.59

/proc/meminfo:
MemTotal:        4070812 kB
MemFree:          612400 kB
Buffers:           34032 kB
Cached:           188576 kB
SwapCached:            0 kB
Active:           167556 kB
Inactive:         157876 kB
Active(anon):     103104 kB
Inactive(anon):    17440 kB
Active(file):      64452 kB
Inactive(file):   140436 kB
Unevictable:           0 kB
Mlocked:               0 kB
SwapTotal:      12582912 kB
SwapFree:        9541412 kB
Dirty:                 0 kB
Writeback:             0 kB
AnonPages:        102824 kB
Mapped:            71404 kB
Shmem:             17720 kB
Slab:              13868 kB
SReclaimable:       6744 kB
SUnreclaim:         7124 kB
KernelStack:        2848 kB
PageTables:         2524 kB
NFS_Unstable:          0 kB
Bounce:                0 kB
WritebackTmp:          0 kB
CommitLimit:      515524 kB
Committed_AS:    3450064 kB
VmallocTotal:     122880 kB
VmallocUsed:       21296 kB
VmallocChunk:      66044 kB
HardwareCorrupted:     0 kB
AnonHugePages:      2048 kB
HugePages_Total:       0
HugePages_Free:        0
HugePages_Rsvd:        0
HugePages_Surp:        0
Hugepagesize:       2048 kB
DirectMap4k:       12280 kB
DirectMap4M:      897024 kB


CPU:total 4 (initial active 4) (2 cores per cpu, 2 threads per core) family 6 model 142 stepping 9, cmov, cx8, fxsr, mmx, sse, sse2, sse3, ssse3, sse4.1, sse4.2, popcnt, avx, avx2, aes, clmul, erms, 3dnowpref, lzcnt, ht, tsc, tscinvbit, bmi1, bmi2, adx

/proc/cpuinfo:
processor	: 0
vendor_id	: GenuineIntel
cpu family	: 6
model		: 142
model name	: Intel(R) Core(TM) i3-7020U CPU @ 2.30GHz
stepping	: 9
microcode	: 0xffffffff
cpu MHz		: 2304.000
cache size	: 256 KB
physical id	: 0
siblings	: 4
core id		: 0
cpu cores	: 2
apicid		: 0
initial apicid	: 0
fpu		: yes
fpu_exception	: yes
cpuid level	: 6
wp		: yes
flags		: fpu vme de pse tsc msr pae mce cx8 apic sep mtrr pge mca cmov pat pse36 clflush dts acpi mmx fxsr sse sse2 ss ht tm pbe syscall nx pdpe1gb rdtscp lm pni pclmulqdq dtes64 est tm2 ssse3 fma cx16 xtpr pdcm pcid sse4_1 sse4_2 movbe popcnt aes xsave osxsave avx f16c rdrand hypervisor lahf_lm abm 3dnowprefetch fsgsbase tsc_adjust bmi1 avx2 smep bmi2 erms invpcid mpx rdseed adx smap clflushopt ibrs ibpb stibp ssbd
bogomips	: 4608.00
clflush size	: 64
cache_alignment	: 64
address sizes	: 36 bits physical, 48 bits virtual
power management:

processor	: 1
vendor_id	: GenuineIntel
cpu family	: 6
model		: 142
model name	: Intel(R) Core(TM) i3-7020U CPU @ 2.30GHz
stepping	: 9
microcode	: 0xffffffff
cpu MHz		: 2304.000
cache size	: 256 KB
physical id	: 0
siblings	: 4
core id		: 0
cpu cores	: 2
apicid		: 0
initial apicid	: 0
fpu		: yes
fpu_exception	: yes
cpuid level	: 6
wp		: yes
flags		: fpu vme de pse tsc msr pae mce cx8 apic sep mtrr pge mca cmov pat pse36 clflush dts acpi mmx fxsr sse sse2 ss ht tm pbe syscall nx pdpe1gb rdtscp lm pni pclmulqdq dtes64 est tm2 ssse3 fma cx16 xtpr pdcm pcid sse4_1 sse4_2 movbe popcnt aes xsave osxsave avx f16c rdrand hypervisor lahf_lm abm 3dnowprefetch fsgsbase tsc_adjust bmi1 avx2 smep bmi2 erms invpcid mpx rdseed adx smap clflushopt ibrs ibpb stibp ssbd
bogomips	: 4608.00
clflush size	: 64
cache_alignment	: 64
address sizes	: 36 bits physical, 48 bits virtual
power management:

processor	: 2
vendor_id	: GenuineIntel
cpu family	: 6
model		: 142
model name	: Intel(R) Core(TM) i3-7020U CPU @ 2.30GHz
stepping	: 9
microcode	: 0xffffffff
cpu MHz		: 2304.000
cache size	: 256 KB
physical id	: 0
siblings	: 4
core id		: 1
cpu cores	: 2
apicid		: 0
initial apicid	: 0
fpu		: yes
fpu_exception	: yes
cpuid level	: 6
wp		: yes
flags		: fpu vme de pse tsc msr pae mce cx8 apic sep mtrr pge mca cmov pat pse36 clflush dts acpi mmx fxsr sse sse2 ss ht tm pbe syscall nx pdpe1gb rdtscp lm pni pclmulqdq dtes64 est tm2 ssse3 fma cx16 xtpr pdcm pcid sse4_1 sse4_2 movbe popcnt aes xsave osxsave avx f16c rdrand hypervisor lahf_lm abm 3dnowprefetch fsgsbase tsc_adjust bmi1 avx2 smep bmi2 erms invpcid mpx rdseed adx smap clflushopt ibrs ibpb stibp ssbd
bogomips	: 4608.00
clflush size	: 64
cache_alignment	: 64
address sizes	: 36 bits physical, 48 bits virtual
power management:

processor	: 3
vendor_id	: GenuineIntel
cpu family	: 6
model		: 142
model name	: Intel(R) Core(TM) i3-7020U CPU @ 2.30GHz
stepping	: 9
microcode	: 0xffffffff
cpu MHz		: 2304.000
cache size	: 256 KB
physical id	: 0
siblings	: 4
core id		: 1
cpu cores	: 2
apicid		: 0
initial apicid	: 0
fpu		: yes
fpu_exception	: yes
cpuid level	: 6
wp		: yes
flags		: fpu vme de pse tsc msr pae mce cx8 apic sep mtrr pge mca cmov pat pse36 clflush dts acpi mmx fxsr sse sse2 ss ht tm pbe syscall nx pdpe1gb rdtscp lm pni pclmulqdq dtes64 est tm2 ssse3 fma cx16 xtpr pdcm pcid sse4_1 sse4_2 movbe popcnt aes xsave osxsave avx f16c rdrand hypervisor lahf_lm abm 3dnowprefetch fsgsbase tsc_adjust bmi1 avx2 smep bmi2 erms invpcid mpx rdseed adx smap clflushopt ibrs ibpb stibp ssbd
bogomips	: 4608.00
clflush size	: 64
cache_alignment	: 64
address sizes	: 36 bits physical, 48 bits virtual
power management:



Memory: 4k page, physical 4070812k(611468k free), swap 12582912k(9541492k free)

vm_info: OpenJDK 64-Bit Server VM (25.292-b10) for linux-amd64 JRE (1.8.0_292-8u292-b10-0ubuntu1~20.04-b10), built on Apr 21 2021 11:46:09 by "buildd" with gcc 9.3.0

time: Wed Aug 11 22:17:27 2021
timezone: -03
elapsed time: 217.721563 seconds (0d 0h 3m 37s)

