#
# A fatal error has been detected by the Java Runtime Environment:
#
#  SIGSEGV (0xb) at pc=0x00007f403478b7ba, pid=225, tid=0x00007f4034c21440
#
# JRE version: OpenJDK Runtime Environment (8.0_292-b10) (build 1.8.0_292-8u292-b10-0ubuntu1~20.04-b10)
# Java VM: OpenJDK 64-Bit Server VM (25.292-b10 mixed mode linux-amd64 compressed oops)
# Problematic frame:
# V  [libjvm.so+0x97b7ba]
#
# Failed to write core dump. Core dumps have been disabled. To enable core dumping, try "ulimit -c unlimited" before starting Java again
#
# If you would like to submit a bug report, please visit:
#   http://bugreport.java.com/bugreport/crash.jsp
#

---------------  T H R E A D  ---------------

Current thread is native thread

siginfo: si_signo: 11 (SIGSEGV), si_code: 1 (SEGV_MAPERR), si_addr: 0x0000000000000180

Registers:
RAX=0x0000000000000000, RBX=0x00007f4034c213c0, RCX=0x0000000000000000, RDX=0x00007f4034c21440
RSP=0x00007fffd46f7560, RBP=0x00007fffd46f7630, RSI=0x00007fffd46f7c50, RDI=0x0000000000000001
R8 =0x0000000000000000, R9 =0x00007f4033aa0700, R10=0x0000000000000000, R11=0x0000000000000000
R12=0x00007fffd46f7c50, R13=0x00007f4033aa09d0, R14=0x0000000000000000, R15=0x00007f4033aa0700
RIP=0x00007f403478b7ba, EFLAGS=0x0000000000010246, CSGSFS=0x00000053002b0033, ERR=0x0000000000000000
  TRAPNO=0x0000000000000000

Top of Stack: (sp=0x00007fffd46f7560)
0x00007fffd46f7560:   00007fffd46f77e0 00007fffd46f7640
0x00007fffd46f7570:   00007fffd46f781f 00007fffd46f77e0
0x00007fffd46f7580:   00007fffd46f781f 0000000000000000
0x00007fffd46f7590:   0000000000000000 0000000000000000
0x00007fffd46f75a0:   0000000000000000 0000000000000000
0x00007fffd46f75b0:   0000000000000004 00000000000001fe
0x00007fffd46f75c0:   00000000000001fe ffffffffffffff00
0x00007fffd46f75d0:   00007f4034e6bce0 0000000000000000
0x00007fffd46f75e0:   00007f4034bede20 00007f4034b2bbc8
0x00007fffd46f75f0:   00007f4034e6bbe0 9871b5043cdc5e00
0x00007fffd46f7600:   00007f40349b22e0 00000000000000ca
0x00007fffd46f7610:   00000000000000e2 00007f4033aa09d0
0x00007fffd46f7620:   0000000000100000 00007f4033aa0700
0x00007fffd46f7630:   00007fffd46f7df8 00007f4034cc6210
0x00007fffd46f7640:   0000000000000000 0000000000000000
0x00007fffd46f7650:   0000000000000000 0000000000000000
0x00007fffd46f7660:   0000000000000000 0000000000000000
0x00007fffd46f7670:   00007f4033aa0700 0000000000000000
0x00007fffd46f7680:   0000000000000000 00000000000000e2
0x00007fffd46f7690:   00007f4033aa09d0 0000000000100000
0x00007fffd46f76a0:   00007f4033aa0700 00007f4033aa09d0
0x00007fffd46f76b0:   0000000000000000 00007fffd46f7df8
0x00007fffd46f76c0:   00000000000000ca 00000000000000e2
0x00007fffd46f76d0:   fffffffffffffffc 0000000000000000
0x00007fffd46f76e0:   00007fffd46f7d50 00007f4034c37cd7
0x00007fffd46f76f0:   0000000000000246 00000053002b0033
0x00007fffd46f7700:   0000000000000000 0000000000000000
0x00007fffd46f7710:   0000000000000000 0000000000000000
0x00007fffd46f7720:   0000000000000000 0000000000000000
0x00007fffd46f7730:   0000000000000000 0000000000000000
0x00007fffd46f7740:   0000000000000000 0000000000000000
0x00007fffd46f7750:   0000000000000000 0000000000000000 

Instructions: (pc=0x00007f403478b7ba)
0x00007f403478b79a:   00 48 89 45 c8 31 c0 e8 8a a4 87 ff 44 8b 30 48
0x00007f403478b7aa:   89 c3 48 8d 05 55 e3 43 00 8b 38 e8 fe a6 87 ff
0x00007f403478b7ba:   4c 8b a8 80 01 00 00 41 8b 85 a8 00 00 00 83 f8
0x00007f403478b7ca:   01 74 2b 44 89 33 48 8b 45 c8 64 48 33 04 25 28 

Register to memory mapping:

RAX=0x0000000000000000 is an unknown value
RBX=0x00007f4034c213c0 is an unknown value
RCX=0x0000000000000000 is an unknown value
RDX=0x00007f4034c21440 is an unknown value
RSP=0x00007fffd46f7560 is an unknown value
RBP=0x00007fffd46f7630 is an unknown value
RSI=0x00007fffd46f7c50 is an unknown value
RDI=0x0000000000000001 is an unknown value
R8 =0x0000000000000000 is an unknown value
R9 =0x00007f4033aa0700 is pointing into the stack for thread: 0x00007f402c00a000
R10=0x0000000000000000 is an unknown value
R11=0x0000000000000000 is an unknown value
R12=0x00007fffd46f7c50 is an unknown value
R13=0x00007f4033aa09d0 is pointing into the stack for thread: 0x00007f402c00a000
R14=0x0000000000000000 is an unknown value
R15=0x00007f4033aa0700 is pointing into the stack for thread: 0x00007f402c00a000


Stack: [0x00007fffd45ff000,0x00007fffd46ff000],  sp=0x00007fffd46f7560,  free space=993k
Native frames: (J=compiled Java code, j=interpreted, Vv=VM code, C=native code)
V  [libjvm.so+0x97b7ba]
C  [libc.so.6+0x46210]


---------------  P R O C E S S  ---------------

VM state:not at safepoint (normal execution)

VM Mutex/Monitor currently owned by a thread: None

heap address: 0x00000000c1e00000, size: 994 MB, Compressed Oops mode: 32-bit
Narrow klass base: 0x0000000000000000, Narrow klass shift: 3
Compressed class space size: 1073741824 Address: 0x0000000100000000

Heap:
 PSYoungGen      total 74240K, used 38302K [0x00000000eb500000, 0x00000000f0a00000, 0x0000000100000000)
  eden space 64512K, 45% used [0x00000000eb500000,0x00000000ed1c3080,0x00000000ef400000)
  from space 9728K, 90% used [0x00000000efe80000,0x00000000f07247c0,0x00000000f0800000)
  to   space 10752K, 0% used [0x00000000ef400000,0x00000000ef400000,0x00000000efe80000)
 ParOldGen       total 44032K, used 14673K [0x00000000c1e00000, 0x00000000c4900000, 0x00000000eb500000)
  object space 44032K, 33% used [0x00000000c1e00000,0x00000000c2c546d0,0x00000000c4900000)
 Metaspace       used 12919K, capacity 13206K, committed 13440K, reserved 1060864K
  class space    used 1483K, capacity 1581K, committed 1664K, reserved 1048576K

Card table byte_map: [0x00007f4033340000,0x00007f4033532000] byte_map_base: 0x00007f4032d31000

Marking Bits: (ParMarkBitMap*) 0x00007f4034bf46c0
 Begin Bits: [0x00007f4030ea0000, 0x00007f4031e28000)
 End Bits:   [0x00007f4031e28000, 0x00007f4032db0000)

Polling page: 0x00007f4033ad0000

CodeCache: size=245760Kb used=4123Kb max_used=4171Kb free=241636Kb
 bounds [0x00007f401d000000, 0x00007f401d420000, 0x00007f402c000000]
 total_blobs=1460 nmethods=1082 adapters=291
 compilation: enabled

Compilation events (10 events):
Event: 6.000 Thread 0x00007f402c183800 1111       4       jdk.internal.org.objectweb.asm.Item::set (143 bytes)
Event: 6.008 Thread 0x00007f402c188800 nmethod 1117 0x00007f401d3ef310 code [0x00007f401d3ef4c0, 0x00007f401d3efad8]
Event: 6.008 Thread 0x00007f402c188800 1116       3       jdk.internal.org.objectweb.asm.ClassWriter::visitMethod (24 bytes)
Event: 6.009 Thread 0x00007f402c188800 nmethod 1116 0x00007f401d3eee90 code [0x00007f401d3ef000, 0x00007f401d3ef228]
Event: 6.169 Thread 0x00007f402c188800 1118       3       java.util.Formatter$Flags::contains (22 bytes)
Event: 6.173 Thread 0x00007f402c188800 nmethod 1118 0x00007f401d3eea50 code [0x00007f401d3eebc0, 0x00007f401d3eedd0]
Event: 6.225 Thread 0x00007f402c188800 1119       3       sun.nio.cs.UTF_8$Encoder::encodeArrayLoop (489 bytes)
Event: 6.251 Thread 0x00007f402c188800 nmethod 1119 0x00007f401d3f0090 code [0x00007f401d3f05e0, 0x00007f401d3f3be8]
Event: 6.256 Thread 0x00007f402c183800 nmethod 1111 0x00007f401d3f5fd0 code [0x00007f401d3f62a0, 0x00007f401d3f6b58]
Event: 6.617 Thread 0x00007f402c186800 nmethod 979 0x00007f401d401d50 code [0x00007f401d4023a0, 0x00007f401d40b7f0]

GC Heap History (10 events):
Event: 3.371 GC heap before
{Heap before GC invocations=2 (full 0):
 PSYoungGen      total 18944K, used 18922K [0x00000000eb500000, 0x00000000eca00000, 0x0000000100000000)
  eden space 16384K, 100% used [0x00000000eb500000,0x00000000ec500000,0x00000000ec500000)
  from space 2560K, 99% used [0x00000000ec500000,0x00000000ec77a980,0x00000000ec780000)
  to   space 2560K, 0% used [0x00000000ec780000,0x00000000ec780000,0x00000000eca00000)
 ParOldGen       total 44032K, used 440K [0x00000000c1e00000, 0x00000000c4900000, 0x00000000eb500000)
  object space 44032K, 1% used [0x00000000c1e00000,0x00000000c1e6e2e8,0x00000000c4900000)
 Metaspace       used 10234K, capacity 10410K, committed 10496K, reserved 1058816K
  class space    used 1151K, capacity 1229K, committed 1280K, reserved 1048576K
Event: 3.397 GC heap after
Heap after GC invocations=2 (full 0):
 PSYoungGen      total 18944K, used 2542K [0x00000000eb500000, 0x00000000eda00000, 0x0000000100000000)
  eden space 16384K, 0% used [0x00000000eb500000,0x00000000eb500000,0x00000000ec500000)
  from space 2560K, 99% used [0x00000000ec780000,0x00000000ec9fb9d8,0x00000000eca00000)
  to   space 2560K, 0% used [0x00000000ec500000,0x00000000ec500000,0x00000000ec780000)
 ParOldGen       total 44032K, used 2097K [0x00000000c1e00000, 0x00000000c4900000, 0x00000000eb500000)
  object space 44032K, 4% used [0x00000000c1e00000,0x00000000c200c478,0x00000000c4900000)
 Metaspace       used 10234K, capacity 10410K, committed 10496K, reserved 1058816K
  class space    used 1151K, capacity 1229K, committed 1280K, reserved 1048576K
}
Event: 3.655 GC heap before
{Heap before GC invocations=3 (full 0):
 PSYoungGen      total 18944K, used 18926K [0x00000000eb500000, 0x00000000eda00000, 0x0000000100000000)
  eden space 16384K, 100% used [0x00000000eb500000,0x00000000ec500000,0x00000000ec500000)
  from space 2560K, 99% used [0x00000000ec780000,0x00000000ec9fb9d8,0x00000000eca00000)
  to   space 2560K, 0% used [0x00000000ec500000,0x00000000ec500000,0x00000000ec780000)
 ParOldGen       total 44032K, used 2097K [0x00000000c1e00000, 0x00000000c4900000, 0x00000000eb500000)
  object space 44032K, 4% used [0x00000000c1e00000,0x00000000c200c478,0x00000000c4900000)
 Metaspace       used 10316K, capacity 10538K, committed 10752K, reserved 1058816K
  class space    used 1151K, capacity 1229K, committed 1280K, reserved 1048576K
Event: 3.703 GC heap after
Heap after GC invocations=3 (full 0):
 PSYoungGen      total 18944K, used 2542K [0x00000000eb500000, 0x00000000eda00000, 0x0000000100000000)
  eden space 16384K, 0% used [0x00000000eb500000,0x00000000eb500000,0x00000000ec500000)
  from space 2560K, 99% used [0x00000000ec500000,0x00000000ec77b9d8,0x00000000ec780000)
  to   space 2560K, 0% used [0x00000000ed780000,0x00000000ed780000,0x00000000eda00000)
 ParOldGen       total 44032K, used 5544K [0x00000000c1e00000, 0x00000000c4900000, 0x00000000eb500000)
  object space 44032K, 12% used [0x00000000c1e00000,0x00000000c236a368,0x00000000c4900000)
 Metaspace       used 10316K, capacity 10538K, committed 10752K, reserved 1058816K
  class space    used 1151K, capacity 1229K, committed 1280K, reserved 1048576K
}
Event: 3.823 GC heap before
{Heap before GC invocations=4 (full 0):
 PSYoungGen      total 18944K, used 18926K [0x00000000eb500000, 0x00000000eda00000, 0x0000000100000000)
  eden space 16384K, 100% used [0x00000000eb500000,0x00000000ec500000,0x00000000ec500000)
  from space 2560K, 99% used [0x00000000ec500000,0x00000000ec77b9d8,0x00000000ec780000)
  to   space 2560K, 0% used [0x00000000ed780000,0x00000000ed780000,0x00000000eda00000)
 ParOldGen       total 44032K, used 5544K [0x00000000c1e00000, 0x00000000c4900000, 0x00000000eb500000)
  object space 44032K, 12% used [0x00000000c1e00000,0x00000000c236a368,0x00000000c4900000)
 Metaspace       used 10330K, capacity 10602K, committed 10752K, reserved 1058816K
  class space    used 1151K, capacity 1229K, committed 1280K, reserved 1048576K
Event: 3.888 GC heap after
Heap after GC invocations=4 (full 0):
 PSYoungGen      total 35328K, used 2558K [0x00000000eb500000, 0x00000000eda00000, 0x0000000100000000)
  eden space 32768K, 0% used [0x00000000eb500000,0x00000000eb500000,0x00000000ed500000)
  from space 2560K, 99% used [0x00000000ed780000,0x00000000ed9ff988,0x00000000eda00000)
  to   space 2560K, 0% used [0x00000000ed500000,0x00000000ed500000,0x00000000ed780000)
 ParOldGen       total 44032K, used 8476K [0x00000000c1e00000, 0x00000000c4900000, 0x00000000eb500000)
  object space 44032K, 19% used [0x00000000c1e00000,0x00000000c2647220,0x00000000c4900000)
 Metaspace       used 10330K, capacity 10602K, committed 10752K, reserved 1058816K
  class space    used 1151K, capacity 1229K, committed 1280K, reserved 1048576K
}
Event: 4.414 GC heap before
{Heap before GC invocations=5 (full 0):
 PSYoungGen      total 35328K, used 35326K [0x00000000eb500000, 0x00000000eda00000, 0x0000000100000000)
  eden space 32768K, 100% used [0x00000000eb500000,0x00000000ed500000,0x00000000ed500000)
  from space 2560K, 99% used [0x00000000ed780000,0x00000000ed9ff988,0x00000000eda00000)
  to   space 2560K, 0% used [0x00000000ed500000,0x00000000ed500000,0x00000000ed780000)
 ParOldGen       total 44032K, used 8476K [0x00000000c1e00000, 0x00000000c4900000, 0x00000000eb500000)
  object space 44032K, 19% used [0x00000000c1e00000,0x00000000c2647220,0x00000000c4900000)
 Metaspace       used 10338K, capacity 10602K, committed 10752K, reserved 1058816K
  class space    used 1151K, capacity 1229K, committed 1280K, reserved 1048576K
Event: 4.448 GC heap after
Heap after GC invocations=5 (full 0):
 PSYoungGen      total 35328K, used 2542K [0x00000000eb500000, 0x00000000f0800000, 0x0000000100000000)
  eden space 32768K, 0% used [0x00000000eb500000,0x00000000eb500000,0x00000000ed500000)
  from space 2560K, 99% used [0x00000000ed500000,0x00000000ed77b978,0x00000000ed780000)
  to   space 9728K, 0% used [0x00000000efe80000,0x00000000efe80000,0x00000000f0800000)
 ParOldGen       total 44032K, used 14665K [0x00000000c1e00000, 0x00000000c4900000, 0x00000000eb500000)
  object space 44032K, 33% used [0x00000000c1e00000,0x00000000c2c526d0,0x00000000c4900000)
 Metaspace       used 10338K, capacity 10602K, committed 10752K, reserved 1058816K
  class space    used 1151K, capacity 1229K, committed 1280K, reserved 1048576K
}
Event: 4.536 GC heap before
{Heap before GC invocations=6 (full 0):
 PSYoungGen      total 35328K, used 35310K [0x00000000eb500000, 0x00000000f0800000, 0x0000000100000000)
  eden space 32768K, 100% used [0x00000000eb500000,0x00000000ed500000,0x00000000ed500000)
  from space 2560K, 99% used [0x00000000ed500000,0x00000000ed77b978,0x00000000ed780000)
  to   space 9728K, 0% used [0x00000000efe80000,0x00000000efe80000,0x00000000f0800000)
 ParOldGen       total 44032K, used 14665K [0x00000000c1e00000, 0x00000000c4900000, 0x00000000eb500000)
  object space 44032K, 33% used [0x00000000c1e00000,0x00000000c2c526d0,0x00000000c4900000)
 Metaspace       used 10340K, capacity 10602K, committed 10752K, reserved 1058816K
  class space    used 1151K, capacity 1229K, committed 1280K, reserved 1048576K
Event: 4.570 GC heap after
Heap after GC invocations=6 (full 0):
 PSYoungGen      total 74240K, used 8849K [0x00000000eb500000, 0x00000000f0a00000, 0x0000000100000000)
  eden space 64512K, 0% used [0x00000000eb500000,0x00000000eb500000,0x00000000ef400000)
  from space 9728K, 90% used [0x00000000efe80000,0x00000000f07247c0,0x00000000f0800000)
  to   space 10752K, 0% used [0x00000000ef400000,0x00000000ef400000,0x00000000efe80000)
 ParOldGen       total 44032K, used 14673K [0x00000000c1e00000, 0x00000000c4900000, 0x00000000eb500000)
  object space 44032K, 33% used [0x00000000c1e00000,0x00000000c2c546d0,0x00000000c4900000)
 Metaspace       used 10340K, capacity 10602K, committed 10752K, reserved 1058816K
  class space    used 1151K, capacity 1229K, committed 1280K, reserved 1048576K
}

Deoptimization events (9 events):
Event: 2.527 Thread 0x00007f402c00a000 Uncommon trap: reason=unstable_if action=reinterpret pc=0x00007f401d1fcf28 method=java.lang.String.startsWith(Ljava/lang/String;I)Z @ 25
Event: 2.931 Thread 0x00007f402c00a000 Uncommon trap: reason=unstable_if action=reinterpret pc=0x00007f401d1a3b48 method=java.lang.String.indexOf([CII[CIII)I @ 3
Event: 3.960 Thread 0x00007f402c730000 Uncommon trap: reason=unstable_if action=reinterpret pc=0x00007f401d32f3d8 method=org.objectweb.asm.ClassReader.<init>([BIZ)V @ 354
Event: 4.601 Thread 0x00007f402c738800 Uncommon trap: reason=unstable_if action=reinterpret pc=0x00007f401d3899e4 method=org.objectweb.asm.ClassReader.readMethod(Lorg/objectweb/asm/ClassVisitor;Lorg/objectweb/asm/Context;I)I @ 658
Event: 5.230 Thread 0x00007f402c00a000 Uncommon trap: reason=unstable_if action=reinterpret pc=0x00007f401d2daa70 method=java.util.regex.Pattern.has(I)Z @ 6
Event: 5.320 Thread 0x00007f402c00a000 Uncommon trap: reason=unstable_if action=reinterpret pc=0x00007f401d35c464 method=java.lang.String.regionMatches(ZILjava/lang/String;II)Z @ 123
Event: 5.552 Thread 0x00007f402c00a000 Uncommon trap: reason=unstable_if action=reinterpret pc=0x00007f401d382e68 method=java.util.HashMap$HashIterator.nextNode()Ljava/util/HashMap$Node; @ 53
Event: 5.787 Thread 0x00007f402c00a000 Uncommon trap: reason=unstable_if action=reinterpret pc=0x00007f401d330344 method=java.util.TreeMap.put(Ljava/lang/Object;Ljava/lang/Object;)Ljava/lang/Object; @ 55
Event: 5.913 Thread 0x00007f402c00a000 Uncommon trap: reason=unstable_if action=reinterpret pc=0x00007f401d3c16a8 method=java.lang.CharacterDataLatin1.digit(II)I @ 82

Classes redefined (0 events):
No events

Internal exceptions (10 events):
Event: 3.042 Thread 0x00007f402c00a000 Exception <a 'sun/nio/fs/UnixException'> (0x00000000eba62250) thrown at [/build/openjdk-8-4TqvnK/openjdk-8-8u292-b10/src/hotspot/src/share/vm/prims/jni.cpp, line 711]
Event: 3.042 Thread 0x00007f402c00a000 Exception <a 'sun/nio/fs/UnixException'> (0x00000000eba62720) thrown at [/build/openjdk-8-4TqvnK/openjdk-8-8u292-b10/src/hotspot/src/share/vm/prims/jni.cpp, line 711]
Event: 3.214 Thread 0x00007f402c00a000 Exception <a 'java/lang/NoSuchMethodError': java.lang.Object.lambda$maxBy$1(Ljava/util/Comparator;Ljava/lang/Object;Ljava/lang/Object;)Ljava/lang/Object;> (0x00000000ebe9b7f0) thrown at [/build/openjdk-8-4TqvnK/openjdk-8-8u292-b10/src/hotspot/src/share/vm
Event: 4.776 Thread 0x00007f402c00a000 Exception <a 'sun/nio/fs/UnixException'> (0x00000000ec9a3598) thrown at [/build/openjdk-8-4TqvnK/openjdk-8-8u292-b10/src/hotspot/src/share/vm/prims/jni.cpp, line 711]
Event: 4.777 Thread 0x00007f402c00a000 Exception <a 'sun/nio/fs/UnixException'> (0x00000000ec9a4040) thrown at [/build/openjdk-8-4TqvnK/openjdk-8-8u292-b10/src/hotspot/src/share/vm/prims/jni.cpp, line 711]
Event: 4.777 Thread 0x00007f402c00a000 Exception <a 'sun/nio/fs/UnixException'> (0x00000000ec9a4570) thrown at [/build/openjdk-8-4TqvnK/openjdk-8-8u292-b10/src/hotspot/src/share/vm/prims/jni.cpp, line 711]
Event: 4.777 Thread 0x00007f402c00a000 Exception <a 'sun/nio/fs/UnixException'> (0x00000000ec9a4b10) thrown at [/build/openjdk-8-4TqvnK/openjdk-8-8u292-b10/src/hotspot/src/share/vm/prims/jni.cpp, line 711]
Event: 4.778 Thread 0x00007f402c00a000 Exception <a 'sun/nio/fs/UnixException'> (0x00000000ec9a4f50) thrown at [/build/openjdk-8-4TqvnK/openjdk-8-8u292-b10/src/hotspot/src/share/vm/prims/jni.cpp, line 711]
Event: 4.778 Thread 0x00007f402c00a000 Exception <a 'sun/nio/fs/UnixException'> (0x00000000ec9a5420) thrown at [/build/openjdk-8-4TqvnK/openjdk-8-8u292-b10/src/hotspot/src/share/vm/prims/jni.cpp, line 711]
Event: 5.784 Thread 0x00007f402c00a000 Exception <a 'java/lang/NoSuchMethodError': java.lang.Object.lambda$comparing$77a9974f$1(Ljava/util/function/Function;Ljava/lang/Object;Ljava/lang/Object;)I> (0x00000000ece04048) thrown at [/build/openjdk-8-4TqvnK/openjdk-8-8u292-b10/src/hotspot/src/share

Events (10 events):
Event: 5.996 loading class br/edu/utfpr/oiardubot/web/ServerLauncher$1 done
Event: 6.138 Thread 0x00007f402c87a800 Thread added: 0x00007f402c87a800
Event: 6.221 Executing VM operation: RevokeBias
Event: 6.222 Executing VM operation: RevokeBias done
Event: 6.300 Executing VM operation: RevokeBias
Event: 6.301 Executing VM operation: RevokeBias done
Event: 6.320 loading class java/nio/channels/spi/AbstractInterruptibleChannel$1
Event: 6.390 loading class java/nio/channels/spi/AbstractInterruptibleChannel$1 done
Event: 6.398 loading class sun/nio/ch/NativeThread
Event: 6.398 loading class sun/nio/ch/NativeThread done


Dynamic libraries:
c1e00000-c4900000 rw-p 00000000 00:00 0
c4900000-eb500000 ---p 00000000 00:00 0
eb500000-f0a00000 rw-p 00000000 00:00 0
f0a00000-100000000 ---p 00000000 00:00 0
100000000-1001a0000 rw-p 00000000 00:00 0
1001a0000-140000000 ---p 00000000 00:00 0
7f3fb8000000-7f3fb8021000 rw-p 00000000 00:00 0
7f3fb8021000-7f3fbc000000 ---p 00000000 00:00 0
7f3fc0000000-7f3fc0021000 rw-p 00000000 00:00 0
7f3fc0021000-7f3fc4000000 ---p 00000000 00:00 0
7f3fc4000000-7f3fc4021000 rw-p 00000000 00:00 0
7f3fc4021000-7f3fc8000000 ---p 00000000 00:00 0
7f3fc8000000-7f3fc8021000 rw-p 00000000 00:00 0
7f3fc8021000-7f3fcc000000 ---p 00000000 00:00 0
7f3fcc000000-7f3fcc021000 rw-p 00000000 00:00 0
7f3fcc021000-7f3fd0000000 ---p 00000000 00:00 0
7f3fd0000000-7f3fd0021000 rw-p 00000000 00:00 0
7f3fd0021000-7f3fd4000000 ---p 00000000 00:00 0
7f3fd4000000-7f3fd4021000 rw-p 00000000 00:00 0
7f3fd4021000-7f3fd8000000 ---p 00000000 00:00 0
7f3fd8000000-7f3fd8021000 rw-p 00000000 00:00 0
7f3fd8021000-7f3fdc000000 ---p 00000000 00:00 0
7f3fdc000000-7f3fdc0bd000 rw-p 00000000 00:00 0
7f3fdc0bd000-7f3fe0000000 ---p 00000000 00:00 0
7f3fe0000000-7f3fe0021000 rw-p 00000000 00:00 0
7f3fe0021000-7f3fe4000000 ---p 00000000 00:00 0
7f3fe4000000-7f3fe4021000 rw-p 00000000 00:00 0
7f3fe4021000-7f3fe8000000 ---p 00000000 00:00 0
7f3fe8000000-7f3fe84a0000 rw-p 00000000 00:00 0
7f3fe84a0000-7f3fec000000 ---p 00000000 00:00 0
7f3fec000000-7f3fec021000 rw-p 00000000 00:00 0
7f3fec021000-7f3ff0000000 ---p 00000000 00:00 0
7f3ff0000000-7f3ff08ff000 rw-p 00000000 00:00 0
7f3ff08ff000-7f3ff4000000 ---p 00000000 00:00 0
7f3ff4000000-7f3ff4c41000 rw-p 00000000 00:00 0
7f3ff4c41000-7f3ff8000000 ---p 00000000 00:00 0
7f3ff8000000-7f3ff8021000 rw-p 00000000 00:00 0
7f3ff8021000-7f3ffc000000 ---p 00000000 00:00 0
7f3ffc000000-7f3ffc021000 rw-p 00000000 00:00 0
7f3ffc021000-7f4000000000 ---p 00000000 00:00 0
7f4000000000-7f4000021000 rw-p 00000000 00:00 0
7f4000021000-7f4004000000 ---p 00000000 00:00 0
7f4004000000-7f4004021000 rw-p 00000000 00:00 0
7f4004021000-7f4008000000 ---p 00000000 00:00 0
7f400a1f0000-7f400a1f3000 ---p 00000000 00:00 0
7f400a1f3000-7f400a2f1000 rw-p 00000000 00:00 0
7f400a360000-7f400a363000 ---p 00000000 00:00 0
7f400a363000-7f400a461000 rw-p 00000000 00:00 0
7f400a470000-7f400a477000 r--p 00000000 00:00 821417             /usr/lib/jvm/java-8-openjdk-amd64/jre/lib/amd64/libsunec.so
7f400a477000-7f400a490000 r-xp 00007000 00:00 821417             /usr/lib/jvm/java-8-openjdk-amd64/jre/lib/amd64/libsunec.so
7f400a490000-7f400a49a000 r--p 00020000 00:00 821417             /usr/lib/jvm/java-8-openjdk-amd64/jre/lib/amd64/libsunec.so
7f400a49a000-7f400a49e000 r--p 00029000 00:00 821417             /usr/lib/jvm/java-8-openjdk-amd64/jre/lib/amd64/libsunec.so
7f400a49e000-7f400a49f000 rw-p 0002d000 00:00 821417             /usr/lib/jvm/java-8-openjdk-amd64/jre/lib/amd64/libsunec.so
7f400a4a0000-7f400a620000 rw-p 00000000 00:00 0
7f400a620000-7f400a6a0000 ---p 00000000 00:00 0
7f400a77f000-7f400a790000 r--s 001bf000 00:00 821461             /usr/lib/jvm/java-8-openjdk-amd64/jre/lib/jsse.jar
7f400a790000-7f400a990000 rw-p 00000000 00:00 0
7f400a990000-7f400a993000 ---p 00000000 00:00 0
7f400a993000-7f400aa91000 rw-p 00000000 00:00 0
7f400aaa0000-7f400aaa3000 ---p 00000000 00:00 0
7f400aaa3000-7f400aba1000 rw-p 00000000 00:00 0
7f400abb0000-7f400abb3000 ---p 00000000 00:00 0
7f400abb3000-7f400acb1000 rw-p 00000000 00:00 0
7f400acc0000-7f400acc3000 ---p 00000000 00:00 0
7f400acc3000-7f400adc1000 rw-p 00000000 00:00 0
7f400add0000-7f400add3000 ---p 00000000 00:00 0
7f400add3000-7f400aed1000 rw-p 00000000 00:00 0
7f400aee0000-7f400aee3000 ---p 00000000 00:00 0
7f400aee3000-7f400afe1000 rw-p 00000000 00:00 0
7f400aff0000-7f400aff3000 ---p 00000000 00:00 0
7f400aff3000-7f400b0f1000 rw-p 00000000 00:00 0
7f400b100000-7f400b103000 ---p 00000000 00:00 0
7f400b103000-7f400b201000 rw-p 00000000 00:00 0
7f400b20f000-7f400b23e000 r--s 008ca000 00:00 558379             /home/gustavo/oiArduBot/backend/language_server/language_server_lib/ace-1.3.3.jar
7f400b23e000-7f400b272000 r--s 00287000 00:00 859424             /home/gustavo/oiArduBot/backend/language_server/language_server_lib/guava-30.1-jre.jar
7f400b272000-7f400b293000 r--s 00255000 00:00 859462             /home/gustavo/oiArduBot/backend/language_server/language_server_lib/org.eclipse.xtext.xbase-2.25.0.jar
7f400b293000-7f400b2a7000 r--s 00146000 00:00 859446             /home/gustavo/oiArduBot/backend/language_server/language_server_lib/org.eclipse.emf.ecore-2.20.0.jar
7f400b2a7000-7f400b2be000 r--s 0015b000 00:00 859453             /home/gustavo/oiArduBot/backend/language_server/language_server_lib/org.eclipse.osgi-3.16.0.jar
7f400b2be000-7f400b2f0000 r--s 0026c000 00:00 859456             /home/gustavo/oiArduBot/backend/language_server/language_server_lib/org.eclipse.xtext-2.25.0.jar
7f400b2f0000-7f400b2f5000 r--p 00000000 00:00 821412             /usr/lib/jvm/java-8-openjdk-amd64/jre/lib/amd64/libnet.so
7f400b2f5000-7f400b306000 r-xp 00005000 00:00 821412             /usr/lib/jvm/java-8-openjdk-amd64/jre/lib/amd64/libnet.so
7f400b306000-7f400b30a000 r--p 00016000 00:00 821412             /usr/lib/jvm/java-8-openjdk-amd64/jre/lib/amd64/libnet.so
7f400b30a000-7f400b30b000 r--p 00019000 00:00 821412             /usr/lib/jvm/java-8-openjdk-amd64/jre/lib/amd64/libnet.so
7f400b30b000-7f400b30c000 rw-p 0001a000 00:00 821412             /usr/lib/jvm/java-8-openjdk-amd64/jre/lib/amd64/libnet.so
7f400b310000-7f400b317000 r--p 00000000 00:00 821413             /usr/lib/jvm/java-8-openjdk-amd64/jre/lib/amd64/libnio.so
7f400b317000-7f400b320000 r-xp 00007000 00:00 821413             /usr/lib/jvm/java-8-openjdk-amd64/jre/lib/amd64/libnio.so
7f400b320000-7f400b323000 r--p 00010000 00:00 821413             /usr/lib/jvm/java-8-openjdk-amd64/jre/lib/amd64/libnio.so
7f400b323000-7f400b324000 r--p 00012000 00:00 821413             /usr/lib/jvm/java-8-openjdk-amd64/jre/lib/amd64/libnio.so
7f400b324000-7f400b325000 rw-p 00013000 00:00 821413             /usr/lib/jvm/java-8-openjdk-amd64/jre/lib/amd64/libnio.so
7f400b330000-7f400b331000 ---p 00000000 00:00 0
7f400b331000-7f400b431000 rw-p 00000000 00:00 0
7f400b440000-7f400b443000 ---p 00000000 00:00 0
7f400b443000-7f400b541000 rw-p 00000000 00:00 0
7f400b550000-7f400b554000 ---p 00000000 00:00 0
7f400b554000-7f400b651000 rw-p 00000000 00:00 0
7f400b660000-7f400b664000 ---p 00000000 00:00 0
7f400b664000-7f400b761000 rw-p 00000000 00:00 0
7f400b770000-7f400b774000 ---p 00000000 00:00 0
7f400b774000-7f400b871000 rw-p 00000000 00:00 0
7f400b880000-7f400b883000 ---p 00000000 00:00 0
7f400b883000-7f400b981000 rw-p 00000000 00:00 0
7f400b987000-7f400bafa000 r--p 00000000 00:00 572508             /usr/lib/locale/C.UTF-8/LC_COLLATE
7f400bafa000-7f400bde0000 r--p 00000000 00:00 572521             /usr/lib/locale/locale-archive
7f400bde0000-7f400bde3000 ---p 00000000 00:00 0
7f400bde3000-7f400bee1000 rw-p 00000000 00:00 0
7f400bef0000-7f400bef3000 ---p 00000000 00:00 0
7f400bef3000-7f400bff1000 rw-p 00000000 00:00 0
7f400c000000-7f400c021000 rw-p 00000000 00:00 0
7f400c021000-7f4010000000 ---p 00000000 00:00 0
7f4010000000-7f4010021000 rw-p 00000000 00:00 0
7f4010021000-7f4014000000 ---p 00000000 00:00 0
7f4014000000-7f4014021000 rw-p 00000000 00:00 0
7f4014021000-7f4018000000 ---p 00000000 00:00 0
7f4018000000-7f4018021000 rw-p 00000000 00:00 0
7f4018021000-7f401c000000 ---p 00000000 00:00 0
7f401c000000-7f401c004000 r--p 00000000 00:00 821410             /usr/lib/jvm/java-8-openjdk-amd64/jre/lib/amd64/libmanagement.so
7f401c004000-7f401c008000 r-xp 00004000 00:00 821410             /usr/lib/jvm/java-8-openjdk-amd64/jre/lib/amd64/libmanagement.so
7f401c008000-7f401c00a000 r--p 00008000 00:00 821410             /usr/lib/jvm/java-8-openjdk-amd64/jre/lib/amd64/libmanagement.so
7f401c00a000-7f401c00b000 r--p 00009000 00:00 821410             /usr/lib/jvm/java-8-openjdk-amd64/jre/lib/amd64/libmanagement.so
7f401c00b000-7f401c00c000 rw-p 0000a000 00:00 821410             /usr/lib/jvm/java-8-openjdk-amd64/jre/lib/amd64/libmanagement.so
7f401c010000-7f401c011000 ---p 00000000 00:00 0
7f401c011000-7f401c111000 rw-p 00000000 00:00 0
7f401c120000-7f401c221000 rw-p 00000000 00:00 0
7f401c230000-7f401c331000 rw-p 00000000 00:00 0
7f401c340000-7f401c441000 rw-p 00000000 00:00 0
7f401c450000-7f401c551000 rw-p 00000000 00:00 0
7f401c560000-7f401c661000 rw-p 00000000 00:00 0
7f401c670000-7f401c771000 rw-p 00000000 00:00 0
7f401c780000-7f401c881000 rw-p 00000000 00:00 0
7f401c890000-7f401c991000 rw-p 00000000 00:00 0
7f401c9a0000-7f401caa1000 rw-p 00000000 00:00 0
7f401cab0000-7f401cbb1000 rw-p 00000000 00:00 0
7f401cbc0000-7f401ccc1000 rw-p 00000000 00:00 0
7f401ccd0000-7f401cdd1000 rw-p 00000000 00:00 0
7f401cde0000-7f401cee1000 rw-p 00000000 00:00 0
7f401cef0000-7f401cff1000 rw-p 00000000 00:00 0
7f401d000000-7f401d420000 rwxp 00000000 00:00 0
7f401d420000-7f402c000000 ---p 00000000 00:00 0
7f402c000000-7f402c882000 rw-p 00000000 00:00 0
7f402c882000-7f4030000000 ---p 00000000 00:00 0
7f4030008000-7f4030023000 r--s 001d6000 00:00 821439             /usr/lib/jvm/java-8-openjdk-amd64/jre/lib/ext/nashorn.jar
7f4030023000-7f403003e000 r--s 00394000 00:00 821434             /usr/lib/jvm/java-8-openjdk-amd64/jre/lib/ext/cldrdata.jar
7f403003e000-7f4030070000 r--p 00000000 00:00 572509             /usr/lib/locale/C.UTF-8/LC_CTYPE
7f4030070000-7f4030171000 rw-p 00000000 00:00 0
7f4030174000-7f4030176000 r--s 00016000 00:00 821455             /usr/lib/jvm/java-8-openjdk-amd64/jre/lib/jce.jar
7f4030176000-7f4030178000 r--s 00009000 00:00 859467             /home/gustavo/oiArduBot/backend/language_server/language_server_lib/slf4j-api-1.7.21.jar
7f4030178000-7f403017c000 r--s 00025000 00:00 859432             /home/gustavo/oiArduBot/backend/language_server/language_server_lib/jetty-io-9.4.34.v20201102.jar
7f403017c000-7f4030180000 r--s 00031000 00:00 859431             /home/gustavo/oiArduBot/backend/language_server/language_server_lib/jetty-http-9.4.34.v20201102.jar
7f4030180000-7f40301ce000 rw-p 00000000 00:00 0
7f40301cf000-7f40303a0000 r--s 03ca5000 00:00 821467             /usr/lib/jvm/java-8-openjdk-amd64/jre/lib/rt.jar
7f40303a0000-7f4030416000 rw-p 00000000 00:00 0
7f4030416000-7f4030420000 r--s 000a3000 00:00 859436             /home/gustavo/oiArduBot/backend/language_server/language_server_lib/jetty-server-9.4.34.v20201102.jar
7f4030420000-7f403047b000 rw-p 00000000 00:00 0
7f403047b000-7f403047d000 r--s 00005000 00:00 859427             /home/gustavo/oiArduBot/backend/language_server/language_server_lib/javax.annotation-api-1.3.2.jar
7f403047d000-7f4030480000 r--s 00015000 00:00 859429             /home/gustavo/oiArduBot/backend/language_server/language_server_lib/javax.servlet-api-3.1.0.jar
7f4030480000-7f4030e71000 rw-p 00000000 00:00 0
7f4030e71000-7f4030e74000 r--s 0001a000 00:00 859435             /home/gustavo/oiArduBot/backend/language_server/language_server_lib/jetty-security-9.4.34.v20201102.jar
7f4030e74000-7f4030e77000 r--s 0001f000 00:00 859437             /home/gustavo/oiArduBot/backend/language_server/language_server_lib/jetty-servlet-9.4.34.v20201102.jar
7f4030e77000-7f4030e80000 r--s 00081000 00:00 859438             /home/gustavo/oiArduBot/backend/language_server/language_server_lib/jetty-util-9.4.34.v20201102.jar
7f4030e80000-7f4030e94000 rw-p 00000000 00:00 0
7f4030e94000-7f4030e96000 r--s 0000f000 00:00 859440             /home/gustavo/oiArduBot/backend/language_server/language_server_lib/jetty-xml-9.4.34.v20201102.jar
7f4030e96000-7f4030e99000 r--s 00020000 00:00 859439             /home/gustavo/oiArduBot/backend/language_server/language_server_lib/jetty-webapp-9.4.34.v20201102.jar
7f4030e99000-7f4030e9b000 r--s 0000a000 00:00 859433             /home/gustavo/oiArduBot/backend/language_server/language_server_lib/jetty-jndi-9.4.34.v20201102.jar
7f4030e9b000-7f4030e9d000 r--s 0000f000 00:00 859434             /home/gustavo/oiArduBot/backend/language_server/language_server_lib/jetty-plus-9.4.34.v20201102.jar
7f4030e9d000-7f4030ea0000 r--s 00013000 00:00 859430             /home/gustavo/oiArduBot/backend/language_server/language_server_lib/jetty-annotations-9.4.34.v20201102.jar
7f4030ea0000-7f4032db0000 rw-p 00000000 00:00 0
7f4032db0000-7f4032db1000 ---p 00000000 00:00 0
7f4032db1000-7f4032eb1000 rw-p 00000000 00:00 0
7f4032eb1000-7f4032eb5000 r--s 00010000 00:00 859455             /home/gustavo/oiArduBot/backend/language_server/language_server_lib/org.eclipse.xtend.lib.macro-2.25.0.jar
7f4032eb5000-7f4032ec0000 r--s 0002a000 00:00 859419             /home/gustavo/oiArduBot/backend/language_server/language_server_lib/checker-qual-3.5.0.jar
7f4032ec0000-7f4032ec1000 ---p 00000000 00:00 0
7f4032ec1000-7f4032fc1000 rw-p 00000000 00:00 0
7f4032fc2000-7f4032fc4000 r--s 00001000 00:00 859426             /home/gustavo/oiArduBot/backend/language_server/language_server_lib/j2objc-annotations-1.3.jar
7f4032fc4000-7f4032fc6000 r--s 00002000 00:00 859421             /home/gustavo/oiArduBot/backend/language_server/language_server_lib/error_prone_annotations-2.3.4.jar
7f4032fc6000-7f4032fcb000 r--s 00024000 00:00 859464             /home/gustavo/oiArduBot/backend/language_server/language_server_lib/org.eclipse.xtext.xbase.lib-2.25.0.jar
7f4032fcb000-7f4032fd0000 r--s 00036000 00:00 859423             /home/gustavo/oiArduBot/backend/language_server/language_server_lib/gson-2.8.6.jar
7f4032fd0000-7f4032fd1000 ---p 00000000 00:00 0
7f4032fd1000-7f40330d1000 rw-p 00000000 00:00 0
7f40330d1000-7f40330d3000 r--s 00003000 00:00 859442             /home/gustavo/oiArduBot/backend/language_server/language_server_lib/jsr305-3.0.2.jar
7f40330d3000-7f40330d8000 r--s 00091000 00:00 859463             /home/gustavo/oiArduBot/backend/language_server/language_server_lib/org.eclipse.xtext.xbase.ide-2.25.0.jar
7f40330d8000-7f40330e0000 r--s 00069000 00:00 859420             /home/gustavo/oiArduBot/backend/language_server/language_server_lib/classgraph-4.8.35.jar
7f40330e0000-7f40330e1000 ---p 00000000 00:00 0
7f40330e1000-7f40331e1000 rw-p 00000000 00:00 0
7f40331e1000-7f40331f0000 r--s 0009f000 00:00 859425             /home/gustavo/oiArduBot/backend/language_server/language_server_lib/guice-3.0.jar
7f40331f0000-7f4033206000 rw-p 00000000 00:00 0
7f4033206000-7f403333c000 ---p 00000000 00:00 0
7f403333d000-7f4033340000 r--s 00019000 00:00 859454             /home/gustavo/oiArduBot/backend/language_server/language_server_lib/org.eclipse.xtend.lib-2.25.0.jar
7f4033340000-7f4033356000 rw-p 00000000 00:00 0
7f4033356000-7f403348b000 ---p 00000000 00:00 0
7f403348b000-7f40334b6000 rw-p 00000000 00:00 0
7f40334b6000-7f4033531000 ---p 00000000 00:00 0
7f4033531000-7f4033532000 rw-p 00000000 00:00 0
7f4033532000-7f4033534000 r--s 00000000 00:00 859422             /home/gustavo/oiArduBot/backend/language_server/language_server_lib/failureaccess-1.0.1.jar
7f4033534000-7f4033536000 r--s 00003000 00:00 859461             /home/gustavo/oiArduBot/backend/language_server/language_server_lib/org.eclipse.xtext.web.servlet-2.25.0.jar
7f4033536000-7f4033540000 r--s 00073000 00:00 859457             /home/gustavo/oiArduBot/backend/language_server/language_server_lib/org.eclipse.xtext.common.types-2.25.0.jar
7f4033540000-7f4033551000 rw-p 00000000 00:00 0
7f4033551000-7f4033900000 ---p 00000000 00:00 0
7f4033900000-7f4033903000 r--p 00000000 00:00 821420             /usr/lib/jvm/java-8-openjdk-amd64/jre/lib/amd64/libzip.so
7f4033903000-7f4033908000 r-xp 00003000 00:00 821420             /usr/lib/jvm/java-8-openjdk-amd64/jre/lib/amd64/libzip.so
7f4033908000-7f403390a000 r--p 00008000 00:00 821420             /usr/lib/jvm/java-8-openjdk-amd64/jre/lib/amd64/libzip.so
7f403390a000-7f403390b000 r--p 00009000 00:00 821420             /usr/lib/jvm/java-8-openjdk-amd64/jre/lib/amd64/libzip.so
7f403390b000-7f403390c000 rw-p 0000a000 00:00 821420             /usr/lib/jvm/java-8-openjdk-amd64/jre/lib/amd64/libzip.so
7f403390c000-7f4033910000 r--s 00022000 00:00 859413             /home/gustavo/oiArduBot/backend/language_server/language_server_lib/antlr-runtime-3.2.jar
7f4033910000-7f4033913000 r--p 00000000 00:00 652020             /usr/lib/x86_64-linux-gnu/libnss_files-2.31.so
7f4033913000-7f403391a000 r-xp 00003000 00:00 652020             /usr/lib/x86_64-linux-gnu/libnss_files-2.31.so
7f403391a000-7f403391c000 r--p 0000a000 00:00 652020             /usr/lib/x86_64-linux-gnu/libnss_files-2.31.so
7f403391c000-7f403391d000 r--p 0000b000 00:00 652020             /usr/lib/x86_64-linux-gnu/libnss_files-2.31.so
7f403391d000-7f403391e000 rw-p 0000c000 00:00 652020             /usr/lib/x86_64-linux-gnu/libnss_files-2.31.so
7f403391e000-7f4033924000 rw-p 00000000 00:00 0
7f4033924000-7f4033927000 r--s 00017000 00:00 859447             /home/gustavo/oiArduBot/backend/language_server/language_server_lib/org.eclipse.emf.ecore.change-2.14.0.jar
7f4033927000-7f4033929000 r--s 00000000 00:00 859414             /home/gustavo/oiArduBot/backend/language_server/language_server_lib/aopalliance-1.0.jar
7f4033929000-7f4033930000 r--s 00055000 00:00 859445             /home/gustavo/oiArduBot/backend/language_server/language_server_lib/org.eclipse.emf.common-2.17.0.jar
7f4033930000-7f4033931000 rw-p 00000000 00:00 0
7f4033931000-7f4033932000 r--s 00002000 00:00 859468             /home/gustavo/oiArduBot/backend/language_server/language_server_lib/slf4j-simple-1.7.21.jar
7f4033932000-7f4033936000 r--s 00036000 00:00 859448             /home/gustavo/oiArduBot/backend/language_server/language_server_lib/org.eclipse.emf.ecore.xmi-2.16.0.jar
7f4033936000-7f4033940000 r--s 0006f000 00:00 859458             /home/gustavo/oiArduBot/backend/language_server/language_server_lib/org.eclipse.xtext.ide-2.25.0.jar
7f4033940000-7f403394d000 r--p 00000000 00:00 821401             /usr/lib/jvm/java-8-openjdk-amd64/jre/lib/amd64/libjava.so
7f403394d000-7f4033965000 r-xp 0000d000 00:00 821401             /usr/lib/jvm/java-8-openjdk-amd64/jre/lib/amd64/libjava.so
7f4033965000-7f403396c000 r--p 00025000 00:00 821401             /usr/lib/jvm/java-8-openjdk-amd64/jre/lib/amd64/libjava.so
7f403396c000-7f403396d000 r--p 0002b000 00:00 821401             /usr/lib/jvm/java-8-openjdk-amd64/jre/lib/amd64/libjava.so
7f403396d000-7f403396f000 rw-p 0002c000 00:00 821401             /usr/lib/jvm/java-8-openjdk-amd64/jre/lib/amd64/libjava.so
7f403396f000-7f4033970000 r--s 0004c000 00:00 859441             /home/gustavo/oiArduBot/backend/language_server/language_server_lib/jquery-3.5.1.jar
7f4033970000-7f4033975000 r--p 00000000 00:00 821419             /usr/lib/jvm/java-8-openjdk-amd64/jre/lib/amd64/libverify.so
7f4033975000-7f403397e000 r-xp 00005000 00:00 821419             /usr/lib/jvm/java-8-openjdk-amd64/jre/lib/amd64/libverify.so
7f403397e000-7f4033980000 r--p 0000e000 00:00 821419             /usr/lib/jvm/java-8-openjdk-amd64/jre/lib/amd64/libverify.so
7f4033980000-7f4033982000 r--p 0000f000 00:00 821419             /usr/lib/jvm/java-8-openjdk-amd64/jre/lib/amd64/libverify.so
7f4033982000-7f4033983000 rw-p 00011000 00:00 821419             /usr/lib/jvm/java-8-openjdk-amd64/jre/lib/amd64/libverify.so
7f4033983000-7f4033986000 r--s 0001f000 00:00 859449             /home/gustavo/oiArduBot/backend/language_server/language_server_lib/org.eclipse.equinox.common-3.13.0.jar
7f4033986000-7f403398c000 r--s 00046000 00:00 859459             /home/gustavo/oiArduBot/backend/language_server/language_server_lib/org.eclipse.xtext.util-2.25.0.jar
7f403398c000-7f4033990000 r--s 00029000 00:00 859460             /home/gustavo/oiArduBot/backend/language_server/language_server_lib/org.eclipse.xtext.web-2.25.0.jar
7f4033990000-7f4033993000 r--p 00000000 00:00 652106             /usr/lib/x86_64-linux-gnu/librt-2.31.so
7f4033993000-7f4033997000 r-xp 00003000 00:00 652106             /usr/lib/x86_64-linux-gnu/librt-2.31.so
7f4033997000-7f4033998000 r--p 00007000 00:00 652106             /usr/lib/x86_64-linux-gnu/librt-2.31.so
7f4033998000-7f4033999000 ---p 00008000 00:00 652106             /usr/lib/x86_64-linux-gnu/librt-2.31.so
7f4033999000-7f403399a000 r--p 00008000 00:00 652106             /usr/lib/x86_64-linux-gnu/librt-2.31.so
7f403399a000-7f403399b000 rw-p 00009000 00:00 652106             /usr/lib/x86_64-linux-gnu/librt-2.31.so
7f403399b000-7f403399c000 r--s 00007000 00:00 859466             /home/gustavo/oiArduBot/backend/language_server/language_server_lib/requirejs-2.3.6.jar
7f403399c000-7f403399e000 r--s 0000b000 00:00 859418             /home/gustavo/oiArduBot/backend/language_server/language_server_lib/asm-tree-9.1.jar
7f403399e000-7f40339a0000 r--s 00007000 00:00 859416             /home/gustavo/oiArduBot/backend/language_server/language_server_lib/asm-analysis-9.1.jar
7f40339a0000-7f40339a4000 ---p 00000000 00:00 0
7f40339a4000-7f4033aa1000 rw-p 00000000 00:00 0
7f4033aa1000-7f4033ab0000 r--s 000b7000 00:00 859450             /home/gustavo/oiArduBot/backend/language_server/language_server_lib/org.eclipse.lsp4j-0.10.0.jar
7f4033ab0000-7f4033ab3000 r--p 00000000 00:00 677530             /usr/lib/x86_64-linux-gnu/libgcc_s.so.1
7f4033ab3000-7f4033ac5000 r-xp 00003000 00:00 677530             /usr/lib/x86_64-linux-gnu/libgcc_s.so.1
7f4033ac5000-7f4033ac9000 r--p 00015000 00:00 677530             /usr/lib/x86_64-linux-gnu/libgcc_s.so.1
7f4033ac9000-7f4033aca000 r--p 00018000 00:00 677530             /usr/lib/x86_64-linux-gnu/libgcc_s.so.1
7f4033aca000-7f4033acb000 rw-p 00019000 00:00 677530             /usr/lib/x86_64-linux-gnu/libgcc_s.so.1
7f4033acb000-7f4033acc000 r--s 00000000 00:00 859443             /home/gustavo/oiArduBot/backend/language_server/language_server_lib/listenablefuture-9999.0-empty-to-avoid-conflict-with-guava.jar
7f4033acc000-7f4033ace000 r--s 00010000 00:00 859417             /home/gustavo/oiArduBot/backend/language_server/language_server_lib/asm-commons-9.1.jar
7f4033ace000-7f4033ad0000 r--s 0001c000 00:00 859415             /home/gustavo/oiArduBot/backend/language_server/language_server_lib/asm-9.1.jar
7f4033ad0000-7f4033ad1000 r--p 00000000 00:00 0
7f4033ad1000-7f4033ae0000 r--p 00000000 00:00 651970             /usr/lib/x86_64-linux-gnu/libm-2.31.so
7f4033ae0000-7f4033b87000 r-xp 0000f000 00:00 651970             /usr/lib/x86_64-linux-gnu/libm-2.31.so
7f4033b87000-7f4033c1e000 r--p 000b6000 00:00 651970             /usr/lib/x86_64-linux-gnu/libm-2.31.so
7f4033c1e000-7f4033c1f000 r--p 0014c000 00:00 651970             /usr/lib/x86_64-linux-gnu/libm-2.31.so
7f4033c1f000-7f4033c20000 rw-p 0014d000 00:00 651970             /usr/lib/x86_64-linux-gnu/libm-2.31.so
7f4033c20000-7f4033cb6000 r--p 00000000 00:00 682612             /usr/lib/x86_64-linux-gnu/libstdc++.so.6.0.28
7f4033cb6000-7f4033da7000 r-xp 00096000 00:00 682612             /usr/lib/x86_64-linux-gnu/libstdc++.so.6.0.28
7f4033da7000-7f4033df0000 r--p 00187000 00:00 682612             /usr/lib/x86_64-linux-gnu/libstdc++.so.6.0.28
7f4033df0000-7f4033df1000 ---p 001d0000 00:00 682612             /usr/lib/x86_64-linux-gnu/libstdc++.so.6.0.28
7f4033df1000-7f4033dfc000 r--p 001d0000 00:00 682612             /usr/lib/x86_64-linux-gnu/libstdc++.so.6.0.28
7f4033dfc000-7f4033dff000 rw-p 001db000 00:00 682612             /usr/lib/x86_64-linux-gnu/libstdc++.so.6.0.28
7f4033dff000-7f4033e02000 rw-p 00000000 00:00 0
7f4033e02000-7f4033e05000 r--s 0001e000 00:00 859452             /home/gustavo/oiArduBot/backend/language_server/language_server_lib/org.eclipse.lsp4j.jsonrpc-0.10.0.jar
7f4033e05000-7f4033e07000 r--s 0000b000 00:00 859451             /home/gustavo/oiArduBot/backend/language_server/language_server_lib/org.eclipse.lsp4j.generator-0.10.0.jar
7f4033e07000-7f4033e10000 r--s 0006f000 00:00 859444             /home/gustavo/oiArduBot/backend/language_server/language_server_lib/log4j-1.2.17.jar
7f4033e10000-7f4034005000 r--p 00000000 00:00 821423             /usr/lib/jvm/java-8-openjdk-amd64/jre/lib/amd64/server/libjvm.so
7f4034005000-7f403496d000 r-xp 001f5000 00:00 821423             /usr/lib/jvm/java-8-openjdk-amd64/jre/lib/amd64/server/libjvm.so
7f403496d000-7f4034b1e000 r--p 00b5d000 00:00 821423             /usr/lib/jvm/java-8-openjdk-amd64/jre/lib/amd64/server/libjvm.so
7f4034b1e000-7f4034b1f000 ---p 00d0e000 00:00 821423             /usr/lib/jvm/java-8-openjdk-amd64/jre/lib/amd64/server/libjvm.so
7f4034b1f000-7f4034bb5000 r--p 00d0e000 00:00 821423             /usr/lib/jvm/java-8-openjdk-amd64/jre/lib/amd64/server/libjvm.so
7f4034bb5000-7f4034bde000 rw-p 00da4000 00:00 821423             /usr/lib/jvm/java-8-openjdk-amd64/jre/lib/amd64/server/libjvm.so
7f4034bde000-7f4034c11000 rw-p 00000000 00:00 0
7f4034c11000-7f4034c18000 r--s 00064000 00:00 255358             /home/gustavo/oiArduBot/backend/language_server/language_server.jar
7f4034c18000-7f4034c1a000 r--s 00010000 00:00 821443             /usr/lib/jvm/java-8-openjdk-amd64/jre/lib/ext/zipfs.jar
7f4034c1a000-7f4034c20000 r--s 0003d000 00:00 821441             /usr/lib/jvm/java-8-openjdk-amd64/jre/lib/ext/sunjce_provider.jar
7f4034c20000-7f4034c22000 rw-p 00000000 00:00 0
7f4034c22000-7f4034c2d000 r--s 00116000 00:00 821438             /usr/lib/jvm/java-8-openjdk-amd64/jre/lib/ext/localedata.jar
7f4034c2d000-7f4034c34000 r--p 00000000 00:00 652090             /usr/lib/x86_64-linux-gnu/libpthread-2.31.so
7f4034c34000-7f4034c45000 r-xp 00007000 00:00 652090             /usr/lib/x86_64-linux-gnu/libpthread-2.31.so
7f4034c45000-7f4034c4a000 r--p 00018000 00:00 652090             /usr/lib/x86_64-linux-gnu/libpthread-2.31.so
7f4034c4a000-7f4034c4b000 r--p 0001c000 00:00 652090             /usr/lib/x86_64-linux-gnu/libpthread-2.31.so
7f4034c4b000-7f4034c4c000 rw-p 0001d000 00:00 652090             /usr/lib/x86_64-linux-gnu/libpthread-2.31.so
7f4034c4c000-7f4034c50000 rw-p 00000000 00:00 0
7f4034c50000-7f4034c51000 r--p 00000000 00:00 651773             /usr/lib/x86_64-linux-gnu/libdl-2.31.so
7f4034c51000-7f4034c53000 r-xp 00001000 00:00 651773             /usr/lib/x86_64-linux-gnu/libdl-2.31.so
7f4034c53000-7f4034c54000 r--p 00003000 00:00 651773             /usr/lib/x86_64-linux-gnu/libdl-2.31.so
7f4034c54000-7f4034c55000 r--p 00003000 00:00 651773             /usr/lib/x86_64-linux-gnu/libdl-2.31.so
7f4034c55000-7f4034c56000 rw-p 00004000 00:00 651773             /usr/lib/x86_64-linux-gnu/libdl-2.31.so
7f4034c56000-7f4034c57000 r--s 00000000 00:00 859428             /home/gustavo/oiArduBot/backend/language_server/language_server_lib/javax.inject-1.jar
7f4034c57000-7f4034c5b000 r--s 00040000 00:00 821442             /usr/lib/jvm/java-8-openjdk-amd64/jre/lib/ext/sunpkcs11.jar
7f4034c5b000-7f4034c5d000 r--s 00008000 00:00 821440             /usr/lib/jvm/java-8-openjdk-amd64/jre/lib/ext/sunec.jar
7f4034c5d000-7f4034c60000 r--s 0000f000 00:00 821436             /usr/lib/jvm/java-8-openjdk-amd64/jre/lib/ext/icedtea-sound.jar
7f4034c60000-7f4034c62000 r--p 00000000 00:00 652266             /usr/lib/x86_64-linux-gnu/libz.so.1.2.11
7f4034c62000-7f4034c73000 r-xp 00002000 00:00 652266             /usr/lib/x86_64-linux-gnu/libz.so.1.2.11
7f4034c73000-7f4034c79000 r--p 00013000 00:00 652266             /usr/lib/x86_64-linux-gnu/libz.so.1.2.11
7f4034c79000-7f4034c7a000 ---p 00019000 00:00 652266             /usr/lib/x86_64-linux-gnu/libz.so.1.2.11
7f4034c7a000-7f4034c7b000 r--p 00019000 00:00 652266             /usr/lib/x86_64-linux-gnu/libz.so.1.2.11
7f4034c7b000-7f4034c7c000 rw-p 0001a000 00:00 652266             /usr/lib/x86_64-linux-gnu/libz.so.1.2.11
7f4034c7c000-7f4034c7e000 r--s 0000c000 00:00 821673             /usr/share/java/java-atk-wrapper.jar
7f4034c7e000-7f4034c80000 r--s 00001000 00:00 821435             /usr/lib/jvm/java-8-openjdk-amd64/jre/lib/ext/dnsns.jar
7f4034c80000-7f4034ca5000 r--p 00000000 00:00 651734             /usr/lib/x86_64-linux-gnu/libc-2.31.so
7f4034ca5000-7f4034e1d000 r-xp 00025000 00:00 651734             /usr/lib/x86_64-linux-gnu/libc-2.31.so
7f4034e1d000-7f4034e67000 r--p 0019d000 00:00 651734             /usr/lib/x86_64-linux-gnu/libc-2.31.so
7f4034e67000-7f4034e68000 ---p 001e7000 00:00 651734             /usr/lib/x86_64-linux-gnu/libc-2.31.so
7f4034e68000-7f4034e6b000 r--p 001e7000 00:00 651734             /usr/lib/x86_64-linux-gnu/libc-2.31.so
7f4034e6b000-7f4034e6e000 rw-p 001ea000 00:00 651734             /usr/lib/x86_64-linux-gnu/libc-2.31.so
7f4034e6e000-7f4034e72000 rw-p 00000000 00:00 0
7f4034e72000-7f4034e73000 r--s 00001000 00:00 859465             /home/gustavo/oiArduBot/backend/language_server/language_server_lib/org.eclipse.xtext.xbase.web-2.25.0.jar
7f4034e73000-7f4034e79000 r--s 000d3000 00:00 821460             /usr/lib/jvm/java-8-openjdk-amd64/jre/lib/jfr.jar
7f4034e79000-7f4034e80000 r--s 00000000 00:00 651581             /usr/lib/x86_64-linux-gnu/gconv/gconv-modules.cache
7f4034e80000-7f4034e83000 r--p 00000000 00:00 821387             /usr/lib/jvm/java-8-openjdk-amd64/jre/lib/amd64/jli/libjli.so
7f4034e83000-7f4034e8d000 r-xp 00003000 00:00 821387             /usr/lib/jvm/java-8-openjdk-amd64/jre/lib/amd64/jli/libjli.so
7f4034e8d000-7f4034e90000 r--p 0000d000 00:00 821387             /usr/lib/jvm/java-8-openjdk-amd64/jre/lib/amd64/jli/libjli.so
7f4034e90000-7f4034e91000 r--p 0000f000 00:00 821387             /usr/lib/jvm/java-8-openjdk-amd64/jre/lib/amd64/jli/libjli.so
7f4034e91000-7f4034e92000 rw-p 00010000 00:00 821387             /usr/lib/jvm/java-8-openjdk-amd64/jre/lib/amd64/jli/libjli.so
7f4034e92000-7f4034e93000 r--s 0000a000 00:00 821437             /usr/lib/jvm/java-8-openjdk-amd64/jre/lib/ext/jaccess.jar
7f4034e93000-7f4034e94000 r--p 00000000 00:00 572517             /usr/lib/locale/C.UTF-8/LC_NUMERIC
7f4034e94000-7f4034e95000 r--p 00000000 00:00 572520             /usr/lib/locale/C.UTF-8/LC_TIME
7f4034e95000-7f4034e96000 r--p 00000000 00:00 572515             /usr/lib/locale/C.UTF-8/LC_MONETARY
7f4034e96000-7f4034e97000 r--p 00000000 00:00 572514             /usr/lib/locale/C.UTF-8/LC_MESSAGES/SYS_LC_MESSAGES
7f4034e97000-7f4034e98000 r--p 00000000 00:00 572518             /usr/lib/locale/C.UTF-8/LC_PAPER
7f4034e98000-7f4034ea0000 rw-s 00000000 00:00 278123             /tmp/hsperfdata_gustavo/225
7f4034ea0000-7f4034ea1000 r--p 00000000 00:00 651617             /usr/lib/x86_64-linux-gnu/ld-2.31.so
7f4034ea1000-7f4034ec3000 r-xp 00001000 00:00 651617             /usr/lib/x86_64-linux-gnu/ld-2.31.so
7f4034ec3000-7f4034ec4000 r-xp 00023000 00:00 651617             /usr/lib/x86_64-linux-gnu/ld-2.31.so
7f4034ec4000-7f4034ecb000 r--p 00024000 00:00 651617             /usr/lib/x86_64-linux-gnu/ld-2.31.so
7f4034ecb000-7f4034ecc000 r--p 0002b000 00:00 651617             /usr/lib/x86_64-linux-gnu/ld-2.31.so
7f4034ecc000-7f4034ecd000 r--p 00000000 00:00 572516             /usr/lib/locale/C.UTF-8/LC_NAME
7f4034ecd000-7f4034ece000 r--p 0002c000 00:00 651617             /usr/lib/x86_64-linux-gnu/ld-2.31.so
7f4034ece000-7f4034ecf000 rw-p 0002d000 00:00 651617             /usr/lib/x86_64-linux-gnu/ld-2.31.so
7f4034ecf000-7f4034ed2000 rw-p 00000000 00:00 0
7f4034ed2000-7f4034ed3000 r--p 00000000 00:00 572507             /usr/lib/locale/C.UTF-8/LC_ADDRESS
7f4034ed3000-7f4034ed4000 r--p 00000000 00:00 572519             /usr/lib/locale/C.UTF-8/LC_TELEPHONE
7f4034ed4000-7f4034ed5000 r--p 00000000 00:00 572512             /usr/lib/locale/C.UTF-8/LC_MEASUREMENT
7f4034ed5000-7f4034ed6000 r--p 00000000 00:00 572510             /usr/lib/locale/C.UTF-8/LC_IDENTIFICATION
7f4034ed6000-7f4034ed7000 r--p 00000000 00:00 821374             /usr/lib/jvm/java-8-openjdk-amd64/jre/bin/java
7f4034ed7000-7f4034ed8000 r-xp 00001000 00:00 821374             /usr/lib/jvm/java-8-openjdk-amd64/jre/bin/java
7f4034ed8000-7f4034ed9000 r--p 00002000 00:00 821374             /usr/lib/jvm/java-8-openjdk-amd64/jre/bin/java
7f4034ed9000-7f4034eda000 r--p 00002000 00:00 821374             /usr/lib/jvm/java-8-openjdk-amd64/jre/bin/java
7f4034eda000-7f4034edb000 rw-p 00003000 00:00 821374             /usr/lib/jvm/java-8-openjdk-amd64/jre/bin/java
7fffcc16d000-7fffcc1b8000 rw-p 00000000 00:00 0                  [heap]
7fffd3eff000-7fffd46ff000 rw-p 00000000 00:00 0                  [stack]
7fffd49ec000-7fffd49ed000 r-xp 00000000 00:00 0                  [vdso]

VM Arguments:
java_command: /home/gustavo/oiArduBot/backend/language_server/language_server.jar
java_class_path (initial): /home/gustavo/oiArduBot/backend/language_server/language_server.jar
Launcher Type: SUN_STANDARD

Environment Variables:
JAVA_HOME=/usr/lib/jvm/java-8-openjdk-amd64
PATH=/usr/share/npm/node_modules/npm-lifecycle/node-gyp-bin:/home/gustavo/oiArduBot/backend/node_modules/.bin:/usr/local/sbin:/usr/local/bin:/usr/sbin:/usr/bin:/sbin:/bin:/usr/games:/usr/local/games:/mnt/c/Program Files (x86)/Common Files/Oracle/Java/javapath:/mnt/c/Program Files/Java/jdk-11.0.12:/mnt/c/Program Files/Java/jdk-11.0.12/bin:/mnt/c/Users/Eduarda Girardi/AppData/Local/Programs/Microsoft VS Code:/mnt/c/Program Files/nodejs/:/mnt/c/Program Files (x86)/GnuWin32/bin:/mnt/c/Windows/System32/WindowsPowerShell/v1.0:/mnt/c/Users/Eduarda Girardi/AppData/Roaming/npm:/snap/bin
SHELL=/bin/bash
HOSTTYPE=x86_64

Signal Handlers:
SIGSEGV: [libjvm.so+0xb365d0], sa_mask[0]=11111111111111111111111111111110, sa_flags=SA_RESTART|SA_SIGINFO
SIGBUS: [libjvm.so+0xb365d0], sa_mask[0]=11111111111111111111111111111110, sa_flags=SA_RESTART|SA_SIGINFO
SIGFPE: [libjvm.so+0x97b8c0], sa_mask[0]=11111111111111111111111111111110, sa_flags=SA_RESTART|SA_SIGINFO
SIGPIPE: [libjvm.so+0x97b8c0], sa_mask[0]=11111111111111111111111111111110, sa_flags=SA_RESTART|SA_SIGINFO
SIGXFSZ: [libjvm.so+0x97b8c0], sa_mask[0]=11111111111111111111111111111110, sa_flags=SA_RESTART|SA_SIGINFO
SIGILL: [libjvm.so+0x97b8c0], sa_mask[0]=11111111111111111111111111111110, sa_flags=SA_RESTART|SA_SIGINFO
SIGUSR1: SIG_DFL, sa_mask[0]=00000000010000000000000000000000, sa_flags=SA_RESTART
SIGUSR2: [libjvm.so+0x97b770], sa_mask[0]=00000000000000000000000000000000, sa_flags=SA_RESTART|SA_SIGINFO
SIGHUP: [libjvm.so+0x97bb40], sa_mask[0]=11111111111111111111111111111110, sa_flags=SA_RESTART|SA_SIGINFO
SIGINT: [libjvm.so+0x97bb40], sa_mask[0]=11111111111111111111111111111110, sa_flags=SA_RESTART|SA_SIGINFO
SIGTERM: [libjvm.so+0x97bb40], sa_mask[0]=11111111111111111111111111111110, sa_flags=SA_RESTART|SA_SIGINFO
SIGQUIT: [libjvm.so+0x97bb40], sa_mask[0]=11111111111111111111111111111110, sa_flags=SA_RESTART|SA_SIGINFO


---------------  S Y S T E M  ---------------

OS:DISTRIB_ID=Ubuntu
DISTRIB_RELEASE=20.04
DISTRIB_CODENAME=focal
DISTRIB_DESCRIPTION="Ubuntu 20.04.2 LTS"

uname:Linux 4.4.0-19041-Microsoft #488-Microsoft Mon Sep 01 13:43:00 PST 2020 x86_64
libc:glibc 2.31 NPTL 2.31 
rlimit: STACK 8192k, CORE 0k, NPROC 7823, NOFILE 65536, AS infinity
load average:0.52 0.58 0.59

/proc/meminfo:
MemTotal:        4070812 kB
MemFree:          453728 kB
Buffers:           34032 kB
Cached:           188576 kB
SwapCached:            0 kB
Active:           167556 kB
Inactive:         157876 kB
Active(anon):     103104 kB
Inactive(anon):    17440 kB
Active(file):      64452 kB
Inactive(file):   140436 kB
Unevictable:           0 kB
Mlocked:               0 kB
SwapTotal:      12582912 kB
SwapFree:       11841356 kB
Dirty:                 0 kB
Writeback:             0 kB
AnonPages:        102824 kB
Mapped:            71404 kB
Shmem:             17720 kB
Slab:              13868 kB
SReclaimable:       6744 kB
SUnreclaim:         7124 kB
KernelStack:        2848 kB
PageTables:         2524 kB
NFS_Unstable:          0 kB
Bounce:                0 kB
WritebackTmp:          0 kB
CommitLimit:      515524 kB
Committed_AS:    3450064 kB
VmallocTotal:     122880 kB
VmallocUsed:       21296 kB
VmallocChunk:      66044 kB
HardwareCorrupted:     0 kB
AnonHugePages:      2048 kB
HugePages_Total:       0
HugePages_Free:        0
HugePages_Rsvd:        0
HugePages_Surp:        0
Hugepagesize:       2048 kB
DirectMap4k:       12280 kB
DirectMap4M:      897024 kB


CPU:total 4 (initial active 4) (2 cores per cpu, 2 threads per core) family 6 model 142 stepping 9, cmov, cx8, fxsr, mmx, sse, sse2, sse3, ssse3, sse4.1, sse4.2, popcnt, avx, avx2, aes, clmul, erms, 3dnowpref, lzcnt, ht, tsc, tscinvbit, bmi1, bmi2, adx

/proc/cpuinfo:
processor	: 0
vendor_id	: GenuineIntel
cpu family	: 6
model		: 142
model name	: Intel(R) Core(TM) i3-7020U CPU @ 2.30GHz
stepping	: 9
microcode	: 0xffffffff
cpu MHz		: 2304.000
cache size	: 256 KB
physical id	: 0
siblings	: 4
core id		: 0
cpu cores	: 2
apicid		: 0
initial apicid	: 0
fpu		: yes
fpu_exception	: yes
cpuid level	: 6
wp		: yes
flags		: fpu vme de pse tsc msr pae mce cx8 apic sep mtrr pge mca cmov pat pse36 clflush dts acpi mmx fxsr sse sse2 ss ht tm pbe syscall nx pdpe1gb rdtscp lm pni pclmulqdq dtes64 est tm2 ssse3 fma cx16 xtpr pdcm pcid sse4_1 sse4_2 movbe popcnt aes xsave osxsave avx f16c rdrand hypervisor lahf_lm abm 3dnowprefetch fsgsbase tsc_adjust bmi1 avx2 smep bmi2 erms invpcid mpx rdseed adx smap clflushopt ibrs ibpb stibp ssbd
bogomips	: 4608.00
clflush size	: 64
cache_alignment	: 64
address sizes	: 36 bits physical, 48 bits virtual
power management:

processor	: 1
vendor_id	: GenuineIntel
cpu family	: 6
model		: 142
model name	: Intel(R) Core(TM) i3-7020U CPU @ 2.30GHz
stepping	: 9
microcode	: 0xffffffff
cpu MHz		: 2304.000
cache size	: 256 KB
physical id	: 0
siblings	: 4
core id		: 0
cpu cores	: 2
apicid		: 0
initial apicid	: 0
fpu		: yes
fpu_exception	: yes
cpuid level	: 6
wp		: yes
flags		: fpu vme de pse tsc msr pae mce cx8 apic sep mtrr pge mca cmov pat pse36 clflush dts acpi mmx fxsr sse sse2 ss ht tm pbe syscall nx pdpe1gb rdtscp lm pni pclmulqdq dtes64 est tm2 ssse3 fma cx16 xtpr pdcm pcid sse4_1 sse4_2 movbe popcnt aes xsave osxsave avx f16c rdrand hypervisor lahf_lm abm 3dnowprefetch fsgsbase tsc_adjust bmi1 avx2 smep bmi2 erms invpcid mpx rdseed adx smap clflushopt ibrs ibpb stibp ssbd
bogomips	: 4608.00
clflush size	: 64
cache_alignment	: 64
address sizes	: 36 bits physical, 48 bits virtual
power management:

processor	: 2
vendor_id	: GenuineIntel
cpu family	: 6
model		: 142
model name	: Intel(R) Core(TM) i3-7020U CPU @ 2.30GHz
stepping	: 9
microcode	: 0xffffffff
cpu MHz		: 2304.000
cache size	: 256 KB
physical id	: 0
siblings	: 4
core id		: 1
cpu cores	: 2
apicid		: 0
initial apicid	: 0
fpu		: yes
fpu_exception	: yes
cpuid level	: 6
wp		: yes
flags		: fpu vme de pse tsc msr pae mce cx8 apic sep mtrr pge mca cmov pat pse36 clflush dts acpi mmx fxsr sse sse2 ss ht tm pbe syscall nx pdpe1gb rdtscp lm pni pclmulqdq dtes64 est tm2 ssse3 fma cx16 xtpr pdcm pcid sse4_1 sse4_2 movbe popcnt aes xsave osxsave avx f16c rdrand hypervisor lahf_lm abm 3dnowprefetch fsgsbase tsc_adjust bmi1 avx2 smep bmi2 erms invpcid mpx rdseed adx smap clflushopt ibrs ibpb stibp ssbd
bogomips	: 4608.00
clflush size	: 64
cache_alignment	: 64
address sizes	: 36 bits physical, 48 bits virtual
power management:

processor	: 3
vendor_id	: GenuineIntel
cpu family	: 6
model		: 142
model name	: Intel(R) Core(TM) i3-7020U CPU @ 2.30GHz
stepping	: 9
microcode	: 0xffffffff
cpu MHz		: 2304.000
cache size	: 256 KB
physical id	: 0
siblings	: 4
core id		: 1
cpu cores	: 2
apicid		: 0
initial apicid	: 0
fpu		: yes
fpu_exception	: yes
cpuid level	: 6
wp		: yes
flags		: fpu vme de pse tsc msr pae mce cx8 apic sep mtrr pge mca cmov pat pse36 clflush dts acpi mmx fxsr sse sse2 ss ht tm pbe syscall nx pdpe1gb rdtscp lm pni pclmulqdq dtes64 est tm2 ssse3 fma cx16 xtpr pdcm pcid sse4_1 sse4_2 movbe popcnt aes xsave osxsave avx f16c rdrand hypervisor lahf_lm abm 3dnowprefetch fsgsbase tsc_adjust bmi1 avx2 smep bmi2 erms invpcid mpx rdseed adx smap clflushopt ibrs ibpb stibp ssbd
bogomips	: 4608.00
clflush size	: 64
cache_alignment	: 64
address sizes	: 36 bits physical, 48 bits virtual
power management:



Memory: 4k page, physical 4070812k(454148k free), swap 12582912k(11841356k free)

vm_info: OpenJDK 64-Bit Server VM (25.292-b10) for linux-amd64 JRE (1.8.0_292-8u292-b10-0ubuntu1~20.04-b10), built on Apr 21 2021 11:46:09 by "buildd" with gcc 9.3.0

time: Thu Aug 12 12:17:42 2021
timezone: -03
elapsed time: 90.721112 seconds (0d 0h 1m 30s)

