#
# A fatal error has been detected by the Java Runtime Environment:
#
#  SIGSEGV (0xb) at pc=0x00007fdf2972b7ba, pid=883, tid=0x00007fdf29bc1440
#
# JRE version: OpenJDK Runtime Environment (8.0_292-b10) (build 1.8.0_292-8u292-b10-0ubuntu1~20.04-b10)
# Java VM: OpenJDK 64-Bit Server VM (25.292-b10 mixed mode linux-amd64 compressed oops)
# Problematic frame:
# V  [libjvm.so+0x97b7ba]
#
# Failed to write core dump. Core dumps have been disabled. To enable core dumping, try "ulimit -c unlimited" before starting Java again
#
# If you would like to submit a bug report, please visit:
#   http://bugreport.java.com/bugreport/crash.jsp
#

---------------  T H R E A D  ---------------

Current thread is native thread

siginfo: si_signo: 11 (SIGSEGV), si_code: 1 (SEGV_MAPERR), si_addr: 0x0000000000000180

Registers:
RAX=0x0000000000000000, RBX=0x00007fdf29bc13c0, RCX=0x0000000000000000, RDX=0x00007fdf29bc1440
RSP=0x00007ffff6f38ee0, RBP=0x00007ffff6f38fb0, RSI=0x00007ffff6f395d0, RDI=0x0000000000000001
R8 =0x0000000000000000, R9 =0x00007fdf28a40700, R10=0x0000000000000000, R11=0x0000000000000000
R12=0x00007ffff6f395d0, R13=0x00007fdf28a409d0, R14=0x0000000000000000, R15=0x00007fdf28a40700
RIP=0x00007fdf2972b7ba, EFLAGS=0x0000000000010246, CSGSFS=0x00000053002b0033, ERR=0x0000000000000000
  TRAPNO=0x0000000000000000

Top of Stack: (sp=0x00007ffff6f38ee0)
0x00007ffff6f38ee0:   00007ffff6f39160 00007ffff6f38fc0
0x00007ffff6f38ef0:   00007ffff6f3919f 00007ffff6f39160
0x00007ffff6f38f00:   00007ffff6f3919f 0000000000000000
0x00007ffff6f38f10:   0000000000000000 0000000000000000
0x00007ffff6f38f20:   0000000000000000 0000000000000000
0x00007ffff6f38f30:   0000000000000004 00000000000001fe
0x00007ffff6f38f40:   00000000000001fe ffffffffffffff00
0x00007ffff6f38f50:   00007fdf29e0bce0 0000000000000000
0x00007ffff6f38f60:   00007fdf29b8de20 00007fdf29acbbc8
0x00007ffff6f38f70:   00007fdf29e0bbe0 884e664e30862e00
0x00007ffff6f38f80:   00007fdf299522e0 00000000000000ca
0x00007ffff6f38f90:   0000000000000374 00007fdf28a409d0
0x00007ffff6f38fa0:   0000000000100000 00007fdf28a40700
0x00007ffff6f38fb0:   00007ffff6f39778 00007fdf29c66210
0x00007ffff6f38fc0:   0000000000000000 0000000000000000
0x00007ffff6f38fd0:   0000000000000000 0000000000000000
0x00007ffff6f38fe0:   0000000000000000 0000000000000000
0x00007ffff6f38ff0:   00007fdf28a40700 0000000000000000
0x00007ffff6f39000:   0000000000000000 0000000000000374
0x00007ffff6f39010:   00007fdf28a409d0 0000000000100000
0x00007ffff6f39020:   00007fdf28a40700 00007fdf28a409d0
0x00007ffff6f39030:   0000000000000000 00007ffff6f39778
0x00007ffff6f39040:   00000000000000ca 0000000000000374
0x00007ffff6f39050:   fffffffffffffffc 0000000000000000
0x00007ffff6f39060:   00007ffff6f396d0 00007fdf29bd7cd7
0x00007ffff6f39070:   0000000000000246 00000053002b0033
0x00007ffff6f39080:   0000000000000000 0000000000000000
0x00007ffff6f39090:   0000000000000000 0000000000000000
0x00007ffff6f390a0:   0000000000000000 0000000000000000
0x00007ffff6f390b0:   0000000000000000 0000000000000000
0x00007ffff6f390c0:   0000000000000000 0000000000000000
0x00007ffff6f390d0:   0000000000000000 0000000000000000 

Instructions: (pc=0x00007fdf2972b7ba)
0x00007fdf2972b79a:   00 48 89 45 c8 31 c0 e8 8a a4 87 ff 44 8b 30 48
0x00007fdf2972b7aa:   89 c3 48 8d 05 55 e3 43 00 8b 38 e8 fe a6 87 ff
0x00007fdf2972b7ba:   4c 8b a8 80 01 00 00 41 8b 85 a8 00 00 00 83 f8
0x00007fdf2972b7ca:   01 74 2b 44 89 33 48 8b 45 c8 64 48 33 04 25 28 

Register to memory mapping:

RAX=0x0000000000000000 is an unknown value
RBX=0x00007fdf29bc13c0 is an unknown value
RCX=0x0000000000000000 is an unknown value
RDX=0x00007fdf29bc1440 is an unknown value
RSP=0x00007ffff6f38ee0 is an unknown value
RBP=0x00007ffff6f38fb0 is an unknown value
RSI=0x00007ffff6f395d0 is an unknown value
RDI=0x0000000000000001 is an unknown value
R8 =0x0000000000000000 is an unknown value
R9 =0x00007fdf28a40700 is pointing into the stack for thread: 0x00007fdf2400a000
R10=0x0000000000000000 is an unknown value
R11=0x0000000000000000 is an unknown value
R12=0x00007ffff6f395d0 is an unknown value
R13=0x00007fdf28a409d0 is pointing into the stack for thread: 0x00007fdf2400a000
R14=0x0000000000000000 is an unknown value
R15=0x00007fdf28a40700 is pointing into the stack for thread: 0x00007fdf2400a000


Stack: [0x00007ffff6e40000,0x00007ffff6f40000],  sp=0x00007ffff6f38ee0,  free space=995k
Native frames: (J=compiled Java code, j=interpreted, Vv=VM code, C=native code)
V  [libjvm.so+0x97b7ba]
C  [libc.so.6+0x46210]


---------------  P R O C E S S  ---------------

VM state:not at safepoint (normal execution)

VM Mutex/Monitor currently owned by a thread: None

heap address: 0x00000000c1e00000, size: 994 MB, Compressed Oops mode: 32-bit
Narrow klass base: 0x0000000000000000, Narrow klass shift: 3
Compressed class space size: 1073741824 Address: 0x0000000100000000

Heap:
 PSYoungGen      total 73216K, used 38174K [0x00000000eb500000, 0x00000000f0a00000, 0x0000000100000000)
  eden space 64000K, 45% used [0x00000000eb500000,0x00000000ed1b94b8,0x00000000ef380000)
  from space 9216K, 95% used [0x00000000efe00000,0x00000000f068e400,0x00000000f0700000)
  to   space 10752K, 0% used [0x00000000ef380000,0x00000000ef380000,0x00000000efe00000)
 ParOldGen       total 44032K, used 14408K [0x00000000c1e00000, 0x00000000c4900000, 0x00000000eb500000)
  object space 44032K, 32% used [0x00000000c1e00000,0x00000000c2c121e8,0x00000000c4900000)
 Metaspace       used 13013K, capacity 13320K, committed 13440K, reserved 1060864K
  class space    used 1493K, capacity 1594K, committed 1664K, reserved 1048576K

Card table byte_map: [0x00007fdf282e0000,0x00007fdf284d2000] byte_map_base: 0x00007fdf27cd1000

Marking Bits: (ParMarkBitMap*) 0x00007fdf29b946c0
 Begin Bits: [0x00007fdf0e0f0000, 0x00007fdf0f078000)
 End Bits:   [0x00007fdf0f078000, 0x00007fdf10000000)

Polling page: 0x00007fdf28a70000

CodeCache: size=245760Kb used=4433Kb max_used=4476Kb free=241326Kb
 bounds [0x00007fdf15000000, 0x00007fdf15470000, 0x00007fdf24000000]
 total_blobs=1559 nmethods=1181 adapters=291
 compilation: enabled

Compilation events (10 events):
Event: 541.749 Thread 0x00007fdf24188800 1181       3       java.util.concurrent.locks.AbstractQueuedSynchronizer::compareAndSetState (13 bytes)
Event: 541.786 Thread 0x00007fdf24188800 nmethod 1181 0x00007fdf15439990 code [0x00007fdf15439ae0, 0x00007fdf15439c50]
Event: 541.787 Thread 0x00007fdf24188800 1182       1       org.eclipse.jetty.util.thread.QueuedThreadPool::access$100 (5 bytes)
Event: 541.799 Thread 0x00007fdf24188800 nmethod 1182 0x00007fdf154396d0 code [0x00007fdf15439820, 0x00007fdf15439910]
Event: 721.650 Thread 0x00007fdf24188800 1183       3       java.util.concurrent.locks.AbstractQueuedSynchronizer::setState (6 bytes)
Event: 721.651 Thread 0x00007fdf24188800 nmethod 1183 0x00007fdf154393d0 code [0x00007fdf15439520, 0x00007fdf15439670]
Event: 781.379 Thread 0x00007fdf24188800 1184       3       java.util.concurrent.locks.AbstractQueuedSynchronizer::release (33 bytes)
Event: 781.562 Thread 0x00007fdf24188800 nmethod 1184 0x00007fdf1543e790 code [0x00007fdf1543e920, 0x00007fdf1543ec38]
Event: 781.641 Thread 0x00007fdf24188800 1185       3       java.util.concurrent.locks.ReentrantLock$Sync::tryRelease (45 bytes)
Event: 781.668 Thread 0x00007fdf24188800 nmethod 1185 0x00007fdf1543df10 code [0x00007fdf1543e0a0, 0x00007fdf1543e648]

GC Heap History (10 events):
Event: 1.247 GC heap before
{Heap before GC invocations=2 (full 0):
 PSYoungGen      total 18944K, used 18923K [0x00000000eb500000, 0x00000000eca00000, 0x0000000100000000)
  eden space 16384K, 100% used [0x00000000eb500000,0x00000000ec500000,0x00000000ec500000)
  from space 2560K, 99% used [0x00000000ec500000,0x00000000ec77ac38,0x00000000ec780000)
  to   space 2560K, 0% used [0x00000000ec780000,0x00000000ec780000,0x00000000eca00000)
 ParOldGen       total 44032K, used 408K [0x00000000c1e00000, 0x00000000c4900000, 0x00000000eb500000)
  object space 44032K, 0% used [0x00000000c1e00000,0x00000000c1e66030,0x00000000c4900000)
 Metaspace       used 10250K, capacity 10518K, committed 10752K, reserved 1058816K
  class space    used 1156K, capacity 1239K, committed 1280K, reserved 1048576K
Event: 1.258 GC heap after
Heap after GC invocations=2 (full 0):
 PSYoungGen      total 18944K, used 2559K [0x00000000eb500000, 0x00000000eda00000, 0x0000000100000000)
  eden space 16384K, 0% used [0x00000000eb500000,0x00000000eb500000,0x00000000ec500000)
  from space 2560K, 99% used [0x00000000ec780000,0x00000000ec9ffe18,0x00000000eca00000)
  to   space 2560K, 0% used [0x00000000ec500000,0x00000000ec500000,0x00000000ec780000)
 ParOldGen       total 44032K, used 2361K [0x00000000c1e00000, 0x00000000c4900000, 0x00000000eb500000)
  object space 44032K, 5% used [0x00000000c1e00000,0x00000000c204e4c8,0x00000000c4900000)
 Metaspace       used 10250K, capacity 10518K, committed 10752K, reserved 1058816K
  class space    used 1156K, capacity 1239K, committed 1280K, reserved 1048576K
}
Event: 1.315 GC heap before
{Heap before GC invocations=3 (full 0):
 PSYoungGen      total 18944K, used 18943K [0x00000000eb500000, 0x00000000eda00000, 0x0000000100000000)
  eden space 16384K, 100% used [0x00000000eb500000,0x00000000ec500000,0x00000000ec500000)
  from space 2560K, 99% used [0x00000000ec780000,0x00000000ec9ffe18,0x00000000eca00000)
  to   space 2560K, 0% used [0x00000000ec500000,0x00000000ec500000,0x00000000ec780000)
 ParOldGen       total 44032K, used 2361K [0x00000000c1e00000, 0x00000000c4900000, 0x00000000eb500000)
  object space 44032K, 5% used [0x00000000c1e00000,0x00000000c204e4c8,0x00000000c4900000)
 Metaspace       used 10317K, capacity 10582K, committed 10752K, reserved 1058816K
  class space    used 1156K, capacity 1239K, committed 1280K, reserved 1048576K
Event: 1.326 GC heap after
Heap after GC invocations=3 (full 0):
 PSYoungGen      total 18944K, used 2551K [0x00000000eb500000, 0x00000000eda00000, 0x0000000100000000)
  eden space 16384K, 0% used [0x00000000eb500000,0x00000000eb500000,0x00000000ec500000)
  from space 2560K, 99% used [0x00000000ec500000,0x00000000ec77dc38,0x00000000ec780000)
  to   space 2560K, 0% used [0x00000000ed780000,0x00000000ed780000,0x00000000eda00000)
 ParOldGen       total 44032K, used 5158K [0x00000000c1e00000, 0x00000000c4900000, 0x00000000eb500000)
  object space 44032K, 11% used [0x00000000c1e00000,0x00000000c2309ad0,0x00000000c4900000)
 Metaspace       used 10317K, capacity 10582K, committed 10752K, reserved 1058816K
  class space    used 1156K, capacity 1239K, committed 1280K, reserved 1048576K
}
Event: 1.377 GC heap before
{Heap before GC invocations=4 (full 0):
 PSYoungGen      total 18944K, used 18935K [0x00000000eb500000, 0x00000000eda00000, 0x0000000100000000)
  eden space 16384K, 100% used [0x00000000eb500000,0x00000000ec500000,0x00000000ec500000)
  from space 2560K, 99% used [0x00000000ec500000,0x00000000ec77dc38,0x00000000ec780000)
  to   space 2560K, 0% used [0x00000000ed780000,0x00000000ed780000,0x00000000eda00000)
 ParOldGen       total 44032K, used 5158K [0x00000000c1e00000, 0x00000000c4900000, 0x00000000eb500000)
  object space 44032K, 11% used [0x00000000c1e00000,0x00000000c2309ad0,0x00000000c4900000)
 Metaspace       used 10334K, capacity 10646K, committed 10752K, reserved 1058816K
  class space    used 1157K, capacity 1239K, committed 1280K, reserved 1048576K
Event: 1.393 GC heap after
Heap after GC invocations=4 (full 0):
 PSYoungGen      total 35328K, used 2548K [0x00000000eb500000, 0x00000000eda00000, 0x0000000100000000)
  eden space 32768K, 0% used [0x00000000eb500000,0x00000000eb500000,0x00000000ed500000)
  from space 2560K, 99% used [0x00000000ed780000,0x00000000ed9fd110,0x00000000eda00000)
  to   space 2560K, 0% used [0x00000000ed500000,0x00000000ed500000,0x00000000ed780000)
 ParOldGen       total 44032K, used 8438K [0x00000000c1e00000, 0x00000000c4900000, 0x00000000eb500000)
  object space 44032K, 19% used [0x00000000c1e00000,0x00000000c263d8e0,0x00000000c4900000)
 Metaspace       used 10334K, capacity 10646K, committed 10752K, reserved 1058816K
  class space    used 1157K, capacity 1239K, committed 1280K, reserved 1048576K
}
Event: 1.489 GC heap before
{Heap before GC invocations=5 (full 0):
 PSYoungGen      total 35328K, used 35316K [0x00000000eb500000, 0x00000000eda00000, 0x0000000100000000)
  eden space 32768K, 100% used [0x00000000eb500000,0x00000000ed500000,0x00000000ed500000)
  from space 2560K, 99% used [0x00000000ed780000,0x00000000ed9fd110,0x00000000eda00000)
  to   space 2560K, 0% used [0x00000000ed500000,0x00000000ed500000,0x00000000ed780000)
 ParOldGen       total 44032K, used 8438K [0x00000000c1e00000, 0x00000000c4900000, 0x00000000eb500000)
  object space 44032K, 19% used [0x00000000c1e00000,0x00000000c263d8e0,0x00000000c4900000)
 Metaspace       used 10342K, capacity 10646K, committed 10752K, reserved 1058816K
  class space    used 1157K, capacity 1239K, committed 1280K, reserved 1048576K
Event: 1.508 GC heap after
Heap after GC invocations=5 (full 0):
 PSYoungGen      total 35328K, used 2535K [0x00000000eb500000, 0x00000000f0700000, 0x0000000100000000)
  eden space 32768K, 0% used [0x00000000eb500000,0x00000000eb500000,0x00000000ed500000)
  from space 2560K, 99% used [0x00000000ed500000,0x00000000ed779c40,0x00000000ed780000)
  to   space 9216K, 0% used [0x00000000efe00000,0x00000000efe00000,0x00000000f0700000)
 ParOldGen       total 44032K, used 14408K [0x00000000c1e00000, 0x00000000c4900000, 0x00000000eb500000)
  object space 44032K, 32% used [0x00000000c1e00000,0x00000000c2c121e8,0x00000000c4900000)
 Metaspace       used 10342K, capacity 10646K, committed 10752K, reserved 1058816K
  class space    used 1157K, capacity 1239K, committed 1280K, reserved 1048576K
}
Event: 1.574 GC heap before
{Heap before GC invocations=6 (full 0):
 PSYoungGen      total 35328K, used 35303K [0x00000000eb500000, 0x00000000f0700000, 0x0000000100000000)
  eden space 32768K, 100% used [0x00000000eb500000,0x00000000ed500000,0x00000000ed500000)
  from space 2560K, 99% used [0x00000000ed500000,0x00000000ed779c40,0x00000000ed780000)
  to   space 9216K, 0% used [0x00000000efe00000,0x00000000efe00000,0x00000000f0700000)
 ParOldGen       total 44032K, used 14408K [0x00000000c1e00000, 0x00000000c4900000, 0x00000000eb500000)
  object space 44032K, 32% used [0x00000000c1e00000,0x00000000c2c121e8,0x00000000c4900000)
 Metaspace       used 10343K, capacity 10646K, committed 10752K, reserved 1058816K
  class space    used 1157K, capacity 1239K, committed 1280K, reserved 1048576K
Event: 1.595 GC heap after
Heap after GC invocations=6 (full 0):
 PSYoungGen      total 73216K, used 8761K [0x00000000eb500000, 0x00000000f0a00000, 0x0000000100000000)
  eden space 64000K, 0% used [0x00000000eb500000,0x00000000eb500000,0x00000000ef380000)
  from space 9216K, 95% used [0x00000000efe00000,0x00000000f068e400,0x00000000f0700000)
  to   space 10752K, 0% used [0x00000000ef380000,0x00000000ef380000,0x00000000efe00000)
 ParOldGen       total 44032K, used 14408K [0x00000000c1e00000, 0x00000000c4900000, 0x00000000eb500000)
  object space 44032K, 32% used [0x00000000c1e00000,0x00000000c2c121e8,0x00000000c4900000)
 Metaspace       used 10343K, capacity 10646K, committed 10752K, reserved 1058816K
  class space    used 1157K, capacity 1239K, committed 1280K, reserved 1048576K
}

Deoptimization events (10 events):
Event: 0.868 Thread 0x00007fdf2400a000 Uncommon trap: reason=unstable_if action=reinterpret pc=0x00007fdf151f9468 method=java.lang.String.startsWith(Ljava/lang/String;I)Z @ 25
Event: 1.053 Thread 0x00007fdf2400a000 Uncommon trap: reason=unstable_if action=reinterpret pc=0x00007fdf151a1208 method=java.lang.String.indexOf([CII[CIII)I @ 3
Event: 1.090 Thread 0x00007fdf2400a000 Uncommon trap: reason=class_check action=maybe_recompile pc=0x00007fdf152054d4 method=java.util.jar.JarFile.getJarEntry(Ljava/lang/String;)Ljava/util/jar/JarEntry; @ 2
Event: 1.090 Thread 0x00007fdf2400a000 Uncommon trap: reason=class_check action=maybe_recompile pc=0x00007fdf152054d4 method=java.util.jar.JarFile.getJarEntry(Ljava/lang/String;)Ljava/util/jar/JarEntry; @ 2
Event: 1.096 Thread 0x00007fdf2400a000 Uncommon trap: reason=class_check action=maybe_recompile pc=0x00007fdf152054d4 method=java.util.jar.JarFile.getJarEntry(Ljava/lang/String;)Ljava/util/jar/JarEntry; @ 2
Event: 1.096 Thread 0x00007fdf2400a000 Uncommon trap: reason=class_check action=maybe_recompile pc=0x00007fdf152054d4 method=java.util.jar.JarFile.getJarEntry(Ljava/lang/String;)Ljava/util/jar/JarEntry; @ 2
Event: 1.547 Thread 0x00007fdf24748800 Uncommon trap: reason=unstable_if action=reinterpret pc=0x00007fdf15394be4 method=org.objectweb.asm.ClassReader.readMethod(Lorg/objectweb/asm/ClassVisitor;Lorg/objectweb/asm/Context;I)I @ 658
Event: 1.824 Thread 0x00007fdf2400a000 Uncommon trap: reason=unstable_if action=reinterpret pc=0x00007fdf1538572c method=java.lang.String.regionMatches(ZILjava/lang/String;II)Z @ 123
Event: 1.979 Thread 0x00007fdf2400a000 Uncommon trap: reason=unstable_if action=reinterpret pc=0x00007fdf15382d40 method=java.util.TreeMap.put(Ljava/lang/Object;Ljava/lang/Object;)Ljava/lang/Object; @ 55
Event: 2.039 Thread 0x00007fdf2400a000 Uncommon trap: reason=unstable_if action=reinterpret pc=0x00007fdf1540cd9c method=java.lang.CharacterDataLatin1.digit(II)I @ 82

Classes redefined (0 events):
No events

Internal exceptions (10 events):
Event: 1.089 Thread 0x00007fdf2400a000 Exception <a 'sun/nio/fs/UnixException'> (0x00000000eba63dc8) thrown at [/build/openjdk-8-4TqvnK/openjdk-8-8u292-b10/src/hotspot/src/share/vm/prims/jni.cpp, line 711]
Event: 1.089 Thread 0x00007fdf2400a000 Exception <a 'sun/nio/fs/UnixException'> (0x00000000eba64298) thrown at [/build/openjdk-8-4TqvnK/openjdk-8-8u292-b10/src/hotspot/src/share/vm/prims/jni.cpp, line 711]
Event: 1.170 Thread 0x00007fdf2400a000 Exception <a 'java/lang/NoSuchMethodError': java.lang.Object.lambda$maxBy$1(Ljava/util/Comparator;Ljava/lang/Object;Ljava/lang/Object;)Ljava/lang/Object;> (0x00000000ebe9cd28) thrown at [/build/openjdk-8-4TqvnK/openjdk-8-8u292-b10/src/hotspot/src/share/vm
Event: 1.679 Thread 0x00007fdf2400a000 Exception <a 'sun/nio/fs/UnixException'> (0x00000000ec96daa0) thrown at [/build/openjdk-8-4TqvnK/openjdk-8-8u292-b10/src/hotspot/src/share/vm/prims/jni.cpp, line 711]
Event: 1.680 Thread 0x00007fdf2400a000 Exception <a 'sun/nio/fs/UnixException'> (0x00000000ec96e548) thrown at [/build/openjdk-8-4TqvnK/openjdk-8-8u292-b10/src/hotspot/src/share/vm/prims/jni.cpp, line 711]
Event: 1.680 Thread 0x00007fdf2400a000 Exception <a 'sun/nio/fs/UnixException'> (0x00000000ec96ea78) thrown at [/build/openjdk-8-4TqvnK/openjdk-8-8u292-b10/src/hotspot/src/share/vm/prims/jni.cpp, line 711]
Event: 1.680 Thread 0x00007fdf2400a000 Exception <a 'sun/nio/fs/UnixException'> (0x00000000ec96f018) thrown at [/build/openjdk-8-4TqvnK/openjdk-8-8u292-b10/src/hotspot/src/share/vm/prims/jni.cpp, line 711]
Event: 1.680 Thread 0x00007fdf2400a000 Exception <a 'sun/nio/fs/UnixException'> (0x00000000ec96f458) thrown at [/build/openjdk-8-4TqvnK/openjdk-8-8u292-b10/src/hotspot/src/share/vm/prims/jni.cpp, line 711]
Event: 1.680 Thread 0x00007fdf2400a000 Exception <a 'sun/nio/fs/UnixException'> (0x00000000ec96f928) thrown at [/build/openjdk-8-4TqvnK/openjdk-8-8u292-b10/src/hotspot/src/share/vm/prims/jni.cpp, line 711]
Event: 1.975 Thread 0x00007fdf2400a000 Exception <a 'java/lang/NoSuchMethodError': java.lang.Object.lambda$comparing$77a9974f$1(Ljava/util/function/Function;Ljava/lang/Object;Ljava/lang/Object;)I> (0x00000000ecdcf7c0) thrown at [/build/openjdk-8-4TqvnK/openjdk-8-8u292-b10/src/hotspot/src/share

Events (10 events):
Event: 2.082 loading class br/edu/utfpr/oiardubot/web/ServerLauncher$1 done
Event: 2.082 Thread 0x00007fdf24933800 Thread added: 0x00007fdf24933800
Event: 4.181 Executing VM operation: EnableBiasedLocking
Event: 4.181 Executing VM operation: EnableBiasedLocking done
Event: 662.088 loading class java/util/concurrent/ConcurrentHashMap$KeyIterator
Event: 662.125 loading class java/util/concurrent/ConcurrentHashMap$BaseIterator
Event: 662.128 loading class java/util/concurrent/ConcurrentHashMap$Traverser
Event: 662.136 loading class java/util/concurrent/ConcurrentHashMap$Traverser done
Event: 662.138 loading class java/util/concurrent/ConcurrentHashMap$BaseIterator done
Event: 662.138 loading class java/util/concurrent/ConcurrentHashMap$KeyIterator done


Dynamic libraries:
c1e00000-c4900000 rw-p 00000000 00:00 0
c4900000-eb500000 ---p 00000000 00:00 0
eb500000-f0a00000 rw-p 00000000 00:00 0
f0a00000-100000000 ---p 00000000 00:00 0
100000000-1001a0000 rw-p 00000000 00:00 0
1001a0000-140000000 ---p 00000000 00:00 0
7fdeb0000000-7fdeb0021000 rw-p 00000000 00:00 0
7fdeb0021000-7fdeb4000000 ---p 00000000 00:00 0
7fdeb4000000-7fdeb4021000 rw-p 00000000 00:00 0
7fdeb4021000-7fdeb8000000 ---p 00000000 00:00 0
7fdeb8000000-7fdeb8021000 rw-p 00000000 00:00 0
7fdeb8021000-7fdebc000000 ---p 00000000 00:00 0
7fdebc000000-7fdebc021000 rw-p 00000000 00:00 0
7fdebc021000-7fdec0000000 ---p 00000000 00:00 0
7fdec0000000-7fdec0021000 rw-p 00000000 00:00 0
7fdec0021000-7fdec4000000 ---p 00000000 00:00 0
7fdec4000000-7fdec4021000 rw-p 00000000 00:00 0
7fdec4021000-7fdec8000000 ---p 00000000 00:00 0
7fdec8000000-7fdec80bd000 rw-p 00000000 00:00 0
7fdec80bd000-7fdecc000000 ---p 00000000 00:00 0
7fdecc000000-7fdecc021000 rw-p 00000000 00:00 0
7fdecc021000-7fded0000000 ---p 00000000 00:00 0
7fded0000000-7fded0021000 rw-p 00000000 00:00 0
7fded0021000-7fded4000000 ---p 00000000 00:00 0
7fded4000000-7fded4021000 rw-p 00000000 00:00 0
7fded4021000-7fded8000000 ---p 00000000 00:00 0
7fded8000000-7fded8021000 rw-p 00000000 00:00 0
7fded8021000-7fdedc000000 ---p 00000000 00:00 0
7fdedc000000-7fdedc021000 rw-p 00000000 00:00 0
7fdedc021000-7fdee0000000 ---p 00000000 00:00 0
7fdee0000000-7fdee08e9000 rw-p 00000000 00:00 0
7fdee08e9000-7fdee4000000 ---p 00000000 00:00 0
7fdee4000000-7fdee4629000 rw-p 00000000 00:00 0
7fdee4629000-7fdee8000000 ---p 00000000 00:00 0
7fdee8000000-7fdee8021000 rw-p 00000000 00:00 0
7fdee8021000-7fdeec000000 ---p 00000000 00:00 0
7fdeec000000-7fdeec8e8000 rw-p 00000000 00:00 0
7fdeec8e8000-7fdef0000000 ---p 00000000 00:00 0
7fdef0000000-7fdef0021000 rw-p 00000000 00:00 0
7fdef0021000-7fdef4000000 ---p 00000000 00:00 0
7fdef4000000-7fdef4021000 rw-p 00000000 00:00 0
7fdef4021000-7fdef8000000 ---p 00000000 00:00 0
7fdef8000000-7fdef8021000 rw-p 00000000 00:00 0
7fdef8021000-7fdefc000000 ---p 00000000 00:00 0
7fdefc000000-7fdefc021000 rw-p 00000000 00:00 0
7fdefc021000-7fdf00000000 ---p 00000000 00:00 0
7fdf00000000-7fdf00021000 rw-p 00000000 00:00 0
7fdf00021000-7fdf04000000 ---p 00000000 00:00 0
7fdf07030000-7fdf07033000 ---p 00000000 00:00 0
7fdf07033000-7fdf07131000 rw-p 00000000 00:00 0
7fdf072b0000-7fdf072b3000 ---p 00000000 00:00 0
7fdf072b3000-7fdf073b1000 rw-p 00000000 00:00 0
7fdf073c0000-7fdf07540000 rw-p 00000000 00:00 0
7fdf07540000-7fdf075c0000 ---p 00000000 00:00 0
7fdf07690000-7fdf07890000 rw-p 00000000 00:00 0
7fdf07890000-7fdf07893000 ---p 00000000 00:00 0
7fdf07893000-7fdf07991000 rw-p 00000000 00:00 0
7fdf079a0000-7fdf079a3000 ---p 00000000 00:00 0
7fdf079a3000-7fdf07aa1000 rw-p 00000000 00:00 0
7fdf07ab0000-7fdf07ab3000 ---p 00000000 00:00 0
7fdf07ab3000-7fdf07bb1000 rw-p 00000000 00:00 0
7fdf07bc0000-7fdf07bc3000 ---p 00000000 00:00 0
7fdf07bc3000-7fdf07cc1000 rw-p 00000000 00:00 0
7fdf07cd0000-7fdf07cd3000 ---p 00000000 00:00 0
7fdf07cd3000-7fdf07dd1000 rw-p 00000000 00:00 0
7fdf07de0000-7fdf07de3000 ---p 00000000 00:00 0
7fdf07de3000-7fdf07ee1000 rw-p 00000000 00:00 0
7fdf07ef0000-7fdf07ef3000 ---p 00000000 00:00 0
7fdf07ef3000-7fdf07ff1000 rw-p 00000000 00:00 0
7fdf08000000-7fdf08021000 rw-p 00000000 00:00 0
7fdf08021000-7fdf0c000000 ---p 00000000 00:00 0
7fdf0c070000-7fdf0c077000 r--p 00000000 00:00 821417             /usr/lib/jvm/java-8-openjdk-amd64/jre/lib/amd64/libsunec.so
7fdf0c077000-7fdf0c090000 r-xp 00007000 00:00 821417             /usr/lib/jvm/java-8-openjdk-amd64/jre/lib/amd64/libsunec.so
7fdf0c090000-7fdf0c09a000 r--p 00020000 00:00 821417             /usr/lib/jvm/java-8-openjdk-amd64/jre/lib/amd64/libsunec.so
7fdf0c09a000-7fdf0c09e000 r--p 00029000 00:00 821417             /usr/lib/jvm/java-8-openjdk-amd64/jre/lib/amd64/libsunec.so
7fdf0c09e000-7fdf0c09f000 rw-p 0002d000 00:00 821417             /usr/lib/jvm/java-8-openjdk-amd64/jre/lib/amd64/libsunec.so
7fdf0c09f000-7fdf0c0b0000 r--s 001bf000 00:00 821461             /usr/lib/jvm/java-8-openjdk-amd64/jre/lib/jsse.jar
7fdf0c0b0000-7fdf0c0b3000 ---p 00000000 00:00 0
7fdf0c0b3000-7fdf0c1b1000 rw-p 00000000 00:00 0
7fdf0c1c0000-7fdf0c1c4000 r--p 00000000 00:00 821410             /usr/lib/jvm/java-8-openjdk-amd64/jre/lib/amd64/libmanagement.so
7fdf0c1c4000-7fdf0c1c8000 r-xp 00004000 00:00 821410             /usr/lib/jvm/java-8-openjdk-amd64/jre/lib/amd64/libmanagement.so
7fdf0c1c8000-7fdf0c1ca000 r--p 00008000 00:00 821410             /usr/lib/jvm/java-8-openjdk-amd64/jre/lib/amd64/libmanagement.so
7fdf0c1ca000-7fdf0c1cb000 r--p 00009000 00:00 821410             /usr/lib/jvm/java-8-openjdk-amd64/jre/lib/amd64/libmanagement.so
7fdf0c1cb000-7fdf0c1cc000 rw-p 0000a000 00:00 821410             /usr/lib/jvm/java-8-openjdk-amd64/jre/lib/amd64/libmanagement.so
7fdf0c1cf000-7fdf0c1fe000 r--s 008ca000 00:00 558379             /home/gustavo/oiArduBot/backend/language_server/language_server_lib/ace-1.3.3.jar
7fdf0c1fe000-7fdf0c232000 r--s 00287000 00:00 859424             /home/gustavo/oiArduBot/backend/language_server/language_server_lib/guava-30.1-jre.jar
7fdf0c232000-7fdf0c253000 r--s 00255000 00:00 859462             /home/gustavo/oiArduBot/backend/language_server/language_server_lib/org.eclipse.xtext.xbase-2.25.0.jar
7fdf0c253000-7fdf0c267000 r--s 00146000 00:00 859446             /home/gustavo/oiArduBot/backend/language_server/language_server_lib/org.eclipse.emf.ecore-2.20.0.jar
7fdf0c267000-7fdf0c27e000 r--s 0015b000 00:00 859453             /home/gustavo/oiArduBot/backend/language_server/language_server_lib/org.eclipse.osgi-3.16.0.jar
7fdf0c27e000-7fdf0c2b0000 r--s 0026c000 00:00 859456             /home/gustavo/oiArduBot/backend/language_server/language_server_lib/org.eclipse.xtext-2.25.0.jar
7fdf0c2b0000-7fdf0c2b5000 r--p 00000000 00:00 821412             /usr/lib/jvm/java-8-openjdk-amd64/jre/lib/amd64/libnet.so
7fdf0c2b5000-7fdf0c2c6000 r-xp 00005000 00:00 821412             /usr/lib/jvm/java-8-openjdk-amd64/jre/lib/amd64/libnet.so
7fdf0c2c6000-7fdf0c2ca000 r--p 00016000 00:00 821412             /usr/lib/jvm/java-8-openjdk-amd64/jre/lib/amd64/libnet.so
7fdf0c2ca000-7fdf0c2cb000 r--p 00019000 00:00 821412             /usr/lib/jvm/java-8-openjdk-amd64/jre/lib/amd64/libnet.so
7fdf0c2cb000-7fdf0c2cc000 rw-p 0001a000 00:00 821412             /usr/lib/jvm/java-8-openjdk-amd64/jre/lib/amd64/libnet.so
7fdf0c2d5000-7fdf0c2f0000 r--s 001d6000 00:00 821439             /usr/lib/jvm/java-8-openjdk-amd64/jre/lib/ext/nashorn.jar
7fdf0c2f0000-7fdf0c2f1000 ---p 00000000 00:00 0
7fdf0c2f1000-7fdf0c3f1000 rw-p 00000000 00:00 0
7fdf0c400000-7fdf0c403000 ---p 00000000 00:00 0
7fdf0c403000-7fdf0c501000 rw-p 00000000 00:00 0
7fdf0c510000-7fdf0c514000 ---p 00000000 00:00 0
7fdf0c514000-7fdf0c611000 rw-p 00000000 00:00 0
7fdf0c620000-7fdf0c624000 ---p 00000000 00:00 0
7fdf0c624000-7fdf0c721000 rw-p 00000000 00:00 0
7fdf0c730000-7fdf0c734000 ---p 00000000 00:00 0
7fdf0c734000-7fdf0c831000 rw-p 00000000 00:00 0
7fdf0c840000-7fdf0c843000 ---p 00000000 00:00 0
7fdf0c843000-7fdf0c941000 rw-p 00000000 00:00 0
7fdf0c945000-7fdf0c977000 r--p 00000000 00:00 572509             /usr/lib/locale/C.UTF-8/LC_CTYPE
7fdf0c977000-7fdf0caea000 r--p 00000000 00:00 572508             /usr/lib/locale/C.UTF-8/LC_COLLATE
7fdf0caea000-7fdf0cdd0000 r--p 00000000 00:00 572521             /usr/lib/locale/locale-archive
7fdf0cdd0000-7fdf0cdd3000 ---p 00000000 00:00 0
7fdf0cdd3000-7fdf0ced1000 rw-p 00000000 00:00 0
7fdf0cee0000-7fdf0cee3000 ---p 00000000 00:00 0
7fdf0cee3000-7fdf0cfe1000 rw-p 00000000 00:00 0
7fdf0cff0000-7fdf0cff1000 ---p 00000000 00:00 0
7fdf0cff1000-7fdf0d0f1000 rw-p 00000000 00:00 0
7fdf0d100000-7fdf0d201000 rw-p 00000000 00:00 0
7fdf0d210000-7fdf0d311000 rw-p 00000000 00:00 0
7fdf0d320000-7fdf0d421000 rw-p 00000000 00:00 0
7fdf0d430000-7fdf0d531000 rw-p 00000000 00:00 0
7fdf0d540000-7fdf0d641000 rw-p 00000000 00:00 0
7fdf0d650000-7fdf0d751000 rw-p 00000000 00:00 0
7fdf0d760000-7fdf0d861000 rw-p 00000000 00:00 0
7fdf0d870000-7fdf0d971000 rw-p 00000000 00:00 0
7fdf0d980000-7fdf0da81000 rw-p 00000000 00:00 0
7fdf0da90000-7fdf0db91000 rw-p 00000000 00:00 0
7fdf0dba0000-7fdf0dca1000 rw-p 00000000 00:00 0
7fdf0dcb0000-7fdf0ddb1000 rw-p 00000000 00:00 0
7fdf0ddc0000-7fdf0dec1000 rw-p 00000000 00:00 0
7fdf0ded0000-7fdf0dfd1000 rw-p 00000000 00:00 0
7fdf0dfe0000-7fdf0e0e1000 rw-p 00000000 00:00 0
7fdf0e0e4000-7fdf0e0e6000 r--s 00016000 00:00 821455             /usr/lib/jvm/java-8-openjdk-amd64/jre/lib/jce.jar
7fdf0e0e6000-7fdf0e0e8000 r--s 00009000 00:00 859467             /home/gustavo/oiArduBot/backend/language_server/language_server_lib/slf4j-api-1.7.21.jar
7fdf0e0e8000-7fdf0e0ec000 r--s 00025000 00:00 859432             /home/gustavo/oiArduBot/backend/language_server/language_server_lib/jetty-io-9.4.34.v20201102.jar
7fdf0e0ec000-7fdf0e0f0000 r--s 00031000 00:00 859431             /home/gustavo/oiArduBot/backend/language_server/language_server_lib/jetty-http-9.4.34.v20201102.jar
7fdf0e0f0000-7fdf10021000 rw-p 00000000 00:00 0
7fdf10021000-7fdf14000000 ---p 00000000 00:00 0
7fdf14000000-7fdf14007000 r--p 00000000 00:00 821413             /usr/lib/jvm/java-8-openjdk-amd64/jre/lib/amd64/libnio.so
7fdf14007000-7fdf14010000 r-xp 00007000 00:00 821413             /usr/lib/jvm/java-8-openjdk-amd64/jre/lib/amd64/libnio.so
7fdf14010000-7fdf14013000 r--p 00010000 00:00 821413             /usr/lib/jvm/java-8-openjdk-amd64/jre/lib/amd64/libnio.so
7fdf14013000-7fdf14014000 r--p 00012000 00:00 821413             /usr/lib/jvm/java-8-openjdk-amd64/jre/lib/amd64/libnio.so
7fdf14014000-7fdf14015000 rw-p 00013000 00:00 821413             /usr/lib/jvm/java-8-openjdk-amd64/jre/lib/amd64/libnio.so
7fdf14015000-7fdf14030000 r--s 00394000 00:00 821434             /usr/lib/jvm/java-8-openjdk-amd64/jre/lib/ext/cldrdata.jar
7fdf14030000-7fdf1407e000 rw-p 00000000 00:00 0
7fdf1407f000-7fdf14250000 r--s 03ca5000 00:00 821467             /usr/lib/jvm/java-8-openjdk-amd64/jre/lib/rt.jar
7fdf14250000-7fdf142c6000 rw-p 00000000 00:00 0
7fdf142c6000-7fdf142d0000 r--s 000a3000 00:00 859436             /home/gustavo/oiArduBot/backend/language_server/language_server_lib/jetty-server-9.4.34.v20201102.jar
7fdf142d0000-7fdf14cc1000 rw-p 00000000 00:00 0
7fdf14cc2000-7fdf14cc4000 r--s 00005000 00:00 859427             /home/gustavo/oiArduBot/backend/language_server/language_server_lib/javax.annotation-api-1.3.2.jar
7fdf14cc4000-7fdf14cc7000 r--s 00015000 00:00 859429             /home/gustavo/oiArduBot/backend/language_server/language_server_lib/javax.servlet-api-3.1.0.jar
7fdf14cc7000-7fdf14cca000 r--s 0001a000 00:00 859435             /home/gustavo/oiArduBot/backend/language_server/language_server_lib/jetty-security-9.4.34.v20201102.jar
7fdf14cca000-7fdf14ccd000 r--s 0001f000 00:00 859437             /home/gustavo/oiArduBot/backend/language_server/language_server_lib/jetty-servlet-9.4.34.v20201102.jar
7fdf14ccd000-7fdf14cd0000 r--s 00020000 00:00 859439             /home/gustavo/oiArduBot/backend/language_server/language_server_lib/jetty-webapp-9.4.34.v20201102.jar
7fdf14cd0000-7fdf14cd1000 ---p 00000000 00:00 0
7fdf14cd1000-7fdf14dd1000 rw-p 00000000 00:00 0
7fdf14dd1000-7fdf14dd3000 r--s 0000f000 00:00 859440             /home/gustavo/oiArduBot/backend/language_server/language_server_lib/jetty-xml-9.4.34.v20201102.jar
7fdf14dd3000-7fdf14ddc000 r--s 00081000 00:00 859438             /home/gustavo/oiArduBot/backend/language_server/language_server_lib/jetty-util-9.4.34.v20201102.jar
7fdf14ddc000-7fdf14dde000 r--s 0000a000 00:00 859433             /home/gustavo/oiArduBot/backend/language_server/language_server_lib/jetty-jndi-9.4.34.v20201102.jar
7fdf14dde000-7fdf14de0000 r--s 0000f000 00:00 859434             /home/gustavo/oiArduBot/backend/language_server/language_server_lib/jetty-plus-9.4.34.v20201102.jar
7fdf14de0000-7fdf14de1000 ---p 00000000 00:00 0
7fdf14de1000-7fdf14ee1000 rw-p 00000000 00:00 0
7fdf14ee1000-7fdf14ee5000 r--s 00010000 00:00 859455             /home/gustavo/oiArduBot/backend/language_server/language_server_lib/org.eclipse.xtend.lib.macro-2.25.0.jar
7fdf14ee5000-7fdf14ef0000 r--s 0002a000 00:00 859419             /home/gustavo/oiArduBot/backend/language_server/language_server_lib/checker-qual-3.5.0.jar
7fdf14ef0000-7fdf14ef1000 ---p 00000000 00:00 0
7fdf14ef1000-7fdf14ff1000 rw-p 00000000 00:00 0
7fdf14ff1000-7fdf14ff4000 r--s 00013000 00:00 859430             /home/gustavo/oiArduBot/backend/language_server/language_server_lib/jetty-annotations-9.4.34.v20201102.jar
7fdf14ff4000-7fdf14ff6000 r--s 00001000 00:00 859426             /home/gustavo/oiArduBot/backend/language_server/language_server_lib/j2objc-annotations-1.3.jar
7fdf14ff6000-7fdf14ffb000 r--s 00024000 00:00 859464             /home/gustavo/oiArduBot/backend/language_server/language_server_lib/org.eclipse.xtext.xbase.lib-2.25.0.jar
7fdf14ffb000-7fdf15000000 r--s 00036000 00:00 859423             /home/gustavo/oiArduBot/backend/language_server/language_server_lib/gson-2.8.6.jar
7fdf15000000-7fdf15470000 rwxp 00000000 00:00 0
7fdf15470000-7fdf24000000 ---p 00000000 00:00 0
7fdf24000000-7fdf24935000 rw-p 00000000 00:00 0
7fdf24935000-7fdf28000000 ---p 00000000 00:00 0
7fdf28000000-7fdf2805b000 rw-p 00000000 00:00 0
7fdf2805b000-7fdf28060000 r--s 00091000 00:00 859463             /home/gustavo/oiArduBot/backend/language_server/language_server_lib/org.eclipse.xtext.xbase.ide-2.25.0.jar
7fdf28060000-7fdf28074000 rw-p 00000000 00:00 0
7fdf28074000-7fdf28076000 r--s 00002000 00:00 859421             /home/gustavo/oiArduBot/backend/language_server/language_server_lib/error_prone_annotations-2.3.4.jar
7fdf28076000-7fdf28078000 r--s 00003000 00:00 859442             /home/gustavo/oiArduBot/backend/language_server/language_server_lib/jsr305-3.0.2.jar
7fdf28078000-7fdf28080000 r--s 00069000 00:00 859420             /home/gustavo/oiArduBot/backend/language_server/language_server_lib/classgraph-4.8.35.jar
7fdf28080000-7fdf28081000 ---p 00000000 00:00 0
7fdf28081000-7fdf28181000 rw-p 00000000 00:00 0
7fdf28181000-7fdf28190000 r--s 0009f000 00:00 859425             /home/gustavo/oiArduBot/backend/language_server/language_server_lib/guice-3.0.jar
7fdf28190000-7fdf281a6000 rw-p 00000000 00:00 0
7fdf281a6000-7fdf282dc000 ---p 00000000 00:00 0
7fdf282dd000-7fdf282e0000 r--s 00019000 00:00 859454             /home/gustavo/oiArduBot/backend/language_server/language_server_lib/org.eclipse.xtend.lib-2.25.0.jar
7fdf282e0000-7fdf282f6000 rw-p 00000000 00:00 0
7fdf282f6000-7fdf2842b000 ---p 00000000 00:00 0
7fdf2842b000-7fdf28456000 rw-p 00000000 00:00 0
7fdf28456000-7fdf284d1000 ---p 00000000 00:00 0
7fdf284d1000-7fdf284d2000 rw-p 00000000 00:00 0
7fdf284d2000-7fdf284d4000 r--s 00000000 00:00 859422             /home/gustavo/oiArduBot/backend/language_server/language_server_lib/failureaccess-1.0.1.jar
7fdf284d4000-7fdf284d6000 r--s 00003000 00:00 859461             /home/gustavo/oiArduBot/backend/language_server/language_server_lib/org.eclipse.xtext.web.servlet-2.25.0.jar
7fdf284d6000-7fdf284e0000 r--s 00073000 00:00 859457             /home/gustavo/oiArduBot/backend/language_server/language_server_lib/org.eclipse.xtext.common.types-2.25.0.jar
7fdf284e0000-7fdf284f2000 rw-p 00000000 00:00 0
7fdf284f2000-7fdf288a0000 ---p 00000000 00:00 0
7fdf288a0000-7fdf288a3000 r--p 00000000 00:00 821420             /usr/lib/jvm/java-8-openjdk-amd64/jre/lib/amd64/libzip.so
7fdf288a3000-7fdf288a8000 r-xp 00003000 00:00 821420             /usr/lib/jvm/java-8-openjdk-amd64/jre/lib/amd64/libzip.so
7fdf288a8000-7fdf288aa000 r--p 00008000 00:00 821420             /usr/lib/jvm/java-8-openjdk-amd64/jre/lib/amd64/libzip.so
7fdf288aa000-7fdf288ab000 r--p 00009000 00:00 821420             /usr/lib/jvm/java-8-openjdk-amd64/jre/lib/amd64/libzip.so
7fdf288ab000-7fdf288ac000 rw-p 0000a000 00:00 821420             /usr/lib/jvm/java-8-openjdk-amd64/jre/lib/amd64/libzip.so
7fdf288ad000-7fdf288b0000 r--s 00017000 00:00 859447             /home/gustavo/oiArduBot/backend/language_server/language_server_lib/org.eclipse.emf.ecore.change-2.14.0.jar
7fdf288b0000-7fdf288b3000 r--p 00000000 00:00 652020             /usr/lib/x86_64-linux-gnu/libnss_files-2.31.so
7fdf288b3000-7fdf288ba000 r-xp 00003000 00:00 652020             /usr/lib/x86_64-linux-gnu/libnss_files-2.31.so
7fdf288ba000-7fdf288bc000 r--p 0000a000 00:00 652020             /usr/lib/x86_64-linux-gnu/libnss_files-2.31.so
7fdf288bc000-7fdf288bd000 r--p 0000b000 00:00 652020             /usr/lib/x86_64-linux-gnu/libnss_files-2.31.so
7fdf288bd000-7fdf288be000 rw-p 0000c000 00:00 652020             /usr/lib/x86_64-linux-gnu/libnss_files-2.31.so
7fdf288be000-7fdf288c4000 rw-p 00000000 00:00 0
7fdf288c5000-7fdf288c9000 r--s 00022000 00:00 859413             /home/gustavo/oiArduBot/backend/language_server/language_server_lib/antlr-runtime-3.2.jar
7fdf288c9000-7fdf288d0000 r--s 00055000 00:00 859445             /home/gustavo/oiArduBot/backend/language_server/language_server_lib/org.eclipse.emf.common-2.17.0.jar
7fdf288d0000-7fdf288d1000 rw-p 00000000 00:00 0
7fdf288d2000-7fdf288d6000 r--s 00036000 00:00 859448             /home/gustavo/oiArduBot/backend/language_server/language_server_lib/org.eclipse.emf.ecore.xmi-2.16.0.jar
7fdf288d6000-7fdf288e0000 r--s 0006f000 00:00 859458             /home/gustavo/oiArduBot/backend/language_server/language_server_lib/org.eclipse.xtext.ide-2.25.0.jar
7fdf288e0000-7fdf288ed000 r--p 00000000 00:00 821401             /usr/lib/jvm/java-8-openjdk-amd64/jre/lib/amd64/libjava.so
7fdf288ed000-7fdf28905000 r-xp 0000d000 00:00 821401             /usr/lib/jvm/java-8-openjdk-amd64/jre/lib/amd64/libjava.so
7fdf28905000-7fdf2890c000 r--p 00025000 00:00 821401             /usr/lib/jvm/java-8-openjdk-amd64/jre/lib/amd64/libjava.so
7fdf2890c000-7fdf2890d000 r--p 0002b000 00:00 821401             /usr/lib/jvm/java-8-openjdk-amd64/jre/lib/amd64/libjava.so
7fdf2890d000-7fdf2890f000 rw-p 0002c000 00:00 821401             /usr/lib/jvm/java-8-openjdk-amd64/jre/lib/amd64/libjava.so
7fdf2890f000-7fdf28910000 r--s 00002000 00:00 859468             /home/gustavo/oiArduBot/backend/language_server/language_server_lib/slf4j-simple-1.7.21.jar
7fdf28910000-7fdf28915000 r--p 00000000 00:00 821419             /usr/lib/jvm/java-8-openjdk-amd64/jre/lib/amd64/libverify.so
7fdf28915000-7fdf2891e000 r-xp 00005000 00:00 821419             /usr/lib/jvm/java-8-openjdk-amd64/jre/lib/amd64/libverify.so
7fdf2891e000-7fdf28920000 r--p 0000e000 00:00 821419             /usr/lib/jvm/java-8-openjdk-amd64/jre/lib/amd64/libverify.so
7fdf28920000-7fdf28922000 r--p 0000f000 00:00 821419             /usr/lib/jvm/java-8-openjdk-amd64/jre/lib/amd64/libverify.so
7fdf28922000-7fdf28923000 rw-p 00011000 00:00 821419             /usr/lib/jvm/java-8-openjdk-amd64/jre/lib/amd64/libverify.so
7fdf28923000-7fdf28924000 r--s 0004c000 00:00 859441             /home/gustavo/oiArduBot/backend/language_server/language_server_lib/jquery-3.5.1.jar
7fdf28924000-7fdf28926000 r--s 00000000 00:00 859414             /home/gustavo/oiArduBot/backend/language_server/language_server_lib/aopalliance-1.0.jar
7fdf28926000-7fdf2892c000 r--s 00046000 00:00 859459             /home/gustavo/oiArduBot/backend/language_server/language_server_lib/org.eclipse.xtext.util-2.25.0.jar
7fdf2892c000-7fdf28930000 r--s 00029000 00:00 859460             /home/gustavo/oiArduBot/backend/language_server/language_server_lib/org.eclipse.xtext.web-2.25.0.jar
7fdf28930000-7fdf28933000 r--p 00000000 00:00 652106             /usr/lib/x86_64-linux-gnu/librt-2.31.so
7fdf28933000-7fdf28937000 r-xp 00003000 00:00 652106             /usr/lib/x86_64-linux-gnu/librt-2.31.so
7fdf28937000-7fdf28938000 r--p 00007000 00:00 652106             /usr/lib/x86_64-linux-gnu/librt-2.31.so
7fdf28938000-7fdf28939000 ---p 00008000 00:00 652106             /usr/lib/x86_64-linux-gnu/librt-2.31.so
7fdf28939000-7fdf2893a000 r--p 00008000 00:00 652106             /usr/lib/x86_64-linux-gnu/librt-2.31.so
7fdf2893a000-7fdf2893b000 rw-p 00009000 00:00 652106             /usr/lib/x86_64-linux-gnu/librt-2.31.so
7fdf2893b000-7fdf2893e000 r--s 0001f000 00:00 859449             /home/gustavo/oiArduBot/backend/language_server/language_server_lib/org.eclipse.equinox.common-3.13.0.jar
7fdf2893e000-7fdf28940000 r--s 0000b000 00:00 859418             /home/gustavo/oiArduBot/backend/language_server/language_server_lib/asm-tree-9.1.jar
7fdf28940000-7fdf28944000 ---p 00000000 00:00 0
7fdf28944000-7fdf28a41000 rw-p 00000000 00:00 0
7fdf28a41000-7fdf28a50000 r--s 000b7000 00:00 859450             /home/gustavo/oiArduBot/backend/language_server/language_server_lib/org.eclipse.lsp4j-0.10.0.jar
7fdf28a50000-7fdf28a53000 r--p 00000000 00:00 677530             /usr/lib/x86_64-linux-gnu/libgcc_s.so.1
7fdf28a53000-7fdf28a65000 r-xp 00003000 00:00 677530             /usr/lib/x86_64-linux-gnu/libgcc_s.so.1
7fdf28a65000-7fdf28a69000 r--p 00015000 00:00 677530             /usr/lib/x86_64-linux-gnu/libgcc_s.so.1
7fdf28a69000-7fdf28a6a000 r--p 00018000 00:00 677530             /usr/lib/x86_64-linux-gnu/libgcc_s.so.1
7fdf28a6a000-7fdf28a6b000 rw-p 00019000 00:00 677530             /usr/lib/x86_64-linux-gnu/libgcc_s.so.1
7fdf28a6b000-7fdf28a6c000 r--s 00007000 00:00 859466             /home/gustavo/oiArduBot/backend/language_server/language_server_lib/requirejs-2.3.6.jar
7fdf28a6c000-7fdf28a6e000 r--s 00007000 00:00 859416             /home/gustavo/oiArduBot/backend/language_server/language_server_lib/asm-analysis-9.1.jar
7fdf28a6e000-7fdf28a70000 r--s 00010000 00:00 859417             /home/gustavo/oiArduBot/backend/language_server/language_server_lib/asm-commons-9.1.jar
7fdf28a70000-7fdf28a71000 r--p 00000000 00:00 0
7fdf28a71000-7fdf28a80000 r--p 00000000 00:00 651970             /usr/lib/x86_64-linux-gnu/libm-2.31.so
7fdf28a80000-7fdf28b27000 r-xp 0000f000 00:00 651970             /usr/lib/x86_64-linux-gnu/libm-2.31.so
7fdf28b27000-7fdf28bbe000 r--p 000b6000 00:00 651970             /usr/lib/x86_64-linux-gnu/libm-2.31.so
7fdf28bbe000-7fdf28bbf000 r--p 0014c000 00:00 651970             /usr/lib/x86_64-linux-gnu/libm-2.31.so
7fdf28bbf000-7fdf28bc0000 rw-p 0014d000 00:00 651970             /usr/lib/x86_64-linux-gnu/libm-2.31.so
7fdf28bc0000-7fdf28c56000 r--p 00000000 00:00 682612             /usr/lib/x86_64-linux-gnu/libstdc++.so.6.0.28
7fdf28c56000-7fdf28d47000 r-xp 00096000 00:00 682612             /usr/lib/x86_64-linux-gnu/libstdc++.so.6.0.28
7fdf28d47000-7fdf28d90000 r--p 00187000 00:00 682612             /usr/lib/x86_64-linux-gnu/libstdc++.so.6.0.28
7fdf28d90000-7fdf28d91000 ---p 001d0000 00:00 682612             /usr/lib/x86_64-linux-gnu/libstdc++.so.6.0.28
7fdf28d91000-7fdf28d9c000 r--p 001d0000 00:00 682612             /usr/lib/x86_64-linux-gnu/libstdc++.so.6.0.28
7fdf28d9c000-7fdf28d9f000 rw-p 001db000 00:00 682612             /usr/lib/x86_64-linux-gnu/libstdc++.so.6.0.28
7fdf28d9f000-7fdf28da2000 rw-p 00000000 00:00 0
7fdf28da2000-7fdf28da4000 r--s 0001c000 00:00 859415             /home/gustavo/oiArduBot/backend/language_server/language_server_lib/asm-9.1.jar
7fdf28da4000-7fdf28da7000 r--s 0001e000 00:00 859452             /home/gustavo/oiArduBot/backend/language_server/language_server_lib/org.eclipse.lsp4j.jsonrpc-0.10.0.jar
7fdf28da7000-7fdf28db0000 r--s 0006f000 00:00 859444             /home/gustavo/oiArduBot/backend/language_server/language_server_lib/log4j-1.2.17.jar
7fdf28db0000-7fdf28fa5000 r--p 00000000 00:00 821423             /usr/lib/jvm/java-8-openjdk-amd64/jre/lib/amd64/server/libjvm.so
7fdf28fa5000-7fdf2990d000 r-xp 001f5000 00:00 821423             /usr/lib/jvm/java-8-openjdk-amd64/jre/lib/amd64/server/libjvm.so
7fdf2990d000-7fdf29abe000 r--p 00b5d000 00:00 821423             /usr/lib/jvm/java-8-openjdk-amd64/jre/lib/amd64/server/libjvm.so
7fdf29abe000-7fdf29abf000 ---p 00d0e000 00:00 821423             /usr/lib/jvm/java-8-openjdk-amd64/jre/lib/amd64/server/libjvm.so
7fdf29abf000-7fdf29b55000 r--p 00d0e000 00:00 821423             /usr/lib/jvm/java-8-openjdk-amd64/jre/lib/amd64/server/libjvm.so
7fdf29b55000-7fdf29b7e000 rw-p 00da4000 00:00 821423             /usr/lib/jvm/java-8-openjdk-amd64/jre/lib/amd64/server/libjvm.so
7fdf29b7e000-7fdf29bb1000 rw-p 00000000 00:00 0
7fdf29bb1000-7fdf29bb3000 r--s 0000b000 00:00 859451             /home/gustavo/oiArduBot/backend/language_server/language_server_lib/org.eclipse.lsp4j.generator-0.10.0.jar
7fdf29bb3000-7fdf29bba000 r--s 00064000 00:00 859469             /home/gustavo/oiArduBot/backend/language_server/language_server.jar (deleted) (deleted)
7fdf29bba000-7fdf29bbc000 r--s 00010000 00:00 821443             /usr/lib/jvm/java-8-openjdk-amd64/jre/lib/ext/zipfs.jar
7fdf29bbc000-7fdf29bc0000 r--s 00040000 00:00 821442             /usr/lib/jvm/java-8-openjdk-amd64/jre/lib/ext/sunpkcs11.jar
7fdf29bc0000-7fdf29bc2000 rw-p 00000000 00:00 0
7fdf29bc2000-7fdf29bcd000 r--s 00116000 00:00 821438             /usr/lib/jvm/java-8-openjdk-amd64/jre/lib/ext/localedata.jar
7fdf29bcd000-7fdf29bd4000 r--p 00000000 00:00 652090             /usr/lib/x86_64-linux-gnu/libpthread-2.31.so
7fdf29bd4000-7fdf29be5000 r-xp 00007000 00:00 652090             /usr/lib/x86_64-linux-gnu/libpthread-2.31.so
7fdf29be5000-7fdf29bea000 r--p 00018000 00:00 652090             /usr/lib/x86_64-linux-gnu/libpthread-2.31.so
7fdf29bea000-7fdf29beb000 r--p 0001c000 00:00 652090             /usr/lib/x86_64-linux-gnu/libpthread-2.31.so
7fdf29beb000-7fdf29bec000 rw-p 0001d000 00:00 652090             /usr/lib/x86_64-linux-gnu/libpthread-2.31.so
7fdf29bec000-7fdf29bf0000 rw-p 00000000 00:00 0
7fdf29bf0000-7fdf29bf1000 r--p 00000000 00:00 651773             /usr/lib/x86_64-linux-gnu/libdl-2.31.so
7fdf29bf1000-7fdf29bf3000 r-xp 00001000 00:00 651773             /usr/lib/x86_64-linux-gnu/libdl-2.31.so
7fdf29bf3000-7fdf29bf4000 r--p 00003000 00:00 651773             /usr/lib/x86_64-linux-gnu/libdl-2.31.so
7fdf29bf4000-7fdf29bf5000 r--p 00003000 00:00 651773             /usr/lib/x86_64-linux-gnu/libdl-2.31.so
7fdf29bf5000-7fdf29bf6000 rw-p 00004000 00:00 651773             /usr/lib/x86_64-linux-gnu/libdl-2.31.so
7fdf29bf6000-7fdf29bfc000 r--s 0003d000 00:00 821441             /usr/lib/jvm/java-8-openjdk-amd64/jre/lib/ext/sunjce_provider.jar
7fdf29bfc000-7fdf29bfe000 r--s 00008000 00:00 821440             /usr/lib/jvm/java-8-openjdk-amd64/jre/lib/ext/sunec.jar
7fdf29bfe000-7fdf29c00000 r--s 0000c000 00:00 821673             /usr/share/java/java-atk-wrapper.jar
7fdf29c00000-7fdf29c02000 r--p 00000000 00:00 652266             /usr/lib/x86_64-linux-gnu/libz.so.1.2.11
7fdf29c02000-7fdf29c13000 r-xp 00002000 00:00 652266             /usr/lib/x86_64-linux-gnu/libz.so.1.2.11
7fdf29c13000-7fdf29c19000 r--p 00013000 00:00 652266             /usr/lib/x86_64-linux-gnu/libz.so.1.2.11
7fdf29c19000-7fdf29c1a000 ---p 00019000 00:00 652266             /usr/lib/x86_64-linux-gnu/libz.so.1.2.11
7fdf29c1a000-7fdf29c1b000 r--p 00019000 00:00 652266             /usr/lib/x86_64-linux-gnu/libz.so.1.2.11
7fdf29c1b000-7fdf29c1c000 rw-p 0001a000 00:00 652266             /usr/lib/x86_64-linux-gnu/libz.so.1.2.11
7fdf29c1c000-7fdf29c1d000 r--s 00000000 00:00 859443             /home/gustavo/oiArduBot/backend/language_server/language_server_lib/listenablefuture-9999.0-empty-to-avoid-conflict-with-guava.jar
7fdf29c1d000-7fdf29c20000 r--s 0000f000 00:00 821436             /usr/lib/jvm/java-8-openjdk-amd64/jre/lib/ext/icedtea-sound.jar
7fdf29c20000-7fdf29c45000 r--p 00000000 00:00 651734             /usr/lib/x86_64-linux-gnu/libc-2.31.so
7fdf29c45000-7fdf29dbd000 r-xp 00025000 00:00 651734             /usr/lib/x86_64-linux-gnu/libc-2.31.so
7fdf29dbd000-7fdf29e07000 r--p 0019d000 00:00 651734             /usr/lib/x86_64-linux-gnu/libc-2.31.so
7fdf29e07000-7fdf29e08000 ---p 001e7000 00:00 651734             /usr/lib/x86_64-linux-gnu/libc-2.31.so
7fdf29e08000-7fdf29e0b000 r--p 001e7000 00:00 651734             /usr/lib/x86_64-linux-gnu/libc-2.31.so
7fdf29e0b000-7fdf29e0e000 rw-p 001ea000 00:00 651734             /usr/lib/x86_64-linux-gnu/libc-2.31.so
7fdf29e0e000-7fdf29e12000 rw-p 00000000 00:00 0
7fdf29e12000-7fdf29e13000 r--s 00000000 00:00 859428             /home/gustavo/oiArduBot/backend/language_server/language_server_lib/javax.inject-1.jar
7fdf29e13000-7fdf29e19000 r--s 000d3000 00:00 821460             /usr/lib/jvm/java-8-openjdk-amd64/jre/lib/jfr.jar
7fdf29e19000-7fdf29e20000 r--s 00000000 00:00 651581             /usr/lib/x86_64-linux-gnu/gconv/gconv-modules.cache
7fdf29e20000-7fdf29e23000 r--p 00000000 00:00 821387             /usr/lib/jvm/java-8-openjdk-amd64/jre/lib/amd64/jli/libjli.so
7fdf29e23000-7fdf29e2d000 r-xp 00003000 00:00 821387             /usr/lib/jvm/java-8-openjdk-amd64/jre/lib/amd64/jli/libjli.so
7fdf29e2d000-7fdf29e30000 r--p 0000d000 00:00 821387             /usr/lib/jvm/java-8-openjdk-amd64/jre/lib/amd64/jli/libjli.so
7fdf29e30000-7fdf29e31000 r--p 0000f000 00:00 821387             /usr/lib/jvm/java-8-openjdk-amd64/jre/lib/amd64/jli/libjli.so
7fdf29e31000-7fdf29e32000 rw-p 00010000 00:00 821387             /usr/lib/jvm/java-8-openjdk-amd64/jre/lib/amd64/jli/libjli.so
7fdf29e32000-7fdf29e33000 r--s 00001000 00:00 859465             /home/gustavo/oiArduBot/backend/language_server/language_server_lib/org.eclipse.xtext.xbase.web-2.25.0.jar
7fdf29e33000-7fdf29e34000 r--s 0000a000 00:00 821437             /usr/lib/jvm/java-8-openjdk-amd64/jre/lib/ext/jaccess.jar
7fdf29e34000-7fdf29e36000 r--s 00001000 00:00 821435             /usr/lib/jvm/java-8-openjdk-amd64/jre/lib/ext/dnsns.jar
7fdf29e36000-7fdf29e37000 r--p 00000000 00:00 572517             /usr/lib/locale/C.UTF-8/LC_NUMERIC
7fdf29e37000-7fdf29e38000 r--p 00000000 00:00 572520             /usr/lib/locale/C.UTF-8/LC_TIME
7fdf29e38000-7fdf29e40000 rw-s 00000000 00:00 50867              /tmp/hsperfdata_gustavo/883
7fdf29e40000-7fdf29e41000 r--p 00000000 00:00 651617             /usr/lib/x86_64-linux-gnu/ld-2.31.so
7fdf29e41000-7fdf29e63000 r-xp 00001000 00:00 651617             /usr/lib/x86_64-linux-gnu/ld-2.31.so
7fdf29e63000-7fdf29e64000 r-xp 00023000 00:00 651617             /usr/lib/x86_64-linux-gnu/ld-2.31.so
7fdf29e64000-7fdf29e6b000 r--p 00024000 00:00 651617             /usr/lib/x86_64-linux-gnu/ld-2.31.so
7fdf29e6b000-7fdf29e6c000 r--p 0002b000 00:00 651617             /usr/lib/x86_64-linux-gnu/ld-2.31.so
7fdf29e6c000-7fdf29e6d000 r--p 00000000 00:00 572515             /usr/lib/locale/C.UTF-8/LC_MONETARY
7fdf29e6d000-7fdf29e6e000 r--p 0002c000 00:00 651617             /usr/lib/x86_64-linux-gnu/ld-2.31.so
7fdf29e6e000-7fdf29e6f000 rw-p 0002d000 00:00 651617             /usr/lib/x86_64-linux-gnu/ld-2.31.so
7fdf29e6f000-7fdf29e72000 rw-p 00000000 00:00 0
7fdf29e72000-7fdf29e73000 r--p 00000000 00:00 572514             /usr/lib/locale/C.UTF-8/LC_MESSAGES/SYS_LC_MESSAGES
7fdf29e73000-7fdf29e74000 r--p 00000000 00:00 572518             /usr/lib/locale/C.UTF-8/LC_PAPER
7fdf29e74000-7fdf29e75000 r--p 00000000 00:00 572516             /usr/lib/locale/C.UTF-8/LC_NAME
7fdf29e75000-7fdf29e76000 r--p 00000000 00:00 572507             /usr/lib/locale/C.UTF-8/LC_ADDRESS
7fdf29e76000-7fdf29e77000 r--p 00000000 00:00 572519             /usr/lib/locale/C.UTF-8/LC_TELEPHONE
7fdf29e77000-7fdf29e78000 r--p 00000000 00:00 572512             /usr/lib/locale/C.UTF-8/LC_MEASUREMENT
7fdf29e78000-7fdf29e79000 r--p 00000000 00:00 572510             /usr/lib/locale/C.UTF-8/LC_IDENTIFICATION
7fdf29e79000-7fdf29e7a000 r--p 00000000 00:00 821374             /usr/lib/jvm/java-8-openjdk-amd64/jre/bin/java
7fdf29e7a000-7fdf29e7b000 r-xp 00001000 00:00 821374             /usr/lib/jvm/java-8-openjdk-amd64/jre/bin/java
7fdf29e7b000-7fdf29e7c000 r--p 00002000 00:00 821374             /usr/lib/jvm/java-8-openjdk-amd64/jre/bin/java
7fdf29e7c000-7fdf29e7d000 r--p 00002000 00:00 821374             /usr/lib/jvm/java-8-openjdk-amd64/jre/bin/java
7fdf29e7d000-7fdf29e7e000 rw-p 00003000 00:00 821374             /usr/lib/jvm/java-8-openjdk-amd64/jre/bin/java
7fffefe71000-7fffefebc000 rw-p 00000000 00:00 0                  [heap]
7ffff6740000-7ffff6f40000 rw-p 00000000 00:00 0                  [stack]
7ffff73e8000-7ffff73e9000 r-xp 00000000 00:00 0                  [vdso]

VM Arguments:
java_command: /home/gustavo/oiArduBot/backend/language_server/language_server.jar
java_class_path (initial): /home/gustavo/oiArduBot/backend/language_server/language_server.jar
Launcher Type: SUN_STANDARD

Environment Variables:
JAVA_HOME=/usr/lib/jvm/java-8-openjdk-amd64
PATH=/usr/share/npm/node_modules/npm-lifecycle/node-gyp-bin:/home/gustavo/oiArduBot/backend/node_modules/.bin:/usr/local/sbin:/usr/local/bin:/usr/sbin:/usr/bin:/sbin:/bin:/usr/games:/usr/local/games:/mnt/c/Program Files (x86)/Common Files/Oracle/Java/javapath:/mnt/c/Program Files/Java/jdk-11.0.12:/mnt/c/Program Files/Java/jdk-11.0.12/bin:/mnt/c/Users/Eduarda Girardi/AppData/Local/Programs/Microsoft VS Code:/mnt/c/Program Files/nodejs/:/mnt/c/Program Files (x86)/GnuWin32/bin:/mnt/c/Windows/System32/WindowsPowerShell/v1.0:/mnt/c/Users/Eduarda Girardi/AppData/Roaming/npm:/snap/bin
SHELL=/bin/bash
HOSTTYPE=x86_64

Signal Handlers:
SIGSEGV: [libjvm.so+0xb365d0], sa_mask[0]=11111111111111111111111111111110, sa_flags=SA_RESTART|SA_SIGINFO
SIGBUS: [libjvm.so+0xb365d0], sa_mask[0]=11111111111111111111111111111110, sa_flags=SA_RESTART|SA_SIGINFO
SIGFPE: [libjvm.so+0x97b8c0], sa_mask[0]=11111111111111111111111111111110, sa_flags=SA_RESTART|SA_SIGINFO
SIGPIPE: [libjvm.so+0x97b8c0], sa_mask[0]=11111111111111111111111111111110, sa_flags=SA_RESTART|SA_SIGINFO
SIGXFSZ: [libjvm.so+0x97b8c0], sa_mask[0]=11111111111111111111111111111110, sa_flags=SA_RESTART|SA_SIGINFO
SIGILL: [libjvm.so+0x97b8c0], sa_mask[0]=11111111111111111111111111111110, sa_flags=SA_RESTART|SA_SIGINFO
SIGUSR1: SIG_DFL, sa_mask[0]=00000000010000000000000000000000, sa_flags=SA_RESTART
SIGUSR2: [libjvm.so+0x97b770], sa_mask[0]=00000000000000000000000000000000, sa_flags=SA_RESTART|SA_SIGINFO
SIGHUP: [libjvm.so+0x97bb40], sa_mask[0]=11111111111111111111111111111110, sa_flags=SA_RESTART|SA_SIGINFO
SIGINT: [libjvm.so+0x97bb40], sa_mask[0]=11111111111111111111111111111110, sa_flags=SA_RESTART|SA_SIGINFO
SIGTERM: [libjvm.so+0x97bb40], sa_mask[0]=11111111111111111111111111111110, sa_flags=SA_RESTART|SA_SIGINFO
SIGQUIT: [libjvm.so+0x97bb40], sa_mask[0]=11111111111111111111111111111110, sa_flags=SA_RESTART|SA_SIGINFO


---------------  S Y S T E M  ---------------

OS:DISTRIB_ID=Ubuntu
DISTRIB_RELEASE=20.04
DISTRIB_CODENAME=focal
DISTRIB_DESCRIPTION="Ubuntu 20.04.2 LTS"

uname:Linux 4.4.0-19041-Microsoft #488-Microsoft Mon Sep 01 13:43:00 PST 2020 x86_64
libc:glibc 2.31 NPTL 2.31 
rlimit: STACK 8192k, CORE 0k, NPROC 7823, NOFILE 65536, AS infinity
load average:0.52 0.58 0.59

/proc/meminfo:
MemTotal:        4070812 kB
MemFree:          361104 kB
Buffers:           34032 kB
Cached:           188576 kB
SwapCached:            0 kB
Active:           167556 kB
Inactive:         157876 kB
Active(anon):     103104 kB
Inactive(anon):    17440 kB
Active(file):      64452 kB
Inactive(file):   140436 kB
Unevictable:           0 kB
Mlocked:               0 kB
SwapTotal:      12582912 kB
SwapFree:       11397876 kB
Dirty:                 0 kB
Writeback:             0 kB
AnonPages:        102824 kB
Mapped:            71404 kB
Shmem:             17720 kB
Slab:              13868 kB
SReclaimable:       6744 kB
SUnreclaim:         7124 kB
KernelStack:        2848 kB
PageTables:         2524 kB
NFS_Unstable:          0 kB
Bounce:                0 kB
WritebackTmp:          0 kB
CommitLimit:      515524 kB
Committed_AS:    3450064 kB
VmallocTotal:     122880 kB
VmallocUsed:       21296 kB
VmallocChunk:      66044 kB
HardwareCorrupted:     0 kB
AnonHugePages:      2048 kB
HugePages_Total:       0
HugePages_Free:        0
HugePages_Rsvd:        0
HugePages_Surp:        0
Hugepagesize:       2048 kB
DirectMap4k:       12280 kB
DirectMap4M:      897024 kB


CPU:total 4 (initial active 4) (2 cores per cpu, 2 threads per core) family 6 model 142 stepping 9, cmov, cx8, fxsr, mmx, sse, sse2, sse3, ssse3, sse4.1, sse4.2, popcnt, avx, avx2, aes, clmul, erms, 3dnowpref, lzcnt, ht, tsc, tscinvbit, bmi1, bmi2, adx

/proc/cpuinfo:
processor	: 0
vendor_id	: GenuineIntel
cpu family	: 6
model		: 142
model name	: Intel(R) Core(TM) i3-7020U CPU @ 2.30GHz
stepping	: 9
microcode	: 0xffffffff
cpu MHz		: 2304.000
cache size	: 256 KB
physical id	: 0
siblings	: 4
core id		: 0
cpu cores	: 2
apicid		: 0
initial apicid	: 0
fpu		: yes
fpu_exception	: yes
cpuid level	: 6
wp		: yes
flags		: fpu vme de pse tsc msr pae mce cx8 apic sep mtrr pge mca cmov pat pse36 clflush dts acpi mmx fxsr sse sse2 ss ht tm pbe syscall nx pdpe1gb rdtscp lm pni pclmulqdq dtes64 est tm2 ssse3 fma cx16 xtpr pdcm pcid sse4_1 sse4_2 movbe popcnt aes xsave osxsave avx f16c rdrand hypervisor lahf_lm abm 3dnowprefetch fsgsbase tsc_adjust bmi1 avx2 smep bmi2 erms invpcid mpx rdseed adx smap clflushopt ibrs ibpb stibp ssbd
bogomips	: 4608.00
clflush size	: 64
cache_alignment	: 64
address sizes	: 36 bits physical, 48 bits virtual
power management:

processor	: 1
vendor_id	: GenuineIntel
cpu family	: 6
model		: 142
model name	: Intel(R) Core(TM) i3-7020U CPU @ 2.30GHz
stepping	: 9
microcode	: 0xffffffff
cpu MHz		: 2304.000
cache size	: 256 KB
physical id	: 0
siblings	: 4
core id		: 0
cpu cores	: 2
apicid		: 0
initial apicid	: 0
fpu		: yes
fpu_exception	: yes
cpuid level	: 6
wp		: yes
flags		: fpu vme de pse tsc msr pae mce cx8 apic sep mtrr pge mca cmov pat pse36 clflush dts acpi mmx fxsr sse sse2 ss ht tm pbe syscall nx pdpe1gb rdtscp lm pni pclmulqdq dtes64 est tm2 ssse3 fma cx16 xtpr pdcm pcid sse4_1 sse4_2 movbe popcnt aes xsave osxsave avx f16c rdrand hypervisor lahf_lm abm 3dnowprefetch fsgsbase tsc_adjust bmi1 avx2 smep bmi2 erms invpcid mpx rdseed adx smap clflushopt ibrs ibpb stibp ssbd
bogomips	: 4608.00
clflush size	: 64
cache_alignment	: 64
address sizes	: 36 bits physical, 48 bits virtual
power management:

processor	: 2
vendor_id	: GenuineIntel
cpu family	: 6
model		: 142
model name	: Intel(R) Core(TM) i3-7020U CPU @ 2.30GHz
stepping	: 9
microcode	: 0xffffffff
cpu MHz		: 2304.000
cache size	: 256 KB
physical id	: 0
siblings	: 4
core id		: 1
cpu cores	: 2
apicid		: 0
initial apicid	: 0
fpu		: yes
fpu_exception	: yes
cpuid level	: 6
wp		: yes
flags		: fpu vme de pse tsc msr pae mce cx8 apic sep mtrr pge mca cmov pat pse36 clflush dts acpi mmx fxsr sse sse2 ss ht tm pbe syscall nx pdpe1gb rdtscp lm pni pclmulqdq dtes64 est tm2 ssse3 fma cx16 xtpr pdcm pcid sse4_1 sse4_2 movbe popcnt aes xsave osxsave avx f16c rdrand hypervisor lahf_lm abm 3dnowprefetch fsgsbase tsc_adjust bmi1 avx2 smep bmi2 erms invpcid mpx rdseed adx smap clflushopt ibrs ibpb stibp ssbd
bogomips	: 4608.00
clflush size	: 64
cache_alignment	: 64
address sizes	: 36 bits physical, 48 bits virtual
power management:

processor	: 3
vendor_id	: GenuineIntel
cpu family	: 6
model		: 142
model name	: Intel(R) Core(TM) i3-7020U CPU @ 2.30GHz
stepping	: 9
microcode	: 0xffffffff
cpu MHz		: 2304.000
cache size	: 256 KB
physical id	: 0
siblings	: 4
core id		: 1
cpu cores	: 2
apicid		: 0
initial apicid	: 0
fpu		: yes
fpu_exception	: yes
cpuid level	: 6
wp		: yes
flags		: fpu vme de pse tsc msr pae mce cx8 apic sep mtrr pge mca cmov pat pse36 clflush dts acpi mmx fxsr sse sse2 ss ht tm pbe syscall nx pdpe1gb rdtscp lm pni pclmulqdq dtes64 est tm2 ssse3 fma cx16 xtpr pdcm pcid sse4_1 sse4_2 movbe popcnt aes xsave osxsave avx f16c rdrand hypervisor lahf_lm abm 3dnowprefetch fsgsbase tsc_adjust bmi1 avx2 smep bmi2 erms invpcid mpx rdseed adx smap clflushopt ibrs ibpb stibp ssbd
bogomips	: 4608.00
clflush size	: 64
cache_alignment	: 64
address sizes	: 36 bits physical, 48 bits virtual
power management:



Memory: 4k page, physical 4070812k(361316k free), swap 12582912k(11397876k free)

vm_info: OpenJDK 64-Bit Server VM (25.292-b10) for linux-amd64 JRE (1.8.0_292-8u292-b10-0ubuntu1~20.04-b10), built on Apr 21 2021 11:46:09 by "buildd" with gcc 9.3.0

time: Tue Aug 10 18:45:20 2021
timezone: -03
elapsed time: 847.768267 seconds (0d 0h 14m 7s)

